[run] config=configs/default.yaml device=cuda:0
[run] model=resnet1d
[run] window_size=1
[run] normalize_mode=mean_rms
[run] aoa_cache_root=D:\Files\WiFi_Pose\WiFiPoseV3\data\aoa_cache
[run] labels_root=D:\Files\WiFi_Pose\WiFiPoseV3\data\dataset
[run] val_env=env3 test_env=env4
[run] logs_file=C:\Users\LuvRene\OneDrive\PythonProjects\Positioning\pose_estimationV2\logs\train\ablation_meanrms_interdiv_divsel_actionaux005_resnet1d_20260327-170111.log
[run] selection_mode=diversity_first lambda_var=0.000 lambda_batch_div=0.000 lambda_inter_div=0.250 lambda_intra_div=0.000
[data] dataset_size=320760 train_size=160380 val_size=80190 test_size=80190 batch_size=64 window_size=1
[run] action_aux enabled=True lambda_cls=0.050 num_actions=27
[epoch_start] epoch=1/8 train_size=160380 val_size=80190 test_size=80190 lr=3.000e-04 lambda_batch_div=0.000 lambda_inter_div=0.250 lambda_intra_div=0.000
[train] epoch=1/8 step=1/100 loss=2.339552 grad_norm=5.731 action_cls=3.289269 action_acc=0.031
[train] epoch=1/8 step=2/100 loss=2.058882 grad_norm=5.113 action_cls=3.331470 action_acc=0.062
[train] epoch=1/8 step=3/100 loss=1.807661 grad_norm=5.006 action_cls=3.295429 action_acc=0.031
[train] epoch=1/8 step=4/100 loss=1.629879 grad_norm=4.134 action_cls=3.323275 action_acc=0.031
[train] epoch=1/8 step=5/100 loss=1.441880 grad_norm=3.878 action_cls=3.292815 action_acc=0.062
[train] epoch=1/8 step=6/100 loss=1.265817 grad_norm=3.472 action_cls=3.310468 action_acc=0.047
[train] epoch=1/8 step=7/100 loss=1.187697 grad_norm=3.211 action_cls=3.316986 action_acc=0.078
[train] epoch=1/8 step=8/100 loss=1.055441 grad_norm=3.048 action_cls=3.316301 action_acc=0.016
[train] epoch=1/8 step=9/100 loss=1.005078 grad_norm=2.734 action_cls=3.306289 action_acc=0.062
[train] epoch=1/8 step=10/100 loss=0.918179 grad_norm=2.556 action_cls=3.343365 action_acc=0.047
[train] epoch=1/8 step=11/100 loss=0.859297 grad_norm=2.353 action_cls=3.341339 action_acc=0.016
[train] epoch=1/8 step=12/100 loss=0.850128 grad_norm=2.426 action_cls=3.355405 action_acc=0.031
[train] epoch=1/8 step=13/100 loss=0.849047 grad_norm=2.264 action_cls=3.342700 action_acc=0.031
[train] epoch=1/8 step=14/100 loss=0.786259 grad_norm=2.187 action_cls=3.311853 action_acc=0.016
[train] epoch=1/8 step=15/100 loss=0.728230 grad_norm=2.021 action_cls=3.288808 action_acc=0.109
[train] epoch=1/8 step=16/100 loss=0.728048 grad_norm=1.812 action_cls=3.334871 action_acc=0.000
[train] epoch=1/8 step=17/100 loss=0.729673 grad_norm=1.614 action_cls=3.313943 action_acc=0.016
[train] epoch=1/8 step=18/100 loss=0.692339 grad_norm=1.491 action_cls=3.318153 action_acc=0.047
[train] epoch=1/8 step=19/100 loss=0.669404 grad_norm=1.366 action_cls=3.319456 action_acc=0.016
[train] epoch=1/8 step=20/100 loss=0.657298 grad_norm=1.301 action_cls=3.295856 action_acc=0.078
[train] epoch=1/8 step=21/100 loss=0.639133 grad_norm=1.164 action_cls=3.310883 action_acc=0.016
[train] epoch=1/8 step=22/100 loss=0.641269 grad_norm=1.216 action_cls=3.298588 action_acc=0.062
[train] epoch=1/8 step=23/100 loss=0.618411 grad_norm=1.473 action_cls=3.297325 action_acc=0.047
[train] epoch=1/8 step=24/100 loss=0.635069 grad_norm=1.244 action_cls=3.292064 action_acc=0.062
[train] epoch=1/8 step=25/100 loss=0.616425 grad_norm=1.117 action_cls=3.304846 action_acc=0.047
[train] epoch=1/8 step=26/100 loss=0.631059 grad_norm=1.044 action_cls=3.270877 action_acc=0.062
[train] epoch=1/8 step=27/100 loss=0.623602 grad_norm=0.887 action_cls=3.304260 action_acc=0.062
[train] epoch=1/8 step=28/100 loss=0.606448 grad_norm=0.909 action_cls=3.279787 action_acc=0.078
[train] epoch=1/8 step=29/100 loss=0.619564 grad_norm=0.891 action_cls=3.302348 action_acc=0.016
[train] epoch=1/8 step=30/100 loss=0.559341 grad_norm=0.783 action_cls=3.278107 action_acc=0.078
[train] epoch=1/8 step=31/100 loss=0.597963 grad_norm=0.696 action_cls=3.282227 action_acc=0.047
[train] epoch=1/8 step=32/100 loss=0.597557 grad_norm=0.774 action_cls=3.297088 action_acc=0.031
[train] epoch=1/8 step=33/100 loss=0.575631 grad_norm=0.689 action_cls=3.301792 action_acc=0.016
[train] epoch=1/8 step=34/100 loss=0.556521 grad_norm=0.845 action_cls=3.318930 action_acc=0.031
[train] epoch=1/8 step=35/100 loss=0.572096 grad_norm=0.761 action_cls=3.294318 action_acc=0.000
[train] epoch=1/8 step=36/100 loss=0.596757 grad_norm=0.856 action_cls=3.286131 action_acc=0.047
[train] epoch=1/8 step=37/100 loss=0.588112 grad_norm=0.611 action_cls=3.302967 action_acc=0.047
[train] epoch=1/8 step=38/100 loss=0.580469 grad_norm=0.674 action_cls=3.296740 action_acc=0.031
[train] epoch=1/8 step=39/100 loss=0.570949 grad_norm=0.638 action_cls=3.283160 action_acc=0.109
[train] epoch=1/8 step=40/100 loss=0.549092 grad_norm=0.614 action_cls=3.288352 action_acc=0.016
[train] epoch=1/8 step=41/100 loss=0.588531 grad_norm=0.497 action_cls=3.307499 action_acc=0.031
[train] epoch=1/8 step=42/100 loss=0.560248 grad_norm=0.611 action_cls=3.317354 action_acc=0.031
[train] epoch=1/8 step=43/100 loss=0.520661 grad_norm=0.594 action_cls=3.287133 action_acc=0.000
[train] epoch=1/8 step=44/100 loss=0.562193 grad_norm=0.609 action_cls=3.282979 action_acc=0.062
[train] epoch=1/8 step=45/100 loss=0.556682 grad_norm=0.623 action_cls=3.294268 action_acc=0.047
[train] epoch=1/8 step=46/100 loss=0.543618 grad_norm=0.476 action_cls=3.308769 action_acc=0.000
[train] epoch=1/8 step=47/100 loss=0.544168 grad_norm=0.484 action_cls=3.287871 action_acc=0.078
[train] epoch=1/8 step=48/100 loss=0.624213 grad_norm=0.505 action_cls=3.317146 action_acc=0.047
[train] epoch=1/8 step=49/100 loss=0.542170 grad_norm=0.523 action_cls=3.293206 action_acc=0.016
[train] epoch=1/8 step=50/100 loss=0.580131 grad_norm=0.536 action_cls=3.271512 action_acc=0.031
[train] epoch=1/8 step=51/100 loss=0.558698 grad_norm=0.679 action_cls=3.326140 action_acc=0.016
[train] epoch=1/8 step=52/100 loss=0.536753 grad_norm=0.473 action_cls=3.291398 action_acc=0.031
[train] epoch=1/8 step=53/100 loss=0.613617 grad_norm=0.461 action_cls=3.303683 action_acc=0.047
[train] epoch=1/8 step=54/100 loss=0.563004 grad_norm=0.397 action_cls=3.275246 action_acc=0.031
[train] epoch=1/8 step=55/100 loss=0.579533 grad_norm=0.465 action_cls=3.305030 action_acc=0.047
[train] epoch=1/8 step=56/100 loss=0.524368 grad_norm=0.510 action_cls=3.298471 action_acc=0.016
[train] epoch=1/8 step=57/100 loss=0.517311 grad_norm=0.519 action_cls=3.308469 action_acc=0.047
[train] epoch=1/8 step=58/100 loss=0.575905 grad_norm=0.513 action_cls=3.288685 action_acc=0.031
[train] epoch=1/8 step=59/100 loss=0.567979 grad_norm=0.513 action_cls=3.332335 action_acc=0.031
[train] epoch=1/8 step=60/100 loss=0.536737 grad_norm=0.522 action_cls=3.304549 action_acc=0.000
[train] epoch=1/8 step=61/100 loss=0.539821 grad_norm=0.439 action_cls=3.289297 action_acc=0.047
[train] epoch=1/8 step=62/100 loss=0.576284 grad_norm=0.497 action_cls=3.299425 action_acc=0.031
[train] epoch=1/8 step=63/100 loss=0.578519 grad_norm=0.542 action_cls=3.329542 action_acc=0.000
[train] epoch=1/8 step=64/100 loss=0.559358 grad_norm=0.400 action_cls=3.312234 action_acc=0.016
[train] epoch=1/8 step=65/100 loss=0.544243 grad_norm=0.574 action_cls=3.292375 action_acc=0.031
[train] epoch=1/8 step=66/100 loss=0.590988 grad_norm=0.528 action_cls=3.301521 action_acc=0.031
[train] epoch=1/8 step=67/100 loss=0.540113 grad_norm=0.596 action_cls=3.293259 action_acc=0.078
[train] epoch=1/8 step=68/100 loss=0.516413 grad_norm=0.868 action_cls=3.295103 action_acc=0.031
[train] epoch=1/8 step=69/100 loss=0.547966 grad_norm=0.453 action_cls=3.288288 action_acc=0.031
[train] epoch=1/8 step=70/100 loss=0.562211 grad_norm=0.561 action_cls=3.305523 action_acc=0.016
[train] epoch=1/8 step=71/100 loss=0.539522 grad_norm=0.582 action_cls=3.301014 action_acc=0.047
[train] epoch=1/8 step=72/100 loss=0.543060 grad_norm=0.507 action_cls=3.301029 action_acc=0.062
[train] epoch=1/8 step=73/100 loss=0.532644 grad_norm=0.433 action_cls=3.286267 action_acc=0.078
[train] epoch=1/8 step=74/100 loss=0.549608 grad_norm=0.454 action_cls=3.287850 action_acc=0.047
[train] epoch=1/8 step=75/100 loss=0.591892 grad_norm=0.336 action_cls=3.276350 action_acc=0.047
[train] epoch=1/8 step=76/100 loss=0.553702 grad_norm=0.442 action_cls=3.301854 action_acc=0.031
[train] epoch=1/8 step=77/100 loss=0.600537 grad_norm=0.441 action_cls=3.308372 action_acc=0.016
[train] epoch=1/8 step=78/100 loss=0.523118 grad_norm=0.583 action_cls=3.310212 action_acc=0.047
[train] epoch=1/8 step=79/100 loss=0.537930 grad_norm=0.494 action_cls=3.312162 action_acc=0.031
[train] epoch=1/8 step=80/100 loss=0.551242 grad_norm=0.434 action_cls=3.302000 action_acc=0.047
[train] epoch=1/8 step=81/100 loss=0.604919 grad_norm=0.336 action_cls=3.297223 action_acc=0.047
[train] epoch=1/8 step=82/100 loss=0.543668 grad_norm=0.434 action_cls=3.303052 action_acc=0.000
[train] epoch=1/8 step=83/100 loss=0.556292 grad_norm=0.325 action_cls=3.294953 action_acc=0.062
[train] epoch=1/8 step=84/100 loss=0.513478 grad_norm=0.605 action_cls=3.279871 action_acc=0.125
[train] epoch=1/8 step=85/100 loss=0.524823 grad_norm=0.490 action_cls=3.298449 action_acc=0.016
[train] epoch=1/8 step=86/100 loss=0.565758 grad_norm=0.497 action_cls=3.296652 action_acc=0.047
[train] epoch=1/8 step=87/100 loss=0.526294 grad_norm=0.392 action_cls=3.291645 action_acc=0.016
[train] epoch=1/8 step=88/100 loss=0.517623 grad_norm=0.398 action_cls=3.285229 action_acc=0.062
[train] epoch=1/8 step=89/100 loss=0.536334 grad_norm=0.412 action_cls=3.310502 action_acc=0.016
[train] epoch=1/8 step=90/100 loss=0.538852 grad_norm=0.481 action_cls=3.317484 action_acc=0.047
[train] epoch=1/8 step=91/100 loss=0.544075 grad_norm=0.456 action_cls=3.300737 action_acc=0.016
[train] epoch=1/8 step=92/100 loss=0.545846 grad_norm=0.399 action_cls=3.299977 action_acc=0.016
[train] epoch=1/8 step=93/100 loss=0.538969 grad_norm=0.424 action_cls=3.299804 action_acc=0.000
[train] epoch=1/8 step=94/100 loss=0.548059 grad_norm=0.386 action_cls=3.299329 action_acc=0.031
[train] epoch=1/8 step=95/100 loss=0.535854 grad_norm=0.443 action_cls=3.287715 action_acc=0.031
[train] epoch=1/8 step=96/100 loss=0.579021 grad_norm=0.346 action_cls=3.289932 action_acc=0.047
[train] epoch=1/8 step=97/100 loss=0.508749 grad_norm=0.569 action_cls=3.308110 action_acc=0.000
[train] epoch=1/8 step=98/100 loss=0.519351 grad_norm=0.377 action_cls=3.284878 action_acc=0.062
[train] epoch=1/8 step=99/100 loss=0.539187 grad_norm=0.448 action_cls=3.300709 action_acc=0.031
[train] epoch=1/8 step=100/100 loss=0.533922 grad_norm=0.420 action_cls=3.313742 action_acc=0.016
[epoch_summary] epoch=1/8 time_epoch=175.0s elapsed=175.0s eta=1225.3s lambda_batch_div=0.000 lambda_inter_div=0.250 lambda_intra_div=0.000 selection_mode=diversity_first selection_score=0.218688 train_loss=0.673320 val_loss=0.440794 val_nmpjpe=0.201009 train_pose=0.046276 train_rel=0.086266 train_dist=0.278700 train_dir=0.109989 train_var=0.014416 train_batch_div=0.123463 train_inter_div=0.120502 train_intra_div=0.268385 val_pose=0.020947 val_rel=0.041181 val_dist=0.174891 val_dir=0.057079 val_var=0.039037 val_batch_div=0.485081 val_inter_div=0.009393 val_intra_div=0.485005 train_std=0.148608/0.166578 train_std_ratio=0.895888 val_std=0.014389/0.086730 val_std_ratio=0.196630 train_pair_dist=1.226665/1.545196 train_pair_ratio=0.795948 val_pair_dist=0.115061/0.881006 val_pair_ratio=0.153600 train_inter_pair=1.226789/1.565175 train_inter_ratio=0.785879 val_inter_pair=0.002857/0.033503 val_inter_ratio=0.001917 train_intra_pair=1.223299/1.024668 train_intra_ratio=1.206165 val_intra_pair=0.114872/0.875789 val_intra_ratio=0.154197 train_action_cls=3.301943 train_action_acc=0.038 val_action_cls=3.298791 val_action_acc=0.037 grad_norm_mean=1.049 nan_loss=False nan_grad=False actions_covered=27 envs_covered=2
[ckpt] saved_last path=C:\Users\LuvRene\OneDrive\PythonProjects\Positioning\pose_estimationV2\checkpoints\ablation_meanrms_interdiv_divsel_actionaux005_last.pth epoch=1
[ckpt] saved path=C:\Users\LuvRene\OneDrive\PythonProjects\Positioning\pose_estimationV2\checkpoints\ablation_meanrms_interdiv_divsel_actionaux005.pth epoch=1 best_selection_score=0.218688 val_nmpjpe=0.201009
[epoch_start] epoch=2/8 train_size=160380 val_size=80190 test_size=80190 lr=3.000e-04 lambda_batch_div=0.000 lambda_inter_div=0.250 lambda_intra_div=0.000
[train] epoch=2/8 step=1/100 loss=0.542104 grad_norm=0.348 action_cls=3.303332 action_acc=0.047
[train] epoch=2/8 step=2/100 loss=0.524533 grad_norm=0.392 action_cls=3.304469 action_acc=0.031
[train] epoch=2/8 step=3/100 loss=0.521919 grad_norm=0.374 action_cls=3.290852 action_acc=0.062
[train] epoch=2/8 step=4/100 loss=0.530127 grad_norm=0.327 action_cls=3.310270 action_acc=0.031
[train] epoch=2/8 step=5/100 loss=0.531141 grad_norm=0.413 action_cls=3.315461 action_acc=0.047
[train] epoch=2/8 step=6/100 loss=0.549431 grad_norm=0.412 action_cls=3.296136 action_acc=0.047
[train] epoch=2/8 step=7/100 loss=0.521303 grad_norm=0.298 action_cls=3.275054 action_acc=0.047
[train] epoch=2/8 step=8/100 loss=0.551208 grad_norm=0.444 action_cls=3.299963 action_acc=0.047
[train] epoch=2/8 step=9/100 loss=0.552587 grad_norm=0.380 action_cls=3.292047 action_acc=0.031
[train] epoch=2/8 step=10/100 loss=0.545343 grad_norm=0.512 action_cls=3.290193 action_acc=0.047
[train] epoch=2/8 step=11/100 loss=0.533649 grad_norm=0.444 action_cls=3.285715 action_acc=0.000
[train] epoch=2/8 step=12/100 loss=0.516612 grad_norm=0.424 action_cls=3.282541 action_acc=0.031
[train] epoch=2/8 step=13/100 loss=0.564374 grad_norm=0.467 action_cls=3.292454 action_acc=0.031
[train] epoch=2/8 step=14/100 loss=0.551197 grad_norm=0.371 action_cls=3.312497 action_acc=0.016
[train] epoch=2/8 step=15/100 loss=0.510757 grad_norm=0.421 action_cls=3.300000 action_acc=0.016
[train] epoch=2/8 step=16/100 loss=0.511278 grad_norm=0.372 action_cls=3.291661 action_acc=0.047
[train] epoch=2/8 step=17/100 loss=0.537633 grad_norm=0.326 action_cls=3.308491 action_acc=0.016
[train] epoch=2/8 step=18/100 loss=0.545782 grad_norm=0.471 action_cls=3.290280 action_acc=0.047
[train] epoch=2/8 step=19/100 loss=0.504794 grad_norm=0.467 action_cls=3.285457 action_acc=0.047
[train] epoch=2/8 step=20/100 loss=0.520511 grad_norm=0.288 action_cls=3.293102 action_acc=0.062
[train] epoch=2/8 step=21/100 loss=0.551983 grad_norm=0.423 action_cls=3.291423 action_acc=0.047
[train] epoch=2/8 step=22/100 loss=0.555302 grad_norm=0.397 action_cls=3.314869 action_acc=0.047
[train] epoch=2/8 step=23/100 loss=0.533743 grad_norm=0.494 action_cls=3.309342 action_acc=0.047
[train] epoch=2/8 step=24/100 loss=0.541617 grad_norm=0.319 action_cls=3.292246 action_acc=0.047
[train] epoch=2/8 step=25/100 loss=0.541366 grad_norm=0.326 action_cls=3.291054 action_acc=0.047
[train] epoch=2/8 step=26/100 loss=0.530734 grad_norm=0.394 action_cls=3.302342 action_acc=0.031
[train] epoch=2/8 step=27/100 loss=0.528164 grad_norm=0.477 action_cls=3.285968 action_acc=0.016
[train] epoch=2/8 step=28/100 loss=0.552660 grad_norm=0.510 action_cls=3.304569 action_acc=0.031
[train] epoch=2/8 step=29/100 loss=0.546264 grad_norm=0.437 action_cls=3.306568 action_acc=0.031
[train] epoch=2/8 step=30/100 loss=0.563137 grad_norm=0.370 action_cls=3.301086 action_acc=0.062
[train] epoch=2/8 step=31/100 loss=0.528959 grad_norm=0.500 action_cls=3.312794 action_acc=0.000
[train] epoch=2/8 step=32/100 loss=0.527171 grad_norm=0.470 action_cls=3.297987 action_acc=0.016
[train] epoch=2/8 step=33/100 loss=0.539531 grad_norm=0.391 action_cls=3.298163 action_acc=0.031
[train] epoch=2/8 step=34/100 loss=0.553102 grad_norm=0.365 action_cls=3.308331 action_acc=0.016
[train] epoch=2/8 step=35/100 loss=0.514611 grad_norm=0.384 action_cls=3.293964 action_acc=0.047
[train] epoch=2/8 step=36/100 loss=0.514970 grad_norm=0.351 action_cls=3.280770 action_acc=0.047
[train] epoch=2/8 step=37/100 loss=0.548990 grad_norm=0.299 action_cls=3.300862 action_acc=0.047
[train] epoch=2/8 step=38/100 loss=0.539456 grad_norm=0.542 action_cls=3.287770 action_acc=0.031
[train] epoch=2/8 step=39/100 loss=0.548158 grad_norm=0.294 action_cls=3.301889 action_acc=0.031
[train] epoch=2/8 step=40/100 loss=0.530613 grad_norm=0.474 action_cls=3.293507 action_acc=0.047
[train] epoch=2/8 step=41/100 loss=0.512195 grad_norm=0.433 action_cls=3.299735 action_acc=0.016
[train] epoch=2/8 step=42/100 loss=0.504247 grad_norm=0.573 action_cls=3.316346 action_acc=0.016
[train] epoch=2/8 step=43/100 loss=0.536943 grad_norm=0.687 action_cls=3.306912 action_acc=0.047
[train] epoch=2/8 step=44/100 loss=0.574682 grad_norm=0.352 action_cls=3.297453 action_acc=0.047
[train] epoch=2/8 step=45/100 loss=0.548078 grad_norm=0.416 action_cls=3.305546 action_acc=0.031
[train] epoch=2/8 step=46/100 loss=0.519432 grad_norm=0.453 action_cls=3.300945 action_acc=0.031
[train] epoch=2/8 step=47/100 loss=0.526124 grad_norm=0.315 action_cls=3.305193 action_acc=0.047
[train] epoch=2/8 step=48/100 loss=0.526814 grad_norm=0.365 action_cls=3.286024 action_acc=0.016
[train] epoch=2/8 step=49/100 loss=0.511125 grad_norm=0.341 action_cls=3.283314 action_acc=0.078
[train] epoch=2/8 step=50/100 loss=0.541074 grad_norm=0.389 action_cls=3.301545 action_acc=0.000
[train] epoch=2/8 step=51/100 loss=0.523111 grad_norm=0.387 action_cls=3.288481 action_acc=0.031
[train] epoch=2/8 step=52/100 loss=0.538852 grad_norm=0.387 action_cls=3.297634 action_acc=0.031
[train] epoch=2/8 step=53/100 loss=0.524986 grad_norm=0.390 action_cls=3.308316 action_acc=0.062
[train] epoch=2/8 step=54/100 loss=0.493070 grad_norm=0.301 action_cls=3.303592 action_acc=0.016
[train] epoch=2/8 step=55/100 loss=0.564949 grad_norm=0.353 action_cls=3.295617 action_acc=0.047
[train] epoch=2/8 step=56/100 loss=0.525826 grad_norm=0.348 action_cls=3.313928 action_acc=0.016
[train] epoch=2/8 step=57/100 loss=0.541642 grad_norm=0.334 action_cls=3.291178 action_acc=0.031
[train] epoch=2/8 step=58/100 loss=0.539985 grad_norm=0.477 action_cls=3.298525 action_acc=0.047
[train] epoch=2/8 step=59/100 loss=0.527604 grad_norm=0.290 action_cls=3.306869 action_acc=0.016
[train] epoch=2/8 step=60/100 loss=0.536440 grad_norm=0.279 action_cls=3.308774 action_acc=0.031
[train] epoch=2/8 step=61/100 loss=0.518677 grad_norm=0.265 action_cls=3.307287 action_acc=0.000
[train] epoch=2/8 step=62/100 loss=0.551145 grad_norm=0.393 action_cls=3.292243 action_acc=0.031
[train] epoch=2/8 step=63/100 loss=0.565281 grad_norm=0.450 action_cls=3.284258 action_acc=0.094
[train] epoch=2/8 step=64/100 loss=0.480940 grad_norm=0.362 action_cls=3.290682 action_acc=0.047
[train] epoch=2/8 step=65/100 loss=0.570327 grad_norm=0.365 action_cls=3.295953 action_acc=0.031
[train] epoch=2/8 step=66/100 loss=0.542058 grad_norm=0.291 action_cls=3.299679 action_acc=0.031
[train] epoch=2/8 step=67/100 loss=0.528665 grad_norm=0.339 action_cls=3.300553 action_acc=0.031
[train] epoch=2/8 step=68/100 loss=0.520969 grad_norm=0.338 action_cls=3.299564 action_acc=0.047
[train] epoch=2/8 step=69/100 loss=0.524300 grad_norm=0.359 action_cls=3.300771 action_acc=0.047
[train] epoch=2/8 step=70/100 loss=0.505547 grad_norm=0.355 action_cls=3.291998 action_acc=0.016
[train] epoch=2/8 step=71/100 loss=0.559853 grad_norm=0.329 action_cls=3.303445 action_acc=0.078
[train] epoch=2/8 step=72/100 loss=0.547721 grad_norm=0.449 action_cls=3.296902 action_acc=0.078
[train] epoch=2/8 step=73/100 loss=0.563890 grad_norm=0.389 action_cls=3.296679 action_acc=0.031
[train] epoch=2/8 step=74/100 loss=0.509872 grad_norm=0.278 action_cls=3.295482 action_acc=0.031
[train] epoch=2/8 step=75/100 loss=0.540383 grad_norm=0.380 action_cls=3.305195 action_acc=0.016
[train] epoch=2/8 step=76/100 loss=0.538424 grad_norm=0.364 action_cls=3.303427 action_acc=0.031
[train] epoch=2/8 step=77/100 loss=0.531982 grad_norm=0.492 action_cls=3.296675 action_acc=0.047
[train] epoch=2/8 step=78/100 loss=0.534456 grad_norm=0.474 action_cls=3.301417 action_acc=0.031
[train] epoch=2/8 step=79/100 loss=0.520090 grad_norm=0.462 action_cls=3.295853 action_acc=0.016
[train] epoch=2/8 step=80/100 loss=0.535462 grad_norm=0.418 action_cls=3.295563 action_acc=0.062
[train] epoch=2/8 step=81/100 loss=0.497426 grad_norm=0.329 action_cls=3.277162 action_acc=0.078
[train] epoch=2/8 step=82/100 loss=0.530688 grad_norm=0.385 action_cls=3.291842 action_acc=0.031
[train] epoch=2/8 step=83/100 loss=0.584825 grad_norm=0.295 action_cls=3.292465 action_acc=0.078
[train] epoch=2/8 step=84/100 loss=0.553682 grad_norm=0.360 action_cls=3.290644 action_acc=0.031
[train] epoch=2/8 step=85/100 loss=0.533684 grad_norm=0.248 action_cls=3.310623 action_acc=0.031
[train] epoch=2/8 step=86/100 loss=0.501977 grad_norm=0.424 action_cls=3.295003 action_acc=0.062
[train] epoch=2/8 step=87/100 loss=0.546673 grad_norm=0.404 action_cls=3.298762 action_acc=0.031
[train] epoch=2/8 step=88/100 loss=0.543131 grad_norm=0.447 action_cls=3.294844 action_acc=0.047
[train] epoch=2/8 step=89/100 loss=0.550671 grad_norm=0.282 action_cls=3.280874 action_acc=0.125
[train] epoch=2/8 step=90/100 loss=0.490229 grad_norm=0.363 action_cls=3.290107 action_acc=0.031
[train] epoch=2/8 step=91/100 loss=0.505137 grad_norm=0.315 action_cls=3.302731 action_acc=0.047
[train] epoch=2/8 step=92/100 loss=0.570469 grad_norm=0.272 action_cls=3.294111 action_acc=0.062
[train] epoch=2/8 step=93/100 loss=0.525269 grad_norm=0.271 action_cls=3.305180 action_acc=0.031
[train] epoch=2/8 step=94/100 loss=0.531227 grad_norm=0.433 action_cls=3.304294 action_acc=0.000
[train] epoch=2/8 step=95/100 loss=0.545223 grad_norm=0.362 action_cls=3.287150 action_acc=0.062
[train] epoch=2/8 step=96/100 loss=0.537837 grad_norm=0.406 action_cls=3.307888 action_acc=0.031
[train] epoch=2/8 step=97/100 loss=0.541776 grad_norm=0.399 action_cls=3.286409 action_acc=0.047
[train] epoch=2/8 step=98/100 loss=0.551214 grad_norm=0.466 action_cls=3.305262 action_acc=0.047
[train] epoch=2/8 step=99/100 loss=0.531184 grad_norm=0.305 action_cls=3.290493 action_acc=0.094
[train] epoch=2/8 step=100/100 loss=0.534581 grad_norm=0.325 action_cls=3.298295 action_acc=0.031
[epoch_summary] epoch=2/8 time_epoch=58.8s elapsed=233.8s eta=701.5s lambda_batch_div=0.000 lambda_inter_div=0.250 lambda_intra_div=0.000 selection_mode=diversity_first selection_score=0.395424 train_loss=0.534709 val_loss=0.437665 val_nmpjpe=0.202131 train_pose=0.027144 train_rel=0.052502 train_dist=0.205574 train_dir=0.069458 train_var=0.021953 train_batch_div=0.166964 train_inter_div=0.165589 train_intra_div=0.206021 val_pose=0.021145 val_rel=0.041056 val_dist=0.172610 val_dir=0.056384 val_var=0.031932 val_batch_div=0.429365 val_inter_div=0.008297 val_intra_div=0.429301 train_std=0.108521/0.165470 train_std_ratio=0.659535 val_std=0.025961/0.086730 val_std_ratio=0.353588 train_pair_dist=0.900430/1.540295 train_pair_ratio=0.586603 val_pair_dist=0.206247/0.881006 val_pair_ratio=0.275193 train_inter_pair=0.900438/1.560376 train_inter_ratio=0.579045 val_inter_pair=0.005152/0.033503 val_inter_ratio=0.003449 train_intra_pair=0.900278/1.012832 train_intra_ratio=0.902829 val_intra_pair=0.205862/0.875789 val_intra_ratio=0.276180 train_action_cls=3.297692 train_action_acc=0.039 val_action_cls=3.298446 val_action_acc=0.030 grad_norm_mean=0.387 nan_loss=False nan_grad=False actions_covered=27 envs_covered=2
[ckpt] saved_last path=C:\Users\LuvRene\OneDrive\PythonProjects\Positioning\pose_estimationV2\checkpoints\ablation_meanrms_interdiv_divsel_actionaux005_last.pth epoch=2
[ckpt] saved path=C:\Users\LuvRene\OneDrive\PythonProjects\Positioning\pose_estimationV2\checkpoints\ablation_meanrms_interdiv_divsel_actionaux005.pth epoch=2 best_selection_score=0.395424 val_nmpjpe=0.202131
[epoch_start] epoch=3/8 train_size=160380 val_size=80190 test_size=80190 lr=3.000e-04 lambda_batch_div=0.000 lambda_inter_div=0.250 lambda_intra_div=0.000
[train] epoch=3/8 step=1/100 loss=0.570238 grad_norm=0.432 action_cls=3.288761 action_acc=0.062
[train] epoch=3/8 step=2/100 loss=0.563419 grad_norm=0.372 action_cls=3.292027 action_acc=0.062
[train] epoch=3/8 step=3/100 loss=0.527247 grad_norm=0.395 action_cls=3.289881 action_acc=0.078
[train] epoch=3/8 step=4/100 loss=0.545862 grad_norm=0.422 action_cls=3.298709 action_acc=0.000
[train] epoch=3/8 step=5/100 loss=0.508346 grad_norm=0.570 action_cls=3.309579 action_acc=0.031
[train] epoch=3/8 step=6/100 loss=0.558150 grad_norm=0.570 action_cls=3.301949 action_acc=0.016
[train] epoch=3/8 step=7/100 loss=0.536230 grad_norm=0.337 action_cls=3.287219 action_acc=0.016
[train] epoch=3/8 step=8/100 loss=0.520131 grad_norm=0.303 action_cls=3.306976 action_acc=0.016
[train] epoch=3/8 step=9/100 loss=0.521161 grad_norm=0.306 action_cls=3.299354 action_acc=0.031
[train] epoch=3/8 step=10/100 loss=0.518144 grad_norm=0.342 action_cls=3.292819 action_acc=0.062
[train] epoch=3/8 step=11/100 loss=0.563847 grad_norm=0.509 action_cls=3.289819 action_acc=0.078
[train] epoch=3/8 step=12/100 loss=0.522709 grad_norm=0.472 action_cls=3.290980 action_acc=0.078
[train] epoch=3/8 step=13/100 loss=0.517184 grad_norm=0.430 action_cls=3.297985 action_acc=0.016
[train] epoch=3/8 step=14/100 loss=0.559989 grad_norm=0.365 action_cls=3.295712 action_acc=0.000
[train] epoch=3/8 step=15/100 loss=0.523145 grad_norm=0.320 action_cls=3.295740 action_acc=0.016
[train] epoch=3/8 step=16/100 loss=0.521799 grad_norm=0.294 action_cls=3.295853 action_acc=0.047
[train] epoch=3/8 step=17/100 loss=0.516661 grad_norm=0.332 action_cls=3.304766 action_acc=0.016
[train] epoch=3/8 step=18/100 loss=0.548163 grad_norm=0.285 action_cls=3.305980 action_acc=0.000
[train] epoch=3/8 step=19/100 loss=0.508589 grad_norm=0.309 action_cls=3.301886 action_acc=0.016
[train] epoch=3/8 step=20/100 loss=0.535154 grad_norm=0.660 action_cls=3.296714 action_acc=0.078
[train] epoch=3/8 step=21/100 loss=0.532814 grad_norm=0.549 action_cls=3.291846 action_acc=0.016
[train] epoch=3/8 step=22/100 loss=0.538553 grad_norm=0.320 action_cls=3.296741 action_acc=0.109
[train] epoch=3/8 step=23/100 loss=0.515272 grad_norm=0.296 action_cls=3.285702 action_acc=0.094
[train] epoch=3/8 step=24/100 loss=0.482014 grad_norm=0.404 action_cls=3.300967 action_acc=0.016
[train] epoch=3/8 step=25/100 loss=0.552319 grad_norm=0.339 action_cls=3.290666 action_acc=0.047
[train] epoch=3/8 step=26/100 loss=0.528655 grad_norm=0.293 action_cls=3.301860 action_acc=0.047
[train] epoch=3/8 step=27/100 loss=0.521349 grad_norm=0.401 action_cls=3.297499 action_acc=0.031
[train] epoch=3/8 step=28/100 loss=0.508185 grad_norm=0.435 action_cls=3.300764 action_acc=0.016
[train] epoch=3/8 step=29/100 loss=0.541175 grad_norm=0.549 action_cls=3.304311 action_acc=0.016
[train] epoch=3/8 step=30/100 loss=0.517765 grad_norm=0.361 action_cls=3.302328 action_acc=0.031
[train] epoch=3/8 step=31/100 loss=0.530040 grad_norm=0.380 action_cls=3.297120 action_acc=0.016
[train] epoch=3/8 step=32/100 loss=0.542464 grad_norm=0.375 action_cls=3.291340 action_acc=0.031
[train] epoch=3/8 step=33/100 loss=0.562800 grad_norm=0.358 action_cls=3.293798 action_acc=0.047
[train] epoch=3/8 step=34/100 loss=0.514031 grad_norm=0.234 action_cls=3.287444 action_acc=0.031
[train] epoch=3/8 step=35/100 loss=0.534121 grad_norm=0.386 action_cls=3.300949 action_acc=0.031
[train] epoch=3/8 step=36/100 loss=0.521493 grad_norm=0.305 action_cls=3.300467 action_acc=0.016
[train] epoch=3/8 step=37/100 loss=0.523615 grad_norm=0.312 action_cls=3.283256 action_acc=0.094
[train] epoch=3/8 step=38/100 loss=0.501987 grad_norm=0.448 action_cls=3.297934 action_acc=0.031
[train] epoch=3/8 step=39/100 loss=0.543339 grad_norm=0.332 action_cls=3.305632 action_acc=0.047
[train] epoch=3/8 step=40/100 loss=0.522048 grad_norm=0.459 action_cls=3.312597 action_acc=0.031
[train] epoch=3/8 step=41/100 loss=0.540516 grad_norm=0.286 action_cls=3.282302 action_acc=0.031
[train] epoch=3/8 step=42/100 loss=0.542166 grad_norm=0.324 action_cls=3.288135 action_acc=0.031
[train] epoch=3/8 step=43/100 loss=0.516368 grad_norm=0.268 action_cls=3.294068 action_acc=0.078
[train] epoch=3/8 step=44/100 loss=0.548446 grad_norm=0.382 action_cls=3.296317 action_acc=0.062
[train] epoch=3/8 step=45/100 loss=0.528795 grad_norm=0.344 action_cls=3.287070 action_acc=0.016
[train] epoch=3/8 step=46/100 loss=0.534642 grad_norm=0.364 action_cls=3.298041 action_acc=0.047
[train] epoch=3/8 step=47/100 loss=0.509714 grad_norm=0.381 action_cls=3.289598 action_acc=0.016
[train] epoch=3/8 step=48/100 loss=0.514406 grad_norm=0.300 action_cls=3.290977 action_acc=0.031
[train] epoch=3/8 step=49/100 loss=0.523098 grad_norm=0.338 action_cls=3.294384 action_acc=0.047
[train] epoch=3/8 step=50/100 loss=0.508734 grad_norm=0.308 action_cls=3.298953 action_acc=0.047
[train] epoch=3/8 step=51/100 loss=0.528522 grad_norm=0.381 action_cls=3.285879 action_acc=0.047
[train] epoch=3/8 step=52/100 loss=0.535951 grad_norm=0.381 action_cls=3.296652 action_acc=0.047
[train] epoch=3/8 step=53/100 loss=0.478063 grad_norm=0.462 action_cls=3.304496 action_acc=0.031
[train] epoch=3/8 step=54/100 loss=0.556512 grad_norm=0.310 action_cls=3.284530 action_acc=0.031
[train] epoch=3/8 step=55/100 loss=0.536480 grad_norm=0.352 action_cls=3.296993 action_acc=0.016
[train] epoch=3/8 step=56/100 loss=0.497445 grad_norm=0.321 action_cls=3.298559 action_acc=0.031
[train] epoch=3/8 step=57/100 loss=0.548652 grad_norm=0.388 action_cls=3.292464 action_acc=0.047
[train] epoch=3/8 step=58/100 loss=0.508303 grad_norm=0.318 action_cls=3.305278 action_acc=0.047
[train] epoch=3/8 step=59/100 loss=0.513927 grad_norm=0.316 action_cls=3.290148 action_acc=0.031
[train] epoch=3/8 step=60/100 loss=0.497214 grad_norm=0.402 action_cls=3.291672 action_acc=0.031
[train] epoch=3/8 step=61/100 loss=0.549426 grad_norm=0.367 action_cls=3.293428 action_acc=0.047
[train] epoch=3/8 step=62/100 loss=0.529117 grad_norm=0.542 action_cls=3.294189 action_acc=0.062
[train] epoch=3/8 step=63/100 loss=0.513681 grad_norm=0.310 action_cls=3.308426 action_acc=0.031
[train] epoch=3/8 step=64/100 loss=0.530720 grad_norm=0.397 action_cls=3.302332 action_acc=0.031
[train] epoch=3/8 step=65/100 loss=0.527334 grad_norm=0.362 action_cls=3.300516 action_acc=0.016
[train] epoch=3/8 step=66/100 loss=0.529910 grad_norm=0.352 action_cls=3.287930 action_acc=0.016
[train] epoch=3/8 step=67/100 loss=0.490465 grad_norm=0.439 action_cls=3.292741 action_acc=0.031
[train] epoch=3/8 step=68/100 loss=0.524227 grad_norm=0.456 action_cls=3.301931 action_acc=0.000
[train] epoch=3/8 step=69/100 loss=0.528591 grad_norm=0.388 action_cls=3.299654 action_acc=0.031
[train] epoch=3/8 step=70/100 loss=0.541392 grad_norm=0.435 action_cls=3.296981 action_acc=0.062
[train] epoch=3/8 step=71/100 loss=0.536701 grad_norm=0.703 action_cls=3.287602 action_acc=0.062
[train] epoch=3/8 step=72/100 loss=0.552690 grad_norm=0.594 action_cls=3.304646 action_acc=0.031
[train] epoch=3/8 step=73/100 loss=0.497805 grad_norm=0.320 action_cls=3.298836 action_acc=0.047
[train] epoch=3/8 step=74/100 loss=0.551962 grad_norm=0.617 action_cls=3.294548 action_acc=0.016
[train] epoch=3/8 step=75/100 loss=0.510244 grad_norm=0.556 action_cls=3.297673 action_acc=0.047
[train] epoch=3/8 step=76/100 loss=0.563817 grad_norm=0.401 action_cls=3.292053 action_acc=0.047
[train] epoch=3/8 step=77/100 loss=0.533033 grad_norm=0.347 action_cls=3.290432 action_acc=0.047
[train] epoch=3/8 step=78/100 loss=0.512953 grad_norm=0.331 action_cls=3.291772 action_acc=0.016
[train] epoch=3/8 step=79/100 loss=0.510423 grad_norm=0.537 action_cls=3.290358 action_acc=0.094
[train] epoch=3/8 step=80/100 loss=0.522925 grad_norm=0.579 action_cls=3.306122 action_acc=0.000
[train] epoch=3/8 step=81/100 loss=0.491972 grad_norm=0.347 action_cls=3.296323 action_acc=0.031
[train] epoch=3/8 step=82/100 loss=0.493953 grad_norm=0.401 action_cls=3.288168 action_acc=0.047
[train] epoch=3/8 step=83/100 loss=0.526327 grad_norm=0.392 action_cls=3.286994 action_acc=0.031
[train] epoch=3/8 step=84/100 loss=0.529729 grad_norm=0.507 action_cls=3.286278 action_acc=0.047
[train] epoch=3/8 step=85/100 loss=0.506365 grad_norm=0.408 action_cls=3.285223 action_acc=0.062
[train] epoch=3/8 step=86/100 loss=0.508401 grad_norm=0.356 action_cls=3.287732 action_acc=0.062
[train] epoch=3/8 step=87/100 loss=0.562560 grad_norm=0.368 action_cls=3.293296 action_acc=0.000
[train] epoch=3/8 step=88/100 loss=0.512881 grad_norm=0.392 action_cls=3.300442 action_acc=0.031
[train] epoch=3/8 step=89/100 loss=0.513941 grad_norm=0.327 action_cls=3.297425 action_acc=0.016
[train] epoch=3/8 step=90/100 loss=0.512177 grad_norm=0.270 action_cls=3.295565 action_acc=0.016
[train] epoch=3/8 step=91/100 loss=0.549726 grad_norm=0.365 action_cls=3.291395 action_acc=0.078
[train] epoch=3/8 step=92/100 loss=0.537732 grad_norm=0.273 action_cls=3.299801 action_acc=0.016
[train] epoch=3/8 step=93/100 loss=0.492416 grad_norm=0.577 action_cls=3.291768 action_acc=0.031
[train] epoch=3/8 step=94/100 loss=0.510353 grad_norm=0.443 action_cls=3.278997 action_acc=0.078
[train] epoch=3/8 step=95/100 loss=0.493863 grad_norm=0.330 action_cls=3.315619 action_acc=0.000
[train] epoch=3/8 step=96/100 loss=0.525602 grad_norm=0.310 action_cls=3.297963 action_acc=0.031
[train] epoch=3/8 step=97/100 loss=0.508934 grad_norm=0.514 action_cls=3.284068 action_acc=0.078
[train] epoch=3/8 step=98/100 loss=0.496539 grad_norm=0.323 action_cls=3.305676 action_acc=0.016
[train] epoch=3/8 step=99/100 loss=0.513875 grad_norm=0.273 action_cls=3.306378 action_acc=0.016
[train] epoch=3/8 step=100/100 loss=0.516124 grad_norm=0.302 action_cls=3.289954 action_acc=0.062
[epoch_summary] epoch=3/8 time_epoch=60.0s elapsed=293.8s eta=489.7s lambda_batch_div=0.000 lambda_inter_div=0.250 lambda_intra_div=0.000 selection_mode=diversity_first selection_score=0.894442 train_loss=0.525490 val_loss=0.436699 val_nmpjpe=0.236373 train_pose=0.028507 train_rel=0.051479 train_dist=0.198603 train_dir=0.067327 train_var=0.020028 train_batch_div=0.163962 train_inter_div=0.162127 train_intra_div=0.228383 val_pose=0.024634 val_rel=0.040416 val_dist=0.168834 val_dir=0.056370 val_var=0.022587 val_batch_div=0.434203 val_inter_div=0.006613 val_intra_div=0.435216 train_std=0.115052/0.167500 train_std_ratio=0.690715 val_std=0.060690/0.086730 val_std_ratio=0.829796 train_pair_dist=0.955414/1.552943 train_pair_ratio=0.617405 val_pair_dist=0.454137/0.881006 val_pair_ratio=0.607626 train_inter_pair=0.955576/1.573509 train_inter_ratio=0.609487 val_inter_pair=0.011143/0.033503 val_inter_ratio=0.007436 train_intra_pair=0.950994/1.019900 train_intra_ratio=0.942764 val_intra_pair=0.453188/0.875789 val_intra_ratio=0.609514 train_action_cls=3.295637 train_action_acc=0.038 val_action_cls=3.299980 val_action_acc=0.030 grad_norm_mean=0.390 nan_loss=False nan_grad=False actions_covered=27 envs_covered=2
[ckpt] saved_last path=C:\Users\LuvRene\OneDrive\PythonProjects\Positioning\pose_estimationV2\checkpoints\ablation_meanrms_interdiv_divsel_actionaux005_last.pth epoch=3
[ckpt] saved path=C:\Users\LuvRene\OneDrive\PythonProjects\Positioning\pose_estimationV2\checkpoints\ablation_meanrms_interdiv_divsel_actionaux005.pth epoch=3 best_selection_score=0.894442 val_nmpjpe=0.236373
[epoch_start] epoch=4/8 train_size=160380 val_size=80190 test_size=80190 lr=3.000e-04 lambda_batch_div=0.000 lambda_inter_div=0.250 lambda_intra_div=0.000
[train] epoch=4/8 step=1/100 loss=0.490788 grad_norm=0.275 action_cls=3.283506 action_acc=0.031
[train] epoch=4/8 step=2/100 loss=0.544929 grad_norm=0.364 action_cls=3.289270 action_acc=0.016
[train] epoch=4/8 step=3/100 loss=0.515204 grad_norm=0.429 action_cls=3.294992 action_acc=0.016
[train] epoch=4/8 step=4/100 loss=0.513384 grad_norm=0.240 action_cls=3.295290 action_acc=0.062
[train] epoch=4/8 step=5/100 loss=0.514605 grad_norm=0.327 action_cls=3.292705 action_acc=0.062
[train] epoch=4/8 step=6/100 loss=0.500075 grad_norm=0.384 action_cls=3.293831 action_acc=0.031
[train] epoch=4/8 step=7/100 loss=0.527880 grad_norm=0.304 action_cls=3.293354 action_acc=0.109
[train] epoch=4/8 step=8/100 loss=0.522375 grad_norm=0.341 action_cls=3.282075 action_acc=0.062
[train] epoch=4/8 step=9/100 loss=0.513977 grad_norm=0.411 action_cls=3.309465 action_acc=0.031
[train] epoch=4/8 step=10/100 loss=0.537672 grad_norm=0.220 action_cls=3.294196 action_acc=0.016
[train] epoch=4/8 step=11/100 loss=0.524206 grad_norm=0.364 action_cls=3.282032 action_acc=0.062
[train] epoch=4/8 step=12/100 loss=0.502206 grad_norm=0.357 action_cls=3.296178 action_acc=0.078
[train] epoch=4/8 step=13/100 loss=0.509372 grad_norm=0.268 action_cls=3.270964 action_acc=0.031
[train] epoch=4/8 step=14/100 loss=0.515225 grad_norm=0.293 action_cls=3.303291 action_acc=0.031
[train] epoch=4/8 step=15/100 loss=0.532264 grad_norm=0.274 action_cls=3.295005 action_acc=0.062
[train] epoch=4/8 step=16/100 loss=0.503687 grad_norm=0.249 action_cls=3.293422 action_acc=0.031
[train] epoch=4/8 step=17/100 loss=0.505941 grad_norm=0.554 action_cls=3.306293 action_acc=0.047
[train] epoch=4/8 step=18/100 loss=0.493325 grad_norm=0.723 action_cls=3.284871 action_acc=0.031
[train] epoch=4/8 step=19/100 loss=0.554415 grad_norm=0.449 action_cls=3.298078 action_acc=0.016
[train] epoch=4/8 step=20/100 loss=0.500425 grad_norm=0.279 action_cls=3.304729 action_acc=0.031
[train] epoch=4/8 step=21/100 loss=0.507571 grad_norm=0.392 action_cls=3.296430 action_acc=0.031
[train] epoch=4/8 step=22/100 loss=0.542737 grad_norm=0.505 action_cls=3.287862 action_acc=0.031
[train] epoch=4/8 step=23/100 loss=0.569829 grad_norm=0.394 action_cls=3.278418 action_acc=0.047
[train] epoch=4/8 step=24/100 loss=0.510344 grad_norm=0.366 action_cls=3.303567 action_acc=0.000
[train] epoch=4/8 step=25/100 loss=0.491847 grad_norm=0.441 action_cls=3.282785 action_acc=0.062
[train] epoch=4/8 step=26/100 loss=0.504237 grad_norm=0.447 action_cls=3.287475 action_acc=0.062
[train] epoch=4/8 step=27/100 loss=0.523562 grad_norm=0.242 action_cls=3.286468 action_acc=0.047
[train] epoch=4/8 step=28/100 loss=0.493778 grad_norm=0.381 action_cls=3.290965 action_acc=0.016
[train] epoch=4/8 step=29/100 loss=0.499060 grad_norm=0.495 action_cls=3.281301 action_acc=0.062
[train] epoch=4/8 step=30/100 loss=0.531659 grad_norm=0.506 action_cls=3.296846 action_acc=0.016
[train] epoch=4/8 step=31/100 loss=0.537215 grad_norm=0.266 action_cls=3.288122 action_acc=0.047
[train] epoch=4/8 step=32/100 loss=0.515792 grad_norm=0.331 action_cls=3.283536 action_acc=0.047
[train] epoch=4/8 step=33/100 loss=0.540723 grad_norm=0.431 action_cls=3.270001 action_acc=0.016
[train] epoch=4/8 step=34/100 loss=0.505614 grad_norm=0.319 action_cls=3.281885 action_acc=0.000
[train] epoch=4/8 step=35/100 loss=0.484363 grad_norm=0.465 action_cls=3.287448 action_acc=0.016
[train] epoch=4/8 step=36/100 loss=0.528470 grad_norm=0.418 action_cls=3.280070 action_acc=0.047
[train] epoch=4/8 step=37/100 loss=0.525496 grad_norm=0.515 action_cls=3.289697 action_acc=0.062
[train] epoch=4/8 step=38/100 loss=0.504631 grad_norm=0.551 action_cls=3.284200 action_acc=0.078
[train] epoch=4/8 step=39/100 loss=0.503936 grad_norm=0.524 action_cls=3.299373 action_acc=0.031
[train] epoch=4/8 step=40/100 loss=0.555641 grad_norm=0.280 action_cls=3.280736 action_acc=0.062
[train] epoch=4/8 step=41/100 loss=0.554945 grad_norm=0.460 action_cls=3.289649 action_acc=0.016
[train] epoch=4/8 step=42/100 loss=0.510928 grad_norm=0.583 action_cls=3.292451 action_acc=0.016
[train] epoch=4/8 step=43/100 loss=0.521503 grad_norm=0.500 action_cls=3.303686 action_acc=0.062
[train] epoch=4/8 step=44/100 loss=0.525916 grad_norm=0.323 action_cls=3.312798 action_acc=0.031
[train] epoch=4/8 step=45/100 loss=0.502148 grad_norm=0.382 action_cls=3.303256 action_acc=0.047
[train] epoch=4/8 step=46/100 loss=0.481562 grad_norm=0.529 action_cls=3.282593 action_acc=0.047
[train] epoch=4/8 step=47/100 loss=0.519128 grad_norm=0.343 action_cls=3.292147 action_acc=0.078
[train] epoch=4/8 step=48/100 loss=0.521111 grad_norm=0.346 action_cls=3.308340 action_acc=0.016
[train] epoch=4/8 step=49/100 loss=0.527254 grad_norm=0.304 action_cls=3.307680 action_acc=0.047
[train] epoch=4/8 step=50/100 loss=0.521888 grad_norm=0.303 action_cls=3.279339 action_acc=0.047
[train] epoch=4/8 step=51/100 loss=0.474426 grad_norm=0.375 action_cls=3.272916 action_acc=0.062
[train] epoch=4/8 step=52/100 loss=0.518857 grad_norm=0.297 action_cls=3.295450 action_acc=0.031
[train] epoch=4/8 step=53/100 loss=0.531372 grad_norm=0.303 action_cls=3.299642 action_acc=0.031
[train] epoch=4/8 step=54/100 loss=0.505829 grad_norm=0.452 action_cls=3.293638 action_acc=0.031
[train] epoch=4/8 step=55/100 loss=0.480393 grad_norm=0.405 action_cls=3.287074 action_acc=0.125
[train] epoch=4/8 step=56/100 loss=0.502182 grad_norm=0.297 action_cls=3.285706 action_acc=0.047
[train] epoch=4/8 step=57/100 loss=0.495574 grad_norm=0.262 action_cls=3.298459 action_acc=0.000
[train] epoch=4/8 step=58/100 loss=0.510092 grad_norm=0.278 action_cls=3.302594 action_acc=0.016
[train] epoch=4/8 step=59/100 loss=0.522024 grad_norm=0.336 action_cls=3.282438 action_acc=0.031
[train] epoch=4/8 step=60/100 loss=0.507347 grad_norm=0.334 action_cls=3.299999 action_acc=0.062
[train] epoch=4/8 step=61/100 loss=0.508152 grad_norm=0.363 action_cls=3.299842 action_acc=0.031
[train] epoch=4/8 step=62/100 loss=0.559509 grad_norm=0.394 action_cls=3.291164 action_acc=0.016
[train] epoch=4/8 step=63/100 loss=0.498870 grad_norm=0.505 action_cls=3.303605 action_acc=0.031
[train] epoch=4/8 step=64/100 loss=0.532372 grad_norm=0.375 action_cls=3.297796 action_acc=0.078
[train] epoch=4/8 step=65/100 loss=0.501374 grad_norm=0.295 action_cls=3.279842 action_acc=0.078
[train] epoch=4/8 step=66/100 loss=0.485295 grad_norm=0.430 action_cls=3.300844 action_acc=0.047
[train] epoch=4/8 step=67/100 loss=0.487989 grad_norm=0.385 action_cls=3.293918 action_acc=0.031
[train] epoch=4/8 step=68/100 loss=0.516578 grad_norm=0.397 action_cls=3.292218 action_acc=0.031
[train] epoch=4/8 step=69/100 loss=0.533925 grad_norm=0.489 action_cls=3.299816 action_acc=0.047
[train] epoch=4/8 step=70/100 loss=0.497871 grad_norm=0.267 action_cls=3.296113 action_acc=0.000
[train] epoch=4/8 step=71/100 loss=0.492074 grad_norm=0.308 action_cls=3.304351 action_acc=0.000
[train] epoch=4/8 step=72/100 loss=0.490991 grad_norm=0.305 action_cls=3.292587 action_acc=0.047
[train] epoch=4/8 step=73/100 loss=0.533022 grad_norm=0.464 action_cls=3.292483 action_acc=0.047
[train] epoch=4/8 step=74/100 loss=0.530361 grad_norm=0.398 action_cls=3.302828 action_acc=0.031
[train] epoch=4/8 step=75/100 loss=0.490318 grad_norm=0.277 action_cls=3.320194 action_acc=0.016
[train] epoch=4/8 step=76/100 loss=0.539214 grad_norm=0.499 action_cls=3.293318 action_acc=0.031
[train] epoch=4/8 step=77/100 loss=0.532038 grad_norm=0.406 action_cls=3.298925 action_acc=0.016
[train] epoch=4/8 step=78/100 loss=0.506546 grad_norm=0.436 action_cls=3.307485 action_acc=0.047
[train] epoch=4/8 step=79/100 loss=0.478738 grad_norm=0.388 action_cls=3.305370 action_acc=0.016
[train] epoch=4/8 step=80/100 loss=0.489926 grad_norm=0.466 action_cls=3.295301 action_acc=0.016
[train] epoch=4/8 step=81/100 loss=0.512863 grad_norm=0.313 action_cls=3.280829 action_acc=0.094
[train] epoch=4/8 step=82/100 loss=0.498360 grad_norm=0.518 action_cls=3.301391 action_acc=0.016
[train] epoch=4/8 step=83/100 loss=0.512566 grad_norm=0.474 action_cls=3.292633 action_acc=0.078
[train] epoch=4/8 step=84/100 loss=0.516144 grad_norm=0.355 action_cls=3.284434 action_acc=0.031
[train] epoch=4/8 step=85/100 loss=0.497048 grad_norm=0.283 action_cls=3.289958 action_acc=0.047
[train] epoch=4/8 step=86/100 loss=0.565757 grad_norm=0.439 action_cls=3.315566 action_acc=0.016
[train] epoch=4/8 step=87/100 loss=0.505888 grad_norm=0.261 action_cls=3.296465 action_acc=0.047
[train] epoch=4/8 step=88/100 loss=0.486426 grad_norm=0.224 action_cls=3.267579 action_acc=0.078
[train] epoch=4/8 step=89/100 loss=0.518789 grad_norm=0.238 action_cls=3.297456 action_acc=0.062
[train] epoch=4/8 step=90/100 loss=0.529752 grad_norm=0.485 action_cls=3.295797 action_acc=0.062
[train] epoch=4/8 step=91/100 loss=0.515439 grad_norm=0.241 action_cls=3.292943 action_acc=0.047
[train] epoch=4/8 step=92/100 loss=0.507477 grad_norm=0.405 action_cls=3.300041 action_acc=0.031
[train] epoch=4/8 step=93/100 loss=0.480422 grad_norm=0.359 action_cls=3.299989 action_acc=0.031
[train] epoch=4/8 step=94/100 loss=0.514391 grad_norm=0.602 action_cls=3.306774 action_acc=0.047
[train] epoch=4/8 step=95/100 loss=0.483252 grad_norm=0.291 action_cls=3.285939 action_acc=0.047
[train] epoch=4/8 step=96/100 loss=0.515415 grad_norm=0.433 action_cls=3.299895 action_acc=0.000
[train] epoch=4/8 step=97/100 loss=0.508805 grad_norm=0.324 action_cls=3.286463 action_acc=0.062
[train] epoch=4/8 step=98/100 loss=0.479584 grad_norm=0.314 action_cls=3.288391 action_acc=0.031
[train] epoch=4/8 step=99/100 loss=0.509212 grad_norm=0.340 action_cls=3.277749 action_acc=0.047
[train] epoch=4/8 step=100/100 loss=0.507645 grad_norm=0.231 action_cls=3.315759 action_acc=0.031
[epoch_summary] epoch=4/8 time_epoch=76.4s elapsed=370.2s eta=370.2s lambda_batch_div=0.000 lambda_inter_div=0.250 lambda_intra_div=0.000 selection_mode=diversity_first selection_score=0.882119 train_loss=0.513033 val_loss=0.433335 val_nmpjpe=0.235917 train_pose=0.029167 train_rel=0.048810 train_dist=0.190600 train_dir=0.064658 train_var=0.020931 train_batch_div=0.160176 train_inter_div=0.158145 train_intra_div=0.242321 val_pose=0.024870 val_rel=0.040395 val_dist=0.165074 val_dir=0.056440 val_var=0.023907 val_batch_div=0.444219 val_inter_div=0.006709 val_intra_div=0.445301 train_std=0.120707/0.166136 train_std_ratio=0.730496 val_std=0.059244/0.086730 val_std_ratio=0.813656 train_pair_dist=1.005621/1.540222 train_pair_ratio=0.655084 val_pair_dist=0.447457/0.881006 val_pair_ratio=0.600955 train_inter_pair=1.005755/1.560150 train_inter_ratio=0.646791 val_inter_pair=0.011001/0.033503 val_inter_ratio=0.007351 train_intra_pair=1.001452/1.022686 train_intra_ratio=0.996204 val_intra_pair=0.446555/0.875789 val_intra_ratio=0.602901 train_action_cls=3.293346 train_action_acc=0.040 val_action_cls=3.301519 val_action_acc=0.033 grad_norm_mean=0.378 nan_loss=False nan_grad=False actions_covered=27 envs_covered=2
[ckpt] saved_last path=C:\Users\LuvRene\OneDrive\PythonProjects\Positioning\pose_estimationV2\checkpoints\ablation_meanrms_interdiv_divsel_actionaux005_last.pth epoch=4
[ckpt] no_improve best_epoch=3 best_selection_score=0.894442 best_val_nmpjpe=0.236373
[epoch_start] epoch=5/8 train_size=160380 val_size=80190 test_size=80190 lr=3.000e-04 lambda_batch_div=0.000 lambda_inter_div=0.250 lambda_intra_div=0.000
[train] epoch=5/8 step=1/100 loss=0.468611 grad_norm=0.358 action_cls=3.285669 action_acc=0.109
[train] epoch=5/8 step=2/100 loss=0.484910 grad_norm=0.279 action_cls=3.296464 action_acc=0.016
[train] epoch=5/8 step=3/100 loss=0.518554 grad_norm=0.236 action_cls=3.293390 action_acc=0.031
[train] epoch=5/8 step=4/100 loss=0.508307 grad_norm=0.288 action_cls=3.299942 action_acc=0.031
[train] epoch=5/8 step=5/100 loss=0.491647 grad_norm=0.269 action_cls=3.301213 action_acc=0.000
[train] epoch=5/8 step=6/100 loss=0.532906 grad_norm=0.420 action_cls=3.296572 action_acc=0.031
[train] epoch=5/8 step=7/100 loss=0.526822 grad_norm=0.348 action_cls=3.290501 action_acc=0.031
[train] epoch=5/8 step=8/100 loss=0.515263 grad_norm=0.255 action_cls=3.296015 action_acc=0.000
[train] epoch=5/8 step=9/100 loss=0.503667 grad_norm=0.412 action_cls=3.287415 action_acc=0.078
[train] epoch=5/8 step=10/100 loss=0.483205 grad_norm=0.220 action_cls=3.286187 action_acc=0.062
[train] epoch=5/8 step=11/100 loss=0.482841 grad_norm=0.264 action_cls=3.289212 action_acc=0.047
[train] epoch=5/8 step=12/100 loss=0.517060 grad_norm=0.367 action_cls=3.290416 action_acc=0.031
[train] epoch=5/8 step=13/100 loss=0.490933 grad_norm=0.294 action_cls=3.292740 action_acc=0.062
[train] epoch=5/8 step=14/100 loss=0.510717 grad_norm=0.279 action_cls=3.285497 action_acc=0.016
[train] epoch=5/8 step=15/100 loss=0.494632 grad_norm=0.429 action_cls=3.303210 action_acc=0.031
[train] epoch=5/8 step=16/100 loss=0.590275 grad_norm=0.359 action_cls=3.279956 action_acc=0.031
[train] epoch=5/8 step=17/100 loss=0.541921 grad_norm=0.292 action_cls=3.278744 action_acc=0.031
[train] epoch=5/8 step=18/100 loss=0.507977 grad_norm=0.265 action_cls=3.285265 action_acc=0.031
[train] epoch=5/8 step=19/100 loss=0.523813 grad_norm=0.321 action_cls=3.295867 action_acc=0.078
[train] epoch=5/8 step=20/100 loss=0.490495 grad_norm=0.396 action_cls=3.294173 action_acc=0.062
[train] epoch=5/8 step=21/100 loss=0.513761 grad_norm=0.490 action_cls=3.295071 action_acc=0.047
[train] epoch=5/8 step=22/100 loss=0.514738 grad_norm=0.234 action_cls=3.292074 action_acc=0.031
[train] epoch=5/8 step=23/100 loss=0.524083 grad_norm=0.531 action_cls=3.284320 action_acc=0.031
[train] epoch=5/8 step=24/100 loss=0.500860 grad_norm=0.408 action_cls=3.290776 action_acc=0.047
[train] epoch=5/8 step=25/100 loss=0.492853 grad_norm=0.494 action_cls=3.278553 action_acc=0.125
[train] epoch=5/8 step=26/100 loss=0.489441 grad_norm=0.333 action_cls=3.293805 action_acc=0.062
[train] epoch=5/8 step=27/100 loss=0.510955 grad_norm=0.575 action_cls=3.295557 action_acc=0.031
[train] epoch=5/8 step=28/100 loss=0.515755 grad_norm=0.600 action_cls=3.290791 action_acc=0.016
[train] epoch=5/8 step=29/100 loss=0.541370 grad_norm=0.408 action_cls=3.295754 action_acc=0.062
[train] epoch=5/8 step=30/100 loss=0.512077 grad_norm=0.256 action_cls=3.294111 action_acc=0.047
[train] epoch=5/8 step=31/100 loss=0.518456 grad_norm=0.283 action_cls=3.299824 action_acc=0.047
[train] epoch=5/8 step=32/100 loss=0.517222 grad_norm=0.342 action_cls=3.313080 action_acc=0.031
[train] epoch=5/8 step=33/100 loss=0.493239 grad_norm=0.408 action_cls=3.300641 action_acc=0.000
[train] epoch=5/8 step=34/100 loss=0.503514 grad_norm=0.315 action_cls=3.290111 action_acc=0.047
[train] epoch=5/8 step=35/100 loss=0.519723 grad_norm=0.276 action_cls=3.291926 action_acc=0.109
[train] epoch=5/8 step=36/100 loss=0.529916 grad_norm=0.223 action_cls=3.296165 action_acc=0.031
[train] epoch=5/8 step=37/100 loss=0.503104 grad_norm=0.314 action_cls=3.288899 action_acc=0.031
[train] epoch=5/8 step=38/100 loss=0.486774 grad_norm=0.296 action_cls=3.277475 action_acc=0.047
[train] epoch=5/8 step=39/100 loss=0.519662 grad_norm=0.300 action_cls=3.280478 action_acc=0.047
[train] epoch=5/8 step=40/100 loss=0.492853 grad_norm=0.300 action_cls=3.304547 action_acc=0.062
[train] epoch=5/8 step=41/100 loss=0.490021 grad_norm=0.221 action_cls=3.317775 action_acc=0.047
[train] epoch=5/8 step=42/100 loss=0.512272 grad_norm=0.339 action_cls=3.303200 action_acc=0.047
[train] epoch=5/8 step=43/100 loss=0.472789 grad_norm=0.237 action_cls=3.290051 action_acc=0.047
[train] epoch=5/8 step=44/100 loss=0.524645 grad_norm=0.286 action_cls=3.293070 action_acc=0.047
[train] epoch=5/8 step=45/100 loss=0.504297 grad_norm=0.414 action_cls=3.292154 action_acc=0.000
[train] epoch=5/8 step=46/100 loss=0.530369 grad_norm=0.332 action_cls=3.291091 action_acc=0.078
[train] epoch=5/8 step=47/100 loss=0.509517 grad_norm=0.274 action_cls=3.282823 action_acc=0.094
[train] epoch=5/8 step=48/100 loss=0.477002 grad_norm=0.279 action_cls=3.292114 action_acc=0.047
[train] epoch=5/8 step=49/100 loss=0.520328 grad_norm=0.322 action_cls=3.294300 action_acc=0.047
[train] epoch=5/8 step=50/100 loss=0.484192 grad_norm=0.268 action_cls=3.285649 action_acc=0.062
[train] epoch=5/8 step=51/100 loss=0.507726 grad_norm=0.253 action_cls=3.287665 action_acc=0.047
[train] epoch=5/8 step=52/100 loss=0.531110 grad_norm=0.281 action_cls=3.311800 action_acc=0.031
[train] epoch=5/8 step=53/100 loss=0.531773 grad_norm=0.268 action_cls=3.297652 action_acc=0.031
[train] epoch=5/8 step=54/100 loss=0.494132 grad_norm=0.344 action_cls=3.280299 action_acc=0.062
[train] epoch=5/8 step=55/100 loss=0.483915 grad_norm=0.515 action_cls=3.297921 action_acc=0.000
[train] epoch=5/8 step=56/100 loss=0.527506 grad_norm=0.284 action_cls=3.308976 action_acc=0.047
[train] epoch=5/8 step=57/100 loss=0.540049 grad_norm=0.325 action_cls=3.283838 action_acc=0.062
[train] epoch=5/8 step=58/100 loss=0.490759 grad_norm=0.223 action_cls=3.294764 action_acc=0.062
[train] epoch=5/8 step=59/100 loss=0.494890 grad_norm=0.268 action_cls=3.269261 action_acc=0.094
[train] epoch=5/8 step=60/100 loss=0.552540 grad_norm=0.575 action_cls=3.283019 action_acc=0.016
[train] epoch=5/8 step=61/100 loss=0.523218 grad_norm=0.366 action_cls=3.300770 action_acc=0.016
[train] epoch=5/8 step=62/100 loss=0.496947 grad_norm=0.368 action_cls=3.284776 action_acc=0.094
[train] epoch=5/8 step=63/100 loss=0.499545 grad_norm=0.464 action_cls=3.282320 action_acc=0.031
[train] epoch=5/8 step=64/100 loss=0.513792 grad_norm=0.240 action_cls=3.291107 action_acc=0.016
[train] epoch=5/8 step=65/100 loss=0.463273 grad_norm=0.392 action_cls=3.274702 action_acc=0.078
[train] epoch=5/8 step=66/100 loss=0.481021 grad_norm=0.288 action_cls=3.304291 action_acc=0.047
[train] epoch=5/8 step=67/100 loss=0.522456 grad_norm=0.315 action_cls=3.289032 action_acc=0.016
[train] epoch=5/8 step=68/100 loss=0.501431 grad_norm=0.334 action_cls=3.287082 action_acc=0.031
[train] epoch=5/8 step=69/100 loss=0.505338 grad_norm=0.470 action_cls=3.289568 action_acc=0.047
[train] epoch=5/8 step=70/100 loss=0.465285 grad_norm=0.406 action_cls=3.278786 action_acc=0.016
[train] epoch=5/8 step=71/100 loss=0.512514 grad_norm=0.391 action_cls=3.290240 action_acc=0.047
[train] epoch=5/8 step=72/100 loss=0.522067 grad_norm=0.269 action_cls=3.281163 action_acc=0.047
[train] epoch=5/8 step=73/100 loss=0.506352 grad_norm=0.445 action_cls=3.290204 action_acc=0.031
[train] epoch=5/8 step=74/100 loss=0.508226 grad_norm=0.296 action_cls=3.308662 action_acc=0.016
[train] epoch=5/8 step=75/100 loss=0.504355 grad_norm=0.216 action_cls=3.295969 action_acc=0.047
[train] epoch=5/8 step=76/100 loss=0.523582 grad_norm=0.524 action_cls=3.295413 action_acc=0.000
[train] epoch=5/8 step=77/100 loss=0.525420 grad_norm=0.304 action_cls=3.286466 action_acc=0.016
[train] epoch=5/8 step=78/100 loss=0.485044 grad_norm=0.216 action_cls=3.298299 action_acc=0.031
[train] epoch=5/8 step=79/100 loss=0.520960 grad_norm=0.330 action_cls=3.286064 action_acc=0.000
[train] epoch=5/8 step=80/100 loss=0.490979 grad_norm=0.393 action_cls=3.312035 action_acc=0.062
[train] epoch=5/8 step=81/100 loss=0.508506 grad_norm=0.300 action_cls=3.303215 action_acc=0.031
[train] epoch=5/8 step=82/100 loss=0.509283 grad_norm=0.244 action_cls=3.288175 action_acc=0.047
[train] epoch=5/8 step=83/100 loss=0.559252 grad_norm=0.413 action_cls=3.303394 action_acc=0.047
[train] epoch=5/8 step=84/100 loss=0.528508 grad_norm=0.275 action_cls=3.304260 action_acc=0.047
[train] epoch=5/8 step=85/100 loss=0.480771 grad_norm=0.398 action_cls=3.270404 action_acc=0.031
[train] epoch=5/8 step=86/100 loss=0.495564 grad_norm=0.214 action_cls=3.292251 action_acc=0.094
[train] epoch=5/8 step=87/100 loss=0.502239 grad_norm=0.238 action_cls=3.279681 action_acc=0.031
[train] epoch=5/8 step=88/100 loss=0.505892 grad_norm=0.241 action_cls=3.296212 action_acc=0.062
[train] epoch=5/8 step=89/100 loss=0.517661 grad_norm=0.274 action_cls=3.283983 action_acc=0.047
[train] epoch=5/8 step=90/100 loss=0.484377 grad_norm=0.236 action_cls=3.296070 action_acc=0.062
[train] epoch=5/8 step=91/100 loss=0.519783 grad_norm=0.425 action_cls=3.303174 action_acc=0.000
[train] epoch=5/8 step=92/100 loss=0.454703 grad_norm=0.303 action_cls=3.302952 action_acc=0.047
[train] epoch=5/8 step=93/100 loss=0.511242 grad_norm=0.368 action_cls=3.301571 action_acc=0.016
[train] epoch=5/8 step=94/100 loss=0.498722 grad_norm=0.355 action_cls=3.274983 action_acc=0.094
[train] epoch=5/8 step=95/100 loss=0.495361 grad_norm=0.571 action_cls=3.274819 action_acc=0.062
[train] epoch=5/8 step=96/100 loss=0.503456 grad_norm=0.243 action_cls=3.276675 action_acc=0.031
[train] epoch=5/8 step=97/100 loss=0.485330 grad_norm=0.363 action_cls=3.302589 action_acc=0.016
[train] epoch=5/8 step=98/100 loss=0.539931 grad_norm=0.903 action_cls=3.295363 action_acc=0.031
[train] epoch=5/8 step=99/100 loss=0.469306 grad_norm=0.268 action_cls=3.301845 action_acc=0.016
[train] epoch=5/8 step=100/100 loss=0.501566 grad_norm=0.258 action_cls=3.302975 action_acc=0.031
[epoch_summary] epoch=5/8 time_epoch=60.4s elapsed=430.6s eta=258.4s lambda_batch_div=0.000 lambda_inter_div=0.250 lambda_intra_div=0.000 selection_mode=diversity_first selection_score=0.965920 train_loss=0.507080 val_loss=0.435290 val_nmpjpe=0.245559 train_pose=0.029300 train_rel=0.047879 train_dist=0.186610 train_dir=0.062541 train_var=0.021467 train_batch_div=0.162382 train_inter_div=0.160314 train_intra_div=0.243482 val_pose=0.025986 val_rel=0.040446 val_dist=0.166186 val_dir=0.056241 val_var=0.022187 val_batch_div=0.446218 val_inter_div=0.006372 val_intra_div=0.447525 train_std=0.119884/0.164542 train_std_ratio=0.731775 val_std=0.065124/0.086730 val_std_ratio=0.889965 train_pair_dist=0.999096/1.541204 train_pair_ratio=0.649905 val_pair_dist=0.492602/0.881006 val_pair_ratio=0.658111 train_inter_pair=0.999318/1.561408 train_inter_ratio=0.641642 val_inter_pair=0.012335/0.033503 val_inter_ratio=0.008219 train_intra_pair=0.993181/1.015692 train_intra_ratio=0.988795 val_intra_pair=0.491516/0.875789 val_intra_ratio=0.660141 train_action_cls=3.292214 train_action_acc=0.043 val_action_cls=3.301208 val_action_acc=0.041 grad_norm_mean=0.340 nan_loss=False nan_grad=False actions_covered=27 envs_covered=2
[ckpt] saved_last path=C:\Users\LuvRene\OneDrive\PythonProjects\Positioning\pose_estimationV2\checkpoints\ablation_meanrms_interdiv_divsel_actionaux005_last.pth epoch=5
[ckpt] saved path=C:\Users\LuvRene\OneDrive\PythonProjects\Positioning\pose_estimationV2\checkpoints\ablation_meanrms_interdiv_divsel_actionaux005.pth epoch=5 best_selection_score=0.965920 val_nmpjpe=0.245559
[epoch_start] epoch=6/8 train_size=160380 val_size=80190 test_size=80190 lr=3.000e-04 lambda_batch_div=0.000 lambda_inter_div=0.250 lambda_intra_div=0.000
[train] epoch=6/8 step=1/100 loss=0.487548 grad_norm=0.519 action_cls=3.307115 action_acc=0.078
[train] epoch=6/8 step=2/100 loss=0.499240 grad_norm=0.412 action_cls=3.279525 action_acc=0.031
[train] epoch=6/8 step=3/100 loss=0.515392 grad_norm=0.377 action_cls=3.291351 action_acc=0.047
[train] epoch=6/8 step=4/100 loss=0.499260 grad_norm=0.258 action_cls=3.289000 action_acc=0.000
[train] epoch=6/8 step=5/100 loss=0.493160 grad_norm=0.422 action_cls=3.293763 action_acc=0.047
[train] epoch=6/8 step=6/100 loss=0.545547 grad_norm=0.448 action_cls=3.289279 action_acc=0.047
[train] epoch=6/8 step=7/100 loss=0.517697 grad_norm=0.454 action_cls=3.304707 action_acc=0.031
[train] epoch=6/8 step=8/100 loss=0.487862 grad_norm=0.240 action_cls=3.300591 action_acc=0.047
[train] epoch=6/8 step=9/100 loss=0.481402 grad_norm=0.515 action_cls=3.284678 action_acc=0.062
[train] epoch=6/8 step=10/100 loss=0.521441 grad_norm=0.369 action_cls=3.283071 action_acc=0.016
[train] epoch=6/8 step=11/100 loss=0.501026 grad_norm=0.262 action_cls=3.307021 action_acc=0.031
[train] epoch=6/8 step=12/100 loss=0.496525 grad_norm=0.292 action_cls=3.275000 action_acc=0.047
[train] epoch=6/8 step=13/100 loss=0.540472 grad_norm=0.288 action_cls=3.294320 action_acc=0.031
[train] epoch=6/8 step=14/100 loss=0.496524 grad_norm=0.414 action_cls=3.294121 action_acc=0.047
[train] epoch=6/8 step=15/100 loss=0.482113 grad_norm=0.198 action_cls=3.283314 action_acc=0.000
[train] epoch=6/8 step=16/100 loss=0.473295 grad_norm=0.225 action_cls=3.292053 action_acc=0.016
[train] epoch=6/8 step=17/100 loss=0.514714 grad_norm=0.347 action_cls=3.287966 action_acc=0.062
[train] epoch=6/8 step=18/100 loss=0.508803 grad_norm=0.236 action_cls=3.282831 action_acc=0.047
[train] epoch=6/8 step=19/100 loss=0.473246 grad_norm=0.333 action_cls=3.266875 action_acc=0.062
[train] epoch=6/8 step=20/100 loss=0.551632 grad_norm=0.245 action_cls=3.286253 action_acc=0.016
[train] epoch=6/8 step=21/100 loss=0.517524 grad_norm=0.276 action_cls=3.296699 action_acc=0.031
[train] epoch=6/8 step=22/100 loss=0.499558 grad_norm=0.311 action_cls=3.278560 action_acc=0.047
[train] epoch=6/8 step=23/100 loss=0.543834 grad_norm=0.229 action_cls=3.287997 action_acc=0.047
[train] epoch=6/8 step=24/100 loss=0.502692 grad_norm=0.266 action_cls=3.298953 action_acc=0.031
[train] epoch=6/8 step=25/100 loss=0.502027 grad_norm=0.346 action_cls=3.271233 action_acc=0.047
[train] epoch=6/8 step=26/100 loss=0.516476 grad_norm=0.262 action_cls=3.280612 action_acc=0.047
[train] epoch=6/8 step=27/100 loss=0.487368 grad_norm=0.306 action_cls=3.284295 action_acc=0.031
[train] epoch=6/8 step=28/100 loss=0.502648 grad_norm=0.235 action_cls=3.301857 action_acc=0.016
[train] epoch=6/8 step=29/100 loss=0.483771 grad_norm=0.239 action_cls=3.299980 action_acc=0.016
[train] epoch=6/8 step=30/100 loss=0.513481 grad_norm=0.296 action_cls=3.285061 action_acc=0.078
[train] epoch=6/8 step=31/100 loss=0.480323 grad_norm=0.293 action_cls=3.286218 action_acc=0.016
[train] epoch=6/8 step=32/100 loss=0.492516 grad_norm=0.214 action_cls=3.287482 action_acc=0.031
[train] epoch=6/8 step=33/100 loss=0.486081 grad_norm=0.356 action_cls=3.302550 action_acc=0.016
[train] epoch=6/8 step=34/100 loss=0.507024 grad_norm=0.343 action_cls=3.282040 action_acc=0.047
[train] epoch=6/8 step=35/100 loss=0.523624 grad_norm=0.284 action_cls=3.297487 action_acc=0.031
[train] epoch=6/8 step=36/100 loss=0.495610 grad_norm=0.315 action_cls=3.287378 action_acc=0.016
[train] epoch=6/8 step=37/100 loss=0.493839 grad_norm=0.227 action_cls=3.287685 action_acc=0.047
[train] epoch=6/8 step=38/100 loss=0.474789 grad_norm=0.296 action_cls=3.296916 action_acc=0.047
[train] epoch=6/8 step=39/100 loss=0.511221 grad_norm=0.263 action_cls=3.285491 action_acc=0.047
[train] epoch=6/8 step=40/100 loss=0.530220 grad_norm=0.262 action_cls=3.287729 action_acc=0.016
[train] epoch=6/8 step=41/100 loss=0.497011 grad_norm=0.236 action_cls=3.296679 action_acc=0.031
[train] epoch=6/8 step=42/100 loss=0.510145 grad_norm=0.256 action_cls=3.291068 action_acc=0.016
[train] epoch=6/8 step=43/100 loss=0.496413 grad_norm=0.269 action_cls=3.272908 action_acc=0.031
[train] epoch=6/8 step=44/100 loss=0.473107 grad_norm=0.253 action_cls=3.293834 action_acc=0.047
[train] epoch=6/8 step=45/100 loss=0.514491 grad_norm=0.321 action_cls=3.311986 action_acc=0.016
[train] epoch=6/8 step=46/100 loss=0.520032 grad_norm=0.189 action_cls=3.290169 action_acc=0.047
[train] epoch=6/8 step=47/100 loss=0.484135 grad_norm=0.209 action_cls=3.295275 action_acc=0.031
[train] epoch=6/8 step=48/100 loss=0.526656 grad_norm=0.424 action_cls=3.297477 action_acc=0.000
[train] epoch=6/8 step=49/100 loss=0.483601 grad_norm=0.277 action_cls=3.282872 action_acc=0.031
[train] epoch=6/8 step=50/100 loss=0.492824 grad_norm=0.209 action_cls=3.307148 action_acc=0.031
[train] epoch=6/8 step=51/100 loss=0.492015 grad_norm=0.274 action_cls=3.299183 action_acc=0.031
[train] epoch=6/8 step=52/100 loss=0.480886 grad_norm=0.256 action_cls=3.290507 action_acc=0.031
[train] epoch=6/8 step=53/100 loss=0.477079 grad_norm=0.210 action_cls=3.275160 action_acc=0.062
[train] epoch=6/8 step=54/100 loss=0.513101 grad_norm=0.345 action_cls=3.304966 action_acc=0.047
[train] epoch=6/8 step=55/100 loss=0.513759 grad_norm=0.337 action_cls=3.282653 action_acc=0.000
[train] epoch=6/8 step=56/100 loss=0.489348 grad_norm=0.361 action_cls=3.296741 action_acc=0.031
[train] epoch=6/8 step=57/100 loss=0.507997 grad_norm=0.380 action_cls=3.289033 action_acc=0.062
[train] epoch=6/8 step=58/100 loss=0.504054 grad_norm=0.203 action_cls=3.280221 action_acc=0.062
[train] epoch=6/8 step=59/100 loss=0.474935 grad_norm=0.343 action_cls=3.274437 action_acc=0.047
[train] epoch=6/8 step=60/100 loss=0.468805 grad_norm=0.345 action_cls=3.294002 action_acc=0.078
[train] epoch=6/8 step=61/100 loss=0.521750 grad_norm=0.257 action_cls=3.288625 action_acc=0.016
[train] epoch=6/8 step=62/100 loss=0.496274 grad_norm=0.186 action_cls=3.293568 action_acc=0.016
[train] epoch=6/8 step=63/100 loss=0.522450 grad_norm=0.334 action_cls=3.295657 action_acc=0.031
[train] epoch=6/8 step=64/100 loss=0.506559 grad_norm=0.310 action_cls=3.292551 action_acc=0.047
[train] epoch=6/8 step=65/100 loss=0.520390 grad_norm=0.318 action_cls=3.292333 action_acc=0.078
[train] epoch=6/8 step=66/100 loss=0.472851 grad_norm=0.264 action_cls=3.275696 action_acc=0.109
[train] epoch=6/8 step=67/100 loss=0.528583 grad_norm=0.328 action_cls=3.310226 action_acc=0.031
[train] epoch=6/8 step=68/100 loss=0.505000 grad_norm=0.625 action_cls=3.300793 action_acc=0.047
[train] epoch=6/8 step=69/100 loss=0.504857 grad_norm=0.235 action_cls=3.287715 action_acc=0.078
[train] epoch=6/8 step=70/100 loss=0.479226 grad_norm=0.301 action_cls=3.286359 action_acc=0.062
[train] epoch=6/8 step=71/100 loss=0.510029 grad_norm=0.413 action_cls=3.272511 action_acc=0.047
[train] epoch=6/8 step=72/100 loss=0.526233 grad_norm=0.276 action_cls=3.304968 action_acc=0.031
[train] epoch=6/8 step=73/100 loss=0.527452 grad_norm=0.245 action_cls=3.286510 action_acc=0.062
[train] epoch=6/8 step=74/100 loss=0.462544 grad_norm=0.241 action_cls=3.275257 action_acc=0.047
[train] epoch=6/8 step=75/100 loss=0.496084 grad_norm=0.442 action_cls=3.276886 action_acc=0.031
[train] epoch=6/8 step=76/100 loss=0.478357 grad_norm=0.308 action_cls=3.280810 action_acc=0.047
[train] epoch=6/8 step=77/100 loss=0.555099 grad_norm=0.303 action_cls=3.289341 action_acc=0.016
[train] epoch=6/8 step=78/100 loss=0.508456 grad_norm=0.354 action_cls=3.295203 action_acc=0.047
[train] epoch=6/8 step=79/100 loss=0.500543 grad_norm=0.274 action_cls=3.303960 action_acc=0.047
[train] epoch=6/8 step=80/100 loss=0.539222 grad_norm=0.345 action_cls=3.288418 action_acc=0.031
[train] epoch=6/8 step=81/100 loss=0.508041 grad_norm=0.309 action_cls=3.296291 action_acc=0.031
[train] epoch=6/8 step=82/100 loss=0.473582 grad_norm=0.336 action_cls=3.291126 action_acc=0.031
[train] epoch=6/8 step=83/100 loss=0.510324 grad_norm=0.520 action_cls=3.293751 action_acc=0.000
[train] epoch=6/8 step=84/100 loss=0.507484 grad_norm=0.286 action_cls=3.277344 action_acc=0.047
[train] epoch=6/8 step=85/100 loss=0.493512 grad_norm=0.233 action_cls=3.313611 action_acc=0.047
[train] epoch=6/8 step=86/100 loss=0.509322 grad_norm=0.368 action_cls=3.298333 action_acc=0.016
[train] epoch=6/8 step=87/100 loss=0.496056 grad_norm=0.551 action_cls=3.270588 action_acc=0.047
[train] epoch=6/8 step=88/100 loss=0.495613 grad_norm=0.464 action_cls=3.275670 action_acc=0.016
[train] epoch=6/8 step=89/100 loss=0.525122 grad_norm=0.235 action_cls=3.295612 action_acc=0.031
[train] epoch=6/8 step=90/100 loss=0.470047 grad_norm=0.293 action_cls=3.287783 action_acc=0.031
[train] epoch=6/8 step=91/100 loss=0.552415 grad_norm=0.323 action_cls=3.293498 action_acc=0.062
[train] epoch=6/8 step=92/100 loss=0.527027 grad_norm=0.358 action_cls=3.288477 action_acc=0.016
[train] epoch=6/8 step=93/100 loss=0.544774 grad_norm=0.263 action_cls=3.305181 action_acc=0.031
[train] epoch=6/8 step=94/100 loss=0.470413 grad_norm=0.298 action_cls=3.289801 action_acc=0.016
[train] epoch=6/8 step=95/100 loss=0.543522 grad_norm=0.404 action_cls=3.284712 action_acc=0.078
[train] epoch=6/8 step=96/100 loss=0.492006 grad_norm=0.202 action_cls=3.255211 action_acc=0.047
[train] epoch=6/8 step=97/100 loss=0.475719 grad_norm=0.358 action_cls=3.291464 action_acc=0.062
[train] epoch=6/8 step=98/100 loss=0.504212 grad_norm=0.379 action_cls=3.302723 action_acc=0.016
[train] epoch=6/8 step=99/100 loss=0.524960 grad_norm=0.223 action_cls=3.295700 action_acc=0.000
[train] epoch=6/8 step=100/100 loss=0.517011 grad_norm=0.325 action_cls=3.294154 action_acc=0.031
[epoch_summary] epoch=6/8 time_epoch=74.3s elapsed=504.9s eta=168.3s lambda_batch_div=0.000 lambda_inter_div=0.250 lambda_intra_div=0.000 selection_mode=diversity_first selection_score=0.913988 train_loss=0.503750 val_loss=0.430528 val_nmpjpe=0.240249 train_pose=0.029180 train_rel=0.046891 train_dist=0.183292 train_dir=0.062098 train_var=0.020619 train_batch_div=0.167227 train_inter_div=0.164932 train_intra_div=0.259339 val_pose=0.025243 val_rel=0.039718 val_dist=0.162745 val_dir=0.055910 val_var=0.022479 val_batch_div=0.449583 val_inter_div=0.006680 val_intra_div=0.450774 train_std=0.119799/0.164488 train_std_ratio=0.732494 val_std=0.062687/0.086730 val_std_ratio=0.857357 train_pair_dist=0.995133/1.533202 train_pair_ratio=0.651449 val_pair_dist=0.461658/0.881006 val_pair_ratio=0.617581 train_inter_pair=0.995505/1.553788 train_inter_ratio=0.643058 val_inter_pair=0.011363/0.033503 val_inter_ratio=0.007579 train_intra_pair=0.986965/1.003960 train_intra_ratio=0.995942 val_intra_pair=0.460661/0.875789 val_intra_ratio=0.619457 train_action_cls=3.290038 train_action_acc=0.038 val_action_cls=3.302037 val_action_acc=0.041 grad_norm_mean=0.313 nan_loss=False nan_grad=False actions_covered=27 envs_covered=2
[ckpt] saved_last path=C:\Users\LuvRene\OneDrive\PythonProjects\Positioning\pose_estimationV2\checkpoints\ablation_meanrms_interdiv_divsel_actionaux005_last.pth epoch=6
[ckpt] no_improve best_epoch=5 best_selection_score=0.965920 best_val_nmpjpe=0.245559
[epoch_start] epoch=7/8 train_size=160380 val_size=80190 test_size=80190 lr=3.000e-04 lambda_batch_div=0.000 lambda_inter_div=0.250 lambda_intra_div=0.000
[train] epoch=7/8 step=1/100 loss=0.475820 grad_norm=0.379 action_cls=3.278039 action_acc=0.047
[train] epoch=7/8 step=2/100 loss=0.505256 grad_norm=0.248 action_cls=3.320539 action_acc=0.016
[train] epoch=7/8 step=3/100 loss=0.523171 grad_norm=0.256 action_cls=3.299469 action_acc=0.016
[train] epoch=7/8 step=4/100 loss=0.508854 grad_norm=0.189 action_cls=3.256469 action_acc=0.078
[train] epoch=7/8 step=5/100 loss=0.516561 grad_norm=0.308 action_cls=3.286462 action_acc=0.078
[train] epoch=7/8 step=6/100 loss=0.527531 grad_norm=0.375 action_cls=3.285044 action_acc=0.000
[train] epoch=7/8 step=7/100 loss=0.472974 grad_norm=0.511 action_cls=3.287512 action_acc=0.062
[train] epoch=7/8 step=8/100 loss=0.516649 grad_norm=0.278 action_cls=3.294452 action_acc=0.047
[train] epoch=7/8 step=9/100 loss=0.515023 grad_norm=0.526 action_cls=3.306311 action_acc=0.047
[train] epoch=7/8 step=10/100 loss=0.508762 grad_norm=0.610 action_cls=3.277709 action_acc=0.094
[train] epoch=7/8 step=11/100 loss=0.536685 grad_norm=0.448 action_cls=3.270659 action_acc=0.062
[train] epoch=7/8 step=12/100 loss=0.538117 grad_norm=0.234 action_cls=3.283928 action_acc=0.031
[train] epoch=7/8 step=13/100 loss=0.493859 grad_norm=0.293 action_cls=3.301458 action_acc=0.031
[train] epoch=7/8 step=14/100 loss=0.528802 grad_norm=0.469 action_cls=3.290890 action_acc=0.062
[train] epoch=7/8 step=15/100 loss=0.505533 grad_norm=0.329 action_cls=3.284223 action_acc=0.062
[train] epoch=7/8 step=16/100 loss=0.523150 grad_norm=0.266 action_cls=3.295330 action_acc=0.031
[train] epoch=7/8 step=17/100 loss=0.486477 grad_norm=0.222 action_cls=3.298660 action_acc=0.047
[train] epoch=7/8 step=18/100 loss=0.535248 grad_norm=0.408 action_cls=3.322608 action_acc=0.000
[train] epoch=7/8 step=19/100 loss=0.494222 grad_norm=0.466 action_cls=3.311526 action_acc=0.062
[train] epoch=7/8 step=20/100 loss=0.507282 grad_norm=0.481 action_cls=3.299152 action_acc=0.031
[train] epoch=7/8 step=21/100 loss=0.496421 grad_norm=0.312 action_cls=3.298478 action_acc=0.078
[train] epoch=7/8 step=22/100 loss=0.494247 grad_norm=0.314 action_cls=3.282531 action_acc=0.047
[train] epoch=7/8 step=23/100 loss=0.509934 grad_norm=0.360 action_cls=3.276031 action_acc=0.047
[train] epoch=7/8 step=24/100 loss=0.516361 grad_norm=0.449 action_cls=3.297441 action_acc=0.047
[train] epoch=7/8 step=25/100 loss=0.476663 grad_norm=0.373 action_cls=3.272027 action_acc=0.078
[train] epoch=7/8 step=26/100 loss=0.479831 grad_norm=0.263 action_cls=3.282553 action_acc=0.031
[train] epoch=7/8 step=27/100 loss=0.522062 grad_norm=0.363 action_cls=3.287076 action_acc=0.047
[train] epoch=7/8 step=28/100 loss=0.489171 grad_norm=0.314 action_cls=3.303587 action_acc=0.031
[train] epoch=7/8 step=29/100 loss=0.520404 grad_norm=0.367 action_cls=3.305602 action_acc=0.016
[train] epoch=7/8 step=30/100 loss=0.482764 grad_norm=0.266 action_cls=3.308383 action_acc=0.000
[train] epoch=7/8 step=31/100 loss=0.478876 grad_norm=0.283 action_cls=3.286437 action_acc=0.047
[train] epoch=7/8 step=32/100 loss=0.516660 grad_norm=0.309 action_cls=3.285595 action_acc=0.016
[train] epoch=7/8 step=33/100 loss=0.558845 grad_norm=0.411 action_cls=3.293361 action_acc=0.016
[train] epoch=7/8 step=34/100 loss=0.472860 grad_norm=0.401 action_cls=3.288361 action_acc=0.016
[train] epoch=7/8 step=35/100 loss=0.501820 grad_norm=0.244 action_cls=3.294596 action_acc=0.047
[train] epoch=7/8 step=36/100 loss=0.531768 grad_norm=0.311 action_cls=3.299184 action_acc=0.031
[train] epoch=7/8 step=37/100 loss=0.505008 grad_norm=0.308 action_cls=3.283272 action_acc=0.094
[train] epoch=7/8 step=38/100 loss=0.491900 grad_norm=0.297 action_cls=3.287493 action_acc=0.031
[train] epoch=7/8 step=39/100 loss=0.502181 grad_norm=0.273 action_cls=3.300866 action_acc=0.016
[train] epoch=7/8 step=40/100 loss=0.526053 grad_norm=0.369 action_cls=3.301355 action_acc=0.062
[train] epoch=7/8 step=41/100 loss=0.507337 grad_norm=0.247 action_cls=3.277330 action_acc=0.031
[train] epoch=7/8 step=42/100 loss=0.519563 grad_norm=0.246 action_cls=3.280521 action_acc=0.062
[train] epoch=7/8 step=43/100 loss=0.487676 grad_norm=0.442 action_cls=3.295751 action_acc=0.078
[train] epoch=7/8 step=44/100 loss=0.481990 grad_norm=0.383 action_cls=3.278636 action_acc=0.016
[train] epoch=7/8 step=45/100 loss=0.486717 grad_norm=0.403 action_cls=3.274407 action_acc=0.031
[train] epoch=7/8 step=46/100 loss=0.492425 grad_norm=0.240 action_cls=3.289280 action_acc=0.000
[train] epoch=7/8 step=47/100 loss=0.503561 grad_norm=0.379 action_cls=3.294949 action_acc=0.062
[train] epoch=7/8 step=48/100 loss=0.538801 grad_norm=0.383 action_cls=3.304273 action_acc=0.031
[train] epoch=7/8 step=49/100 loss=0.520950 grad_norm=0.286 action_cls=3.288194 action_acc=0.047
[train] epoch=7/8 step=50/100 loss=0.480107 grad_norm=0.254 action_cls=3.293807 action_acc=0.062
[train] epoch=7/8 step=51/100 loss=0.536754 grad_norm=0.445 action_cls=3.301610 action_acc=0.000
[train] epoch=7/8 step=52/100 loss=0.496356 grad_norm=0.227 action_cls=3.279798 action_acc=0.062
[train] epoch=7/8 step=53/100 loss=0.518183 grad_norm=0.348 action_cls=3.307236 action_acc=0.016
[train] epoch=7/8 step=54/100 loss=0.483634 grad_norm=0.455 action_cls=3.289745 action_acc=0.047
[train] epoch=7/8 step=55/100 loss=0.492992 grad_norm=0.276 action_cls=3.302813 action_acc=0.031
[train] epoch=7/8 step=56/100 loss=0.523921 grad_norm=0.282 action_cls=3.298880 action_acc=0.031
[train] epoch=7/8 step=57/100 loss=0.483164 grad_norm=0.443 action_cls=3.278526 action_acc=0.016
[train] epoch=7/8 step=58/100 loss=0.491458 grad_norm=0.452 action_cls=3.284454 action_acc=0.047
[train] epoch=7/8 step=59/100 loss=0.462830 grad_norm=0.266 action_cls=3.296480 action_acc=0.031
[train] epoch=7/8 step=60/100 loss=0.518656 grad_norm=0.226 action_cls=3.282131 action_acc=0.094
[train] epoch=7/8 step=61/100 loss=0.527083 grad_norm=0.233 action_cls=3.290128 action_acc=0.016
[train] epoch=7/8 step=62/100 loss=0.533498 grad_norm=0.241 action_cls=3.282759 action_acc=0.031
[train] epoch=7/8 step=63/100 loss=0.534409 grad_norm=0.277 action_cls=3.275544 action_acc=0.047
[train] epoch=7/8 step=64/100 loss=0.479893 grad_norm=0.382 action_cls=3.303249 action_acc=0.031
[train] epoch=7/8 step=65/100 loss=0.490021 grad_norm=0.287 action_cls=3.256229 action_acc=0.094
[train] epoch=7/8 step=66/100 loss=0.499154 grad_norm=0.388 action_cls=3.289421 action_acc=0.094
[train] epoch=7/8 step=67/100 loss=0.521826 grad_norm=0.338 action_cls=3.296797 action_acc=0.031
[train] epoch=7/8 step=68/100 loss=0.488319 grad_norm=0.235 action_cls=3.288828 action_acc=0.047
[train] epoch=7/8 step=69/100 loss=0.481949 grad_norm=0.220 action_cls=3.292206 action_acc=0.047
[train] epoch=7/8 step=70/100 loss=0.498887 grad_norm=0.231 action_cls=3.266901 action_acc=0.062
[train] epoch=7/8 step=71/100 loss=0.481138 grad_norm=0.381 action_cls=3.284821 action_acc=0.062
[train] epoch=7/8 step=72/100 loss=0.487457 grad_norm=0.323 action_cls=3.302387 action_acc=0.062
[train] epoch=7/8 step=73/100 loss=0.486038 grad_norm=0.304 action_cls=3.303575 action_acc=0.016
[train] epoch=7/8 step=74/100 loss=0.527621 grad_norm=0.581 action_cls=3.270560 action_acc=0.031
[train] epoch=7/8 step=75/100 loss=0.511316 grad_norm=0.302 action_cls=3.311914 action_acc=0.031
[train] epoch=7/8 step=76/100 loss=0.475771 grad_norm=0.248 action_cls=3.288184 action_acc=0.031
[train] epoch=7/8 step=77/100 loss=0.502335 grad_norm=0.203 action_cls=3.278248 action_acc=0.016
[train] epoch=7/8 step=78/100 loss=0.479387 grad_norm=0.270 action_cls=3.283626 action_acc=0.062
[train] epoch=7/8 step=79/100 loss=0.505724 grad_norm=0.265 action_cls=3.295929 action_acc=0.047
[train] epoch=7/8 step=80/100 loss=0.481079 grad_norm=0.188 action_cls=3.299870 action_acc=0.094
[train] epoch=7/8 step=81/100 loss=0.466189 grad_norm=0.282 action_cls=3.287692 action_acc=0.031
[train] epoch=7/8 step=82/100 loss=0.511567 grad_norm=0.444 action_cls=3.274355 action_acc=0.000
[train] epoch=7/8 step=83/100 loss=0.481980 grad_norm=0.226 action_cls=3.277619 action_acc=0.062
[train] epoch=7/8 step=84/100 loss=0.471596 grad_norm=0.261 action_cls=3.281769 action_acc=0.031
[train] epoch=7/8 step=85/100 loss=0.515572 grad_norm=0.319 action_cls=3.293769 action_acc=0.000
[train] epoch=7/8 step=86/100 loss=0.476534 grad_norm=0.230 action_cls=3.285449 action_acc=0.000
[train] epoch=7/8 step=87/100 loss=0.486308 grad_norm=0.322 action_cls=3.299846 action_acc=0.047
[train] epoch=7/8 step=88/100 loss=0.496110 grad_norm=0.291 action_cls=3.283745 action_acc=0.062
[train] epoch=7/8 step=89/100 loss=0.532077 grad_norm=0.413 action_cls=3.273128 action_acc=0.047
[train] epoch=7/8 step=90/100 loss=0.503136 grad_norm=0.252 action_cls=3.297764 action_acc=0.016
[train] epoch=7/8 step=91/100 loss=0.492741 grad_norm=0.384 action_cls=3.281453 action_acc=0.141
[train] epoch=7/8 step=92/100 loss=0.478397 grad_norm=0.324 action_cls=3.294636 action_acc=0.016
[train] epoch=7/8 step=93/100 loss=0.489963 grad_norm=0.320 action_cls=3.278346 action_acc=0.016
[train] epoch=7/8 step=94/100 loss=0.492885 grad_norm=0.321 action_cls=3.292485 action_acc=0.031
[train] epoch=7/8 step=95/100 loss=0.475840 grad_norm=0.254 action_cls=3.292161 action_acc=0.016
[train] epoch=7/8 step=96/100 loss=0.517507 grad_norm=0.324 action_cls=3.283614 action_acc=0.047
[train] epoch=7/8 step=97/100 loss=0.493408 grad_norm=0.306 action_cls=3.305418 action_acc=0.031
[train] epoch=7/8 step=98/100 loss=0.469405 grad_norm=0.222 action_cls=3.298156 action_acc=0.047
[train] epoch=7/8 step=99/100 loss=0.504871 grad_norm=0.246 action_cls=3.288878 action_acc=0.062
[train] epoch=7/8 step=100/100 loss=0.495495 grad_norm=0.333 action_cls=3.323457 action_acc=0.016
[epoch_summary] epoch=7/8 time_epoch=57.5s elapsed=562.4s eta=80.3s lambda_batch_div=0.000 lambda_inter_div=0.250 lambda_intra_div=0.000 selection_mode=diversity_first selection_score=0.935007 train_loss=0.501654 val_loss=0.436818 val_nmpjpe=0.245208 train_pose=0.029313 train_rel=0.046694 train_dist=0.180605 train_dir=0.061549 train_var=0.020673 train_batch_div=0.171562 train_inter_div=0.169280 train_intra_div=0.264269 val_pose=0.025655 val_rel=0.040071 val_dist=0.168378 val_dir=0.055910 val_var=0.022369 val_batch_div=0.453227 val_inter_div=0.006667 val_intra_div=0.454450 train_std=0.119914/0.165085 train_std_ratio=0.730329 val_std=0.063841/0.086730 val_std_ratio=0.873319 train_pair_dist=0.993017/1.538282 train_pair_ratio=0.647492 val_pair_dist=0.473093/0.881006 val_pair_ratio=0.633093 train_inter_pair=0.993292/1.558991 train_inter_ratio=0.639067 val_inter_pair=0.011545/0.033503 val_inter_ratio=0.007707 train_intra_pair=0.986214/1.000246 train_intra_ratio=0.999425 val_intra_pair=0.472103/0.875789 val_intra_ratio=0.635027 train_action_cls=3.290384 train_action_acc=0.042 val_action_cls=3.303464 val_action_acc=0.039 grad_norm_mean=0.325 nan_loss=False nan_grad=False actions_covered=27 envs_covered=2
[ckpt] saved_last path=C:\Users\LuvRene\OneDrive\PythonProjects\Positioning\pose_estimationV2\checkpoints\ablation_meanrms_interdiv_divsel_actionaux005_last.pth epoch=7
[ckpt] no_improve best_epoch=5 best_selection_score=0.965920 best_val_nmpjpe=0.245559
[epoch_start] epoch=8/8 train_size=160380 val_size=80190 test_size=80190 lr=3.000e-04 lambda_batch_div=0.000 lambda_inter_div=0.250 lambda_intra_div=0.000
[train] epoch=8/8 step=1/100 loss=0.466120 grad_norm=0.241 action_cls=3.285972 action_acc=0.062
[train] epoch=8/8 step=2/100 loss=0.528647 grad_norm=0.213 action_cls=3.282826 action_acc=0.031
[train] epoch=8/8 step=3/100 loss=0.489029 grad_norm=0.346 action_cls=3.296274 action_acc=0.047
[train] epoch=8/8 step=4/100 loss=0.498842 grad_norm=0.335 action_cls=3.295334 action_acc=0.000
[train] epoch=8/8 step=5/100 loss=0.490587 grad_norm=0.265 action_cls=3.303185 action_acc=0.016
[train] epoch=8/8 step=6/100 loss=0.522203 grad_norm=0.183 action_cls=3.315570 action_acc=0.016
[train] epoch=8/8 step=7/100 loss=0.470685 grad_norm=0.313 action_cls=3.282877 action_acc=0.094
[train] epoch=8/8 step=8/100 loss=0.514995 grad_norm=0.247 action_cls=3.271964 action_acc=0.031
[train] epoch=8/8 step=9/100 loss=0.502699 grad_norm=0.261 action_cls=3.264546 action_acc=0.047
[train] epoch=8/8 step=10/100 loss=0.487934 grad_norm=0.247 action_cls=3.284877 action_acc=0.047
[train] epoch=8/8 step=11/100 loss=0.497403 grad_norm=0.318 action_cls=3.277727 action_acc=0.047
[train] epoch=8/8 step=12/100 loss=0.482852 grad_norm=0.241 action_cls=3.267572 action_acc=0.078
[train] epoch=8/8 step=13/100 loss=0.513137 grad_norm=0.295 action_cls=3.283747 action_acc=0.062
[train] epoch=8/8 step=14/100 loss=0.499881 grad_norm=0.283 action_cls=3.276763 action_acc=0.062
[train] epoch=8/8 step=15/100 loss=0.484658 grad_norm=0.326 action_cls=3.277228 action_acc=0.078
[train] epoch=8/8 step=16/100 loss=0.541557 grad_norm=0.319 action_cls=3.316516 action_acc=0.016
[train] epoch=8/8 step=17/100 loss=0.480412 grad_norm=0.258 action_cls=3.290238 action_acc=0.062
[train] epoch=8/8 step=18/100 loss=0.465237 grad_norm=0.364 action_cls=3.291159 action_acc=0.047
[train] epoch=8/8 step=19/100 loss=0.514791 grad_norm=0.222 action_cls=3.279531 action_acc=0.062
[train] epoch=8/8 step=20/100 loss=0.501097 grad_norm=0.298 action_cls=3.276706 action_acc=0.031
[train] epoch=8/8 step=21/100 loss=0.512615 grad_norm=0.438 action_cls=3.282729 action_acc=0.047
[train] epoch=8/8 step=22/100 loss=0.472606 grad_norm=0.238 action_cls=3.289447 action_acc=0.016
[train] epoch=8/8 step=23/100 loss=0.492969 grad_norm=0.416 action_cls=3.275950 action_acc=0.031
[train] epoch=8/8 step=24/100 loss=0.507579 grad_norm=0.340 action_cls=3.290281 action_acc=0.047
[train] epoch=8/8 step=25/100 loss=0.507349 grad_norm=0.420 action_cls=3.298175 action_acc=0.016
[train] epoch=8/8 step=26/100 loss=0.480624 grad_norm=0.316 action_cls=3.294565 action_acc=0.016
[train] epoch=8/8 step=27/100 loss=0.482359 grad_norm=0.225 action_cls=3.283195 action_acc=0.062
[train] epoch=8/8 step=28/100 loss=0.525462 grad_norm=0.182 action_cls=3.297967 action_acc=0.031
[train] epoch=8/8 step=29/100 loss=0.472504 grad_norm=0.259 action_cls=3.314580 action_acc=0.016
[train] epoch=8/8 step=30/100 loss=0.490443 grad_norm=0.518 action_cls=3.301270 action_acc=0.062
[train] epoch=8/8 step=31/100 loss=0.524647 grad_norm=0.338 action_cls=3.309445 action_acc=0.031
[train] epoch=8/8 step=32/100 loss=0.484172 grad_norm=0.247 action_cls=3.278136 action_acc=0.031
[train] epoch=8/8 step=33/100 loss=0.501439 grad_norm=0.256 action_cls=3.278576 action_acc=0.031
[train] epoch=8/8 step=34/100 loss=0.485100 grad_norm=0.304 action_cls=3.298306 action_acc=0.031
[train] epoch=8/8 step=35/100 loss=0.494952 grad_norm=0.220 action_cls=3.299356 action_acc=0.016
[train] epoch=8/8 step=36/100 loss=0.532921 grad_norm=0.284 action_cls=3.301708 action_acc=0.016
[train] epoch=8/8 step=37/100 loss=0.490685 grad_norm=0.258 action_cls=3.310568 action_acc=0.000
[train] epoch=8/8 step=38/100 loss=0.495637 grad_norm=0.240 action_cls=3.306576 action_acc=0.016
[train] epoch=8/8 step=39/100 loss=0.509132 grad_norm=0.273 action_cls=3.264822 action_acc=0.109
[train] epoch=8/8 step=40/100 loss=0.509464 grad_norm=0.262 action_cls=3.276414 action_acc=0.031
[train] epoch=8/8 step=41/100 loss=0.524658 grad_norm=0.329 action_cls=3.310048 action_acc=0.031
[train] epoch=8/8 step=42/100 loss=0.497006 grad_norm=0.267 action_cls=3.297868 action_acc=0.031
[train] epoch=8/8 step=43/100 loss=0.497338 grad_norm=0.219 action_cls=3.293002 action_acc=0.031
[train] epoch=8/8 step=44/100 loss=0.465764 grad_norm=0.301 action_cls=3.290910 action_acc=0.047
[train] epoch=8/8 step=45/100 loss=0.473227 grad_norm=0.284 action_cls=3.331817 action_acc=0.016
[train] epoch=8/8 step=46/100 loss=0.517113 grad_norm=0.201 action_cls=3.291404 action_acc=0.031
[train] epoch=8/8 step=47/100 loss=0.507642 grad_norm=0.499 action_cls=3.284165 action_acc=0.078
[train] epoch=8/8 step=48/100 loss=0.510115 grad_norm=0.275 action_cls=3.276603 action_acc=0.016
[train] epoch=8/8 step=49/100 loss=0.520914 grad_norm=0.257 action_cls=3.290216 action_acc=0.047
[train] epoch=8/8 step=50/100 loss=0.540935 grad_norm=0.424 action_cls=3.289523 action_acc=0.016
[train] epoch=8/8 step=51/100 loss=0.469742 grad_norm=0.295 action_cls=3.284539 action_acc=0.047
[train] epoch=8/8 step=52/100 loss=0.509385 grad_norm=0.245 action_cls=3.296662 action_acc=0.031
[train] epoch=8/8 step=53/100 loss=0.532876 grad_norm=0.271 action_cls=3.278734 action_acc=0.078
[train] epoch=8/8 step=54/100 loss=0.480755 grad_norm=0.468 action_cls=3.297671 action_acc=0.031
[train] epoch=8/8 step=55/100 loss=0.510345 grad_norm=0.204 action_cls=3.314407 action_acc=0.031
[train] epoch=8/8 step=56/100 loss=0.514069 grad_norm=0.275 action_cls=3.318075 action_acc=0.031
[train] epoch=8/8 step=57/100 loss=0.480823 grad_norm=0.290 action_cls=3.275442 action_acc=0.062
[train] epoch=8/8 step=58/100 loss=0.481543 grad_norm=0.247 action_cls=3.304851 action_acc=0.062
[train] epoch=8/8 step=59/100 loss=0.511276 grad_norm=0.210 action_cls=3.264105 action_acc=0.031
[train] epoch=8/8 step=60/100 loss=0.497694 grad_norm=0.227 action_cls=3.297002 action_acc=0.031
[train] epoch=8/8 step=61/100 loss=0.514449 grad_norm=0.289 action_cls=3.282699 action_acc=0.062
[train] epoch=8/8 step=62/100 loss=0.485727 grad_norm=0.280 action_cls=3.256110 action_acc=0.141
[train] epoch=8/8 step=63/100 loss=0.484151 grad_norm=0.246 action_cls=3.280265 action_acc=0.047
[train] epoch=8/8 step=64/100 loss=0.522137 grad_norm=0.241 action_cls=3.283936 action_acc=0.062
[train] epoch=8/8 step=65/100 loss=0.526886 grad_norm=0.315 action_cls=3.275949 action_acc=0.047
[train] epoch=8/8 step=66/100 loss=0.519297 grad_norm=0.249 action_cls=3.293973 action_acc=0.047
[train] epoch=8/8 step=67/100 loss=0.478152 grad_norm=0.306 action_cls=3.292049 action_acc=0.031
[train] epoch=8/8 step=68/100 loss=0.473617 grad_norm=0.288 action_cls=3.297912 action_acc=0.047
[train] epoch=8/8 step=69/100 loss=0.508631 grad_norm=0.270 action_cls=3.310630 action_acc=0.016
[train] epoch=8/8 step=70/100 loss=0.508601 grad_norm=0.279 action_cls=3.307451 action_acc=0.078
[train] epoch=8/8 step=71/100 loss=0.516538 grad_norm=0.249 action_cls=3.276959 action_acc=0.000
[train] epoch=8/8 step=72/100 loss=0.490162 grad_norm=0.195 action_cls=3.295898 action_acc=0.016
[train] epoch=8/8 step=73/100 loss=0.490393 grad_norm=0.229 action_cls=3.282940 action_acc=0.031
[train] epoch=8/8 step=74/100 loss=0.534108 grad_norm=0.245 action_cls=3.274979 action_acc=0.031
[train] epoch=8/8 step=75/100 loss=0.509469 grad_norm=0.273 action_cls=3.290863 action_acc=0.047
[train] epoch=8/8 step=76/100 loss=0.495513 grad_norm=0.228 action_cls=3.294501 action_acc=0.047
[train] epoch=8/8 step=77/100 loss=0.466796 grad_norm=0.420 action_cls=3.294221 action_acc=0.047
[train] epoch=8/8 step=78/100 loss=0.490941 grad_norm=0.272 action_cls=3.282191 action_acc=0.031
[train] epoch=8/8 step=79/100 loss=0.475710 grad_norm=0.225 action_cls=3.280382 action_acc=0.031
[train] epoch=8/8 step=80/100 loss=0.524953 grad_norm=0.617 action_cls=3.280756 action_acc=0.047
[train] epoch=8/8 step=81/100 loss=0.511937 grad_norm=0.227 action_cls=3.265757 action_acc=0.047
[train] epoch=8/8 step=82/100 loss=0.496696 grad_norm=0.318 action_cls=3.307680 action_acc=0.016
[train] epoch=8/8 step=83/100 loss=0.470367 grad_norm=0.371 action_cls=3.266171 action_acc=0.047
[train] epoch=8/8 step=84/100 loss=0.457440 grad_norm=0.349 action_cls=3.277875 action_acc=0.031
[train] epoch=8/8 step=85/100 loss=0.481585 grad_norm=0.332 action_cls=3.273931 action_acc=0.047
[train] epoch=8/8 step=86/100 loss=0.499736 grad_norm=0.292 action_cls=3.263736 action_acc=0.078
[train] epoch=8/8 step=87/100 loss=0.488635 grad_norm=0.319 action_cls=3.299949 action_acc=0.031
[train] epoch=8/8 step=88/100 loss=0.486479 grad_norm=0.428 action_cls=3.296867 action_acc=0.047
[train] epoch=8/8 step=89/100 loss=0.498662 grad_norm=0.563 action_cls=3.279453 action_acc=0.062
[train] epoch=8/8 step=90/100 loss=0.485821 grad_norm=0.338 action_cls=3.281702 action_acc=0.031
[train] epoch=8/8 step=91/100 loss=0.481523 grad_norm=0.227 action_cls=3.294306 action_acc=0.062
[train] epoch=8/8 step=92/100 loss=0.480011 grad_norm=0.432 action_cls=3.304440 action_acc=0.031
[train] epoch=8/8 step=93/100 loss=0.479936 grad_norm=0.297 action_cls=3.285992 action_acc=0.016
[train] epoch=8/8 step=94/100 loss=0.512318 grad_norm=0.441 action_cls=3.296190 action_acc=0.047
[train] epoch=8/8 step=95/100 loss=0.508205 grad_norm=0.318 action_cls=3.295846 action_acc=0.031
[train] epoch=8/8 step=96/100 loss=0.481456 grad_norm=0.301 action_cls=3.314741 action_acc=0.016
[train] epoch=8/8 step=97/100 loss=0.493995 grad_norm=0.206 action_cls=3.287492 action_acc=0.031
[train] epoch=8/8 step=98/100 loss=0.493736 grad_norm=0.335 action_cls=3.291516 action_acc=0.031
[train] epoch=8/8 step=99/100 loss=0.472964 grad_norm=0.393 action_cls=3.289922 action_acc=0.031
[train] epoch=8/8 step=100/100 loss=0.495689 grad_norm=0.201 action_cls=3.300333 action_acc=0.047
[epoch_summary] epoch=8/8 time_epoch=57.2s elapsed=619.6s eta=0.0s lambda_batch_div=0.000 lambda_inter_div=0.250 lambda_intra_div=0.000 selection_mode=diversity_first selection_score=1.023084 train_loss=0.497621 val_loss=0.426913 val_nmpjpe=0.237129 train_pose=0.029125 train_rel=0.046111 train_dist=0.178283 train_dir=0.061546 train_var=0.020067 train_batch_div=0.166777 train_inter_div=0.164505 train_intra_div=0.259034 val_pose=0.024928 val_rel=0.040433 val_dist=0.158886 val_dir=0.056281 val_var=0.018241 val_batch_div=0.401977 val_inter_div=0.005695 val_intra_div=0.403001 train_std=0.120550/0.164166 train_std_ratio=0.738401 val_std=0.069157/0.086730 val_std_ratio=0.949400 train_pair_dist=1.000296/1.533564 train_pair_ratio=0.654520 val_pair_dist=0.516857/0.881006 val_pair_ratio=0.694240 train_inter_pair=1.000711/1.553345 train_inter_ratio=0.646431 val_inter_pair=0.012935/0.033503 val_inter_ratio=0.008645 train_intra_pair=0.988751/1.014886 train_intra_ratio=0.988585 val_intra_pair=0.516042/0.875789 val_intra_ratio=0.697000 train_action_cls=3.289683 train_action_acc=0.041 val_action_cls=3.303550 val_action_acc=0.031 grad_norm_mean=0.298 nan_loss=False nan_grad=False actions_covered=27 envs_covered=2
[ckpt] saved_last path=C:\Users\LuvRene\OneDrive\PythonProjects\Positioning\pose_estimationV2\checkpoints\ablation_meanrms_interdiv_divsel_actionaux005_last.pth epoch=8
[ckpt] saved path=C:\Users\LuvRene\OneDrive\PythonProjects\Positioning\pose_estimationV2\checkpoints\ablation_meanrms_interdiv_divsel_actionaux005.pth epoch=8 best_selection_score=1.023084 val_nmpjpe=0.237129
[plot] saved path=C:\Users\LuvRene\OneDrive\PythonProjects\Positioning\pose_estimationV2\logs\train\ablation_meanrms_interdiv_divsel_actionaux005_resnet1d_20260327-170111_curves.png
[history] saved path=C:\Users\LuvRene\OneDrive\PythonProjects\Positioning\pose_estimationV2\logs\train\ablation_meanrms_interdiv_divsel_actionaux005_resnet1d_20260327-170111_history.csv
[test_summary] best_epoch=8 test_loss=0.429565 test_nmpjpe=0.238820 test_pose=0.024634 test_rel=0.040235 test_dist=0.158364 test_dir=0.059900 test_var=0.021185 test_batch_div=0.412724 test_inter_div=0.005556 test_intra_div=0.414283 test_std=0.067038/0.089078 test_std_ratio=0.894540 test_pair_dist=0.510465/0.899707 test_pair_ratio=0.670066 test_inter_pair=0.013611/0.031090 test_inter_ratio=0.010209 test_intra_pair=0.509430/0.895100 test_intra_ratio=0.672258 test_action_cls=3.303213 test_action_acc=0.035
[assessment] status=usable reason=Validation stayed close to the best point (0.2010) and final test nMPJPE is 0.2388.
