[run] config=configs/pure_vanilla_loss.yaml device=cuda:0
[run] model=resnet1d
[run] window_size=1
[run] normalize_mode=mean_rms
[run] aoa_cache_root=D:\Files\WiFi_Pose\WiFiPoseV3\data\AOA_data
[run] labels_root=D:\Files\WiFi_Pose\WiFiPoseV3\data\dataset
[run] val_env=env3 test_env=env4
[run] logs_file=C:\Users\LuvRene\OneDrive\PythonProjects\Positioning\pose_estimationV2\logs\train\ablation_pure_vanilla_resnet1d_20260401-011544.log
[run] selection_mode=accuracy lambda_var=0.000 lambda_batch_div=0.000 lambda_inter_div=0.000 lambda_intra_div=0.000
[data] dataset_size=320760 train_size=160380 val_size=80190 test_size=80190 batch_size=64 window_size=1
[run] action_aux enabled=False
[epoch_start] epoch=1/8 train_size=160380 val_size=80190 test_size=80190 lr=3.000e-04 lambda_batch_div=0.000 lambda_inter_div=0.000 lambda_intra_div=0.000
[train] epoch=1/8 step=1/100 loss=0.228510 grad_norm=0.683
[train] epoch=1/8 step=2/100 loss=0.186313 grad_norm=0.577
[train] epoch=1/8 step=3/100 loss=0.156156 grad_norm=0.532
[train] epoch=1/8 step=4/100 loss=0.129472 grad_norm=0.517
[train] epoch=1/8 step=5/100 loss=0.108121 grad_norm=0.500
[train] epoch=1/8 step=6/100 loss=0.086876 grad_norm=0.485
[train] epoch=1/8 step=7/100 loss=0.069520 grad_norm=0.466
[train] epoch=1/8 step=8/100 loss=0.053762 grad_norm=0.418
[train] epoch=1/8 step=9/100 loss=0.041573 grad_norm=0.370
[train] epoch=1/8 step=10/100 loss=0.033694 grad_norm=0.291
[train] epoch=1/8 step=11/100 loss=0.033041 grad_norm=0.228
[train] epoch=1/8 step=12/100 loss=0.026922 grad_norm=0.220
[train] epoch=1/8 step=13/100 loss=0.028374 grad_norm=0.232
[train] epoch=1/8 step=14/100 loss=0.024313 grad_norm=0.234
[train] epoch=1/8 step=15/100 loss=0.025075 grad_norm=0.236
[train] epoch=1/8 step=16/100 loss=0.032329 grad_norm=0.258
[train] epoch=1/8 step=17/100 loss=0.022190 grad_norm=0.217
[train] epoch=1/8 step=18/100 loss=0.028083 grad_norm=0.219
[train] epoch=1/8 step=19/100 loss=0.022785 grad_norm=0.177
[train] epoch=1/8 step=20/100 loss=0.024791 grad_norm=0.150
[train] epoch=1/8 step=21/100 loss=0.022669 grad_norm=0.152
[train] epoch=1/8 step=22/100 loss=0.026906 grad_norm=0.141
[train] epoch=1/8 step=23/100 loss=0.019862 grad_norm=0.118
[train] epoch=1/8 step=24/100 loss=0.018791 grad_norm=0.117
[train] epoch=1/8 step=25/100 loss=0.025682 grad_norm=0.095
[train] epoch=1/8 step=26/100 loss=0.022151 grad_norm=0.092
[train] epoch=1/8 step=27/100 loss=0.017710 grad_norm=0.119
[train] epoch=1/8 step=28/100 loss=0.027157 grad_norm=0.116
[train] epoch=1/8 step=29/100 loss=0.020841 grad_norm=0.088
[train] epoch=1/8 step=30/100 loss=0.018002 grad_norm=0.100
[train] epoch=1/8 step=31/100 loss=0.020558 grad_norm=0.090
[train] epoch=1/8 step=32/100 loss=0.018171 grad_norm=0.069
[train] epoch=1/8 step=33/100 loss=0.017034 grad_norm=0.086
[train] epoch=1/8 step=34/100 loss=0.018680 grad_norm=0.067
[train] epoch=1/8 step=35/100 loss=0.017496 grad_norm=0.071
[train] epoch=1/8 step=36/100 loss=0.023765 grad_norm=0.079
[train] epoch=1/8 step=37/100 loss=0.023785 grad_norm=0.078
[train] epoch=1/8 step=38/100 loss=0.018089 grad_norm=0.068
[train] epoch=1/8 step=39/100 loss=0.025809 grad_norm=0.093
[train] epoch=1/8 step=40/100 loss=0.021934 grad_norm=0.076
[train] epoch=1/8 step=41/100 loss=0.017197 grad_norm=0.051
[train] epoch=1/8 step=42/100 loss=0.016600 grad_norm=0.081
[train] epoch=1/8 step=43/100 loss=0.018398 grad_norm=0.056
[train] epoch=1/8 step=44/100 loss=0.021133 grad_norm=0.074
[train] epoch=1/8 step=45/100 loss=0.021839 grad_norm=0.049
[train] epoch=1/8 step=46/100 loss=0.019252 grad_norm=0.041
[train] epoch=1/8 step=47/100 loss=0.018418 grad_norm=0.046
[train] epoch=1/8 step=48/100 loss=0.019949 grad_norm=0.069
[train] epoch=1/8 step=49/100 loss=0.020888 grad_norm=0.077
[train] epoch=1/8 step=50/100 loss=0.021282 grad_norm=0.082
[train] epoch=1/8 step=51/100 loss=0.020231 grad_norm=0.048
[train] epoch=1/8 step=52/100 loss=0.017622 grad_norm=0.043
[train] epoch=1/8 step=53/100 loss=0.021439 grad_norm=0.122
[train] epoch=1/8 step=54/100 loss=0.018244 grad_norm=0.051
[train] epoch=1/8 step=55/100 loss=0.023687 grad_norm=0.075
[train] epoch=1/8 step=56/100 loss=0.018401 grad_norm=0.092
[train] epoch=1/8 step=57/100 loss=0.015782 grad_norm=0.056
[train] epoch=1/8 step=58/100 loss=0.018167 grad_norm=0.080
[train] epoch=1/8 step=59/100 loss=0.022885 grad_norm=0.046
[train] epoch=1/8 step=60/100 loss=0.018351 grad_norm=0.054
[train] epoch=1/8 step=61/100 loss=0.019806 grad_norm=0.067
[train] epoch=1/8 step=62/100 loss=0.020395 grad_norm=0.056
[train] epoch=1/8 step=63/100 loss=0.023911 grad_norm=0.042
[train] epoch=1/8 step=64/100 loss=0.022542 grad_norm=0.066
[train] epoch=1/8 step=65/100 loss=0.021232 grad_norm=0.062
[train] epoch=1/8 step=66/100 loss=0.015438 grad_norm=0.045
[train] epoch=1/8 step=67/100 loss=0.020925 grad_norm=0.057
[train] epoch=1/8 step=68/100 loss=0.019089 grad_norm=0.069
[train] epoch=1/8 step=69/100 loss=0.019122 grad_norm=0.047
[train] epoch=1/8 step=70/100 loss=0.017948 grad_norm=0.042
[train] epoch=1/8 step=71/100 loss=0.022441 grad_norm=0.085
[train] epoch=1/8 step=72/100 loss=0.016766 grad_norm=0.044
[train] epoch=1/8 step=73/100 loss=0.020482 grad_norm=0.069
[train] epoch=1/8 step=74/100 loss=0.024371 grad_norm=0.090
[train] epoch=1/8 step=75/100 loss=0.022889 grad_norm=0.074
[train] epoch=1/8 step=76/100 loss=0.019276 grad_norm=0.048
[train] epoch=1/8 step=77/100 loss=0.019872 grad_norm=0.071
[train] epoch=1/8 step=78/100 loss=0.020844 grad_norm=0.054
[train] epoch=1/8 step=79/100 loss=0.014664 grad_norm=0.053
[train] epoch=1/8 step=80/100 loss=0.022505 grad_norm=0.047
[train] epoch=1/8 step=81/100 loss=0.021128 grad_norm=0.061
[train] epoch=1/8 step=82/100 loss=0.022697 grad_norm=0.079
[train] epoch=1/8 step=83/100 loss=0.016479 grad_norm=0.060
[train] epoch=1/8 step=84/100 loss=0.019899 grad_norm=0.038
[train] epoch=1/8 step=85/100 loss=0.019293 grad_norm=0.072
[train] epoch=1/8 step=86/100 loss=0.023751 grad_norm=0.065
[train] epoch=1/8 step=87/100 loss=0.021849 grad_norm=0.071
[train] epoch=1/8 step=88/100 loss=0.023532 grad_norm=0.070
[train] epoch=1/8 step=89/100 loss=0.016215 grad_norm=0.080
[train] epoch=1/8 step=90/100 loss=0.022906 grad_norm=0.053
[train] epoch=1/8 step=91/100 loss=0.019018 grad_norm=0.050
[train] epoch=1/8 step=92/100 loss=0.024443 grad_norm=0.058
[train] epoch=1/8 step=93/100 loss=0.021524 grad_norm=0.088
[train] epoch=1/8 step=94/100 loss=0.021694 grad_norm=0.077
[train] epoch=1/8 step=95/100 loss=0.017575 grad_norm=0.059
[train] epoch=1/8 step=96/100 loss=0.021787 grad_norm=0.060
[train] epoch=1/8 step=97/100 loss=0.018263 grad_norm=0.063
[train] epoch=1/8 step=98/100 loss=0.017854 grad_norm=0.066
[train] epoch=1/8 step=99/100 loss=0.028156 grad_norm=0.084
[train] epoch=1/8 step=100/100 loss=0.023700 grad_norm=0.065
[epoch_summary] epoch=1/8 time_epoch=86.3s elapsed=86.3s eta=604.2s lambda_batch_div=0.000 lambda_inter_div=0.000 lambda_intra_div=0.000 selection_mode=accuracy selection_score=-0.197680 train_loss=0.030030 val_loss=0.019879 val_nmpjpe=0.197680 train_pose=0.030030 train_rel=0.057362 train_dist=0.215157 train_dir=0.081722 train_var=0.070792 train_batch_div=0.417954 train_inter_div=0.416252 train_intra_div=0.416977 val_pose=0.019879 val_rel=0.039173 val_dist=0.167935 val_dir=0.059170 val_var=0.036339 val_batch_div=0.456098 val_inter_div=0.008721 val_intra_div=0.455969 train_std=0.028066/0.163555 train_std_ratio=0.172978 val_std=0.018025/0.086730 val_std_ratio=0.250592 train_pair_dist=0.232181/1.528672 train_pair_ratio=0.152609 val_pair_dist=0.149502/0.881006 val_pair_ratio=0.202188 train_inter_pair=0.232199/1.548795 train_inter_ratio=0.150638 val_inter_pair=0.004026/0.033503 val_inter_ratio=0.002766 train_intra_pair=0.231719/0.997829 train_intra_ratio=0.234863 val_intra_pair=0.149267/0.875789 val_intra_ratio=0.202999 train_action_cls=0.000000 train_action_acc=0.000 val_action_cls=0.000000 val_action_acc=0.000 grad_norm_mean=0.127 nan_loss=False nan_grad=False actions_covered=27 envs_covered=2
[ckpt] saved_last path=C:\Users\LuvRene\OneDrive\PythonProjects\Positioning\pose_estimationV2\checkpoints\ablation_pure_vanilla_last.pth epoch=1
[ckpt] saved path=C:\Users\LuvRene\OneDrive\PythonProjects\Positioning\pose_estimationV2\checkpoints\ablation_pure_vanilla.pth epoch=1 best_selection_score=-0.197680 val_nmpjpe=0.197680
[epoch_start] epoch=2/8 train_size=160380 val_size=80190 test_size=80190 lr=3.000e-04 lambda_batch_div=0.000 lambda_inter_div=0.000 lambda_intra_div=0.000
[train] epoch=2/8 step=1/100 loss=0.021344 grad_norm=0.078
[train] epoch=2/8 step=2/100 loss=0.015893 grad_norm=0.047
[train] epoch=2/8 step=3/100 loss=0.017689 grad_norm=0.063
[train] epoch=2/8 step=4/100 loss=0.026308 grad_norm=0.059
[train] epoch=2/8 step=5/100 loss=0.021301 grad_norm=0.060
[train] epoch=2/8 step=6/100 loss=0.026453 grad_norm=0.074
[train] epoch=2/8 step=7/100 loss=0.020444 grad_norm=0.042
[train] epoch=2/8 step=8/100 loss=0.017989 grad_norm=0.042
[train] epoch=2/8 step=9/100 loss=0.022870 grad_norm=0.064
[train] epoch=2/8 step=10/100 loss=0.017462 grad_norm=0.086
[train] epoch=2/8 step=11/100 loss=0.018937 grad_norm=0.080
[train] epoch=2/8 step=12/100 loss=0.019807 grad_norm=0.083
[train] epoch=2/8 step=13/100 loss=0.020551 grad_norm=0.064
[train] epoch=2/8 step=14/100 loss=0.021040 grad_norm=0.067
[train] epoch=2/8 step=15/100 loss=0.018857 grad_norm=0.045
[train] epoch=2/8 step=16/100 loss=0.020491 grad_norm=0.067
[train] epoch=2/8 step=17/100 loss=0.019906 grad_norm=0.064
[train] epoch=2/8 step=18/100 loss=0.023662 grad_norm=0.057
[train] epoch=2/8 step=19/100 loss=0.020161 grad_norm=0.050
[train] epoch=2/8 step=20/100 loss=0.019569 grad_norm=0.063
[train] epoch=2/8 step=21/100 loss=0.021405 grad_norm=0.078
[train] epoch=2/8 step=22/100 loss=0.019850 grad_norm=0.047
[train] epoch=2/8 step=23/100 loss=0.021237 grad_norm=0.087
[train] epoch=2/8 step=24/100 loss=0.020113 grad_norm=0.069
[train] epoch=2/8 step=25/100 loss=0.017485 grad_norm=0.041
[train] epoch=2/8 step=26/100 loss=0.020104 grad_norm=0.043
[train] epoch=2/8 step=27/100 loss=0.018187 grad_norm=0.062
[train] epoch=2/8 step=28/100 loss=0.019762 grad_norm=0.048
[train] epoch=2/8 step=29/100 loss=0.021305 grad_norm=0.054
[train] epoch=2/8 step=30/100 loss=0.018646 grad_norm=0.049
[train] epoch=2/8 step=31/100 loss=0.017915 grad_norm=0.074
[train] epoch=2/8 step=32/100 loss=0.023327 grad_norm=0.068
[train] epoch=2/8 step=33/100 loss=0.023170 grad_norm=0.068
[train] epoch=2/8 step=34/100 loss=0.017762 grad_norm=0.045
[train] epoch=2/8 step=35/100 loss=0.019248 grad_norm=0.041
[train] epoch=2/8 step=36/100 loss=0.019817 grad_norm=0.056
[train] epoch=2/8 step=37/100 loss=0.025453 grad_norm=0.070
[train] epoch=2/8 step=38/100 loss=0.019552 grad_norm=0.042
[train] epoch=2/8 step=39/100 loss=0.019419 grad_norm=0.058
[train] epoch=2/8 step=40/100 loss=0.018500 grad_norm=0.048
[train] epoch=2/8 step=41/100 loss=0.023898 grad_norm=0.052
[train] epoch=2/8 step=42/100 loss=0.022865 grad_norm=0.056
[train] epoch=2/8 step=43/100 loss=0.022207 grad_norm=0.048
[train] epoch=2/8 step=44/100 loss=0.017942 grad_norm=0.032
[train] epoch=2/8 step=45/100 loss=0.017390 grad_norm=0.044
[train] epoch=2/8 step=46/100 loss=0.022114 grad_norm=0.061
[train] epoch=2/8 step=47/100 loss=0.020944 grad_norm=0.088
[train] epoch=2/8 step=48/100 loss=0.024439 grad_norm=0.055
[train] epoch=2/8 step=49/100 loss=0.024927 grad_norm=0.068
[train] epoch=2/8 step=50/100 loss=0.021680 grad_norm=0.054
[train] epoch=2/8 step=51/100 loss=0.020976 grad_norm=0.052
[train] epoch=2/8 step=52/100 loss=0.025396 grad_norm=0.046
[train] epoch=2/8 step=53/100 loss=0.018778 grad_norm=0.074
[train] epoch=2/8 step=54/100 loss=0.020430 grad_norm=0.052
[train] epoch=2/8 step=55/100 loss=0.018763 grad_norm=0.056
[train] epoch=2/8 step=56/100 loss=0.022630 grad_norm=0.066
[train] epoch=2/8 step=57/100 loss=0.023451 grad_norm=0.072
[train] epoch=2/8 step=58/100 loss=0.018956 grad_norm=0.056
[train] epoch=2/8 step=59/100 loss=0.019385 grad_norm=0.052
[train] epoch=2/8 step=60/100 loss=0.022785 grad_norm=0.085
[train] epoch=2/8 step=61/100 loss=0.017987 grad_norm=0.071
[train] epoch=2/8 step=62/100 loss=0.019893 grad_norm=0.038
[train] epoch=2/8 step=63/100 loss=0.022424 grad_norm=0.042
[train] epoch=2/8 step=64/100 loss=0.021823 grad_norm=0.060
[train] epoch=2/8 step=65/100 loss=0.018910 grad_norm=0.055
[train] epoch=2/8 step=66/100 loss=0.017813 grad_norm=0.057
[train] epoch=2/8 step=67/100 loss=0.018434 grad_norm=0.056
[train] epoch=2/8 step=68/100 loss=0.024756 grad_norm=0.066
[train] epoch=2/8 step=69/100 loss=0.024024 grad_norm=0.070
[train] epoch=2/8 step=70/100 loss=0.026159 grad_norm=0.061
[train] epoch=2/8 step=71/100 loss=0.022516 grad_norm=0.039
[train] epoch=2/8 step=72/100 loss=0.019621 grad_norm=0.034
[train] epoch=2/8 step=73/100 loss=0.021083 grad_norm=0.034
[train] epoch=2/8 step=74/100 loss=0.020803 grad_norm=0.040
[train] epoch=2/8 step=75/100 loss=0.018825 grad_norm=0.042
[train] epoch=2/8 step=76/100 loss=0.020131 grad_norm=0.046
[train] epoch=2/8 step=77/100 loss=0.022532 grad_norm=0.049
[train] epoch=2/8 step=78/100 loss=0.019727 grad_norm=0.051
[train] epoch=2/8 step=79/100 loss=0.018770 grad_norm=0.065
[train] epoch=2/8 step=80/100 loss=0.023227 grad_norm=0.060
[train] epoch=2/8 step=81/100 loss=0.021500 grad_norm=0.059
[train] epoch=2/8 step=82/100 loss=0.019445 grad_norm=0.069
[train] epoch=2/8 step=83/100 loss=0.018010 grad_norm=0.079
[train] epoch=2/8 step=84/100 loss=0.020329 grad_norm=0.055
[train] epoch=2/8 step=85/100 loss=0.020054 grad_norm=0.031
[train] epoch=2/8 step=86/100 loss=0.022014 grad_norm=0.043
[train] epoch=2/8 step=87/100 loss=0.019729 grad_norm=0.068
[train] epoch=2/8 step=88/100 loss=0.022463 grad_norm=0.062
[train] epoch=2/8 step=89/100 loss=0.019564 grad_norm=0.065
[train] epoch=2/8 step=90/100 loss=0.020111 grad_norm=0.059
[train] epoch=2/8 step=91/100 loss=0.021371 grad_norm=0.050
[train] epoch=2/8 step=92/100 loss=0.019389 grad_norm=0.057
[train] epoch=2/8 step=93/100 loss=0.023113 grad_norm=0.044
[train] epoch=2/8 step=94/100 loss=0.021119 grad_norm=0.068
[train] epoch=2/8 step=95/100 loss=0.022910 grad_norm=0.066
[train] epoch=2/8 step=96/100 loss=0.020050 grad_norm=0.046
[train] epoch=2/8 step=97/100 loss=0.018327 grad_norm=0.049
[train] epoch=2/8 step=98/100 loss=0.019162 grad_norm=0.049
[train] epoch=2/8 step=99/100 loss=0.017062 grad_norm=0.059
[train] epoch=2/8 step=100/100 loss=0.020969 grad_norm=0.042
[epoch_summary] epoch=2/8 time_epoch=83.9s elapsed=170.2s eta=510.7s lambda_batch_div=0.000 lambda_inter_div=0.000 lambda_intra_div=0.000 selection_mode=accuracy selection_score=-0.197798 train_loss=0.020691 val_loss=0.019796 val_nmpjpe=0.197798 train_pose=0.020691 train_rel=0.040718 train_dist=0.167406 train_dir=0.061414 train_var=0.083895 train_batch_div=0.465956 train_inter_div=0.463929 train_intra_div=0.476829 val_pose=0.019796 val_rel=0.039032 val_dist=0.169827 val_dir=0.058417 val_var=0.040220 val_batch_div=0.490051 val_inter_div=0.009470 val_intra_div=0.489925 train_std=0.016337/0.167053 train_std_ratio=0.098338 val_std=0.012565/0.086730 val_std_ratio=0.175251 train_pair_dist=0.136356/1.551489 train_pair_ratio=0.088215 val_pair_dist=0.105452/0.881006 val_pair_ratio=0.142936 train_inter_pair=0.136347/1.572310 train_inter_ratio=0.087040 val_inter_pair=0.002641/0.033503 val_inter_ratio=0.001807 train_intra_pair=0.136632/1.019661 train_intra_ratio=0.135597 val_intra_pair=0.105348/0.875789 val_intra_ratio=0.143580 train_action_cls=0.000000 train_action_acc=0.000 val_action_cls=0.000000 val_action_acc=0.000 grad_norm_mean=0.057 nan_loss=False nan_grad=False actions_covered=27 envs_covered=2
[ckpt] saved_last path=C:\Users\LuvRene\OneDrive\PythonProjects\Positioning\pose_estimationV2\checkpoints\ablation_pure_vanilla_last.pth epoch=2
[ckpt] no_improve best_epoch=1 best_selection_score=-0.197680 best_val_nmpjpe=0.197680
[epoch_start] epoch=3/8 train_size=160380 val_size=80190 test_size=80190 lr=3.000e-04 lambda_batch_div=0.000 lambda_inter_div=0.000 lambda_intra_div=0.000
[train] epoch=3/8 step=1/100 loss=0.021231 grad_norm=0.043
[train] epoch=3/8 step=2/100 loss=0.019455 grad_norm=0.053
[train] epoch=3/8 step=3/100 loss=0.017934 grad_norm=0.072
[train] epoch=3/8 step=4/100 loss=0.017530 grad_norm=0.048
[train] epoch=3/8 step=5/100 loss=0.015743 grad_norm=0.032
[train] epoch=3/8 step=6/100 loss=0.016404 grad_norm=0.077
[train] epoch=3/8 step=7/100 loss=0.020063 grad_norm=0.055
[train] epoch=3/8 step=8/100 loss=0.018580 grad_norm=0.060
[train] epoch=3/8 step=9/100 loss=0.018598 grad_norm=0.053
[train] epoch=3/8 step=10/100 loss=0.022246 grad_norm=0.064
[train] epoch=3/8 step=11/100 loss=0.023324 grad_norm=0.102
[train] epoch=3/8 step=12/100 loss=0.019631 grad_norm=0.056
[train] epoch=3/8 step=13/100 loss=0.020879 grad_norm=0.063
[train] epoch=3/8 step=14/100 loss=0.027159 grad_norm=0.066
[train] epoch=3/8 step=15/100 loss=0.020629 grad_norm=0.057
[train] epoch=3/8 step=16/100 loss=0.020624 grad_norm=0.056
[train] epoch=3/8 step=17/100 loss=0.019662 grad_norm=0.100
[train] epoch=3/8 step=18/100 loss=0.020078 grad_norm=0.067
[train] epoch=3/8 step=19/100 loss=0.017518 grad_norm=0.060
[train] epoch=3/8 step=20/100 loss=0.023028 grad_norm=0.049
[train] epoch=3/8 step=21/100 loss=0.021994 grad_norm=0.069
[train] epoch=3/8 step=22/100 loss=0.016124 grad_norm=0.049
[train] epoch=3/8 step=23/100 loss=0.022368 grad_norm=0.093
[train] epoch=3/8 step=24/100 loss=0.019202 grad_norm=0.059
[train] epoch=3/8 step=25/100 loss=0.022971 grad_norm=0.061
[train] epoch=3/8 step=26/100 loss=0.017141 grad_norm=0.048
[train] epoch=3/8 step=27/100 loss=0.020175 grad_norm=0.035
[train] epoch=3/8 step=28/100 loss=0.022196 grad_norm=0.064
[train] epoch=3/8 step=29/100 loss=0.016803 grad_norm=0.046
[train] epoch=3/8 step=30/100 loss=0.019405 grad_norm=0.055
[train] epoch=3/8 step=31/100 loss=0.025628 grad_norm=0.106
[train] epoch=3/8 step=32/100 loss=0.020205 grad_norm=0.039
[train] epoch=3/8 step=33/100 loss=0.020306 grad_norm=0.050
[train] epoch=3/8 step=34/100 loss=0.022869 grad_norm=0.052
[train] epoch=3/8 step=35/100 loss=0.027132 grad_norm=0.046
[train] epoch=3/8 step=36/100 loss=0.027827 grad_norm=0.082
[train] epoch=3/8 step=37/100 loss=0.021779 grad_norm=0.041
[train] epoch=3/8 step=38/100 loss=0.022918 grad_norm=0.052
[train] epoch=3/8 step=39/100 loss=0.019638 grad_norm=0.051
[train] epoch=3/8 step=40/100 loss=0.023305 grad_norm=0.045
[train] epoch=3/8 step=41/100 loss=0.019043 grad_norm=0.056
[train] epoch=3/8 step=42/100 loss=0.019710 grad_norm=0.045
[train] epoch=3/8 step=43/100 loss=0.020455 grad_norm=0.042
[train] epoch=3/8 step=44/100 loss=0.018930 grad_norm=0.048
[train] epoch=3/8 step=45/100 loss=0.023101 grad_norm=0.049
[train] epoch=3/8 step=46/100 loss=0.019954 grad_norm=0.076
[train] epoch=3/8 step=47/100 loss=0.017633 grad_norm=0.078
[train] epoch=3/8 step=48/100 loss=0.021674 grad_norm=0.048
[train] epoch=3/8 step=49/100 loss=0.021708 grad_norm=0.090
[train] epoch=3/8 step=50/100 loss=0.019023 grad_norm=0.068
[train] epoch=3/8 step=51/100 loss=0.024825 grad_norm=0.088
[train] epoch=3/8 step=52/100 loss=0.028824 grad_norm=0.071
[train] epoch=3/8 step=53/100 loss=0.023641 grad_norm=0.061
[train] epoch=3/8 step=54/100 loss=0.019623 grad_norm=0.054
[train] epoch=3/8 step=55/100 loss=0.016986 grad_norm=0.079
[train] epoch=3/8 step=56/100 loss=0.017092 grad_norm=0.081
[train] epoch=3/8 step=57/100 loss=0.023979 grad_norm=0.062
[train] epoch=3/8 step=58/100 loss=0.019372 grad_norm=0.072
[train] epoch=3/8 step=59/100 loss=0.018124 grad_norm=0.046
[train] epoch=3/8 step=60/100 loss=0.025282 grad_norm=0.081
[train] epoch=3/8 step=61/100 loss=0.018750 grad_norm=0.034
[train] epoch=3/8 step=62/100 loss=0.018897 grad_norm=0.052
[train] epoch=3/8 step=63/100 loss=0.020810 grad_norm=0.043
[train] epoch=3/8 step=64/100 loss=0.022400 grad_norm=0.062
[train] epoch=3/8 step=65/100 loss=0.018956 grad_norm=0.046
[train] epoch=3/8 step=66/100 loss=0.022153 grad_norm=0.071
[train] epoch=3/8 step=67/100 loss=0.016747 grad_norm=0.050
[train] epoch=3/8 step=68/100 loss=0.016935 grad_norm=0.044
[train] epoch=3/8 step=69/100 loss=0.017783 grad_norm=0.039
[train] epoch=3/8 step=70/100 loss=0.016647 grad_norm=0.044
[train] epoch=3/8 step=71/100 loss=0.020639 grad_norm=0.063
[train] epoch=3/8 step=72/100 loss=0.019629 grad_norm=0.057
[train] epoch=3/8 step=73/100 loss=0.021178 grad_norm=0.066
[train] epoch=3/8 step=74/100 loss=0.020888 grad_norm=0.055
[train] epoch=3/8 step=75/100 loss=0.021913 grad_norm=0.060
[train] epoch=3/8 step=76/100 loss=0.019922 grad_norm=0.046
[train] epoch=3/8 step=77/100 loss=0.019307 grad_norm=0.038
[train] epoch=3/8 step=78/100 loss=0.018401 grad_norm=0.046
[train] epoch=3/8 step=79/100 loss=0.025569 grad_norm=0.055
[train] epoch=3/8 step=80/100 loss=0.019745 grad_norm=0.043
[train] epoch=3/8 step=81/100 loss=0.022781 grad_norm=0.040
[train] epoch=3/8 step=82/100 loss=0.019340 grad_norm=0.069
[train] epoch=3/8 step=83/100 loss=0.017176 grad_norm=0.057
[train] epoch=3/8 step=84/100 loss=0.021456 grad_norm=0.080
[train] epoch=3/8 step=85/100 loss=0.024098 grad_norm=0.080
[train] epoch=3/8 step=86/100 loss=0.018949 grad_norm=0.063
[train] epoch=3/8 step=87/100 loss=0.020121 grad_norm=0.042
[train] epoch=3/8 step=88/100 loss=0.022195 grad_norm=0.059
[train] epoch=3/8 step=89/100 loss=0.021913 grad_norm=0.047
[train] epoch=3/8 step=90/100 loss=0.018691 grad_norm=0.058
[train] epoch=3/8 step=91/100 loss=0.021526 grad_norm=0.073
[train] epoch=3/8 step=92/100 loss=0.025578 grad_norm=0.047
[train] epoch=3/8 step=93/100 loss=0.022501 grad_norm=0.027
[train] epoch=3/8 step=94/100 loss=0.016508 grad_norm=0.072
[train] epoch=3/8 step=95/100 loss=0.022483 grad_norm=0.084
[train] epoch=3/8 step=96/100 loss=0.023800 grad_norm=0.073
[train] epoch=3/8 step=97/100 loss=0.023480 grad_norm=0.054
[train] epoch=3/8 step=98/100 loss=0.023774 grad_norm=0.053
[train] epoch=3/8 step=99/100 loss=0.018764 grad_norm=0.074
[train] epoch=3/8 step=100/100 loss=0.020714 grad_norm=0.077
[epoch_summary] epoch=3/8 time_epoch=82.8s elapsed=253.0s eta=421.6s lambda_batch_div=0.000 lambda_inter_div=0.000 lambda_intra_div=0.000 selection_mode=accuracy selection_score=-0.196316 train_loss=0.020724 val_loss=0.019711 val_nmpjpe=0.196316 train_pose=0.020724 train_rel=0.040779 train_dist=0.167600 train_dir=0.062138 train_var=0.084580 train_batch_div=0.468505 train_inter_div=0.466373 train_intra_div=0.479554 val_pose=0.019711 val_rel=0.038846 val_dist=0.165206 val_dir=0.058086 val_var=0.039263 val_batch_div=0.482734 val_inter_div=0.009167 val_intra_div=0.482639 train_std=0.015316/0.166493 train_std_ratio=0.092719 val_std=0.013742/0.086730 val_std_ratio=0.191021 train_pair_dist=0.130193/1.550550 train_pair_ratio=0.084349 val_pair_dist=0.114954/0.881006 val_pair_ratio=0.155421 train_inter_pair=0.130243/1.571606 train_inter_ratio=0.083245 val_inter_pair=0.003182/0.033503 val_inter_ratio=0.002183 train_intra_pair=0.128923/1.003298 train_intra_ratio=0.130796 val_intra_pair=0.114772/0.875789 val_intra_ratio=0.156075 train_action_cls=0.000000 train_action_acc=0.000 val_action_cls=0.000000 val_action_acc=0.000 grad_norm_mean=0.059 nan_loss=False nan_grad=False actions_covered=27 envs_covered=2
[ckpt] saved_last path=C:\Users\LuvRene\OneDrive\PythonProjects\Positioning\pose_estimationV2\checkpoints\ablation_pure_vanilla_last.pth epoch=3
[ckpt] saved path=C:\Users\LuvRene\OneDrive\PythonProjects\Positioning\pose_estimationV2\checkpoints\ablation_pure_vanilla.pth epoch=3 best_selection_score=-0.196316 val_nmpjpe=0.196316
[epoch_start] epoch=4/8 train_size=160380 val_size=80190 test_size=80190 lr=3.000e-04 lambda_batch_div=0.000 lambda_inter_div=0.000 lambda_intra_div=0.000
[train] epoch=4/8 step=1/100 loss=0.023364 grad_norm=0.070
[train] epoch=4/8 step=2/100 loss=0.022204 grad_norm=0.057
[train] epoch=4/8 step=3/100 loss=0.020889 grad_norm=0.064
[train] epoch=4/8 step=4/100 loss=0.021246 grad_norm=0.057
[train] epoch=4/8 step=5/100 loss=0.018864 grad_norm=0.057
[train] epoch=4/8 step=6/100 loss=0.021134 grad_norm=0.064
[train] epoch=4/8 step=7/100 loss=0.021113 grad_norm=0.046
[train] epoch=4/8 step=8/100 loss=0.019688 grad_norm=0.053
[train] epoch=4/8 step=9/100 loss=0.017897 grad_norm=0.049
[train] epoch=4/8 step=10/100 loss=0.019582 grad_norm=0.061
[train] epoch=4/8 step=11/100 loss=0.025332 grad_norm=0.077
[train] epoch=4/8 step=12/100 loss=0.019899 grad_norm=0.051
[train] epoch=4/8 step=13/100 loss=0.019741 grad_norm=0.065
[train] epoch=4/8 step=14/100 loss=0.020787 grad_norm=0.059
[train] epoch=4/8 step=15/100 loss=0.018993 grad_norm=0.045
[train] epoch=4/8 step=16/100 loss=0.021766 grad_norm=0.073
[train] epoch=4/8 step=17/100 loss=0.016786 grad_norm=0.069
[train] epoch=4/8 step=18/100 loss=0.017117 grad_norm=0.042
[train] epoch=4/8 step=19/100 loss=0.017985 grad_norm=0.046
[train] epoch=4/8 step=20/100 loss=0.025638 grad_norm=0.064
[train] epoch=4/8 step=21/100 loss=0.024376 grad_norm=0.081
[train] epoch=4/8 step=22/100 loss=0.016966 grad_norm=0.037
[train] epoch=4/8 step=23/100 loss=0.019345 grad_norm=0.035
[train] epoch=4/8 step=24/100 loss=0.018860 grad_norm=0.058
[train] epoch=4/8 step=25/100 loss=0.022600 grad_norm=0.046
[train] epoch=4/8 step=26/100 loss=0.020079 grad_norm=0.050
[train] epoch=4/8 step=27/100 loss=0.020172 grad_norm=0.042
[train] epoch=4/8 step=28/100 loss=0.018574 grad_norm=0.067
[train] epoch=4/8 step=29/100 loss=0.019940 grad_norm=0.051
[train] epoch=4/8 step=30/100 loss=0.023986 grad_norm=0.055
[train] epoch=4/8 step=31/100 loss=0.022282 grad_norm=0.049
[train] epoch=4/8 step=32/100 loss=0.023473 grad_norm=0.053
[train] epoch=4/8 step=33/100 loss=0.021439 grad_norm=0.044
[train] epoch=4/8 step=34/100 loss=0.018718 grad_norm=0.034
[train] epoch=4/8 step=35/100 loss=0.021415 grad_norm=0.060
[train] epoch=4/8 step=36/100 loss=0.020441 grad_norm=0.058
[train] epoch=4/8 step=37/100 loss=0.021798 grad_norm=0.037
[train] epoch=4/8 step=38/100 loss=0.024494 grad_norm=0.053
[train] epoch=4/8 step=39/100 loss=0.020075 grad_norm=0.054
[train] epoch=4/8 step=40/100 loss=0.019679 grad_norm=0.050
[train] epoch=4/8 step=41/100 loss=0.019340 grad_norm=0.027
[train] epoch=4/8 step=42/100 loss=0.016009 grad_norm=0.048
[train] epoch=4/8 step=43/100 loss=0.021668 grad_norm=0.055
[train] epoch=4/8 step=44/100 loss=0.019003 grad_norm=0.063
[train] epoch=4/8 step=45/100 loss=0.018860 grad_norm=0.051
[train] epoch=4/8 step=46/100 loss=0.026507 grad_norm=0.058
[train] epoch=4/8 step=47/100 loss=0.021862 grad_norm=0.068
[train] epoch=4/8 step=48/100 loss=0.023516 grad_norm=0.048
[train] epoch=4/8 step=49/100 loss=0.018684 grad_norm=0.056
[train] epoch=4/8 step=50/100 loss=0.019557 grad_norm=0.037
[train] epoch=4/8 step=51/100 loss=0.022347 grad_norm=0.067
[train] epoch=4/8 step=52/100 loss=0.019539 grad_norm=0.045
[train] epoch=4/8 step=53/100 loss=0.026598 grad_norm=0.054
[train] epoch=4/8 step=54/100 loss=0.017558 grad_norm=0.053
[train] epoch=4/8 step=55/100 loss=0.025327 grad_norm=0.066
[train] epoch=4/8 step=56/100 loss=0.017964 grad_norm=0.049
[train] epoch=4/8 step=57/100 loss=0.021847 grad_norm=0.076
[train] epoch=4/8 step=58/100 loss=0.019815 grad_norm=0.072
[train] epoch=4/8 step=59/100 loss=0.020285 grad_norm=0.054
[train] epoch=4/8 step=60/100 loss=0.020581 grad_norm=0.057
[train] epoch=4/8 step=61/100 loss=0.017523 grad_norm=0.072
[train] epoch=4/8 step=62/100 loss=0.016329 grad_norm=0.049
[train] epoch=4/8 step=63/100 loss=0.019733 grad_norm=0.074
[train] epoch=4/8 step=64/100 loss=0.024427 grad_norm=0.089
[train] epoch=4/8 step=65/100 loss=0.017724 grad_norm=0.058
[train] epoch=4/8 step=66/100 loss=0.017310 grad_norm=0.054
[train] epoch=4/8 step=67/100 loss=0.019892 grad_norm=0.063
[train] epoch=4/8 step=68/100 loss=0.014433 grad_norm=0.066
[train] epoch=4/8 step=69/100 loss=0.021921 grad_norm=0.055
[train] epoch=4/8 step=70/100 loss=0.018591 grad_norm=0.086
[train] epoch=4/8 step=71/100 loss=0.018491 grad_norm=0.048
[train] epoch=4/8 step=72/100 loss=0.022347 grad_norm=0.062
[train] epoch=4/8 step=73/100 loss=0.019901 grad_norm=0.057
[train] epoch=4/8 step=74/100 loss=0.019526 grad_norm=0.062
[train] epoch=4/8 step=75/100 loss=0.019976 grad_norm=0.034
[train] epoch=4/8 step=76/100 loss=0.021636 grad_norm=0.064
[train] epoch=4/8 step=77/100 loss=0.019302 grad_norm=0.044
[train] epoch=4/8 step=78/100 loss=0.023251 grad_norm=0.069
[train] epoch=4/8 step=79/100 loss=0.020504 grad_norm=0.054
[train] epoch=4/8 step=80/100 loss=0.017148 grad_norm=0.055
[train] epoch=4/8 step=81/100 loss=0.022726 grad_norm=0.079
[train] epoch=4/8 step=82/100 loss=0.021444 grad_norm=0.057
[train] epoch=4/8 step=83/100 loss=0.018654 grad_norm=0.069
[train] epoch=4/8 step=84/100 loss=0.020576 grad_norm=0.075
[train] epoch=4/8 step=85/100 loss=0.020570 grad_norm=0.053
[train] epoch=4/8 step=86/100 loss=0.025442 grad_norm=0.086
[train] epoch=4/8 step=87/100 loss=0.020131 grad_norm=0.052
[train] epoch=4/8 step=88/100 loss=0.021627 grad_norm=0.052
[train] epoch=4/8 step=89/100 loss=0.020609 grad_norm=0.052
[train] epoch=4/8 step=90/100 loss=0.017654 grad_norm=0.050
[train] epoch=4/8 step=91/100 loss=0.020793 grad_norm=0.055
[train] epoch=4/8 step=92/100 loss=0.021653 grad_norm=0.054
[train] epoch=4/8 step=93/100 loss=0.022827 grad_norm=0.074
[train] epoch=4/8 step=94/100 loss=0.022621 grad_norm=0.073
[train] epoch=4/8 step=95/100 loss=0.021604 grad_norm=0.065
[train] epoch=4/8 step=96/100 loss=0.021253 grad_norm=0.056
[train] epoch=4/8 step=97/100 loss=0.016506 grad_norm=0.079
[train] epoch=4/8 step=98/100 loss=0.019574 grad_norm=0.073
[train] epoch=4/8 step=99/100 loss=0.024817 grad_norm=0.089
[train] epoch=4/8 step=100/100 loss=0.022902 grad_norm=0.066
[epoch_summary] epoch=4/8 time_epoch=192.2s elapsed=445.2s eta=445.2s lambda_batch_div=0.000 lambda_inter_div=0.000 lambda_intra_div=0.000 selection_mode=accuracy selection_score=-0.195236 train_loss=0.020595 val_loss=0.019784 val_nmpjpe=0.195236 train_pose=0.020595 train_rel=0.040528 train_dist=0.165944 train_dir=0.062124 train_var=0.085906 train_batch_div=0.473659 train_inter_div=0.471549 train_intra_div=0.485593 val_pose=0.019784 val_rel=0.038939 val_dist=0.163288 val_dir=0.056565 val_var=0.039976 val_batch_div=0.489020 val_inter_div=0.009267 val_intra_div=0.488918 train_std=0.014188/0.166824 train_std_ratio=0.085468 val_std=0.012766/0.086730 val_std_ratio=0.177452 train_pair_dist=0.120452/1.547775 train_pair_ratio=0.078050 val_pair_dist=0.107277/0.881006 val_pair_ratio=0.144992 train_inter_pair=0.120468/1.568699 train_inter_ratio=0.077016 val_inter_pair=0.003021/0.033503 val_inter_ratio=0.002058 train_intra_pair=0.120084/1.012850 train_intra_ratio=0.120587 val_intra_pair=0.107129/0.875789 val_intra_ratio=0.145646 train_action_cls=0.000000 train_action_acc=0.000 val_action_cls=0.000000 val_action_acc=0.000 grad_norm_mean=0.058 nan_loss=False nan_grad=False actions_covered=27 envs_covered=2
[ckpt] saved_last path=C:\Users\LuvRene\OneDrive\PythonProjects\Positioning\pose_estimationV2\checkpoints\ablation_pure_vanilla_last.pth epoch=4
[ckpt] saved path=C:\Users\LuvRene\OneDrive\PythonProjects\Positioning\pose_estimationV2\checkpoints\ablation_pure_vanilla.pth epoch=4 best_selection_score=-0.195236 val_nmpjpe=0.195236
[epoch_start] epoch=5/8 train_size=160380 val_size=80190 test_size=80190 lr=3.000e-04 lambda_batch_div=0.000 lambda_inter_div=0.000 lambda_intra_div=0.000
[train] epoch=5/8 step=1/100 loss=0.019275 grad_norm=0.058
[train] epoch=5/8 step=2/100 loss=0.021085 grad_norm=0.058
[train] epoch=5/8 step=3/100 loss=0.021662 grad_norm=0.055
[train] epoch=5/8 step=4/100 loss=0.018395 grad_norm=0.047
[train] epoch=5/8 step=5/100 loss=0.020203 grad_norm=0.059
[train] epoch=5/8 step=6/100 loss=0.017164 grad_norm=0.041
[train] epoch=5/8 step=7/100 loss=0.020556 grad_norm=0.051
[train] epoch=5/8 step=8/100 loss=0.018566 grad_norm=0.041
[train] epoch=5/8 step=9/100 loss=0.019575 grad_norm=0.051
[train] epoch=5/8 step=10/100 loss=0.018213 grad_norm=0.035
[train] epoch=5/8 step=11/100 loss=0.017828 grad_norm=0.062
[train] epoch=5/8 step=12/100 loss=0.024807 grad_norm=0.093
[train] epoch=5/8 step=13/100 loss=0.024640 grad_norm=0.077
[train] epoch=5/8 step=14/100 loss=0.020787 grad_norm=0.055
[train] epoch=5/8 step=15/100 loss=0.021817 grad_norm=0.062
[train] epoch=5/8 step=16/100 loss=0.022576 grad_norm=0.039
[train] epoch=5/8 step=17/100 loss=0.025975 grad_norm=0.053
[train] epoch=5/8 step=18/100 loss=0.025850 grad_norm=0.054
[train] epoch=5/8 step=19/100 loss=0.021805 grad_norm=0.056
[train] epoch=5/8 step=20/100 loss=0.018504 grad_norm=0.055
[train] epoch=5/8 step=21/100 loss=0.018290 grad_norm=0.056
[train] epoch=5/8 step=22/100 loss=0.021016 grad_norm=0.063
[train] epoch=5/8 step=23/100 loss=0.017463 grad_norm=0.072
[train] epoch=5/8 step=24/100 loss=0.018750 grad_norm=0.073
[train] epoch=5/8 step=25/100 loss=0.015009 grad_norm=0.077
[train] epoch=5/8 step=26/100 loss=0.018865 grad_norm=0.049
[train] epoch=5/8 step=27/100 loss=0.017711 grad_norm=0.078
[train] epoch=5/8 step=28/100 loss=0.019523 grad_norm=0.077
[train] epoch=5/8 step=29/100 loss=0.023147 grad_norm=0.043
[train] epoch=5/8 step=30/100 loss=0.018806 grad_norm=0.063
[train] epoch=5/8 step=31/100 loss=0.024348 grad_norm=0.063
[train] epoch=5/8 step=32/100 loss=0.020335 grad_norm=0.053
[train] epoch=5/8 step=33/100 loss=0.018623 grad_norm=0.057
[train] epoch=5/8 step=34/100 loss=0.024642 grad_norm=0.063
[train] epoch=5/8 step=35/100 loss=0.021068 grad_norm=0.061
[train] epoch=5/8 step=36/100 loss=0.020818 grad_norm=0.040
[train] epoch=5/8 step=37/100 loss=0.020432 grad_norm=0.063
[train] epoch=5/8 step=38/100 loss=0.015967 grad_norm=0.074
[train] epoch=5/8 step=39/100 loss=0.025688 grad_norm=0.055
[train] epoch=5/8 step=40/100 loss=0.019727 grad_norm=0.044
[train] epoch=5/8 step=41/100 loss=0.017964 grad_norm=0.051
[train] epoch=5/8 step=42/100 loss=0.018759 grad_norm=0.051
[train] epoch=5/8 step=43/100 loss=0.021367 grad_norm=0.045
[train] epoch=5/8 step=44/100 loss=0.020693 grad_norm=0.056
[train] epoch=5/8 step=45/100 loss=0.020284 grad_norm=0.065
[train] epoch=5/8 step=46/100 loss=0.021043 grad_norm=0.050
[train] epoch=5/8 step=47/100 loss=0.025725 grad_norm=0.054
[train] epoch=5/8 step=48/100 loss=0.015553 grad_norm=0.062
[train] epoch=5/8 step=49/100 loss=0.022685 grad_norm=0.053
[train] epoch=5/8 step=50/100 loss=0.018324 grad_norm=0.079
[train] epoch=5/8 step=51/100 loss=0.019683 grad_norm=0.062
[train] epoch=5/8 step=52/100 loss=0.018801 grad_norm=0.060
[train] epoch=5/8 step=53/100 loss=0.016081 grad_norm=0.057
[train] epoch=5/8 step=54/100 loss=0.020715 grad_norm=0.061
[train] epoch=5/8 step=55/100 loss=0.020136 grad_norm=0.060
[train] epoch=5/8 step=56/100 loss=0.018752 grad_norm=0.081
[train] epoch=5/8 step=57/100 loss=0.026489 grad_norm=0.078
[train] epoch=5/8 step=58/100 loss=0.014657 grad_norm=0.039
[train] epoch=5/8 step=59/100 loss=0.020821 grad_norm=0.076
[train] epoch=5/8 step=60/100 loss=0.021003 grad_norm=0.047
[train] epoch=5/8 step=61/100 loss=0.022705 grad_norm=0.074
[train] epoch=5/8 step=62/100 loss=0.021089 grad_norm=0.063
[train] epoch=5/8 step=63/100 loss=0.019112 grad_norm=0.078
[train] epoch=5/8 step=64/100 loss=0.020549 grad_norm=0.076
[train] epoch=5/8 step=65/100 loss=0.022920 grad_norm=0.041
[train] epoch=5/8 step=66/100 loss=0.021184 grad_norm=0.048
[train] epoch=5/8 step=67/100 loss=0.020365 grad_norm=0.030
[train] epoch=5/8 step=68/100 loss=0.019909 grad_norm=0.043
[train] epoch=5/8 step=69/100 loss=0.020125 grad_norm=0.050
[train] epoch=5/8 step=70/100 loss=0.018761 grad_norm=0.047
[train] epoch=5/8 step=71/100 loss=0.020281 grad_norm=0.055
[train] epoch=5/8 step=72/100 loss=0.019532 grad_norm=0.053
[train] epoch=5/8 step=73/100 loss=0.019988 grad_norm=0.035
[train] epoch=5/8 step=74/100 loss=0.025494 grad_norm=0.061
[train] epoch=5/8 step=75/100 loss=0.020198 grad_norm=0.044
[train] epoch=5/8 step=76/100 loss=0.017239 grad_norm=0.061
[train] epoch=5/8 step=77/100 loss=0.018466 grad_norm=0.055
[train] epoch=5/8 step=78/100 loss=0.022029 grad_norm=0.058
[train] epoch=5/8 step=79/100 loss=0.021799 grad_norm=0.060
[train] epoch=5/8 step=80/100 loss=0.017956 grad_norm=0.060
[train] epoch=5/8 step=81/100 loss=0.015954 grad_norm=0.054
[train] epoch=5/8 step=82/100 loss=0.020424 grad_norm=0.063
[train] epoch=5/8 step=83/100 loss=0.021904 grad_norm=0.051
[train] epoch=5/8 step=84/100 loss=0.025340 grad_norm=0.061
[train] epoch=5/8 step=85/100 loss=0.024725 grad_norm=0.063
[train] epoch=5/8 step=86/100 loss=0.018140 grad_norm=0.051
[train] epoch=5/8 step=87/100 loss=0.020737 grad_norm=0.068
[train] epoch=5/8 step=88/100 loss=0.017550 grad_norm=0.039
[train] epoch=5/8 step=89/100 loss=0.019364 grad_norm=0.039
[train] epoch=5/8 step=90/100 loss=0.018887 grad_norm=0.045
[train] epoch=5/8 step=91/100 loss=0.019083 grad_norm=0.049
[train] epoch=5/8 step=92/100 loss=0.021488 grad_norm=0.054
[train] epoch=5/8 step=93/100 loss=0.016541 grad_norm=0.054
[train] epoch=5/8 step=94/100 loss=0.021795 grad_norm=0.045
[train] epoch=5/8 step=95/100 loss=0.024140 grad_norm=0.070
[train] epoch=5/8 step=96/100 loss=0.022430 grad_norm=0.065
[train] epoch=5/8 step=97/100 loss=0.020951 grad_norm=0.035
[train] epoch=5/8 step=98/100 loss=0.020532 grad_norm=0.041
[train] epoch=5/8 step=99/100 loss=0.021587 grad_norm=0.049
[train] epoch=5/8 step=100/100 loss=0.017790 grad_norm=0.042
[epoch_summary] epoch=5/8 time_epoch=205.0s elapsed=650.2s eta=390.1s lambda_batch_div=0.000 lambda_inter_div=0.000 lambda_intra_div=0.000 selection_mode=accuracy selection_score=-0.195059 train_loss=0.020381 val_loss=0.019638 val_nmpjpe=0.195059 train_pose=0.020381 train_rel=0.040124 train_dist=0.166673 train_dir=0.061967 train_var=0.084369 train_batch_div=0.470193 train_inter_div=0.468057 train_intra_div=0.482576 val_pose=0.019638 val_rel=0.038703 val_dist=0.162055 val_dir=0.057421 val_var=0.040394 val_batch_div=0.492353 val_inter_div=0.009344 val_intra_div=0.492251 train_std=0.014654/0.165038 train_std_ratio=0.089394 val_std=0.012460/0.086730 val_std_ratio=0.173672 train_pair_dist=0.125811/1.541229 train_pair_ratio=0.081934 val_pair_dist=0.103184/0.881006 val_pair_ratio=0.139663 train_inter_pair=0.125835/1.561947 train_inter_ratio=0.080859 val_inter_pair=0.002895/0.033503 val_inter_ratio=0.001954 train_intra_pair=0.125175/1.008197 train_intra_ratio=0.125971 val_intra_pair=0.103035/0.875789 val_intra_ratio=0.140286 train_action_cls=0.000000 train_action_acc=0.000 val_action_cls=0.000000 val_action_acc=0.000 grad_norm_mean=0.056 nan_loss=False nan_grad=False actions_covered=27 envs_covered=2
[ckpt] saved_last path=C:\Users\LuvRene\OneDrive\PythonProjects\Positioning\pose_estimationV2\checkpoints\ablation_pure_vanilla_last.pth epoch=5
[ckpt] saved path=C:\Users\LuvRene\OneDrive\PythonProjects\Positioning\pose_estimationV2\checkpoints\ablation_pure_vanilla.pth epoch=5 best_selection_score=-0.195059 val_nmpjpe=0.195059
[epoch_start] epoch=6/8 train_size=160380 val_size=80190 test_size=80190 lr=3.000e-04 lambda_batch_div=0.000 lambda_inter_div=0.000 lambda_intra_div=0.000
[train] epoch=6/8 step=1/100 loss=0.022347 grad_norm=0.048
[train] epoch=6/8 step=2/100 loss=0.020394 grad_norm=0.059
[train] epoch=6/8 step=3/100 loss=0.020688 grad_norm=0.044
[train] epoch=6/8 step=4/100 loss=0.021679 grad_norm=0.087
[train] epoch=6/8 step=5/100 loss=0.017263 grad_norm=0.035
[train] epoch=6/8 step=6/100 loss=0.021886 grad_norm=0.066
[train] epoch=6/8 step=7/100 loss=0.024604 grad_norm=0.061
[train] epoch=6/8 step=8/100 loss=0.021007 grad_norm=0.061
[train] epoch=6/8 step=9/100 loss=0.022601 grad_norm=0.062
[train] epoch=6/8 step=10/100 loss=0.018250 grad_norm=0.046
[train] epoch=6/8 step=11/100 loss=0.015562 grad_norm=0.064
[train] epoch=6/8 step=12/100 loss=0.023905 grad_norm=0.071
[train] epoch=6/8 step=13/100 loss=0.027077 grad_norm=0.055
[train] epoch=6/8 step=14/100 loss=0.020550 grad_norm=0.056
[train] epoch=6/8 step=15/100 loss=0.020823 grad_norm=0.045
[train] epoch=6/8 step=16/100 loss=0.018300 grad_norm=0.053
[train] epoch=6/8 step=17/100 loss=0.021337 grad_norm=0.039
[train] epoch=6/8 step=18/100 loss=0.022068 grad_norm=0.042
[train] epoch=6/8 step=19/100 loss=0.018722 grad_norm=0.050
[train] epoch=6/8 step=20/100 loss=0.020695 grad_norm=0.039
[train] epoch=6/8 step=21/100 loss=0.020228 grad_norm=0.049
[train] epoch=6/8 step=22/100 loss=0.016134 grad_norm=0.054
[train] epoch=6/8 step=23/100 loss=0.019138 grad_norm=0.055
[train] epoch=6/8 step=24/100 loss=0.021470 grad_norm=0.041
[train] epoch=6/8 step=25/100 loss=0.019862 grad_norm=0.066
[train] epoch=6/8 step=26/100 loss=0.019682 grad_norm=0.044
[train] epoch=6/8 step=27/100 loss=0.021965 grad_norm=0.044
[train] epoch=6/8 step=28/100 loss=0.022452 grad_norm=0.056
[train] epoch=6/8 step=29/100 loss=0.019266 grad_norm=0.068
[train] epoch=6/8 step=30/100 loss=0.021250 grad_norm=0.060
[train] epoch=6/8 step=31/100 loss=0.021569 grad_norm=0.040
[train] epoch=6/8 step=32/100 loss=0.021503 grad_norm=0.066
[train] epoch=6/8 step=33/100 loss=0.019258 grad_norm=0.051
[train] epoch=6/8 step=34/100 loss=0.020017 grad_norm=0.039
[train] epoch=6/8 step=35/100 loss=0.021101 grad_norm=0.058
[train] epoch=6/8 step=36/100 loss=0.020500 grad_norm=0.050
[train] epoch=6/8 step=37/100 loss=0.019404 grad_norm=0.074
[train] epoch=6/8 step=38/100 loss=0.019399 grad_norm=0.045
[train] epoch=6/8 step=39/100 loss=0.019165 grad_norm=0.047
[train] epoch=6/8 step=40/100 loss=0.023292 grad_norm=0.052
[train] epoch=6/8 step=41/100 loss=0.019432 grad_norm=0.045
[train] epoch=6/8 step=42/100 loss=0.018659 grad_norm=0.054
[train] epoch=6/8 step=43/100 loss=0.023074 grad_norm=0.062
[train] epoch=6/8 step=44/100 loss=0.021659 grad_norm=0.049
[train] epoch=6/8 step=45/100 loss=0.016962 grad_norm=0.038
[train] epoch=6/8 step=46/100 loss=0.021900 grad_norm=0.057
[train] epoch=6/8 step=47/100 loss=0.024795 grad_norm=0.060
[train] epoch=6/8 step=48/100 loss=0.021932 grad_norm=0.053
[train] epoch=6/8 step=49/100 loss=0.022255 grad_norm=0.035
[train] epoch=6/8 step=50/100 loss=0.015530 grad_norm=0.075
[train] epoch=6/8 step=51/100 loss=0.021198 grad_norm=0.040
[train] epoch=6/8 step=52/100 loss=0.019674 grad_norm=0.042
[train] epoch=6/8 step=53/100 loss=0.019566 grad_norm=0.055
[train] epoch=6/8 step=54/100 loss=0.024133 grad_norm=0.054
[train] epoch=6/8 step=55/100 loss=0.017015 grad_norm=0.054
[train] epoch=6/8 step=56/100 loss=0.019857 grad_norm=0.064
[train] epoch=6/8 step=57/100 loss=0.020775 grad_norm=0.048
[train] epoch=6/8 step=58/100 loss=0.020797 grad_norm=0.043
[train] epoch=6/8 step=59/100 loss=0.025046 grad_norm=0.054
[train] epoch=6/8 step=60/100 loss=0.019932 grad_norm=0.059
[train] epoch=6/8 step=61/100 loss=0.019748 grad_norm=0.050
[train] epoch=6/8 step=62/100 loss=0.016474 grad_norm=0.076
[train] epoch=6/8 step=63/100 loss=0.021531 grad_norm=0.038
[train] epoch=6/8 step=64/100 loss=0.022714 grad_norm=0.050
[train] epoch=6/8 step=65/100 loss=0.018125 grad_norm=0.040
[train] epoch=6/8 step=66/100 loss=0.017155 grad_norm=0.033
[train] epoch=6/8 step=67/100 loss=0.018450 grad_norm=0.041
[train] epoch=6/8 step=68/100 loss=0.017995 grad_norm=0.053
[train] epoch=6/8 step=69/100 loss=0.020687 grad_norm=0.051
[train] epoch=6/8 step=70/100 loss=0.020595 grad_norm=0.033
[train] epoch=6/8 step=71/100 loss=0.024100 grad_norm=0.063
[train] epoch=6/8 step=72/100 loss=0.020059 grad_norm=0.063
[train] epoch=6/8 step=73/100 loss=0.020123 grad_norm=0.055
[train] epoch=6/8 step=74/100 loss=0.023727 grad_norm=0.053
[train] epoch=6/8 step=75/100 loss=0.019692 grad_norm=0.054
[train] epoch=6/8 step=76/100 loss=0.022912 grad_norm=0.034
[train] epoch=6/8 step=77/100 loss=0.019686 grad_norm=0.043
[train] epoch=6/8 step=78/100 loss=0.016498 grad_norm=0.072
[train] epoch=6/8 step=79/100 loss=0.020232 grad_norm=0.051
[train] epoch=6/8 step=80/100 loss=0.017506 grad_norm=0.053
[train] epoch=6/8 step=81/100 loss=0.020544 grad_norm=0.040
[train] epoch=6/8 step=82/100 loss=0.020172 grad_norm=0.041
[train] epoch=6/8 step=83/100 loss=0.020712 grad_norm=0.065
[train] epoch=6/8 step=84/100 loss=0.020219 grad_norm=0.068
[train] epoch=6/8 step=85/100 loss=0.019248 grad_norm=0.033
[train] epoch=6/8 step=86/100 loss=0.020149 grad_norm=0.047
[train] epoch=6/8 step=87/100 loss=0.024308 grad_norm=0.063
[train] epoch=6/8 step=88/100 loss=0.017208 grad_norm=0.046
[train] epoch=6/8 step=89/100 loss=0.021202 grad_norm=0.052
[train] epoch=6/8 step=90/100 loss=0.019060 grad_norm=0.073
[train] epoch=6/8 step=91/100 loss=0.020408 grad_norm=0.046
[train] epoch=6/8 step=92/100 loss=0.026699 grad_norm=0.059
[train] epoch=6/8 step=93/100 loss=0.023311 grad_norm=0.052
[train] epoch=6/8 step=94/100 loss=0.017698 grad_norm=0.068
[train] epoch=6/8 step=95/100 loss=0.022882 grad_norm=0.033
[train] epoch=6/8 step=96/100 loss=0.018786 grad_norm=0.044
[train] epoch=6/8 step=97/100 loss=0.019888 grad_norm=0.054
[train] epoch=6/8 step=98/100 loss=0.019861 grad_norm=0.060
[train] epoch=6/8 step=99/100 loss=0.019242 grad_norm=0.065
[train] epoch=6/8 step=100/100 loss=0.023199 grad_norm=0.052
[epoch_summary] epoch=6/8 time_epoch=203.3s elapsed=853.5s eta=284.5s lambda_batch_div=0.000 lambda_inter_div=0.000 lambda_intra_div=0.000 selection_mode=accuracy selection_score=-0.196692 train_loss=0.020534 val_loss=0.019753 val_nmpjpe=0.196692 train_pose=0.020534 train_rel=0.040414 train_dist=0.166782 train_dir=0.061720 train_var=0.086634 train_batch_div=0.476215 train_inter_div=0.474097 train_intra_div=0.486881 val_pose=0.019753 val_rel=0.038910 val_dist=0.166906 val_dir=0.057835 val_var=0.041323 val_batch_div=0.500114 val_inter_div=0.009484 val_intra_div=0.500031 train_std=0.013447/0.166801 train_std_ratio=0.081044 val_std=0.011182/0.086730 val_std_ratio=0.155533 train_pair_dist=0.114654/1.548715 train_pair_ratio=0.074319 val_pair_dist=0.093753/0.881006 val_pair_ratio=0.126688 train_inter_pair=0.114689/1.569729 train_inter_ratio=0.073347 val_inter_pair=0.002641/0.033503 val_inter_ratio=0.001782 train_intra_pair=0.113825/1.005721 train_intra_ratio=0.114852 val_intra_pair=0.093616/0.875789 val_intra_ratio=0.127259 train_action_cls=0.000000 train_action_acc=0.000 val_action_cls=0.000000 val_action_acc=0.000 grad_norm_mean=0.052 nan_loss=False nan_grad=False actions_covered=27 envs_covered=2
[ckpt] saved_last path=C:\Users\LuvRene\OneDrive\PythonProjects\Positioning\pose_estimationV2\checkpoints\ablation_pure_vanilla_last.pth epoch=6
[ckpt] no_improve best_epoch=5 best_selection_score=-0.195059 best_val_nmpjpe=0.195059
[epoch_start] epoch=7/8 train_size=160380 val_size=80190 test_size=80190 lr=3.000e-04 lambda_batch_div=0.000 lambda_inter_div=0.000 lambda_intra_div=0.000
[train] epoch=7/8 step=1/100 loss=0.020078 grad_norm=0.052
[train] epoch=7/8 step=2/100 loss=0.022435 grad_norm=0.044
[train] epoch=7/8 step=3/100 loss=0.023938 grad_norm=0.041
[train] epoch=7/8 step=4/100 loss=0.015452 grad_norm=0.052
[train] epoch=7/8 step=5/100 loss=0.018613 grad_norm=0.044
[train] epoch=7/8 step=6/100 loss=0.019265 grad_norm=0.060
[train] epoch=7/8 step=7/100 loss=0.018727 grad_norm=0.042
[train] epoch=7/8 step=8/100 loss=0.016292 grad_norm=0.079
[train] epoch=7/8 step=9/100 loss=0.019634 grad_norm=0.070
[train] epoch=7/8 step=10/100 loss=0.021335 grad_norm=0.051
[train] epoch=7/8 step=11/100 loss=0.023570 grad_norm=0.063
[train] epoch=7/8 step=12/100 loss=0.021113 grad_norm=0.049
[train] epoch=7/8 step=13/100 loss=0.020431 grad_norm=0.066
[train] epoch=7/8 step=14/100 loss=0.021203 grad_norm=0.072
[train] epoch=7/8 step=15/100 loss=0.020483 grad_norm=0.042
[train] epoch=7/8 step=16/100 loss=0.018429 grad_norm=0.098
[train] epoch=7/8 step=17/100 loss=0.020112 grad_norm=0.051
[train] epoch=7/8 step=18/100 loss=0.020072 grad_norm=0.085
[train] epoch=7/8 step=19/100 loss=0.020665 grad_norm=0.048
[train] epoch=7/8 step=20/100 loss=0.022165 grad_norm=0.084
[train] epoch=7/8 step=21/100 loss=0.020302 grad_norm=0.074
[train] epoch=7/8 step=22/100 loss=0.021573 grad_norm=0.079
[train] epoch=7/8 step=23/100 loss=0.019973 grad_norm=0.058
[train] epoch=7/8 step=24/100 loss=0.019009 grad_norm=0.046
[train] epoch=7/8 step=25/100 loss=0.020381 grad_norm=0.062
[train] epoch=7/8 step=26/100 loss=0.016678 grad_norm=0.059
[train] epoch=7/8 step=27/100 loss=0.018215 grad_norm=0.039
[train] epoch=7/8 step=28/100 loss=0.019730 grad_norm=0.039
[train] epoch=7/8 step=29/100 loss=0.020063 grad_norm=0.070
[train] epoch=7/8 step=30/100 loss=0.017912 grad_norm=0.054
[train] epoch=7/8 step=31/100 loss=0.017795 grad_norm=0.048
[train] epoch=7/8 step=32/100 loss=0.024376 grad_norm=0.052
[train] epoch=7/8 step=33/100 loss=0.019498 grad_norm=0.064
[train] epoch=7/8 step=34/100 loss=0.019752 grad_norm=0.057
[train] epoch=7/8 step=35/100 loss=0.022038 grad_norm=0.040
[train] epoch=7/8 step=36/100 loss=0.020031 grad_norm=0.050
[train] epoch=7/8 step=37/100 loss=0.019544 grad_norm=0.061
[train] epoch=7/8 step=38/100 loss=0.019658 grad_norm=0.037
[train] epoch=7/8 step=39/100 loss=0.019361 grad_norm=0.047
[train] epoch=7/8 step=40/100 loss=0.017236 grad_norm=0.052
[train] epoch=7/8 step=41/100 loss=0.022287 grad_norm=0.073
[train] epoch=7/8 step=42/100 loss=0.019485 grad_norm=0.050
[train] epoch=7/8 step=43/100 loss=0.020161 grad_norm=0.053
[train] epoch=7/8 step=44/100 loss=0.023104 grad_norm=0.047
[train] epoch=7/8 step=45/100 loss=0.017791 grad_norm=0.074
[train] epoch=7/8 step=46/100 loss=0.016902 grad_norm=0.058
[train] epoch=7/8 step=47/100 loss=0.017860 grad_norm=0.073
[train] epoch=7/8 step=48/100 loss=0.018198 grad_norm=0.070
[train] epoch=7/8 step=49/100 loss=0.024499 grad_norm=0.053
[train] epoch=7/8 step=50/100 loss=0.020427 grad_norm=0.072
[train] epoch=7/8 step=51/100 loss=0.019114 grad_norm=0.055
[train] epoch=7/8 step=52/100 loss=0.019438 grad_norm=0.054
[train] epoch=7/8 step=53/100 loss=0.022212 grad_norm=0.052
[train] epoch=7/8 step=54/100 loss=0.016711 grad_norm=0.068
[train] epoch=7/8 step=55/100 loss=0.021525 grad_norm=0.057
[train] epoch=7/8 step=56/100 loss=0.018004 grad_norm=0.049
[train] epoch=7/8 step=57/100 loss=0.018566 grad_norm=0.043
[train] epoch=7/8 step=58/100 loss=0.022754 grad_norm=0.046
[train] epoch=7/8 step=59/100 loss=0.019285 grad_norm=0.067
[train] epoch=7/8 step=60/100 loss=0.019994 grad_norm=0.065
[train] epoch=7/8 step=61/100 loss=0.022905 grad_norm=0.059
[train] epoch=7/8 step=62/100 loss=0.019569 grad_norm=0.050
[train] epoch=7/8 step=63/100 loss=0.015071 grad_norm=0.065
[train] epoch=7/8 step=64/100 loss=0.019117 grad_norm=0.062
[train] epoch=7/8 step=65/100 loss=0.026133 grad_norm=0.068
[train] epoch=7/8 step=66/100 loss=0.021677 grad_norm=0.084
[train] epoch=7/8 step=67/100 loss=0.018497 grad_norm=0.056
[train] epoch=7/8 step=68/100 loss=0.016673 grad_norm=0.034
[train] epoch=7/8 step=69/100 loss=0.017433 grad_norm=0.047
[train] epoch=7/8 step=70/100 loss=0.022124 grad_norm=0.030
[train] epoch=7/8 step=71/100 loss=0.021857 grad_norm=0.045
[train] epoch=7/8 step=72/100 loss=0.020084 grad_norm=0.060
[train] epoch=7/8 step=73/100 loss=0.018672 grad_norm=0.047
[train] epoch=7/8 step=74/100 loss=0.018663 grad_norm=0.065
[train] epoch=7/8 step=75/100 loss=0.024100 grad_norm=0.042
[train] epoch=7/8 step=76/100 loss=0.022648 grad_norm=0.068
[train] epoch=7/8 step=77/100 loss=0.019696 grad_norm=0.055
[train] epoch=7/8 step=78/100 loss=0.018735 grad_norm=0.041
[train] epoch=7/8 step=79/100 loss=0.017474 grad_norm=0.041
[train] epoch=7/8 step=80/100 loss=0.019373 grad_norm=0.042
[train] epoch=7/8 step=81/100 loss=0.023207 grad_norm=0.045
[train] epoch=7/8 step=82/100 loss=0.018620 grad_norm=0.095
[train] epoch=7/8 step=83/100 loss=0.018383 grad_norm=0.055
[train] epoch=7/8 step=84/100 loss=0.020544 grad_norm=0.066
[train] epoch=7/8 step=85/100 loss=0.020114 grad_norm=0.055
[train] epoch=7/8 step=86/100 loss=0.022373 grad_norm=0.043
[train] epoch=7/8 step=87/100 loss=0.022471 grad_norm=0.058
[train] epoch=7/8 step=88/100 loss=0.018089 grad_norm=0.061
[train] epoch=7/8 step=89/100 loss=0.020826 grad_norm=0.054
[train] epoch=7/8 step=90/100 loss=0.022144 grad_norm=0.064
[train] epoch=7/8 step=91/100 loss=0.020908 grad_norm=0.057
[train] epoch=7/8 step=92/100 loss=0.022345 grad_norm=0.062
[train] epoch=7/8 step=93/100 loss=0.020007 grad_norm=0.076
[train] epoch=7/8 step=94/100 loss=0.019325 grad_norm=0.056
[train] epoch=7/8 step=95/100 loss=0.019651 grad_norm=0.051
[train] epoch=7/8 step=96/100 loss=0.019252 grad_norm=0.065
[train] epoch=7/8 step=97/100 loss=0.020914 grad_norm=0.055
[train] epoch=7/8 step=98/100 loss=0.019281 grad_norm=0.041
[train] epoch=7/8 step=99/100 loss=0.020590 grad_norm=0.059
[train] epoch=7/8 step=100/100 loss=0.020849 grad_norm=0.040
[epoch_summary] epoch=7/8 time_epoch=148.7s elapsed=1002.3s eta=143.2s lambda_batch_div=0.000 lambda_inter_div=0.000 lambda_intra_div=0.000 selection_mode=accuracy selection_score=-0.195594 train_loss=0.020058 val_loss=0.019612 val_nmpjpe=0.195594 train_pose=0.020058 train_rel=0.039513 train_dist=0.165130 train_dir=0.060063 train_var=0.085308 train_batch_div=0.477807 train_inter_div=0.475750 train_intra_div=0.489898 val_pose=0.019612 val_rel=0.038636 val_dist=0.166694 val_dir=0.057203 val_var=0.041650 val_batch_div=0.503831 val_inter_div=0.009549 val_intra_div=0.503761 train_std=0.012964/0.163787 train_std_ratio=0.079489 val_std=0.010854/0.086730 val_std_ratio=0.151093 train_pair_dist=0.110646/1.528262 train_pair_ratio=0.072611 val_pair_dist=0.089435/0.881006 val_pair_ratio=0.120912 train_inter_pair=0.110652/1.548197 train_inter_ratio=0.071681 val_inter_pair=0.002523/0.033503 val_inter_ratio=0.001705 train_intra_pair=0.110441/1.003117 train_intra_ratio=0.111523 val_intra_pair=0.089302/0.875789 val_intra_ratio=0.121455 train_action_cls=0.000000 train_action_acc=0.000 val_action_cls=0.000000 val_action_acc=0.000 grad_norm_mean=0.057 nan_loss=False nan_grad=False actions_covered=27 envs_covered=2
[ckpt] saved_last path=C:\Users\LuvRene\OneDrive\PythonProjects\Positioning\pose_estimationV2\checkpoints\ablation_pure_vanilla_last.pth epoch=7
[ckpt] no_improve best_epoch=5 best_selection_score=-0.195059 best_val_nmpjpe=0.195059
[epoch_start] epoch=8/8 train_size=160380 val_size=80190 test_size=80190 lr=3.000e-04 lambda_batch_div=0.000 lambda_inter_div=0.000 lambda_intra_div=0.000
[train] epoch=8/8 step=1/100 loss=0.018821 grad_norm=0.046
[train] epoch=8/8 step=2/100 loss=0.023476 grad_norm=0.053
[train] epoch=8/8 step=3/100 loss=0.021081 grad_norm=0.038
[train] epoch=8/8 step=4/100 loss=0.022624 grad_norm=0.040
[train] epoch=8/8 step=5/100 loss=0.017222 grad_norm=0.066
[train] epoch=8/8 step=6/100 loss=0.020281 grad_norm=0.049
[train] epoch=8/8 step=7/100 loss=0.020110 grad_norm=0.054
[train] epoch=8/8 step=8/100 loss=0.022724 grad_norm=0.071
[train] epoch=8/8 step=9/100 loss=0.019860 grad_norm=0.054
[train] epoch=8/8 step=10/100 loss=0.020296 grad_norm=0.050
[train] epoch=8/8 step=11/100 loss=0.019043 grad_norm=0.056
[train] epoch=8/8 step=12/100 loss=0.022016 grad_norm=0.058
[train] epoch=8/8 step=13/100 loss=0.024572 grad_norm=0.045
[train] epoch=8/8 step=14/100 loss=0.019454 grad_norm=0.087
[train] epoch=8/8 step=15/100 loss=0.020189 grad_norm=0.066
[train] epoch=8/8 step=16/100 loss=0.022750 grad_norm=0.048
[train] epoch=8/8 step=17/100 loss=0.018187 grad_norm=0.074
[train] epoch=8/8 step=18/100 loss=0.019242 grad_norm=0.043
[train] epoch=8/8 step=19/100 loss=0.019916 grad_norm=0.041
[train] epoch=8/8 step=20/100 loss=0.017973 grad_norm=0.051
[train] epoch=8/8 step=21/100 loss=0.019645 grad_norm=0.069
[train] epoch=8/8 step=22/100 loss=0.021949 grad_norm=0.046
[train] epoch=8/8 step=23/100 loss=0.019656 grad_norm=0.044
[train] epoch=8/8 step=24/100 loss=0.021315 grad_norm=0.071
[train] epoch=8/8 step=25/100 loss=0.019621 grad_norm=0.071
[train] epoch=8/8 step=26/100 loss=0.018732 grad_norm=0.040
[train] epoch=8/8 step=27/100 loss=0.018308 grad_norm=0.059
[train] epoch=8/8 step=28/100 loss=0.019444 grad_norm=0.075
[train] epoch=8/8 step=29/100 loss=0.022194 grad_norm=0.045
[train] epoch=8/8 step=30/100 loss=0.017115 grad_norm=0.054
[train] epoch=8/8 step=31/100 loss=0.019766 grad_norm=0.050
[train] epoch=8/8 step=32/100 loss=0.017734 grad_norm=0.037
[train] epoch=8/8 step=33/100 loss=0.024277 grad_norm=0.064
[train] epoch=8/8 step=34/100 loss=0.021901 grad_norm=0.063
[train] epoch=8/8 step=35/100 loss=0.017362 grad_norm=0.081
[train] epoch=8/8 step=36/100 loss=0.021511 grad_norm=0.058
[train] epoch=8/8 step=37/100 loss=0.018486 grad_norm=0.065
[train] epoch=8/8 step=38/100 loss=0.017171 grad_norm=0.055
[train] epoch=8/8 step=39/100 loss=0.024635 grad_norm=0.048
[train] epoch=8/8 step=40/100 loss=0.024391 grad_norm=0.040
[train] epoch=8/8 step=41/100 loss=0.024683 grad_norm=0.063
[train] epoch=8/8 step=42/100 loss=0.021011 grad_norm=0.040
[train] epoch=8/8 step=43/100 loss=0.021286 grad_norm=0.034
[train] epoch=8/8 step=44/100 loss=0.017644 grad_norm=0.054
[train] epoch=8/8 step=45/100 loss=0.017098 grad_norm=0.059
[train] epoch=8/8 step=46/100 loss=0.017366 grad_norm=0.057
[train] epoch=8/8 step=47/100 loss=0.024198 grad_norm=0.059
[train] epoch=8/8 step=48/100 loss=0.021832 grad_norm=0.045
[train] epoch=8/8 step=49/100 loss=0.015329 grad_norm=0.041
[train] epoch=8/8 step=50/100 loss=0.023621 grad_norm=0.047
[train] epoch=8/8 step=51/100 loss=0.021837 grad_norm=0.061
[train] epoch=8/8 step=52/100 loss=0.020625 grad_norm=0.050
[train] epoch=8/8 step=53/100 loss=0.018576 grad_norm=0.049
[train] epoch=8/8 step=54/100 loss=0.019918 grad_norm=0.060
[train] epoch=8/8 step=55/100 loss=0.020252 grad_norm=0.062
[train] epoch=8/8 step=56/100 loss=0.021215 grad_norm=0.054
[train] epoch=8/8 step=57/100 loss=0.019921 grad_norm=0.062
[train] epoch=8/8 step=58/100 loss=0.019999 grad_norm=0.056
[train] epoch=8/8 step=59/100 loss=0.024492 grad_norm=0.034
[train] epoch=8/8 step=60/100 loss=0.022397 grad_norm=0.035
[train] epoch=8/8 step=61/100 loss=0.023956 grad_norm=0.053
[train] epoch=8/8 step=62/100 loss=0.021199 grad_norm=0.045
[train] epoch=8/8 step=63/100 loss=0.018635 grad_norm=0.047
[train] epoch=8/8 step=64/100 loss=0.021627 grad_norm=0.064
[train] epoch=8/8 step=65/100 loss=0.022078 grad_norm=0.069
[train] epoch=8/8 step=66/100 loss=0.020200 grad_norm=0.039
[train] epoch=8/8 step=67/100 loss=0.019785 grad_norm=0.058
[train] epoch=8/8 step=68/100 loss=0.021154 grad_norm=0.070
[train] epoch=8/8 step=69/100 loss=0.019987 grad_norm=0.037
[train] epoch=8/8 step=70/100 loss=0.019466 grad_norm=0.073
[train] epoch=8/8 step=71/100 loss=0.020819 grad_norm=0.045
[train] epoch=8/8 step=72/100 loss=0.017917 grad_norm=0.046
[train] epoch=8/8 step=73/100 loss=0.021387 grad_norm=0.050
[train] epoch=8/8 step=74/100 loss=0.020118 grad_norm=0.054
[train] epoch=8/8 step=75/100 loss=0.018935 grad_norm=0.072
[train] epoch=8/8 step=76/100 loss=0.018763 grad_norm=0.046
[train] epoch=8/8 step=77/100 loss=0.019203 grad_norm=0.058
[train] epoch=8/8 step=78/100 loss=0.019178 grad_norm=0.053
[train] epoch=8/8 step=79/100 loss=0.017590 grad_norm=0.057
[train] epoch=8/8 step=80/100 loss=0.019617 grad_norm=0.059
[train] epoch=8/8 step=81/100 loss=0.022628 grad_norm=0.052
[train] epoch=8/8 step=82/100 loss=0.021775 grad_norm=0.043
[train] epoch=8/8 step=83/100 loss=0.021417 grad_norm=0.064
[train] epoch=8/8 step=84/100 loss=0.019235 grad_norm=0.045
[train] epoch=8/8 step=85/100 loss=0.018706 grad_norm=0.053
[train] epoch=8/8 step=86/100 loss=0.019792 grad_norm=0.068
[train] epoch=8/8 step=87/100 loss=0.020654 grad_norm=0.037
[train] epoch=8/8 step=88/100 loss=0.019328 grad_norm=0.037
[train] epoch=8/8 step=89/100 loss=0.020952 grad_norm=0.059
[train] epoch=8/8 step=90/100 loss=0.019959 grad_norm=0.077
[train] epoch=8/8 step=91/100 loss=0.022095 grad_norm=0.050
[train] epoch=8/8 step=92/100 loss=0.022042 grad_norm=0.038
[train] epoch=8/8 step=93/100 loss=0.022089 grad_norm=0.048
[train] epoch=8/8 step=94/100 loss=0.023795 grad_norm=0.058
[train] epoch=8/8 step=95/100 loss=0.018358 grad_norm=0.058
[train] epoch=8/8 step=96/100 loss=0.024195 grad_norm=0.067
[train] epoch=8/8 step=97/100 loss=0.019169 grad_norm=0.077
[train] epoch=8/8 step=98/100 loss=0.018056 grad_norm=0.064
[train] epoch=8/8 step=99/100 loss=0.020167 grad_norm=0.043
[train] epoch=8/8 step=100/100 loss=0.021137 grad_norm=0.046
[epoch_summary] epoch=8/8 time_epoch=131.4s elapsed=1133.6s eta=0.0s lambda_batch_div=0.000 lambda_inter_div=0.000 lambda_intra_div=0.000 selection_mode=accuracy selection_score=-0.193808 train_loss=0.020455 val_loss=0.019707 val_nmpjpe=0.193808 train_pose=0.020455 train_rel=0.040249 train_dist=0.166988 train_dir=0.061254 train_var=0.086160 train_batch_div=0.475732 train_inter_div=0.473729 train_intra_div=0.488877 val_pose=0.019707 val_rel=0.038800 val_dist=0.161007 val_dir=0.056580 val_var=0.040636 val_batch_div=0.493654 val_inter_div=0.009404 val_intra_div=0.493588 train_std=0.013476/0.166061 train_std_ratio=0.081580 val_std=0.012088/0.086730 val_std_ratio=0.168142 train_pair_dist=0.115508/1.544160 train_pair_ratio=0.074996 val_pair_dist=0.102032/0.881006 val_pair_ratio=0.138134 train_inter_pair=0.115513/1.563998 train_inter_ratio=0.074044 val_inter_pair=0.002782/0.033503 val_inter_ratio=0.001893 train_intra_pair=0.115390/1.023691 train_intra_ratio=0.113946 val_intra_pair=0.101876/0.875789 val_intra_ratio=0.138698 train_action_cls=0.000000 train_action_acc=0.000 val_action_cls=0.000000 val_action_acc=0.000 grad_norm_mean=0.054 nan_loss=False nan_grad=False actions_covered=27 envs_covered=2
[ckpt] saved_last path=C:\Users\LuvRene\OneDrive\PythonProjects\Positioning\pose_estimationV2\checkpoints\ablation_pure_vanilla_last.pth epoch=8
[ckpt] saved path=C:\Users\LuvRene\OneDrive\PythonProjects\Positioning\pose_estimationV2\checkpoints\ablation_pure_vanilla.pth epoch=8 best_selection_score=-0.193808 val_nmpjpe=0.193808
[train eval] nMPJPE=0.1972
[test eval] nMPJPE=0.1950
[plot] saved path=C:\Users\LuvRene\OneDrive\PythonProjects\Positioning\pose_estimationV2\logs\train\ablation_pure_vanilla_resnet1d_20260401-011544_curves.png
[history] saved path=C:\Users\LuvRene\OneDrive\PythonProjects\Positioning\pose_estimationV2\logs\train\ablation_pure_vanilla_resnet1d_20260401-011544_history.csv
[test_summary] best_epoch=8 test_loss=0.019843 test_nmpjpe=0.195028 test_pose=0.019843 test_rel=0.039043 test_dist=0.162317 test_dir=0.060761 test_var=0.042242 test_batch_div=0.496306 test_inter_div=0.009431 test_intra_div=0.496239 test_std=0.011745/0.089078 test_std_ratio=0.157145 test_pair_dist=0.099877/0.899707 test_pair_ratio=0.130953 test_inter_pair=0.002517/0.031090 test_inter_ratio=0.001823 test_intra_pair=0.099774/0.895100 test_intra_ratio=0.131563 test_action_cls=0.000000 test_action_acc=0.000
[assessment] status=usable reason=Validation stayed close to the best point (0.1938) and final test nMPJPE is 0.1950.
