[run] config=configs/default.yaml device=cuda:0
[run] model=resnet1d
[run] window_size=1
[run] normalize_mode=mean_rms
[run] aoa_cache_root=D:\Files\WiFi_Pose\WiFiPoseV3\data\AOA_data
[run] labels_root=D:\Files\WiFi_Pose\WiFiPoseV3\data\dataset
[run] val_env=env3 test_env=env4
[run] logs_file=C:\Users\LuvRene\OneDrive\PythonProjects\Positioning\pose_estimationV2\logs\train\ablation_meanrms_interdiv_divsel_resnet1d_20260331-070116.log
[run] selection_mode=diversity_first lambda_var=0.000 lambda_batch_div=0.000 lambda_inter_div=0.250 lambda_intra_div=0.000
[data] dataset_size=320760 train_size=160380 val_size=80190 test_size=80190 batch_size=64 window_size=1
[run] action_aux enabled=False
[epoch_start] epoch=1/8 train_size=160380 val_size=80190 test_size=80190 lr=3.000e-04 lambda_batch_div=0.000 lambda_inter_div=0.250 lambda_intra_div=0.000
[train] epoch=1/8 step=1/100 loss=2.132909 grad_norm=5.374
[train] epoch=1/8 step=2/100 loss=1.897012 grad_norm=5.046
[train] epoch=1/8 step=3/100 loss=1.651187 grad_norm=4.669
[train] epoch=1/8 step=4/100 loss=1.429021 grad_norm=4.506
[train] epoch=1/8 step=5/100 loss=1.240058 grad_norm=4.354
[train] epoch=1/8 step=6/100 loss=1.084593 grad_norm=4.400
[train] epoch=1/8 step=7/100 loss=0.954641 grad_norm=3.418
[train] epoch=1/8 step=8/100 loss=0.871701 grad_norm=3.050
[train] epoch=1/8 step=9/100 loss=0.764291 grad_norm=2.843
[train] epoch=1/8 step=10/100 loss=0.725098 grad_norm=2.648
[train] epoch=1/8 step=11/100 loss=0.705342 grad_norm=2.384
[train] epoch=1/8 step=12/100 loss=0.650175 grad_norm=2.509
[train] epoch=1/8 step=13/100 loss=0.639087 grad_norm=2.499
[train] epoch=1/8 step=14/100 loss=0.589502 grad_norm=2.381
[train] epoch=1/8 step=15/100 loss=0.572437 grad_norm=2.071
[train] epoch=1/8 step=16/100 loss=0.543473 grad_norm=1.756
[train] epoch=1/8 step=17/100 loss=0.527623 grad_norm=1.830
[train] epoch=1/8 step=18/100 loss=0.504945 grad_norm=1.520
[train] epoch=1/8 step=19/100 loss=0.507189 grad_norm=1.330
[train] epoch=1/8 step=20/100 loss=0.510767 grad_norm=1.367
[train] epoch=1/8 step=21/100 loss=0.469309 grad_norm=1.307
[train] epoch=1/8 step=22/100 loss=0.504971 grad_norm=1.233
[train] epoch=1/8 step=23/100 loss=0.450771 grad_norm=1.346
[train] epoch=1/8 step=24/100 loss=0.465427 grad_norm=1.373
[train] epoch=1/8 step=25/100 loss=0.489245 grad_norm=0.886
[train] epoch=1/8 step=26/100 loss=0.467359 grad_norm=1.116
[train] epoch=1/8 step=27/100 loss=0.441315 grad_norm=1.193
[train] epoch=1/8 step=28/100 loss=0.469404 grad_norm=0.836
[train] epoch=1/8 step=29/100 loss=0.453356 grad_norm=0.849
[train] epoch=1/8 step=30/100 loss=0.423336 grad_norm=0.916
[train] epoch=1/8 step=31/100 loss=0.448721 grad_norm=0.710
[train] epoch=1/8 step=32/100 loss=0.406648 grad_norm=0.804
[train] epoch=1/8 step=33/100 loss=0.388052 grad_norm=0.837
[train] epoch=1/8 step=34/100 loss=0.421892 grad_norm=0.913
[train] epoch=1/8 step=35/100 loss=0.389911 grad_norm=0.734
[train] epoch=1/8 step=36/100 loss=0.423980 grad_norm=0.773
[train] epoch=1/8 step=37/100 loss=0.435693 grad_norm=0.765
[train] epoch=1/8 step=38/100 loss=0.404282 grad_norm=0.544
[train] epoch=1/8 step=39/100 loss=0.442105 grad_norm=0.804
[train] epoch=1/8 step=40/100 loss=0.419529 grad_norm=0.755
[train] epoch=1/8 step=41/100 loss=0.384889 grad_norm=0.623
[train] epoch=1/8 step=42/100 loss=0.372740 grad_norm=0.703
[train] epoch=1/8 step=43/100 loss=0.398496 grad_norm=0.687
[train] epoch=1/8 step=44/100 loss=0.409269 grad_norm=0.687
[train] epoch=1/8 step=45/100 loss=0.428054 grad_norm=0.673
[train] epoch=1/8 step=46/100 loss=0.405555 grad_norm=0.590
[train] epoch=1/8 step=47/100 loss=0.381286 grad_norm=0.609
[train] epoch=1/8 step=48/100 loss=0.399517 grad_norm=0.582
[train] epoch=1/8 step=49/100 loss=0.417805 grad_norm=0.585
[train] epoch=1/8 step=50/100 loss=0.395450 grad_norm=0.880
[train] epoch=1/8 step=51/100 loss=0.410721 grad_norm=0.506
[train] epoch=1/8 step=52/100 loss=0.384183 grad_norm=0.523
[train] epoch=1/8 step=53/100 loss=0.403456 grad_norm=0.857
[train] epoch=1/8 step=54/100 loss=0.383447 grad_norm=0.442
[train] epoch=1/8 step=55/100 loss=0.433223 grad_norm=0.563
[train] epoch=1/8 step=56/100 loss=0.372024 grad_norm=0.656
[train] epoch=1/8 step=57/100 loss=0.374001 grad_norm=0.641
[train] epoch=1/8 step=58/100 loss=0.382459 grad_norm=0.636
[train] epoch=1/8 step=59/100 loss=0.427099 grad_norm=0.590
[train] epoch=1/8 step=60/100 loss=0.394993 grad_norm=0.675
[train] epoch=1/8 step=61/100 loss=0.393139 grad_norm=0.799
[train] epoch=1/8 step=62/100 loss=0.399343 grad_norm=0.576
[train] epoch=1/8 step=63/100 loss=0.420222 grad_norm=0.454
[train] epoch=1/8 step=64/100 loss=0.413538 grad_norm=0.539
[train] epoch=1/8 step=65/100 loss=0.397513 grad_norm=0.716
[train] epoch=1/8 step=66/100 loss=0.350487 grad_norm=0.465
[train] epoch=1/8 step=67/100 loss=0.407096 grad_norm=0.611
[train] epoch=1/8 step=68/100 loss=0.373957 grad_norm=0.574
[train] epoch=1/8 step=69/100 loss=0.374050 grad_norm=0.635
[train] epoch=1/8 step=70/100 loss=0.371274 grad_norm=0.691
[train] epoch=1/8 step=71/100 loss=0.393849 grad_norm=0.792
[train] epoch=1/8 step=72/100 loss=0.364165 grad_norm=0.608
[train] epoch=1/8 step=73/100 loss=0.380223 grad_norm=0.621
[train] epoch=1/8 step=74/100 loss=0.406321 grad_norm=0.776
[train] epoch=1/8 step=75/100 loss=0.401159 grad_norm=0.530
[train] epoch=1/8 step=76/100 loss=0.387384 grad_norm=0.477
[train] epoch=1/8 step=77/100 loss=0.388239 grad_norm=0.498
[train] epoch=1/8 step=78/100 loss=0.387617 grad_norm=0.497
[train] epoch=1/8 step=79/100 loss=0.334398 grad_norm=0.625
[train] epoch=1/8 step=80/100 loss=0.402021 grad_norm=0.552
[train] epoch=1/8 step=81/100 loss=0.383001 grad_norm=0.577
[train] epoch=1/8 step=82/100 loss=0.417009 grad_norm=0.521
[train] epoch=1/8 step=83/100 loss=0.357641 grad_norm=0.551
[train] epoch=1/8 step=84/100 loss=0.393118 grad_norm=0.445
[train] epoch=1/8 step=85/100 loss=0.377327 grad_norm=0.629
[train] epoch=1/8 step=86/100 loss=0.396599 grad_norm=0.555
[train] epoch=1/8 step=87/100 loss=0.397076 grad_norm=0.548
[train] epoch=1/8 step=88/100 loss=0.402534 grad_norm=0.455
[train] epoch=1/8 step=89/100 loss=0.354325 grad_norm=0.612
[train] epoch=1/8 step=90/100 loss=0.414556 grad_norm=0.515
[train] epoch=1/8 step=91/100 loss=0.364588 grad_norm=0.402
[train] epoch=1/8 step=92/100 loss=0.419582 grad_norm=0.367
[train] epoch=1/8 step=93/100 loss=0.400744 grad_norm=0.617
[train] epoch=1/8 step=94/100 loss=0.391906 grad_norm=0.533
[train] epoch=1/8 step=95/100 loss=0.363528 grad_norm=0.539
[train] epoch=1/8 step=96/100 loss=0.394018 grad_norm=0.470
[train] epoch=1/8 step=97/100 loss=0.353416 grad_norm=0.588
[train] epoch=1/8 step=98/100 loss=0.364406 grad_norm=0.472
[train] epoch=1/8 step=99/100 loss=0.435350 grad_norm=0.489
[train] epoch=1/8 step=100/100 loss=0.406245 grad_norm=0.349
[epoch_summary] epoch=1/8 time_epoch=193.2s elapsed=193.2s eta=1352.5s lambda_batch_div=0.000 lambda_inter_div=0.250 lambda_intra_div=0.000 selection_mode=diversity_first selection_score=0.273183 train_loss=0.508080 val_loss=0.287391 val_nmpjpe=0.203703 train_pose=0.046488 train_rel=0.086909 train_dist=0.280712 train_dir=0.110185 train_var=0.012683 train_batch_div=0.112187 train_inter_div=0.108962 train_intra_div=0.282605 val_pose=0.021262 val_rel=0.041789 val_dist=0.186279 val_dir=0.056726 val_var=0.036757 val_batch_div=0.461923 val_inter_div=0.008914 val_intra_div=0.461809 train_std=0.154917/0.163555 train_std_ratio=0.953754 val_std=0.017469/0.086730 val_std_ratio=0.242526 train_pair_dist=1.280425/1.528672 train_pair_ratio=0.841365 val_pair_dist=0.141924/0.881006 val_pair_ratio=0.191996 train_inter_pair=1.280480/1.548795 train_inter_ratio=0.830450 val_inter_pair=0.003668/0.033503 val_inter_ratio=0.002511 train_intra_pair=1.279308/0.997829 train_intra_ratio=1.300214 val_intra_pair=0.141698/0.875789 val_intra_ratio=0.192745 train_action_cls=0.000000 train_action_acc=0.000 val_action_cls=0.000000 val_action_acc=0.000 grad_norm_mean=1.136 nan_loss=False nan_grad=False actions_covered=27 envs_covered=2
[ckpt] saved_last path=C:\Users\LuvRene\OneDrive\PythonProjects\Positioning\pose_estimationV2\checkpoints\ablation_meanrms_interdiv_divsel_last.pth epoch=1
[ckpt] saved path=C:\Users\LuvRene\OneDrive\PythonProjects\Positioning\pose_estimationV2\checkpoints\ablation_meanrms_interdiv_divsel.pth epoch=1 best_selection_score=0.273183 val_nmpjpe=0.203703
[epoch_start] epoch=2/8 train_size=160380 val_size=80190 test_size=80190 lr=3.000e-04 lambda_batch_div=0.000 lambda_inter_div=0.250 lambda_intra_div=0.000
[train] epoch=2/8 step=1/100 loss=0.380586 grad_norm=0.594
[train] epoch=2/8 step=2/100 loss=0.335206 grad_norm=0.401
[train] epoch=2/8 step=3/100 loss=0.367720 grad_norm=0.552
[train] epoch=2/8 step=4/100 loss=0.423089 grad_norm=0.521
[train] epoch=2/8 step=5/100 loss=0.391510 grad_norm=0.330
[train] epoch=2/8 step=6/100 loss=0.418030 grad_norm=0.406
[train] epoch=2/8 step=7/100 loss=0.378310 grad_norm=0.670
[train] epoch=2/8 step=8/100 loss=0.352377 grad_norm=0.617
[train] epoch=2/8 step=9/100 loss=0.400577 grad_norm=0.436
[train] epoch=2/8 step=10/100 loss=0.352643 grad_norm=0.534
[train] epoch=2/8 step=11/100 loss=0.357166 grad_norm=0.513
[train] epoch=2/8 step=12/100 loss=0.385224 grad_norm=0.510
[train] epoch=2/8 step=13/100 loss=0.378850 grad_norm=0.406
[train] epoch=2/8 step=14/100 loss=0.386784 grad_norm=0.642
[train] epoch=2/8 step=15/100 loss=0.366223 grad_norm=0.421
[train] epoch=2/8 step=16/100 loss=0.371061 grad_norm=0.396
[train] epoch=2/8 step=17/100 loss=0.381457 grad_norm=0.486
[train] epoch=2/8 step=18/100 loss=0.393891 grad_norm=0.360
[train] epoch=2/8 step=19/100 loss=0.363032 grad_norm=0.486
[train] epoch=2/8 step=20/100 loss=0.389815 grad_norm=0.390
[train] epoch=2/8 step=21/100 loss=0.394112 grad_norm=0.572
[train] epoch=2/8 step=22/100 loss=0.369400 grad_norm=0.398
[train] epoch=2/8 step=23/100 loss=0.366918 grad_norm=0.406
[train] epoch=2/8 step=24/100 loss=0.365110 grad_norm=0.367
[train] epoch=2/8 step=25/100 loss=0.352945 grad_norm=0.476
[train] epoch=2/8 step=26/100 loss=0.369612 grad_norm=0.550
[train] epoch=2/8 step=27/100 loss=0.357114 grad_norm=0.411
[train] epoch=2/8 step=28/100 loss=0.370637 grad_norm=0.344
[train] epoch=2/8 step=29/100 loss=0.384975 grad_norm=0.531
[train] epoch=2/8 step=30/100 loss=0.354809 grad_norm=0.446
[train] epoch=2/8 step=31/100 loss=0.337572 grad_norm=0.676
[train] epoch=2/8 step=32/100 loss=0.399705 grad_norm=0.446
[train] epoch=2/8 step=33/100 loss=0.399218 grad_norm=0.683
[train] epoch=2/8 step=34/100 loss=0.351929 grad_norm=0.518
[train] epoch=2/8 step=35/100 loss=0.358837 grad_norm=0.379
[train] epoch=2/8 step=36/100 loss=0.365965 grad_norm=0.448
[train] epoch=2/8 step=37/100 loss=0.415164 grad_norm=0.443
[train] epoch=2/8 step=38/100 loss=0.360878 grad_norm=0.424
[train] epoch=2/8 step=39/100 loss=0.375065 grad_norm=0.515
[train] epoch=2/8 step=40/100 loss=0.357817 grad_norm=0.435
[train] epoch=2/8 step=41/100 loss=0.397375 grad_norm=0.389
[train] epoch=2/8 step=42/100 loss=0.392677 grad_norm=0.388
[train] epoch=2/8 step=43/100 loss=0.384860 grad_norm=0.295
[train] epoch=2/8 step=44/100 loss=0.351505 grad_norm=0.412
[train] epoch=2/8 step=45/100 loss=0.352648 grad_norm=0.352
[train] epoch=2/8 step=46/100 loss=0.372918 grad_norm=0.329
[train] epoch=2/8 step=47/100 loss=0.384969 grad_norm=0.559
[train] epoch=2/8 step=48/100 loss=0.407639 grad_norm=0.467
[train] epoch=2/8 step=49/100 loss=0.418891 grad_norm=0.433
[train] epoch=2/8 step=50/100 loss=0.375082 grad_norm=0.501
[train] epoch=2/8 step=51/100 loss=0.370393 grad_norm=0.507
[train] epoch=2/8 step=52/100 loss=0.418892 grad_norm=0.429
[train] epoch=2/8 step=53/100 loss=0.363375 grad_norm=0.600
[train] epoch=2/8 step=54/100 loss=0.371334 grad_norm=0.345
[train] epoch=2/8 step=55/100 loss=0.378378 grad_norm=0.464
[train] epoch=2/8 step=56/100 loss=0.387219 grad_norm=0.697
[train] epoch=2/8 step=57/100 loss=0.394647 grad_norm=0.549
[train] epoch=2/8 step=58/100 loss=0.370662 grad_norm=0.783
[train] epoch=2/8 step=59/100 loss=0.363721 grad_norm=0.332
[train] epoch=2/8 step=60/100 loss=0.384856 grad_norm=0.511
[train] epoch=2/8 step=61/100 loss=0.344386 grad_norm=0.359
[train] epoch=2/8 step=62/100 loss=0.375414 grad_norm=0.507
[train] epoch=2/8 step=63/100 loss=0.389698 grad_norm=0.386
[train] epoch=2/8 step=64/100 loss=0.371003 grad_norm=0.420
[train] epoch=2/8 step=65/100 loss=0.354063 grad_norm=0.344
[train] epoch=2/8 step=66/100 loss=0.350687 grad_norm=0.676
[train] epoch=2/8 step=67/100 loss=0.345417 grad_norm=0.336
[train] epoch=2/8 step=68/100 loss=0.406855 grad_norm=0.491
[train] epoch=2/8 step=69/100 loss=0.397605 grad_norm=0.354
[train] epoch=2/8 step=70/100 loss=0.415321 grad_norm=0.339
[train] epoch=2/8 step=71/100 loss=0.383969 grad_norm=0.311
[train] epoch=2/8 step=72/100 loss=0.358851 grad_norm=0.399
[train] epoch=2/8 step=73/100 loss=0.376936 grad_norm=0.676
[train] epoch=2/8 step=74/100 loss=0.364288 grad_norm=0.364
[train] epoch=2/8 step=75/100 loss=0.346421 grad_norm=0.299
[train] epoch=2/8 step=76/100 loss=0.378904 grad_norm=0.616
[train] epoch=2/8 step=77/100 loss=0.380332 grad_norm=0.446
[train] epoch=2/8 step=78/100 loss=0.365606 grad_norm=0.372
[train] epoch=2/8 step=79/100 loss=0.351409 grad_norm=0.382
[train] epoch=2/8 step=80/100 loss=0.402544 grad_norm=0.362
[train] epoch=2/8 step=81/100 loss=0.375418 grad_norm=0.481
[train] epoch=2/8 step=82/100 loss=0.352219 grad_norm=0.424
[train] epoch=2/8 step=83/100 loss=0.355534 grad_norm=0.443
[train] epoch=2/8 step=84/100 loss=0.347733 grad_norm=0.373
[train] epoch=2/8 step=85/100 loss=0.362812 grad_norm=0.297
[train] epoch=2/8 step=86/100 loss=0.377583 grad_norm=0.422
[train] epoch=2/8 step=87/100 loss=0.375515 grad_norm=0.387
[train] epoch=2/8 step=88/100 loss=0.381339 grad_norm=0.448
[train] epoch=2/8 step=89/100 loss=0.352925 grad_norm=0.552
[train] epoch=2/8 step=90/100 loss=0.364157 grad_norm=0.496
[train] epoch=2/8 step=91/100 loss=0.369634 grad_norm=0.334
[train] epoch=2/8 step=92/100 loss=0.359130 grad_norm=0.516
[train] epoch=2/8 step=93/100 loss=0.394681 grad_norm=0.408
[train] epoch=2/8 step=94/100 loss=0.382297 grad_norm=0.439
[train] epoch=2/8 step=95/100 loss=0.386832 grad_norm=0.465
[train] epoch=2/8 step=96/100 loss=0.367218 grad_norm=0.381
[train] epoch=2/8 step=97/100 loss=0.345805 grad_norm=0.348
[train] epoch=2/8 step=98/100 loss=0.344044 grad_norm=0.326
[train] epoch=2/8 step=99/100 loss=0.327230 grad_norm=0.365
[train] epoch=2/8 step=100/100 loss=0.367655 grad_norm=0.398
[epoch_summary] epoch=2/8 time_epoch=81.8s elapsed=275.0s eta=825.1s lambda_batch_div=0.000 lambda_inter_div=0.250 lambda_intra_div=0.000 selection_mode=diversity_first selection_score=0.584228 train_loss=0.373728 val_loss=0.276329 val_nmpjpe=0.217050 train_pose=0.028161 train_rel=0.053914 train_dist=0.209997 train_dir=0.069241 train_var=0.020746 train_batch_div=0.158994 train_inter_div=0.157490 train_intra_div=0.207181 val_pose=0.022241 val_rel=0.041558 val_dist=0.174830 val_dir=0.056805 val_var=0.026303 val_batch_div=0.390179 val_inter_div=0.006692 val_intra_div=0.390385 train_std=0.114349/0.167053 train_std_ratio=0.688117 val_std=0.038513/0.086730 val_std_ratio=0.530999 train_pair_dist=0.948594/1.551489 train_pair_ratio=0.613376 val_pair_dist=0.298918/0.881006 val_pair_ratio=0.401812 train_inter_pair=0.948537/1.572310 train_inter_ratio=0.605210 val_inter_pair=0.008783/0.033503 val_inter_ratio=0.006046 train_intra_pair=0.950172/1.019661 train_intra_ratio=0.942961 val_intra_pair=0.298223/0.875789 val_intra_ratio=0.403248 train_action_cls=0.000000 train_action_acc=0.000 val_action_cls=0.000000 val_action_acc=0.000 grad_norm_mean=0.452 nan_loss=False nan_grad=False actions_covered=27 envs_covered=2
[ckpt] saved_last path=C:\Users\LuvRene\OneDrive\PythonProjects\Positioning\pose_estimationV2\checkpoints\ablation_meanrms_interdiv_divsel_last.pth epoch=2
[ckpt] saved path=C:\Users\LuvRene\OneDrive\PythonProjects\Positioning\pose_estimationV2\checkpoints\ablation_meanrms_interdiv_divsel.pth epoch=2 best_selection_score=0.584228 val_nmpjpe=0.217050
[epoch_start] epoch=3/8 train_size=160380 val_size=80190 test_size=80190 lr=3.000e-04 lambda_batch_div=0.000 lambda_inter_div=0.250 lambda_intra_div=0.000
[train] epoch=3/8 step=1/100 loss=0.381549 grad_norm=0.342
[train] epoch=3/8 step=2/100 loss=0.366775 grad_norm=0.409
[train] epoch=3/8 step=3/100 loss=0.341426 grad_norm=0.510
[train] epoch=3/8 step=4/100 loss=0.338444 grad_norm=0.518
[train] epoch=3/8 step=5/100 loss=0.324445 grad_norm=0.376
[train] epoch=3/8 step=6/100 loss=0.333923 grad_norm=0.423
[train] epoch=3/8 step=7/100 loss=0.372929 grad_norm=0.374
[train] epoch=3/8 step=8/100 loss=0.339891 grad_norm=0.336
[train] epoch=3/8 step=9/100 loss=0.350778 grad_norm=0.305
[train] epoch=3/8 step=10/100 loss=0.366787 grad_norm=0.458
[train] epoch=3/8 step=11/100 loss=0.366863 grad_norm=0.473
[train] epoch=3/8 step=12/100 loss=0.356285 grad_norm=0.528
[train] epoch=3/8 step=13/100 loss=0.362989 grad_norm=0.436
[train] epoch=3/8 step=14/100 loss=0.422656 grad_norm=0.401
[train] epoch=3/8 step=15/100 loss=0.369778 grad_norm=0.334
[train] epoch=3/8 step=16/100 loss=0.362440 grad_norm=0.311
[train] epoch=3/8 step=17/100 loss=0.355960 grad_norm=0.349
[train] epoch=3/8 step=18/100 loss=0.368229 grad_norm=0.319
[train] epoch=3/8 step=19/100 loss=0.338567 grad_norm=0.340
[train] epoch=3/8 step=20/100 loss=0.371200 grad_norm=0.311
[train] epoch=3/8 step=21/100 loss=0.363021 grad_norm=0.437
[train] epoch=3/8 step=22/100 loss=0.318147 grad_norm=0.281
[train] epoch=3/8 step=23/100 loss=0.372784 grad_norm=0.494
[train] epoch=3/8 step=24/100 loss=0.354245 grad_norm=0.390
[train] epoch=3/8 step=25/100 loss=0.379856 grad_norm=0.333
[train] epoch=3/8 step=26/100 loss=0.342104 grad_norm=0.578
[train] epoch=3/8 step=27/100 loss=0.355252 grad_norm=0.327
[train] epoch=3/8 step=28/100 loss=0.382620 grad_norm=0.369
[train] epoch=3/8 step=29/100 loss=0.333034 grad_norm=0.318
[train] epoch=3/8 step=30/100 loss=0.362727 grad_norm=0.379
[train] epoch=3/8 step=31/100 loss=0.406227 grad_norm=0.477
[train] epoch=3/8 step=32/100 loss=0.356092 grad_norm=0.557
[train] epoch=3/8 step=33/100 loss=0.361884 grad_norm=0.531
[train] epoch=3/8 step=34/100 loss=0.388673 grad_norm=0.332
[train] epoch=3/8 step=35/100 loss=0.407513 grad_norm=0.268
[train] epoch=3/8 step=36/100 loss=0.428329 grad_norm=0.806
[train] epoch=3/8 step=37/100 loss=0.379698 grad_norm=0.786
[train] epoch=3/8 step=38/100 loss=0.384439 grad_norm=0.362
[train] epoch=3/8 step=39/100 loss=0.359669 grad_norm=0.430
[train] epoch=3/8 step=40/100 loss=0.401016 grad_norm=1.049
[train] epoch=3/8 step=41/100 loss=0.354089 grad_norm=0.744
[train] epoch=3/8 step=42/100 loss=0.356603 grad_norm=0.406
[train] epoch=3/8 step=43/100 loss=0.375697 grad_norm=0.514
[train] epoch=3/8 step=44/100 loss=0.357177 grad_norm=0.603
[train] epoch=3/8 step=45/100 loss=0.378603 grad_norm=0.303
[train] epoch=3/8 step=46/100 loss=0.358094 grad_norm=0.623
[train] epoch=3/8 step=47/100 loss=0.355639 grad_norm=0.441
[train] epoch=3/8 step=48/100 loss=0.365022 grad_norm=0.387
[train] epoch=3/8 step=49/100 loss=0.360550 grad_norm=0.750
[train] epoch=3/8 step=50/100 loss=0.341325 grad_norm=0.647
[train] epoch=3/8 step=51/100 loss=0.376220 grad_norm=0.747
[train] epoch=3/8 step=52/100 loss=0.425187 grad_norm=0.701
[train] epoch=3/8 step=53/100 loss=0.380907 grad_norm=0.426
[train] epoch=3/8 step=54/100 loss=0.343346 grad_norm=0.304
[train] epoch=3/8 step=55/100 loss=0.338309 grad_norm=0.667
[train] epoch=3/8 step=56/100 loss=0.321365 grad_norm=0.584
[train] epoch=3/8 step=57/100 loss=0.390473 grad_norm=0.530
[train] epoch=3/8 step=58/100 loss=0.359933 grad_norm=0.858
[train] epoch=3/8 step=59/100 loss=0.330098 grad_norm=0.530
[train] epoch=3/8 step=60/100 loss=0.403140 grad_norm=0.535
[train] epoch=3/8 step=61/100 loss=0.357768 grad_norm=0.753
[train] epoch=3/8 step=62/100 loss=0.361530 grad_norm=0.599
[train] epoch=3/8 step=63/100 loss=0.353620 grad_norm=0.365
[train] epoch=3/8 step=64/100 loss=0.364937 grad_norm=0.294
[train] epoch=3/8 step=65/100 loss=0.352064 grad_norm=0.401
[train] epoch=3/8 step=66/100 loss=0.369483 grad_norm=0.695
[train] epoch=3/8 step=67/100 loss=0.328879 grad_norm=0.366
[train] epoch=3/8 step=68/100 loss=0.327041 grad_norm=0.413
[train] epoch=3/8 step=69/100 loss=0.330772 grad_norm=0.352
[train] epoch=3/8 step=70/100 loss=0.340617 grad_norm=0.348
[train] epoch=3/8 step=71/100 loss=0.361169 grad_norm=0.307
[train] epoch=3/8 step=72/100 loss=0.355831 grad_norm=0.306
[train] epoch=3/8 step=73/100 loss=0.375307 grad_norm=0.507
[train] epoch=3/8 step=74/100 loss=0.361068 grad_norm=0.427
[train] epoch=3/8 step=75/100 loss=0.360412 grad_norm=0.311
[train] epoch=3/8 step=76/100 loss=0.359073 grad_norm=0.431
[train] epoch=3/8 step=77/100 loss=0.343552 grad_norm=0.485
[train] epoch=3/8 step=78/100 loss=0.331415 grad_norm=0.260
[train] epoch=3/8 step=79/100 loss=0.393256 grad_norm=0.370
[train] epoch=3/8 step=80/100 loss=0.354464 grad_norm=0.315
[train] epoch=3/8 step=81/100 loss=0.366936 grad_norm=0.292
[train] epoch=3/8 step=82/100 loss=0.346118 grad_norm=0.510
[train] epoch=3/8 step=83/100 loss=0.335592 grad_norm=0.474
[train] epoch=3/8 step=84/100 loss=0.375651 grad_norm=0.372
[train] epoch=3/8 step=85/100 loss=0.374703 grad_norm=0.382
[train] epoch=3/8 step=86/100 loss=0.338842 grad_norm=0.323
[train] epoch=3/8 step=87/100 loss=0.351896 grad_norm=0.360
[train] epoch=3/8 step=88/100 loss=0.357369 grad_norm=0.254
[train] epoch=3/8 step=89/100 loss=0.370601 grad_norm=0.488
[train] epoch=3/8 step=90/100 loss=0.350333 grad_norm=0.521
[train] epoch=3/8 step=91/100 loss=0.353546 grad_norm=0.331
[train] epoch=3/8 step=92/100 loss=0.398852 grad_norm=0.581
[train] epoch=3/8 step=93/100 loss=0.371334 grad_norm=0.310
[train] epoch=3/8 step=94/100 loss=0.305400 grad_norm=0.372
[train] epoch=3/8 step=95/100 loss=0.357939 grad_norm=0.547
[train] epoch=3/8 step=96/100 loss=0.370612 grad_norm=0.543
[train] epoch=3/8 step=97/100 loss=0.385812 grad_norm=0.318
[train] epoch=3/8 step=98/100 loss=0.393678 grad_norm=0.354
[train] epoch=3/8 step=99/100 loss=0.338083 grad_norm=0.460
[train] epoch=3/8 step=100/100 loss=0.359935 grad_norm=0.482
[epoch_summary] epoch=3/8 time_epoch=80.5s elapsed=355.5s eta=592.6s lambda_batch_div=0.000 lambda_inter_div=0.250 lambda_intra_div=0.000 selection_mode=diversity_first selection_score=0.852175 train_loss=0.361865 val_loss=0.270542 val_nmpjpe=0.239238 train_pose=0.029147 train_rel=0.051640 train_dist=0.201546 train_dir=0.067157 train_var=0.019692 train_batch_div=0.154638 train_inter_div=0.152780 train_intra_div=0.228233 val_pose=0.024355 val_rel=0.041202 val_dist=0.167420 val_dir=0.056763 val_var=0.021261 val_batch_div=0.385296 val_inter_div=0.005610 val_intra_div=0.386171 train_std=0.120425/0.166493 train_std_ratio=0.728405 val_std=0.057405/0.086730 val_std_ratio=0.789015 train_pair_dist=0.995759/1.550550 train_pair_ratio=0.644820 val_pair_dist=0.432239/0.881006 val_pair_ratio=0.579466 train_inter_pair=0.995830/1.571606 train_inter_ratio=0.636201 val_inter_pair=0.012972/0.033503 val_inter_ratio=0.008923 train_intra_pair=0.993713/1.003298 train_intra_ratio=1.006552 val_intra_pair=0.431154/0.875789 val_intra_ratio=0.581490 train_action_cls=0.000000 train_action_acc=0.000 val_action_cls=0.000000 val_action_acc=0.000 grad_norm_mean=0.452 nan_loss=False nan_grad=False actions_covered=27 envs_covered=2
[ckpt] saved_last path=C:\Users\LuvRene\OneDrive\PythonProjects\Positioning\pose_estimationV2\checkpoints\ablation_meanrms_interdiv_divsel_last.pth epoch=3
[ckpt] saved path=C:\Users\LuvRene\OneDrive\PythonProjects\Positioning\pose_estimationV2\checkpoints\ablation_meanrms_interdiv_divsel.pth epoch=3 best_selection_score=0.852175 val_nmpjpe=0.239238
[epoch_start] epoch=4/8 train_size=160380 val_size=80190 test_size=80190 lr=3.000e-04 lambda_batch_div=0.000 lambda_inter_div=0.250 lambda_intra_div=0.000
[train] epoch=4/8 step=1/100 loss=0.371206 grad_norm=0.413
[train] epoch=4/8 step=2/100 loss=0.373458 grad_norm=0.270
[train] epoch=4/8 step=3/100 loss=0.355315 grad_norm=0.304
[train] epoch=4/8 step=4/100 loss=0.354993 grad_norm=0.437
[train] epoch=4/8 step=5/100 loss=0.351767 grad_norm=0.638
[train] epoch=4/8 step=6/100 loss=0.362534 grad_norm=0.461
[train] epoch=4/8 step=7/100 loss=0.380944 grad_norm=0.339
[train] epoch=4/8 step=8/100 loss=0.344035 grad_norm=0.319
[train] epoch=4/8 step=9/100 loss=0.325962 grad_norm=0.572
[train] epoch=4/8 step=10/100 loss=0.348285 grad_norm=0.451
[train] epoch=4/8 step=11/100 loss=0.382822 grad_norm=0.404
[train] epoch=4/8 step=12/100 loss=0.347646 grad_norm=0.464
[train] epoch=4/8 step=13/100 loss=0.358141 grad_norm=0.447
[train] epoch=4/8 step=14/100 loss=0.361362 grad_norm=0.385
[train] epoch=4/8 step=15/100 loss=0.344618 grad_norm=0.482
[train] epoch=4/8 step=16/100 loss=0.374209 grad_norm=0.521
[train] epoch=4/8 step=17/100 loss=0.312973 grad_norm=0.451
[train] epoch=4/8 step=18/100 loss=0.320724 grad_norm=0.272
[train] epoch=4/8 step=19/100 loss=0.336622 grad_norm=0.313
[train] epoch=4/8 step=20/100 loss=0.384607 grad_norm=0.320
[train] epoch=4/8 step=21/100 loss=0.391809 grad_norm=0.376
[train] epoch=4/8 step=22/100 loss=0.313962 grad_norm=0.254
[train] epoch=4/8 step=23/100 loss=0.362765 grad_norm=0.368
[train] epoch=4/8 step=24/100 loss=0.339898 grad_norm=0.415
[train] epoch=4/8 step=25/100 loss=0.368077 grad_norm=0.316
[train] epoch=4/8 step=26/100 loss=0.357760 grad_norm=0.312
[train] epoch=4/8 step=27/100 loss=0.353434 grad_norm=0.565
[train] epoch=4/8 step=28/100 loss=0.330723 grad_norm=0.369
[train] epoch=4/8 step=29/100 loss=0.332856 grad_norm=0.234
[train] epoch=4/8 step=30/100 loss=0.377658 grad_norm=0.600
[train] epoch=4/8 step=31/100 loss=0.356208 grad_norm=0.307
[train] epoch=4/8 step=32/100 loss=0.377418 grad_norm=0.268
[train] epoch=4/8 step=33/100 loss=0.373217 grad_norm=0.510
[train] epoch=4/8 step=34/100 loss=0.329762 grad_norm=0.271
[train] epoch=4/8 step=35/100 loss=0.357220 grad_norm=0.307
[train] epoch=4/8 step=36/100 loss=0.351556 grad_norm=0.436
[train] epoch=4/8 step=37/100 loss=0.371299 grad_norm=0.323
[train] epoch=4/8 step=38/100 loss=0.374736 grad_norm=0.535
[train] epoch=4/8 step=39/100 loss=0.336869 grad_norm=0.344
[train] epoch=4/8 step=40/100 loss=0.345368 grad_norm=0.283
[train] epoch=4/8 step=41/100 loss=0.346041 grad_norm=0.424
[train] epoch=4/8 step=42/100 loss=0.329254 grad_norm=0.391
[train] epoch=4/8 step=43/100 loss=0.366266 grad_norm=0.561
[train] epoch=4/8 step=44/100 loss=0.370447 grad_norm=1.007
[train] epoch=4/8 step=45/100 loss=0.324543 grad_norm=0.308
[train] epoch=4/8 step=46/100 loss=0.394495 grad_norm=0.635
[train] epoch=4/8 step=47/100 loss=0.363011 grad_norm=0.845
[train] epoch=4/8 step=48/100 loss=0.378745 grad_norm=0.617
[train] epoch=4/8 step=49/100 loss=0.329689 grad_norm=0.408
[train] epoch=4/8 step=50/100 loss=0.357338 grad_norm=1.031
[train] epoch=4/8 step=51/100 loss=0.379079 grad_norm=0.818
[train] epoch=4/8 step=52/100 loss=0.353533 grad_norm=0.294
[train] epoch=4/8 step=53/100 loss=0.399458 grad_norm=0.299
[train] epoch=4/8 step=54/100 loss=0.323944 grad_norm=0.350
[train] epoch=4/8 step=55/100 loss=0.391345 grad_norm=0.726
[train] epoch=4/8 step=56/100 loss=0.336308 grad_norm=0.523
[train] epoch=4/8 step=57/100 loss=0.359530 grad_norm=0.378
[train] epoch=4/8 step=58/100 loss=0.324843 grad_norm=0.472
[train] epoch=4/8 step=59/100 loss=0.344156 grad_norm=0.527
[train] epoch=4/8 step=60/100 loss=0.349883 grad_norm=0.311
[train] epoch=4/8 step=61/100 loss=0.320199 grad_norm=0.441
[train] epoch=4/8 step=62/100 loss=0.310548 grad_norm=0.489
[train] epoch=4/8 step=63/100 loss=0.347355 grad_norm=0.340
[train] epoch=4/8 step=64/100 loss=0.382399 grad_norm=0.542
[train] epoch=4/8 step=65/100 loss=0.337900 grad_norm=0.375
[train] epoch=4/8 step=66/100 loss=0.326867 grad_norm=0.310
[train] epoch=4/8 step=67/100 loss=0.352727 grad_norm=0.348
[train] epoch=4/8 step=68/100 loss=0.297140 grad_norm=0.512
[train] epoch=4/8 step=69/100 loss=0.357094 grad_norm=0.303
[train] epoch=4/8 step=70/100 loss=0.325797 grad_norm=0.618
[train] epoch=4/8 step=71/100 loss=0.329770 grad_norm=0.283
[train] epoch=4/8 step=72/100 loss=0.362563 grad_norm=0.646
[train] epoch=4/8 step=73/100 loss=0.356271 grad_norm=0.384
[train] epoch=4/8 step=74/100 loss=0.342782 grad_norm=0.273
[train] epoch=4/8 step=75/100 loss=0.349889 grad_norm=0.475
[train] epoch=4/8 step=76/100 loss=0.364080 grad_norm=0.749
[train] epoch=4/8 step=77/100 loss=0.328859 grad_norm=0.246
[train] epoch=4/8 step=78/100 loss=0.369195 grad_norm=0.490
[train] epoch=4/8 step=79/100 loss=0.349846 grad_norm=0.419
[train] epoch=4/8 step=80/100 loss=0.316760 grad_norm=0.306
[train] epoch=4/8 step=81/100 loss=0.370579 grad_norm=0.391
[train] epoch=4/8 step=82/100 loss=0.358086 grad_norm=0.253
[train] epoch=4/8 step=83/100 loss=0.345582 grad_norm=0.568
[train] epoch=4/8 step=84/100 loss=0.354083 grad_norm=0.323
[train] epoch=4/8 step=85/100 loss=0.347395 grad_norm=0.331
[train] epoch=4/8 step=86/100 loss=0.394275 grad_norm=0.632
[train] epoch=4/8 step=87/100 loss=0.336670 grad_norm=0.338
[train] epoch=4/8 step=88/100 loss=0.360768 grad_norm=0.276
[train] epoch=4/8 step=89/100 loss=0.346902 grad_norm=0.253
[train] epoch=4/8 step=90/100 loss=0.322228 grad_norm=0.298
[train] epoch=4/8 step=91/100 loss=0.333095 grad_norm=0.278
[train] epoch=4/8 step=92/100 loss=0.352113 grad_norm=0.253
[train] epoch=4/8 step=93/100 loss=0.370242 grad_norm=0.575
[train] epoch=4/8 step=94/100 loss=0.371623 grad_norm=0.283
[train] epoch=4/8 step=95/100 loss=0.351861 grad_norm=0.345
[train] epoch=4/8 step=96/100 loss=0.355053 grad_norm=0.484
[train] epoch=4/8 step=97/100 loss=0.333592 grad_norm=0.580
[train] epoch=4/8 step=98/100 loss=0.344260 grad_norm=0.354
[train] epoch=4/8 step=99/100 loss=0.377164 grad_norm=0.613
[train] epoch=4/8 step=100/100 loss=0.364925 grad_norm=0.476
[epoch_summary] epoch=4/8 time_epoch=80.1s elapsed=435.6s eta=435.6s lambda_batch_div=0.000 lambda_inter_div=0.250 lambda_intra_div=0.000 selection_mode=diversity_first selection_score=0.923475 train_loss=0.352353 val_loss=0.271432 val_nmpjpe=0.240727 train_pose=0.029367 train_rel=0.049500 train_dist=0.193705 train_dir=0.065251 train_var=0.019190 train_batch_div=0.159185 train_inter_div=0.157118 train_intra_div=0.241533 val_pose=0.024499 val_rel=0.040530 val_dist=0.168861 val_dir=0.056429 val_var=0.019055 val_batch_div=0.387481 val_inter_div=0.005512 val_intra_div=0.388560 train_std=0.122635/0.166824 train_std_ratio=0.739437 val_std=0.062963/0.086730 val_std_ratio=0.864757 train_pair_dist=1.007823/1.547775 train_pair_ratio=0.653616 val_pair_dist=0.465514/0.881006 val_pair_ratio=0.624210 train_inter_pair=1.007890/1.568699 train_inter_ratio=0.644949 val_inter_pair=0.013668/0.033503 val_inter_ratio=0.009428 train_intra_pair=1.005183/1.012850 train_intra_ratio=1.007195 val_intra_pair=0.464371/0.875789 val_intra_ratio=0.626371 train_action_cls=0.000000 train_action_acc=0.000 val_action_cls=0.000000 val_action_acc=0.000 grad_norm_mean=0.430 nan_loss=False nan_grad=False actions_covered=27 envs_covered=2
[ckpt] saved_last path=C:\Users\LuvRene\OneDrive\PythonProjects\Positioning\pose_estimationV2\checkpoints\ablation_meanrms_interdiv_divsel_last.pth epoch=4
[ckpt] saved path=C:\Users\LuvRene\OneDrive\PythonProjects\Positioning\pose_estimationV2\checkpoints\ablation_meanrms_interdiv_divsel.pth epoch=4 best_selection_score=0.923475 val_nmpjpe=0.240727
[epoch_start] epoch=5/8 train_size=160380 val_size=80190 test_size=80190 lr=3.000e-04 lambda_batch_div=0.000 lambda_inter_div=0.250 lambda_intra_div=0.000
[train] epoch=5/8 step=1/100 loss=0.332840 grad_norm=0.345
[train] epoch=5/8 step=2/100 loss=0.337650 grad_norm=0.366
[train] epoch=5/8 step=3/100 loss=0.357742 grad_norm=0.258
[train] epoch=5/8 step=4/100 loss=0.347407 grad_norm=0.432
[train] epoch=5/8 step=5/100 loss=0.345496 grad_norm=0.482
[train] epoch=5/8 step=6/100 loss=0.326870 grad_norm=0.482
[train] epoch=5/8 step=7/100 loss=0.351685 grad_norm=0.290
[train] epoch=5/8 step=8/100 loss=0.333714 grad_norm=0.286
[train] epoch=5/8 step=9/100 loss=0.339334 grad_norm=0.312
[train] epoch=5/8 step=10/100 loss=0.334928 grad_norm=0.613
[train] epoch=5/8 step=11/100 loss=0.321809 grad_norm=0.296
[train] epoch=5/8 step=12/100 loss=0.396355 grad_norm=0.510
[train] epoch=5/8 step=13/100 loss=0.379293 grad_norm=0.369
[train] epoch=5/8 step=14/100 loss=0.364582 grad_norm=0.300
[train] epoch=5/8 step=15/100 loss=0.350608 grad_norm=0.482
[train] epoch=5/8 step=16/100 loss=0.358564 grad_norm=0.267
[train] epoch=5/8 step=17/100 loss=0.392323 grad_norm=0.299
[train] epoch=5/8 step=18/100 loss=0.385911 grad_norm=0.382
[train] epoch=5/8 step=19/100 loss=0.359083 grad_norm=0.291
[train] epoch=5/8 step=20/100 loss=0.336478 grad_norm=0.295
[train] epoch=5/8 step=21/100 loss=0.332341 grad_norm=0.611
[train] epoch=5/8 step=22/100 loss=0.345603 grad_norm=0.282
[train] epoch=5/8 step=23/100 loss=0.332662 grad_norm=0.739
[train] epoch=5/8 step=24/100 loss=0.328004 grad_norm=0.364
[train] epoch=5/8 step=25/100 loss=0.307397 grad_norm=0.390
[train] epoch=5/8 step=26/100 loss=0.342061 grad_norm=0.407
[train] epoch=5/8 step=27/100 loss=0.312459 grad_norm=0.437
[train] epoch=5/8 step=28/100 loss=0.339365 grad_norm=0.407
[train] epoch=5/8 step=29/100 loss=0.369829 grad_norm=0.488
[train] epoch=5/8 step=30/100 loss=0.340347 grad_norm=0.404
[train] epoch=5/8 step=31/100 loss=0.388954 grad_norm=0.376
[train] epoch=5/8 step=32/100 loss=0.354954 grad_norm=0.452
[train] epoch=5/8 step=33/100 loss=0.340780 grad_norm=0.381
[train] epoch=5/8 step=34/100 loss=0.386085 grad_norm=0.265
[train] epoch=5/8 step=35/100 loss=0.353287 grad_norm=0.282
[train] epoch=5/8 step=36/100 loss=0.363922 grad_norm=0.436
[train] epoch=5/8 step=37/100 loss=0.353560 grad_norm=0.583
[train] epoch=5/8 step=38/100 loss=0.301617 grad_norm=0.428
[train] epoch=5/8 step=39/100 loss=0.399545 grad_norm=0.284
[train] epoch=5/8 step=40/100 loss=0.341846 grad_norm=0.439
[train] epoch=5/8 step=41/100 loss=0.330590 grad_norm=0.592
[train] epoch=5/8 step=42/100 loss=0.344178 grad_norm=0.668
[train] epoch=5/8 step=43/100 loss=0.358198 grad_norm=0.273
[train] epoch=5/8 step=44/100 loss=0.340438 grad_norm=0.541
[train] epoch=5/8 step=45/100 loss=0.351045 grad_norm=0.630
[train] epoch=5/8 step=46/100 loss=0.359463 grad_norm=0.738
[train] epoch=5/8 step=47/100 loss=0.389616 grad_norm=0.376
[train] epoch=5/8 step=48/100 loss=0.315316 grad_norm=0.736
[train] epoch=5/8 step=49/100 loss=0.372248 grad_norm=0.680
[train] epoch=5/8 step=50/100 loss=0.357231 grad_norm=0.857
[train] epoch=5/8 step=51/100 loss=0.333757 grad_norm=0.401
[train] epoch=5/8 step=52/100 loss=0.337793 grad_norm=0.615
[train] epoch=5/8 step=53/100 loss=0.318438 grad_norm=0.864
[train] epoch=5/8 step=54/100 loss=0.363446 grad_norm=1.112
[train] epoch=5/8 step=55/100 loss=0.336188 grad_norm=0.463
[train] epoch=5/8 step=56/100 loss=0.330667 grad_norm=0.605
[train] epoch=5/8 step=57/100 loss=0.395593 grad_norm=0.681
[train] epoch=5/8 step=58/100 loss=0.299637 grad_norm=0.837
[train] epoch=5/8 step=59/100 loss=0.369726 grad_norm=0.936
[train] epoch=5/8 step=60/100 loss=0.348215 grad_norm=0.260
[train] epoch=5/8 step=61/100 loss=0.372540 grad_norm=0.783
[train] epoch=5/8 step=62/100 loss=0.344673 grad_norm=0.597
[train] epoch=5/8 step=63/100 loss=0.328543 grad_norm=0.716
[train] epoch=5/8 step=64/100 loss=0.354360 grad_norm=0.780
[train] epoch=5/8 step=65/100 loss=0.364504 grad_norm=0.318
[train] epoch=5/8 step=66/100 loss=0.365719 grad_norm=0.671
[train] epoch=5/8 step=67/100 loss=0.362211 grad_norm=1.033
[train] epoch=5/8 step=68/100 loss=0.336640 grad_norm=0.425
[train] epoch=5/8 step=69/100 loss=0.324586 grad_norm=0.239
[train] epoch=5/8 step=70/100 loss=0.338899 grad_norm=0.515
[train] epoch=5/8 step=71/100 loss=0.340952 grad_norm=0.407
[train] epoch=5/8 step=72/100 loss=0.347929 grad_norm=0.829
[train] epoch=5/8 step=73/100 loss=0.348741 grad_norm=0.550
[train] epoch=5/8 step=74/100 loss=0.385422 grad_norm=0.320
[train] epoch=5/8 step=75/100 loss=0.333324 grad_norm=0.356
[train] epoch=5/8 step=76/100 loss=0.337703 grad_norm=0.803
[train] epoch=5/8 step=77/100 loss=0.345679 grad_norm=0.683
[train] epoch=5/8 step=78/100 loss=0.369987 grad_norm=0.666
[train] epoch=5/8 step=79/100 loss=0.358690 grad_norm=0.286
[train] epoch=5/8 step=80/100 loss=0.332620 grad_norm=0.593
[train] epoch=5/8 step=81/100 loss=0.334339 grad_norm=1.379
[train] epoch=5/8 step=82/100 loss=0.361183 grad_norm=0.683
[train] epoch=5/8 step=83/100 loss=0.351405 grad_norm=0.249
[train] epoch=5/8 step=84/100 loss=0.384193 grad_norm=0.491
[train] epoch=5/8 step=85/100 loss=0.387605 grad_norm=0.264
[train] epoch=5/8 step=86/100 loss=0.340434 grad_norm=0.909
[train] epoch=5/8 step=87/100 loss=0.347874 grad_norm=0.637
[train] epoch=5/8 step=88/100 loss=0.325696 grad_norm=0.496
[train] epoch=5/8 step=89/100 loss=0.352436 grad_norm=0.507
[train] epoch=5/8 step=90/100 loss=0.333044 grad_norm=0.495
[train] epoch=5/8 step=91/100 loss=0.341259 grad_norm=0.562
[train] epoch=5/8 step=92/100 loss=0.351071 grad_norm=0.818
[train] epoch=5/8 step=93/100 loss=0.325425 grad_norm=0.699
[train] epoch=5/8 step=94/100 loss=0.356806 grad_norm=0.269
[train] epoch=5/8 step=95/100 loss=0.384581 grad_norm=0.324
[train] epoch=5/8 step=96/100 loss=0.349672 grad_norm=0.464
[train] epoch=5/8 step=97/100 loss=0.349238 grad_norm=0.289
[train] epoch=5/8 step=98/100 loss=0.344907 grad_norm=0.508
[train] epoch=5/8 step=99/100 loss=0.345086 grad_norm=0.265
[train] epoch=5/8 step=100/100 loss=0.338434 grad_norm=0.653
[epoch_summary] epoch=5/8 time_epoch=80.5s elapsed=516.1s eta=309.7s lambda_batch_div=0.000 lambda_inter_div=0.250 lambda_intra_div=0.000 selection_mode=diversity_first selection_score=0.933476 train_loss=0.349375 val_loss=0.263191 val_nmpjpe=0.236727 train_pose=0.029390 train_rel=0.048427 train_dist=0.191784 train_dir=0.064117 train_var=0.019765 train_batch_div=0.161716 train_inter_div=0.159480 train_intra_div=0.252377 val_pose=0.024035 val_rel=0.039765 val_dist=0.161879 val_dir=0.056035 val_var=0.018684 val_batch_div=0.386815 val_inter_div=0.005437 val_intra_div=0.387886 train_std=0.123130/0.165038 train_std_ratio=0.751614 val_std=0.063943/0.086730 val_std_ratio=0.878460 train_pair_dist=1.005041/1.541229 train_pair_ratio=0.654924 val_pair_dist=0.469264/0.881006 val_pair_ratio=0.629326 train_inter_pair=1.005133/1.561947 train_inter_ratio=0.646268 val_inter_pair=0.013794/0.033503 val_inter_ratio=0.009494 train_intra_pair=1.001739/1.008197 train_intra_ratio=1.008273 val_intra_pair=0.468147/0.875789 val_intra_ratio=0.631594 train_action_cls=0.000000 train_action_acc=0.000 val_action_cls=0.000000 val_action_acc=0.000 grad_norm_mean=0.512 nan_loss=False nan_grad=False actions_covered=27 envs_covered=2
[ckpt] saved_last path=C:\Users\LuvRene\OneDrive\PythonProjects\Positioning\pose_estimationV2\checkpoints\ablation_meanrms_interdiv_divsel_last.pth epoch=5
[ckpt] saved path=C:\Users\LuvRene\OneDrive\PythonProjects\Positioning\pose_estimationV2\checkpoints\ablation_meanrms_interdiv_divsel.pth epoch=5 best_selection_score=0.933476 val_nmpjpe=0.236727
[epoch_start] epoch=6/8 train_size=160380 val_size=80190 test_size=80190 lr=3.000e-04 lambda_batch_div=0.000 lambda_inter_div=0.250 lambda_intra_div=0.000
[train] epoch=6/8 step=1/100 loss=0.357477 grad_norm=0.731
[train] epoch=6/8 step=2/100 loss=0.349447 grad_norm=0.318
[train] epoch=6/8 step=3/100 loss=0.352183 grad_norm=0.302
[train] epoch=6/8 step=4/100 loss=0.376942 grad_norm=1.041
[train] epoch=6/8 step=5/100 loss=0.324643 grad_norm=0.689
[train] epoch=6/8 step=6/100 loss=0.358800 grad_norm=0.502
[train] epoch=6/8 step=7/100 loss=0.370820 grad_norm=0.551
[train] epoch=6/8 step=8/100 loss=0.369357 grad_norm=0.902
[train] epoch=6/8 step=9/100 loss=0.361825 grad_norm=0.754
[train] epoch=6/8 step=10/100 loss=0.325324 grad_norm=0.512
[train] epoch=6/8 step=11/100 loss=0.311670 grad_norm=0.283
[train] epoch=6/8 step=12/100 loss=0.382660 grad_norm=0.869
[train] epoch=6/8 step=13/100 loss=0.382335 grad_norm=0.478
[train] epoch=6/8 step=14/100 loss=0.352215 grad_norm=0.406
[train] epoch=6/8 step=15/100 loss=0.351903 grad_norm=0.602
[train] epoch=6/8 step=16/100 loss=0.313923 grad_norm=0.263
[train] epoch=6/8 step=17/100 loss=0.356648 grad_norm=0.421
[train] epoch=6/8 step=18/100 loss=0.363421 grad_norm=0.480
[train] epoch=6/8 step=19/100 loss=0.331907 grad_norm=0.798
[train] epoch=6/8 step=20/100 loss=0.326511 grad_norm=0.295
[train] epoch=6/8 step=21/100 loss=0.341575 grad_norm=0.334
[train] epoch=6/8 step=22/100 loss=0.316110 grad_norm=0.568
[train] epoch=6/8 step=23/100 loss=0.347229 grad_norm=0.640
[train] epoch=6/8 step=24/100 loss=0.349170 grad_norm=0.223
[train] epoch=6/8 step=25/100 loss=0.344417 grad_norm=0.318
[train] epoch=6/8 step=26/100 loss=0.346357 grad_norm=0.304
[train] epoch=6/8 step=27/100 loss=0.358482 grad_norm=0.261
[train] epoch=6/8 step=28/100 loss=0.364318 grad_norm=0.452
[train] epoch=6/8 step=29/100 loss=0.322927 grad_norm=0.332
[train] epoch=6/8 step=30/100 loss=0.343912 grad_norm=0.352
[train] epoch=6/8 step=31/100 loss=0.361342 grad_norm=0.282
[train] epoch=6/8 step=32/100 loss=0.366776 grad_norm=0.321
[train] epoch=6/8 step=33/100 loss=0.345824 grad_norm=0.655
[train] epoch=6/8 step=34/100 loss=0.337215 grad_norm=0.432
[train] epoch=6/8 step=35/100 loss=0.337324 grad_norm=0.313
[train] epoch=6/8 step=36/100 loss=0.337456 grad_norm=0.240
[train] epoch=6/8 step=37/100 loss=0.346215 grad_norm=0.401
[train] epoch=6/8 step=38/100 loss=0.340986 grad_norm=0.263
[train] epoch=6/8 step=39/100 loss=0.339807 grad_norm=0.388
[train] epoch=6/8 step=40/100 loss=0.373529 grad_norm=0.358
[train] epoch=6/8 step=41/100 loss=0.339145 grad_norm=0.299
[train] epoch=6/8 step=42/100 loss=0.337290 grad_norm=0.518
[train] epoch=6/8 step=43/100 loss=0.357210 grad_norm=0.416
[train] epoch=6/8 step=44/100 loss=0.353715 grad_norm=0.582
[train] epoch=6/8 step=45/100 loss=0.317178 grad_norm=0.298
[train] epoch=6/8 step=46/100 loss=0.362848 grad_norm=0.490
[train] epoch=6/8 step=47/100 loss=0.385018 grad_norm=0.408
[train] epoch=6/8 step=48/100 loss=0.354735 grad_norm=0.369
[train] epoch=6/8 step=49/100 loss=0.356042 grad_norm=0.292
[train] epoch=6/8 step=50/100 loss=0.302400 grad_norm=0.304
[train] epoch=6/8 step=51/100 loss=0.360450 grad_norm=0.340
[train] epoch=6/8 step=52/100 loss=0.326092 grad_norm=0.430
[train] epoch=6/8 step=53/100 loss=0.340164 grad_norm=0.296
[train] epoch=6/8 step=54/100 loss=0.381781 grad_norm=0.246
[train] epoch=6/8 step=55/100 loss=0.312176 grad_norm=0.840
[train] epoch=6/8 step=56/100 loss=0.328144 grad_norm=0.289
[train] epoch=6/8 step=57/100 loss=0.339386 grad_norm=0.267
[train] epoch=6/8 step=58/100 loss=0.350597 grad_norm=0.271
[train] epoch=6/8 step=59/100 loss=0.369883 grad_norm=0.317
[train] epoch=6/8 step=60/100 loss=0.322041 grad_norm=0.327
[train] epoch=6/8 step=61/100 loss=0.339215 grad_norm=0.435
[train] epoch=6/8 step=62/100 loss=0.305918 grad_norm=0.306
[train] epoch=6/8 step=63/100 loss=0.348385 grad_norm=0.233
[train] epoch=6/8 step=64/100 loss=0.348408 grad_norm=0.241
[train] epoch=6/8 step=65/100 loss=0.329375 grad_norm=0.306
[train] epoch=6/8 step=66/100 loss=0.324577 grad_norm=0.660
[train] epoch=6/8 step=67/100 loss=0.314775 grad_norm=0.290
[train] epoch=6/8 step=68/100 loss=0.335750 grad_norm=0.319
[train] epoch=6/8 step=69/100 loss=0.359655 grad_norm=0.552
[train] epoch=6/8 step=70/100 loss=0.345192 grad_norm=0.688
[train] epoch=6/8 step=71/100 loss=0.371995 grad_norm=0.377
[train] epoch=6/8 step=72/100 loss=0.352273 grad_norm=0.684
[train] epoch=6/8 step=73/100 loss=0.354546 grad_norm=0.623
[train] epoch=6/8 step=74/100 loss=0.368236 grad_norm=0.277
[train] epoch=6/8 step=75/100 loss=0.345700 grad_norm=0.344
[train] epoch=6/8 step=76/100 loss=0.366967 grad_norm=0.267
[train] epoch=6/8 step=77/100 loss=0.332793 grad_norm=0.496
[train] epoch=6/8 step=78/100 loss=0.292518 grad_norm=0.488
[train] epoch=6/8 step=79/100 loss=0.342919 grad_norm=0.277
[train] epoch=6/8 step=80/100 loss=0.325285 grad_norm=0.312
[train] epoch=6/8 step=81/100 loss=0.346136 grad_norm=0.320
[train] epoch=6/8 step=82/100 loss=0.336713 grad_norm=0.357
[train] epoch=6/8 step=83/100 loss=0.339531 grad_norm=0.524
[train] epoch=6/8 step=84/100 loss=0.345719 grad_norm=0.605
[train] epoch=6/8 step=85/100 loss=0.339896 grad_norm=0.318
[train] epoch=6/8 step=86/100 loss=0.346143 grad_norm=0.781
[train] epoch=6/8 step=87/100 loss=0.365658 grad_norm=0.478
[train] epoch=6/8 step=88/100 loss=0.305557 grad_norm=0.478
[train] epoch=6/8 step=89/100 loss=0.329130 grad_norm=0.527
[train] epoch=6/8 step=90/100 loss=0.346502 grad_norm=0.594
[train] epoch=6/8 step=91/100 loss=0.338842 grad_norm=0.507
[train] epoch=6/8 step=92/100 loss=0.394890 grad_norm=0.283
[train] epoch=6/8 step=93/100 loss=0.358700 grad_norm=0.340
[train] epoch=6/8 step=94/100 loss=0.311138 grad_norm=0.338
[train] epoch=6/8 step=95/100 loss=0.369125 grad_norm=0.362
[train] epoch=6/8 step=96/100 loss=0.313271 grad_norm=0.478
[train] epoch=6/8 step=97/100 loss=0.349792 grad_norm=0.572
[train] epoch=6/8 step=98/100 loss=0.325921 grad_norm=0.507
[train] epoch=6/8 step=99/100 loss=0.348447 grad_norm=0.411
[train] epoch=6/8 step=100/100 loss=0.379608 grad_norm=0.668
[epoch_summary] epoch=6/8 time_epoch=81.0s elapsed=597.1s eta=199.0s lambda_batch_div=0.000 lambda_inter_div=0.250 lambda_intra_div=0.000 selection_mode=diversity_first selection_score=1.068225 train_loss=0.345325 val_loss=0.294211 val_nmpjpe=0.254250 train_pose=0.029879 train_rel=0.048235 train_dist=0.188213 train_dir=0.063307 train_var=0.017819 train_batch_div=0.161455 train_inter_div=0.159231 train_intra_div=0.254750 val_pose=0.026408 val_rel=0.041972 val_dist=0.189342 val_dir=0.056215 val_var=0.016252 val_batch_div=0.385258 val_inter_div=0.005041 val_intra_div=0.386606 train_std=0.126070/0.166801 train_std_ratio=0.759488 val_std=0.073071/0.086730 val_std_ratio=1.005233 train_pair_dist=1.021596/1.548715 train_pair_ratio=0.661889 val_pair_dist=0.536148/0.881006 val_pair_ratio=0.719884 train_inter_pair=1.021687/1.569729 train_inter_ratio=0.653095 val_inter_pair=0.015474/0.033503 val_inter_ratio=0.010628 train_intra_pair=1.019623/1.005721 train_intra_ratio=1.028201 val_intra_pair=0.534929/0.875789 val_intra_ratio=0.722476 train_action_cls=0.000000 train_action_acc=0.000 val_action_cls=0.000000 val_action_acc=0.000 grad_norm_mean=0.439 nan_loss=False nan_grad=False actions_covered=27 envs_covered=2
[ckpt] saved_last path=C:\Users\LuvRene\OneDrive\PythonProjects\Positioning\pose_estimationV2\checkpoints\ablation_meanrms_interdiv_divsel_last.pth epoch=6
[ckpt] saved path=C:\Users\LuvRene\OneDrive\PythonProjects\Positioning\pose_estimationV2\checkpoints\ablation_meanrms_interdiv_divsel.pth epoch=6 best_selection_score=1.068225 val_nmpjpe=0.254250
[epoch_start] epoch=7/8 train_size=160380 val_size=80190 test_size=80190 lr=3.000e-04 lambda_batch_div=0.000 lambda_inter_div=0.250 lambda_intra_div=0.000
[train] epoch=7/8 step=1/100 loss=0.344225 grad_norm=0.883
[train] epoch=7/8 step=2/100 loss=0.366319 grad_norm=0.288
[train] epoch=7/8 step=3/100 loss=0.374678 grad_norm=0.269
[train] epoch=7/8 step=4/100 loss=0.317344 grad_norm=0.455
[train] epoch=7/8 step=5/100 loss=0.340188 grad_norm=0.609
[train] epoch=7/8 step=6/100 loss=0.327033 grad_norm=0.522
[train] epoch=7/8 step=7/100 loss=0.340956 grad_norm=0.394
[train] epoch=7/8 step=8/100 loss=0.297455 grad_norm=0.391
[train] epoch=7/8 step=9/100 loss=0.353300 grad_norm=0.853
[train] epoch=7/8 step=10/100 loss=0.369870 grad_norm=0.561
[train] epoch=7/8 step=11/100 loss=0.364934 grad_norm=0.263
[train] epoch=7/8 step=12/100 loss=0.346512 grad_norm=0.299
[train] epoch=7/8 step=13/100 loss=0.336651 grad_norm=0.663
[train] epoch=7/8 step=14/100 loss=0.350870 grad_norm=0.918
[train] epoch=7/8 step=15/100 loss=0.349865 grad_norm=0.325
[train] epoch=7/8 step=16/100 loss=0.319305 grad_norm=0.476
[train] epoch=7/8 step=17/100 loss=0.333695 grad_norm=0.316
[train] epoch=7/8 step=18/100 loss=0.329519 grad_norm=0.474
[train] epoch=7/8 step=19/100 loss=0.346112 grad_norm=0.573
[train] epoch=7/8 step=20/100 loss=0.360350 grad_norm=0.415
[train] epoch=7/8 step=21/100 loss=0.340914 grad_norm=0.420
[train] epoch=7/8 step=22/100 loss=0.345866 grad_norm=0.473
[train] epoch=7/8 step=23/100 loss=0.339894 grad_norm=0.293
[train] epoch=7/8 step=24/100 loss=0.332488 grad_norm=0.630
[train] epoch=7/8 step=25/100 loss=0.345791 grad_norm=0.285
[train] epoch=7/8 step=26/100 loss=0.309165 grad_norm=0.532
[train] epoch=7/8 step=27/100 loss=0.316602 grad_norm=0.360
[train] epoch=7/8 step=28/100 loss=0.337858 grad_norm=0.251
[train] epoch=7/8 step=29/100 loss=0.332477 grad_norm=0.397
[train] epoch=7/8 step=30/100 loss=0.330002 grad_norm=0.335
[train] epoch=7/8 step=31/100 loss=0.312609 grad_norm=0.270
[train] epoch=7/8 step=32/100 loss=0.362797 grad_norm=0.329
[train] epoch=7/8 step=33/100 loss=0.332147 grad_norm=0.385
[train] epoch=7/8 step=34/100 loss=0.330759 grad_norm=0.275
[train] epoch=7/8 step=35/100 loss=0.353721 grad_norm=0.311
[train] epoch=7/8 step=36/100 loss=0.352330 grad_norm=0.680
[train] epoch=7/8 step=37/100 loss=0.341115 grad_norm=0.666
[train] epoch=7/8 step=38/100 loss=0.325672 grad_norm=0.576
[train] epoch=7/8 step=39/100 loss=0.337005 grad_norm=0.480
[train] epoch=7/8 step=40/100 loss=0.307761 grad_norm=0.284
[train] epoch=7/8 step=41/100 loss=0.357587 grad_norm=0.265
[train] epoch=7/8 step=42/100 loss=0.319858 grad_norm=0.299
[train] epoch=7/8 step=43/100 loss=0.327654 grad_norm=0.469
[train] epoch=7/8 step=44/100 loss=0.353290 grad_norm=0.238
[train] epoch=7/8 step=45/100 loss=0.297379 grad_norm=0.464
[train] epoch=7/8 step=46/100 loss=0.308593 grad_norm=0.463
[train] epoch=7/8 step=47/100 loss=0.312367 grad_norm=0.319
[train] epoch=7/8 step=48/100 loss=0.315132 grad_norm=0.487
[train] epoch=7/8 step=49/100 loss=0.363804 grad_norm=0.514
[train] epoch=7/8 step=50/100 loss=0.347733 grad_norm=0.839
[train] epoch=7/8 step=51/100 loss=0.331472 grad_norm=0.379
[train] epoch=7/8 step=52/100 loss=0.328817 grad_norm=0.338
[train] epoch=7/8 step=53/100 loss=0.355481 grad_norm=0.250
[train] epoch=7/8 step=54/100 loss=0.306903 grad_norm=0.476
[train] epoch=7/8 step=55/100 loss=0.347435 grad_norm=0.436
[train] epoch=7/8 step=56/100 loss=0.318262 grad_norm=0.371
[train] epoch=7/8 step=57/100 loss=0.322150 grad_norm=0.342
[train] epoch=7/8 step=58/100 loss=0.346360 grad_norm=0.255
[train] epoch=7/8 step=59/100 loss=0.348446 grad_norm=0.534
[train] epoch=7/8 step=60/100 loss=0.336035 grad_norm=0.745
[train] epoch=7/8 step=61/100 loss=0.359986 grad_norm=0.650
[train] epoch=7/8 step=62/100 loss=0.349851 grad_norm=0.294
[train] epoch=7/8 step=63/100 loss=0.292109 grad_norm=0.519
[train] epoch=7/8 step=64/100 loss=0.328288 grad_norm=0.875
[train] epoch=7/8 step=65/100 loss=0.375101 grad_norm=0.273
[train] epoch=7/8 step=66/100 loss=0.341527 grad_norm=0.330
[train] epoch=7/8 step=67/100 loss=0.327510 grad_norm=0.270
[train] epoch=7/8 step=68/100 loss=0.308819 grad_norm=0.299
[train] epoch=7/8 step=69/100 loss=0.311019 grad_norm=0.319
[train] epoch=7/8 step=70/100 loss=0.340269 grad_norm=0.368
[train] epoch=7/8 step=71/100 loss=0.355941 grad_norm=0.266
[train] epoch=7/8 step=72/100 loss=0.342555 grad_norm=0.343
[train] epoch=7/8 step=73/100 loss=0.319075 grad_norm=0.223
[train] epoch=7/8 step=74/100 loss=0.323793 grad_norm=0.580
[train] epoch=7/8 step=75/100 loss=0.349743 grad_norm=0.249
[train] epoch=7/8 step=76/100 loss=0.366766 grad_norm=0.670
[train] epoch=7/8 step=77/100 loss=0.327869 grad_norm=0.360
[train] epoch=7/8 step=78/100 loss=0.335641 grad_norm=0.278
[train] epoch=7/8 step=79/100 loss=0.311475 grad_norm=0.340
[train] epoch=7/8 step=80/100 loss=0.339386 grad_norm=0.317
[train] epoch=7/8 step=81/100 loss=0.351858 grad_norm=0.253
[train] epoch=7/8 step=82/100 loss=0.327501 grad_norm=0.372
[train] epoch=7/8 step=83/100 loss=0.318227 grad_norm=0.247
[train] epoch=7/8 step=84/100 loss=0.327367 grad_norm=0.381
[train] epoch=7/8 step=85/100 loss=0.329112 grad_norm=0.307
[train] epoch=7/8 step=86/100 loss=0.359321 grad_norm=0.657
[train] epoch=7/8 step=87/100 loss=0.368419 grad_norm=0.286
[train] epoch=7/8 step=88/100 loss=0.304388 grad_norm=0.244
[train] epoch=7/8 step=89/100 loss=0.342298 grad_norm=0.649
[train] epoch=7/8 step=90/100 loss=0.359437 grad_norm=0.481
[train] epoch=7/8 step=91/100 loss=0.351593 grad_norm=0.717
[train] epoch=7/8 step=92/100 loss=0.343002 grad_norm=0.487
[train] epoch=7/8 step=93/100 loss=0.331853 grad_norm=0.664
[train] epoch=7/8 step=94/100 loss=0.334804 grad_norm=0.712
[train] epoch=7/8 step=95/100 loss=0.324299 grad_norm=0.336
[train] epoch=7/8 step=96/100 loss=0.331295 grad_norm=0.564
[train] epoch=7/8 step=97/100 loss=0.339991 grad_norm=0.389
[train] epoch=7/8 step=98/100 loss=0.327965 grad_norm=0.379
[train] epoch=7/8 step=99/100 loss=0.342280 grad_norm=0.277
[train] epoch=7/8 step=100/100 loss=0.350901 grad_norm=0.370
[epoch_summary] epoch=7/8 time_epoch=107.3s elapsed=704.4s eta=100.6s lambda_batch_div=0.000 lambda_inter_div=0.250 lambda_intra_div=0.000 selection_mode=diversity_first selection_score=1.248138 train_loss=0.336735 val_loss=0.266052 val_nmpjpe=0.253219 train_pose=0.029519 train_rel=0.046916 train_dist=0.184267 train_dir=0.061552 train_var=0.016485 train_batch_div=0.154054 train_inter_div=0.151758 train_intra_div=0.254368 val_pose=0.026011 val_rel=0.040376 val_dist=0.162450 val_dir=0.056261 val_var=0.013378 val_batch_div=0.387011 val_inter_div=0.004566 val_intra_div=0.388758 train_std=0.128735/0.163787 train_std_ratio=0.789362 val_std=0.084229/0.086730 val_std_ratio=1.167206 train_pair_dist=1.035287/1.528262 train_pair_ratio=0.679437 val_pair_dist=0.624355/0.881006 val_pair_ratio=0.842921 train_inter_pair=1.035341/1.548197 train_inter_ratio=0.670725 val_inter_pair=0.017185/0.033503 val_inter_ratio=0.011730 train_intra_pair=1.033424/1.003117 train_intra_ratio=1.044588 val_intra_pair=0.623175/0.875789 val_intra_ratio=0.846261 train_action_cls=0.000000 train_action_acc=0.000 val_action_cls=0.000000 val_action_acc=0.000 grad_norm_mean=0.433 nan_loss=False nan_grad=False actions_covered=27 envs_covered=2
[ckpt] saved_last path=C:\Users\LuvRene\OneDrive\PythonProjects\Positioning\pose_estimationV2\checkpoints\ablation_meanrms_interdiv_divsel_last.pth epoch=7
[ckpt] saved path=C:\Users\LuvRene\OneDrive\PythonProjects\Positioning\pose_estimationV2\checkpoints\ablation_meanrms_interdiv_divsel.pth epoch=7 best_selection_score=1.248138 val_nmpjpe=0.253219
[epoch_start] epoch=8/8 train_size=160380 val_size=80190 test_size=80190 lr=3.000e-04 lambda_batch_div=0.000 lambda_inter_div=0.250 lambda_intra_div=0.000
[train] epoch=8/8 step=1/100 loss=0.324758 grad_norm=0.308
[train] epoch=8/8 step=2/100 loss=0.355191 grad_norm=0.257
[train] epoch=8/8 step=3/100 loss=0.365379 grad_norm=0.717
[train] epoch=8/8 step=4/100 loss=0.353374 grad_norm=0.366
[train] epoch=8/8 step=5/100 loss=0.307036 grad_norm=0.270
[train] epoch=8/8 step=6/100 loss=0.319954 grad_norm=0.303
[train] epoch=8/8 step=7/100 loss=0.329341 grad_norm=0.280
[train] epoch=8/8 step=8/100 loss=0.364881 grad_norm=0.528
[train] epoch=8/8 step=9/100 loss=0.338859 grad_norm=0.369
[train] epoch=8/8 step=10/100 loss=0.316622 grad_norm=0.330
[train] epoch=8/8 step=11/100 loss=0.328972 grad_norm=0.447
[train] epoch=8/8 step=12/100 loss=0.341236 grad_norm=0.346
[train] epoch=8/8 step=13/100 loss=0.368991 grad_norm=0.321
[train] epoch=8/8 step=14/100 loss=0.307641 grad_norm=0.258
[train] epoch=8/8 step=15/100 loss=0.308085 grad_norm=0.242
[train] epoch=8/8 step=16/100 loss=0.354897 grad_norm=0.401
[train] epoch=8/8 step=17/100 loss=0.305148 grad_norm=0.420
[train] epoch=8/8 step=18/100 loss=0.312964 grad_norm=0.405
[train] epoch=8/8 step=19/100 loss=0.334325 grad_norm=0.260
[train] epoch=8/8 step=20/100 loss=0.316440 grad_norm=0.653
[train] epoch=8/8 step=21/100 loss=0.331379 grad_norm=0.394
[train] epoch=8/8 step=22/100 loss=0.345754 grad_norm=0.391
[train] epoch=8/8 step=23/100 loss=0.331834 grad_norm=0.402
[train] epoch=8/8 step=24/100 loss=0.348143 grad_norm=0.503
[train] epoch=8/8 step=25/100 loss=0.337152 grad_norm=0.284
[train] epoch=8/8 step=26/100 loss=0.325106 grad_norm=0.315
[train] epoch=8/8 step=27/100 loss=0.329137 grad_norm=0.618
[train] epoch=8/8 step=28/100 loss=0.322119 grad_norm=0.445
[train] epoch=8/8 step=29/100 loss=0.350581 grad_norm=0.335
[train] epoch=8/8 step=30/100 loss=0.314901 grad_norm=0.502
[train] epoch=8/8 step=31/100 loss=0.337795 grad_norm=0.636
[train] epoch=8/8 step=32/100 loss=0.323520 grad_norm=0.315
[train] epoch=8/8 step=33/100 loss=0.376748 grad_norm=0.527
[train] epoch=8/8 step=34/100 loss=0.345711 grad_norm=0.676
[train] epoch=8/8 step=35/100 loss=0.321026 grad_norm=0.488
[train] epoch=8/8 step=36/100 loss=0.338799 grad_norm=0.515
[train] epoch=8/8 step=37/100 loss=0.323655 grad_norm=0.251
[train] epoch=8/8 step=38/100 loss=0.307892 grad_norm=0.310
[train] epoch=8/8 step=39/100 loss=0.370609 grad_norm=0.259
[train] epoch=8/8 step=40/100 loss=0.375222 grad_norm=0.459
[train] epoch=8/8 step=41/100 loss=0.368247 grad_norm=0.390
[train] epoch=8/8 step=42/100 loss=0.341371 grad_norm=0.297
[train] epoch=8/8 step=43/100 loss=0.339445 grad_norm=0.280
[train] epoch=8/8 step=44/100 loss=0.317803 grad_norm=0.320
[train] epoch=8/8 step=45/100 loss=0.308121 grad_norm=0.428
[train] epoch=8/8 step=46/100 loss=0.317296 grad_norm=0.317
[train] epoch=8/8 step=47/100 loss=0.374507 grad_norm=0.574
[train] epoch=8/8 step=48/100 loss=0.352917 grad_norm=0.314
[train] epoch=8/8 step=49/100 loss=0.292473 grad_norm=0.454
[train] epoch=8/8 step=50/100 loss=0.351695 grad_norm=0.258
[train] epoch=8/8 step=51/100 loss=0.351367 grad_norm=0.337
[train] epoch=8/8 step=52/100 loss=0.329367 grad_norm=0.228
[train] epoch=8/8 step=53/100 loss=0.325419 grad_norm=0.270
[train] epoch=8/8 step=54/100 loss=0.331146 grad_norm=0.611
[train] epoch=8/8 step=55/100 loss=0.332163 grad_norm=0.321
[train] epoch=8/8 step=56/100 loss=0.344762 grad_norm=0.209
[train] epoch=8/8 step=57/100 loss=0.310568 grad_norm=0.286
[train] epoch=8/8 step=58/100 loss=0.351613 grad_norm=0.631
[train] epoch=8/8 step=59/100 loss=0.367374 grad_norm=0.247
[train] epoch=8/8 step=60/100 loss=0.354339 grad_norm=0.536
[train] epoch=8/8 step=61/100 loss=0.363729 grad_norm=0.482
[train] epoch=8/8 step=62/100 loss=0.343384 grad_norm=0.454
[train] epoch=8/8 step=63/100 loss=0.324427 grad_norm=0.388
[train] epoch=8/8 step=64/100 loss=0.338876 grad_norm=0.263
[train] epoch=8/8 step=65/100 loss=0.343967 grad_norm=0.295
[train] epoch=8/8 step=66/100 loss=0.346251 grad_norm=0.401
[train] epoch=8/8 step=67/100 loss=0.340407 grad_norm=0.478
[train] epoch=8/8 step=68/100 loss=0.329032 grad_norm=0.306
[train] epoch=8/8 step=69/100 loss=0.333857 grad_norm=0.196
[train] epoch=8/8 step=70/100 loss=0.319117 grad_norm=0.280
[train] epoch=8/8 step=71/100 loss=0.343254 grad_norm=0.350
[train] epoch=8/8 step=72/100 loss=0.311965 grad_norm=0.346
[train] epoch=8/8 step=73/100 loss=0.348348 grad_norm=0.326
[train] epoch=8/8 step=74/100 loss=0.325500 grad_norm=0.247
[train] epoch=8/8 step=75/100 loss=0.320008 grad_norm=0.291
[train] epoch=8/8 step=76/100 loss=0.311466 grad_norm=0.266
[train] epoch=8/8 step=77/100 loss=0.329134 grad_norm=0.410
[train] epoch=8/8 step=78/100 loss=0.320927 grad_norm=0.327
[train] epoch=8/8 step=79/100 loss=0.310849 grad_norm=0.416
[train] epoch=8/8 step=80/100 loss=0.340297 grad_norm=0.450
[train] epoch=8/8 step=81/100 loss=0.365120 grad_norm=0.452
[train] epoch=8/8 step=82/100 loss=0.345112 grad_norm=0.472
[train] epoch=8/8 step=83/100 loss=0.338676 grad_norm=0.238
[train] epoch=8/8 step=84/100 loss=0.322190 grad_norm=0.370
[train] epoch=8/8 step=85/100 loss=0.318016 grad_norm=0.280
[train] epoch=8/8 step=86/100 loss=0.327792 grad_norm=0.263
[train] epoch=8/8 step=87/100 loss=0.330222 grad_norm=0.252
[train] epoch=8/8 step=88/100 loss=0.335241 grad_norm=0.492
[train] epoch=8/8 step=89/100 loss=0.343420 grad_norm=0.413
[train] epoch=8/8 step=90/100 loss=0.342870 grad_norm=0.345
[train] epoch=8/8 step=91/100 loss=0.342723 grad_norm=0.347
[train] epoch=8/8 step=92/100 loss=0.340744 grad_norm=0.303
[train] epoch=8/8 step=93/100 loss=0.354673 grad_norm=0.539
[train] epoch=8/8 step=94/100 loss=0.359428 grad_norm=0.314
[train] epoch=8/8 step=95/100 loss=0.314647 grad_norm=0.237
[train] epoch=8/8 step=96/100 loss=0.350625 grad_norm=0.539
[train] epoch=8/8 step=97/100 loss=0.324969 grad_norm=0.516
[train] epoch=8/8 step=98/100 loss=0.302201 grad_norm=0.328
[train] epoch=8/8 step=99/100 loss=0.335542 grad_norm=0.297
[train] epoch=8/8 step=100/100 loss=0.348690 grad_norm=0.351
[epoch_summary] epoch=8/8 time_epoch=77.9s elapsed=782.3s eta=0.0s lambda_batch_div=0.000 lambda_inter_div=0.250 lambda_intra_div=0.000 selection_mode=diversity_first selection_score=1.291973 train_loss=0.335609 val_loss=0.262072 val_nmpjpe=0.258593 train_pose=0.030654 train_rel=0.047144 train_dist=0.182627 train_dir=0.062171 train_var=0.015511 train_batch_div=0.148679 train_inter_div=0.146341 train_intra_div=0.251540 val_pose=0.026418 val_rel=0.040101 val_dist=0.157933 val_dir=0.056561 val_var=0.012903 val_batch_div=0.392848 val_inter_div=0.004440 val_intra_div=0.394649 train_std=0.136012/0.166061 train_std_ratio=0.823260 val_std=0.087756/0.086730 val_std_ratio=1.216376 train_pair_dist=1.083534/1.544160 train_pair_ratio=0.703507 val_pair_dist=0.644398/0.881006 val_pair_ratio=0.869619 train_inter_pair=1.083693/1.563998 train_inter_ratio=0.694665 val_inter_pair=0.017566/0.033503 val_inter_ratio=0.011961 train_intra_pair=1.079648/1.023691 train_intra_ratio=1.065063 val_intra_pair=0.643284/0.875789 val_intra_ratio=0.873171 train_action_cls=0.000000 train_action_acc=0.000 val_action_cls=0.000000 val_action_acc=0.000 grad_norm_mean=0.377 nan_loss=False nan_grad=False actions_covered=27 envs_covered=2
[ckpt] saved_last path=C:\Users\LuvRene\OneDrive\PythonProjects\Positioning\pose_estimationV2\checkpoints\ablation_meanrms_interdiv_divsel_last.pth epoch=8
[ckpt] saved path=C:\Users\LuvRene\OneDrive\PythonProjects\Positioning\pose_estimationV2\checkpoints\ablation_meanrms_interdiv_divsel.pth epoch=8 best_selection_score=1.291973 val_nmpjpe=0.258593
[plot] saved path=C:\Users\LuvRene\OneDrive\PythonProjects\Positioning\pose_estimationV2\logs\train\ablation_meanrms_interdiv_divsel_resnet1d_20260331-070116_curves.png
[history] saved path=C:\Users\LuvRene\OneDrive\PythonProjects\Positioning\pose_estimationV2\logs\train\ablation_meanrms_interdiv_divsel_resnet1d_20260331-070116_history.csv
[test_summary] best_epoch=8 test_loss=0.265763 test_nmpjpe=0.255656 test_pose=0.026013 test_rel=0.039715 test_dist=0.159092 test_dir=0.059755 test_var=0.013916 test_batch_div=0.376325 test_inter_div=0.004183 test_intra_div=0.378342 test_std=0.085014/0.089078 test_std_ratio=1.137559 test_pair_dist=0.625207/0.899707 test_pair_ratio=0.820490 test_inter_pair=0.016982/0.031090 test_inter_ratio=0.012338 test_intra_pair=0.624568/0.895100 test_intra_ratio=0.824679 test_action_cls=0.000000 test_action_acc=0.000
[assessment] status=usable reason=Validation stayed close to the best point (0.2037) and final test nMPJPE is 0.2557.
