[run] config=configs/default.yaml device=cuda:0
[run] model=resnet1d
[run] window_size=1
[run] normalize_mode=mean_rms
[run] aoa_cache_root=D:\Files\WiFi_Pose\WiFiPoseV3\data\aoa_cache
[run] labels_root=D:\Files\WiFi_Pose\WiFiPoseV3\data\dataset
[run] val_env=env3 test_env=env4
[run] logs_file=C:\Users\LuvRene\OneDrive\PythonProjects\Positioning\pose_estimationV2\logs\train\ablation_meanrms_interdiv_divsel_resnet1d_20260327-162151.log
[run] selection_mode=diversity_first lambda_var=0.000 lambda_batch_div=0.000 lambda_inter_div=0.250 lambda_intra_div=0.000
[data] dataset_size=320760 train_size=160380 val_size=80190 test_size=80190 batch_size=64 window_size=1
[run] action_aux enabled=False
[epoch_start] epoch=1/8 train_size=160380 val_size=80190 test_size=80190 lr=3.000e-04 lambda_batch_div=0.000 lambda_inter_div=0.250 lambda_intra_div=0.000
[train] epoch=1/8 step=1/100 loss=2.135698 grad_norm=5.476
[train] epoch=1/8 step=2/100 loss=1.898920 grad_norm=5.972
[train] epoch=1/8 step=3/100 loss=1.665364 grad_norm=4.507
[train] epoch=1/8 step=4/100 loss=1.430958 grad_norm=4.471
[train] epoch=1/8 step=5/100 loss=1.271701 grad_norm=4.143
[train] epoch=1/8 step=6/100 loss=1.109061 grad_norm=4.552
[train] epoch=1/8 step=7/100 loss=0.983313 grad_norm=3.203
[train] epoch=1/8 step=8/100 loss=0.894040 grad_norm=3.058
[train] epoch=1/8 step=9/100 loss=0.796537 grad_norm=2.763
[train] epoch=1/8 step=10/100 loss=0.744749 grad_norm=2.518
[train] epoch=1/8 step=11/100 loss=0.719279 grad_norm=2.320
[train] epoch=1/8 step=12/100 loss=0.661824 grad_norm=2.313
[train] epoch=1/8 step=13/100 loss=0.646162 grad_norm=2.334
[train] epoch=1/8 step=14/100 loss=0.615301 grad_norm=2.306
[train] epoch=1/8 step=15/100 loss=0.575158 grad_norm=2.020
[train] epoch=1/8 step=16/100 loss=0.549742 grad_norm=1.686
[train] epoch=1/8 step=17/100 loss=0.519777 grad_norm=1.643
[train] epoch=1/8 step=18/100 loss=0.493874 grad_norm=1.428
[train] epoch=1/8 step=19/100 loss=0.485666 grad_norm=1.300
[train] epoch=1/8 step=20/100 loss=0.486768 grad_norm=1.178
[train] epoch=1/8 step=21/100 loss=0.452648 grad_norm=1.346
[train] epoch=1/8 step=22/100 loss=0.484392 grad_norm=1.189
[train] epoch=1/8 step=23/100 loss=0.433205 grad_norm=1.211
[train] epoch=1/8 step=24/100 loss=0.449525 grad_norm=1.809
[train] epoch=1/8 step=25/100 loss=0.475391 grad_norm=0.858
[train] epoch=1/8 step=26/100 loss=0.448658 grad_norm=0.840
[train] epoch=1/8 step=27/100 loss=0.414125 grad_norm=1.007
[train] epoch=1/8 step=28/100 loss=0.459951 grad_norm=1.000
[train] epoch=1/8 step=29/100 loss=0.431358 grad_norm=0.702
[train] epoch=1/8 step=30/100 loss=0.398633 grad_norm=0.835
[train] epoch=1/8 step=31/100 loss=0.428073 grad_norm=0.647
[train] epoch=1/8 step=32/100 loss=0.389063 grad_norm=0.802
[train] epoch=1/8 step=33/100 loss=0.365498 grad_norm=0.709
[train] epoch=1/8 step=34/100 loss=0.407424 grad_norm=0.782
[train] epoch=1/8 step=35/100 loss=0.375023 grad_norm=0.742
[train] epoch=1/8 step=36/100 loss=0.414984 grad_norm=0.670
[train] epoch=1/8 step=37/100 loss=0.416157 grad_norm=0.711
[train] epoch=1/8 step=38/100 loss=0.390880 grad_norm=0.591
[train] epoch=1/8 step=39/100 loss=0.435133 grad_norm=0.755
[train] epoch=1/8 step=40/100 loss=0.405218 grad_norm=0.725
[train] epoch=1/8 step=41/100 loss=0.369713 grad_norm=0.526
[train] epoch=1/8 step=42/100 loss=0.356043 grad_norm=0.595
[train] epoch=1/8 step=43/100 loss=0.386153 grad_norm=0.568
[train] epoch=1/8 step=44/100 loss=0.396661 grad_norm=0.559
[train] epoch=1/8 step=45/100 loss=0.417084 grad_norm=0.552
[train] epoch=1/8 step=46/100 loss=0.391290 grad_norm=0.536
[train] epoch=1/8 step=47/100 loss=0.374131 grad_norm=0.561
[train] epoch=1/8 step=48/100 loss=0.384574 grad_norm=0.518
[train] epoch=1/8 step=49/100 loss=0.409346 grad_norm=0.558
[train] epoch=1/8 step=50/100 loss=0.384734 grad_norm=0.704
[train] epoch=1/8 step=51/100 loss=0.395431 grad_norm=0.407
[train] epoch=1/8 step=52/100 loss=0.373930 grad_norm=0.487
[train] epoch=1/8 step=53/100 loss=0.393930 grad_norm=0.779
[train] epoch=1/8 step=54/100 loss=0.376299 grad_norm=0.478
[train] epoch=1/8 step=55/100 loss=0.422516 grad_norm=0.474
[train] epoch=1/8 step=56/100 loss=0.367723 grad_norm=0.573
[train] epoch=1/8 step=57/100 loss=0.360625 grad_norm=0.584
[train] epoch=1/8 step=58/100 loss=0.375071 grad_norm=0.588
[train] epoch=1/8 step=59/100 loss=0.421203 grad_norm=0.440
[train] epoch=1/8 step=60/100 loss=0.388574 grad_norm=0.527
[train] epoch=1/8 step=61/100 loss=0.383364 grad_norm=0.664
[train] epoch=1/8 step=62/100 loss=0.391580 grad_norm=0.450
[train] epoch=1/8 step=63/100 loss=0.411283 grad_norm=0.429
[train] epoch=1/8 step=64/100 loss=0.405216 grad_norm=0.484
[train] epoch=1/8 step=65/100 loss=0.380550 grad_norm=0.410
[train] epoch=1/8 step=66/100 loss=0.345801 grad_norm=0.476
[train] epoch=1/8 step=67/100 loss=0.396903 grad_norm=0.552
[train] epoch=1/8 step=68/100 loss=0.362935 grad_norm=0.490
[train] epoch=1/8 step=69/100 loss=0.364403 grad_norm=0.369
[train] epoch=1/8 step=70/100 loss=0.362467 grad_norm=0.346
[train] epoch=1/8 step=71/100 loss=0.388949 grad_norm=0.791
[train] epoch=1/8 step=72/100 loss=0.363823 grad_norm=0.445
[train] epoch=1/8 step=73/100 loss=0.373082 grad_norm=0.599
[train] epoch=1/8 step=74/100 loss=0.398879 grad_norm=0.648
[train] epoch=1/8 step=75/100 loss=0.399590 grad_norm=0.387
[train] epoch=1/8 step=76/100 loss=0.381799 grad_norm=0.388
[train] epoch=1/8 step=77/100 loss=0.384825 grad_norm=0.451
[train] epoch=1/8 step=78/100 loss=0.379650 grad_norm=0.440
[train] epoch=1/8 step=79/100 loss=0.329949 grad_norm=0.539
[train] epoch=1/8 step=80/100 loss=0.394402 grad_norm=0.420
[train] epoch=1/8 step=81/100 loss=0.377006 grad_norm=0.365
[train] epoch=1/8 step=82/100 loss=0.406800 grad_norm=0.479
[train] epoch=1/8 step=83/100 loss=0.350218 grad_norm=0.394
[train] epoch=1/8 step=84/100 loss=0.386537 grad_norm=0.412
[train] epoch=1/8 step=85/100 loss=0.368685 grad_norm=0.421
[train] epoch=1/8 step=86/100 loss=0.394091 grad_norm=0.492
[train] epoch=1/8 step=87/100 loss=0.391022 grad_norm=0.581
[train] epoch=1/8 step=88/100 loss=0.394907 grad_norm=0.492
[train] epoch=1/8 step=89/100 loss=0.349210 grad_norm=0.611
[train] epoch=1/8 step=90/100 loss=0.409325 grad_norm=0.411
[train] epoch=1/8 step=91/100 loss=0.360693 grad_norm=0.351
[train] epoch=1/8 step=92/100 loss=0.417584 grad_norm=0.456
[train] epoch=1/8 step=93/100 loss=0.397885 grad_norm=0.688
[train] epoch=1/8 step=94/100 loss=0.391167 grad_norm=0.484
[train] epoch=1/8 step=95/100 loss=0.360410 grad_norm=0.518
[train] epoch=1/8 step=96/100 loss=0.394193 grad_norm=0.421
[train] epoch=1/8 step=97/100 loss=0.350343 grad_norm=0.593
[train] epoch=1/8 step=98/100 loss=0.364016 grad_norm=0.483
[train] epoch=1/8 step=99/100 loss=0.432378 grad_norm=0.417
[train] epoch=1/8 step=100/100 loss=0.403209 grad_norm=0.352
[epoch_summary] epoch=1/8 time_epoch=141.3s elapsed=141.3s eta=989.0s lambda_batch_div=0.000 lambda_inter_div=0.250 lambda_intra_div=0.000 selection_mode=diversity_first selection_score=0.190513 train_loss=0.502034 val_loss=0.276140 val_nmpjpe=0.199856 train_pose=0.045666 train_rel=0.085321 train_dist=0.276705 train_dir=0.107816 train_var=0.014071 train_batch_div=0.119679 train_inter_div=0.116743 train_intra_div=0.267940 val_pose=0.020755 val_rel=0.040838 val_dist=0.176336 val_dir=0.056237 val_var=0.040603 val_batch_div=0.495864 val_inter_div=0.009571 val_intra_div=0.495824 train_std=0.148477/0.163555 train_std_ratio=0.914070 val_std=0.012404/0.086730 val_std_ratio=0.169620 train_pair_dist=1.225941/1.528672 train_pair_ratio=0.805422 val_pair_dist=0.100896/0.881006 val_pair_ratio=0.134889 train_inter_pair=1.225991/1.548795 train_inter_ratio=0.794981 val_inter_pair=0.002527/0.033503 val_inter_ratio=0.001694 train_intra_pair=1.224913/0.997829 train_intra_ratio=1.243887 val_intra_pair=0.100722/0.875789 val_intra_ratio=0.135393 train_action_cls=0.000000 train_action_acc=0.000 val_action_cls=0.000000 val_action_acc=0.000 grad_norm_mean=1.073 nan_loss=False nan_grad=False actions_covered=27 envs_covered=2
[ckpt] saved_last path=C:\Users\LuvRene\OneDrive\PythonProjects\Positioning\pose_estimationV2\checkpoints\ablation_meanrms_interdiv_divsel_last.pth epoch=1
[ckpt] saved path=C:\Users\LuvRene\OneDrive\PythonProjects\Positioning\pose_estimationV2\checkpoints\ablation_meanrms_interdiv_divsel.pth epoch=1 best_selection_score=0.190513 val_nmpjpe=0.199856
[epoch_start] epoch=2/8 train_size=160380 val_size=80190 test_size=80190 lr=3.000e-04 lambda_batch_div=0.000 lambda_inter_div=0.250 lambda_intra_div=0.000
[train] epoch=2/8 step=1/100 loss=0.377537 grad_norm=0.514
[train] epoch=2/8 step=2/100 loss=0.327581 grad_norm=0.314
[train] epoch=2/8 step=3/100 loss=0.366428 grad_norm=0.496
[train] epoch=2/8 step=4/100 loss=0.418102 grad_norm=0.475
[train] epoch=2/8 step=5/100 loss=0.395118 grad_norm=0.446
[train] epoch=2/8 step=6/100 loss=0.413826 grad_norm=0.350
[train] epoch=2/8 step=7/100 loss=0.375401 grad_norm=0.376
[train] epoch=2/8 step=8/100 loss=0.349196 grad_norm=0.578
[train] epoch=2/8 step=9/100 loss=0.396735 grad_norm=0.385
[train] epoch=2/8 step=10/100 loss=0.348450 grad_norm=0.520
[train] epoch=2/8 step=11/100 loss=0.353808 grad_norm=0.481
[train] epoch=2/8 step=12/100 loss=0.377210 grad_norm=0.455
[train] epoch=2/8 step=13/100 loss=0.377855 grad_norm=0.367
[train] epoch=2/8 step=14/100 loss=0.384066 grad_norm=0.454
[train] epoch=2/8 step=15/100 loss=0.366381 grad_norm=0.381
[train] epoch=2/8 step=16/100 loss=0.367007 grad_norm=0.372
[train] epoch=2/8 step=17/100 loss=0.381858 grad_norm=0.398
[train] epoch=2/8 step=18/100 loss=0.399120 grad_norm=0.352
[train] epoch=2/8 step=19/100 loss=0.358899 grad_norm=0.404
[train] epoch=2/8 step=20/100 loss=0.386677 grad_norm=0.458
[train] epoch=2/8 step=21/100 loss=0.389728 grad_norm=0.457
[train] epoch=2/8 step=22/100 loss=0.374950 grad_norm=0.380
[train] epoch=2/8 step=23/100 loss=0.365697 grad_norm=0.401
[train] epoch=2/8 step=24/100 loss=0.364152 grad_norm=0.334
[train] epoch=2/8 step=25/100 loss=0.349824 grad_norm=0.358
[train] epoch=2/8 step=26/100 loss=0.364478 grad_norm=0.317
[train] epoch=2/8 step=27/100 loss=0.355239 grad_norm=0.409
[train] epoch=2/8 step=28/100 loss=0.368114 grad_norm=0.512
[train] epoch=2/8 step=29/100 loss=0.379684 grad_norm=0.332
[train] epoch=2/8 step=30/100 loss=0.351983 grad_norm=0.343
[train] epoch=2/8 step=31/100 loss=0.335426 grad_norm=0.542
[train] epoch=2/8 step=32/100 loss=0.396399 grad_norm=0.392
[train] epoch=2/8 step=33/100 loss=0.393393 grad_norm=0.406
[train] epoch=2/8 step=34/100 loss=0.346918 grad_norm=0.328
[train] epoch=2/8 step=35/100 loss=0.355998 grad_norm=0.306
[train] epoch=2/8 step=36/100 loss=0.361781 grad_norm=0.326
[train] epoch=2/8 step=37/100 loss=0.407880 grad_norm=0.317
[train] epoch=2/8 step=38/100 loss=0.360265 grad_norm=0.287
[train] epoch=2/8 step=39/100 loss=0.374676 grad_norm=0.519
[train] epoch=2/8 step=40/100 loss=0.353748 grad_norm=0.418
[train] epoch=2/8 step=41/100 loss=0.393311 grad_norm=0.330
[train] epoch=2/8 step=42/100 loss=0.390356 grad_norm=0.417
[train] epoch=2/8 step=43/100 loss=0.384587 grad_norm=0.395
[train] epoch=2/8 step=44/100 loss=0.349703 grad_norm=0.321
[train] epoch=2/8 step=45/100 loss=0.348008 grad_norm=0.302
[train] epoch=2/8 step=46/100 loss=0.370093 grad_norm=0.284
[train] epoch=2/8 step=47/100 loss=0.385457 grad_norm=0.590
[train] epoch=2/8 step=48/100 loss=0.401586 grad_norm=0.348
[train] epoch=2/8 step=49/100 loss=0.415029 grad_norm=0.378
[train] epoch=2/8 step=50/100 loss=0.375364 grad_norm=0.410
[train] epoch=2/8 step=51/100 loss=0.362084 grad_norm=0.439
[train] epoch=2/8 step=52/100 loss=0.414912 grad_norm=0.414
[train] epoch=2/8 step=53/100 loss=0.360652 grad_norm=0.438
[train] epoch=2/8 step=54/100 loss=0.371509 grad_norm=0.333
[train] epoch=2/8 step=55/100 loss=0.371279 grad_norm=0.433
[train] epoch=2/8 step=56/100 loss=0.383669 grad_norm=0.424
[train] epoch=2/8 step=57/100 loss=0.391763 grad_norm=0.425
[train] epoch=2/8 step=58/100 loss=0.356390 grad_norm=0.374
[train] epoch=2/8 step=59/100 loss=0.363156 grad_norm=0.407
[train] epoch=2/8 step=60/100 loss=0.382579 grad_norm=0.560
[train] epoch=2/8 step=61/100 loss=0.344794 grad_norm=0.476
[train] epoch=2/8 step=62/100 loss=0.369722 grad_norm=0.346
[train] epoch=2/8 step=63/100 loss=0.387344 grad_norm=0.345
[train] epoch=2/8 step=64/100 loss=0.370993 grad_norm=0.404
[train] epoch=2/8 step=65/100 loss=0.354217 grad_norm=0.390
[train] epoch=2/8 step=66/100 loss=0.346418 grad_norm=0.322
[train] epoch=2/8 step=67/100 loss=0.346059 grad_norm=0.316
[train] epoch=2/8 step=68/100 loss=0.404891 grad_norm=0.317
[train] epoch=2/8 step=69/100 loss=0.398793 grad_norm=0.488
[train] epoch=2/8 step=70/100 loss=0.411847 grad_norm=0.309
[train] epoch=2/8 step=71/100 loss=0.384440 grad_norm=0.274
[train] epoch=2/8 step=72/100 loss=0.352864 grad_norm=0.305
[train] epoch=2/8 step=73/100 loss=0.368743 grad_norm=0.410
[train] epoch=2/8 step=74/100 loss=0.366106 grad_norm=0.329
[train] epoch=2/8 step=75/100 loss=0.346843 grad_norm=0.297
[train] epoch=2/8 step=76/100 loss=0.376688 grad_norm=0.362
[train] epoch=2/8 step=77/100 loss=0.372582 grad_norm=0.365
[train] epoch=2/8 step=78/100 loss=0.365139 grad_norm=0.455
[train] epoch=2/8 step=79/100 loss=0.349906 grad_norm=0.389
[train] epoch=2/8 step=80/100 loss=0.405304 grad_norm=0.433
[train] epoch=2/8 step=81/100 loss=0.374130 grad_norm=0.481
[train] epoch=2/8 step=82/100 loss=0.356751 grad_norm=0.402
[train] epoch=2/8 step=83/100 loss=0.358260 grad_norm=0.544
[train] epoch=2/8 step=84/100 loss=0.344126 grad_norm=0.348
[train] epoch=2/8 step=85/100 loss=0.364892 grad_norm=0.414
[train] epoch=2/8 step=86/100 loss=0.376992 grad_norm=0.442
[train] epoch=2/8 step=87/100 loss=0.372526 grad_norm=0.520
[train] epoch=2/8 step=88/100 loss=0.375255 grad_norm=0.358
[train] epoch=2/8 step=89/100 loss=0.349099 grad_norm=0.335
[train] epoch=2/8 step=90/100 loss=0.365217 grad_norm=0.306
[train] epoch=2/8 step=91/100 loss=0.369539 grad_norm=0.477
[train] epoch=2/8 step=92/100 loss=0.353338 grad_norm=0.418
[train] epoch=2/8 step=93/100 loss=0.391845 grad_norm=0.420
[train] epoch=2/8 step=94/100 loss=0.387147 grad_norm=0.459
[train] epoch=2/8 step=95/100 loss=0.390035 grad_norm=0.467
[train] epoch=2/8 step=96/100 loss=0.366797 grad_norm=0.342
[train] epoch=2/8 step=97/100 loss=0.346804 grad_norm=0.298
[train] epoch=2/8 step=98/100 loss=0.345932 grad_norm=0.356
[train] epoch=2/8 step=99/100 loss=0.330329 grad_norm=0.356
[train] epoch=2/8 step=100/100 loss=0.368334 grad_norm=0.420
[epoch_summary] epoch=2/8 time_epoch=57.1s elapsed=198.4s eta=595.3s lambda_batch_div=0.000 lambda_inter_div=0.250 lambda_intra_div=0.000 selection_mode=diversity_first selection_score=0.485297 train_loss=0.371541 val_loss=0.289010 val_nmpjpe=0.211964 train_pose=0.027629 train_rel=0.053206 train_dist=0.207252 train_dir=0.068608 train_var=0.021842 train_batch_div=0.167191 train_inter_div=0.165796 train_intra_div=0.206199 val_pose=0.022450 val_rel=0.042621 val_dist=0.186730 val_dir=0.056551 val_var=0.028329 val_batch_div=0.414836 val_inter_div=0.007879 val_intra_div=0.414865 train_std=0.110158/0.167053 train_std_ratio=0.662924 val_std=0.032833/0.086730 val_std_ratio=0.446859 train_pair_dist=0.913807/1.551489 train_pair_ratio=0.590898 val_pair_dist=0.249147/0.881006 val_pair_ratio=0.332513 train_inter_pair=0.913756/1.572310 train_inter_ratio=0.583042 val_inter_pair=0.006201/0.033503 val_inter_ratio=0.004150 train_intra_pair=0.915352/1.019661 train_intra_ratio=0.907997 val_intra_pair=0.248659/0.875789 val_intra_ratio=0.333651 train_action_cls=0.000000 train_action_acc=0.000 val_action_cls=0.000000 val_action_acc=0.000 grad_norm_mean=0.398 nan_loss=False nan_grad=False actions_covered=27 envs_covered=2
[ckpt] saved_last path=C:\Users\LuvRene\OneDrive\PythonProjects\Positioning\pose_estimationV2\checkpoints\ablation_meanrms_interdiv_divsel_last.pth epoch=2
[ckpt] saved path=C:\Users\LuvRene\OneDrive\PythonProjects\Positioning\pose_estimationV2\checkpoints\ablation_meanrms_interdiv_divsel.pth epoch=2 best_selection_score=0.485297 val_nmpjpe=0.211964
[epoch_start] epoch=3/8 train_size=160380 val_size=80190 test_size=80190 lr=3.000e-04 lambda_batch_div=0.000 lambda_inter_div=0.250 lambda_intra_div=0.000
[train] epoch=3/8 step=1/100 loss=0.380728 grad_norm=0.443
[train] epoch=3/8 step=2/100 loss=0.368675 grad_norm=0.329
[train] epoch=3/8 step=3/100 loss=0.345066 grad_norm=0.499
[train] epoch=3/8 step=4/100 loss=0.333520 grad_norm=0.341
[train] epoch=3/8 step=5/100 loss=0.322870 grad_norm=0.369
[train] epoch=3/8 step=6/100 loss=0.338664 grad_norm=0.396
[train] epoch=3/8 step=7/100 loss=0.369083 grad_norm=0.394
[train] epoch=3/8 step=8/100 loss=0.343389 grad_norm=0.428
[train] epoch=3/8 step=9/100 loss=0.352195 grad_norm=0.288
[train] epoch=3/8 step=10/100 loss=0.371715 grad_norm=0.599
[train] epoch=3/8 step=11/100 loss=0.371518 grad_norm=0.472
[train] epoch=3/8 step=12/100 loss=0.352390 grad_norm=0.342
[train] epoch=3/8 step=13/100 loss=0.367604 grad_norm=0.413
[train] epoch=3/8 step=14/100 loss=0.421989 grad_norm=0.384
[train] epoch=3/8 step=15/100 loss=0.373391 grad_norm=0.327
[train] epoch=3/8 step=16/100 loss=0.361091 grad_norm=0.379
[train] epoch=3/8 step=17/100 loss=0.357255 grad_norm=0.325
[train] epoch=3/8 step=18/100 loss=0.369474 grad_norm=0.303
[train] epoch=3/8 step=19/100 loss=0.343354 grad_norm=0.334
[train] epoch=3/8 step=20/100 loss=0.368045 grad_norm=0.255
[train] epoch=3/8 step=21/100 loss=0.362844 grad_norm=0.355
[train] epoch=3/8 step=22/100 loss=0.317557 grad_norm=0.259
[train] epoch=3/8 step=23/100 loss=0.372214 grad_norm=0.434
[train] epoch=3/8 step=24/100 loss=0.348566 grad_norm=0.371
[train] epoch=3/8 step=25/100 loss=0.384106 grad_norm=0.337
[train] epoch=3/8 step=26/100 loss=0.338387 grad_norm=0.396
[train] epoch=3/8 step=27/100 loss=0.355422 grad_norm=0.269
[train] epoch=3/8 step=28/100 loss=0.379313 grad_norm=0.357
[train] epoch=3/8 step=29/100 loss=0.335028 grad_norm=0.274
[train] epoch=3/8 step=30/100 loss=0.360199 grad_norm=0.320
[train] epoch=3/8 step=31/100 loss=0.408637 grad_norm=0.513
[train] epoch=3/8 step=32/100 loss=0.362283 grad_norm=0.463
[train] epoch=3/8 step=33/100 loss=0.366260 grad_norm=0.464
[train] epoch=3/8 step=34/100 loss=0.385488 grad_norm=0.365
[train] epoch=3/8 step=35/100 loss=0.405907 grad_norm=0.301
[train] epoch=3/8 step=36/100 loss=0.421699 grad_norm=0.704
[train] epoch=3/8 step=37/100 loss=0.373883 grad_norm=0.557
[train] epoch=3/8 step=38/100 loss=0.384268 grad_norm=0.302
[train] epoch=3/8 step=39/100 loss=0.357898 grad_norm=0.294
[train] epoch=3/8 step=40/100 loss=0.400308 grad_norm=0.889
[train] epoch=3/8 step=41/100 loss=0.350502 grad_norm=0.616
[train] epoch=3/8 step=42/100 loss=0.357239 grad_norm=0.298
[train] epoch=3/8 step=43/100 loss=0.374053 grad_norm=0.274
[train] epoch=3/8 step=44/100 loss=0.356411 grad_norm=0.381
[train] epoch=3/8 step=45/100 loss=0.376580 grad_norm=0.395
[train] epoch=3/8 step=46/100 loss=0.363954 grad_norm=0.635
[train] epoch=3/8 step=47/100 loss=0.357452 grad_norm=0.433
[train] epoch=3/8 step=48/100 loss=0.360773 grad_norm=0.294
[train] epoch=3/8 step=49/100 loss=0.352287 grad_norm=0.521
[train] epoch=3/8 step=50/100 loss=0.343570 grad_norm=0.371
[train] epoch=3/8 step=51/100 loss=0.367748 grad_norm=0.419
[train] epoch=3/8 step=52/100 loss=0.419491 grad_norm=0.419
[train] epoch=3/8 step=53/100 loss=0.378595 grad_norm=0.328
[train] epoch=3/8 step=54/100 loss=0.338270 grad_norm=0.280
[train] epoch=3/8 step=55/100 loss=0.336433 grad_norm=0.452
[train] epoch=3/8 step=56/100 loss=0.316728 grad_norm=0.450
[train] epoch=3/8 step=57/100 loss=0.383109 grad_norm=0.322
[train] epoch=3/8 step=58/100 loss=0.357646 grad_norm=0.640
[train] epoch=3/8 step=59/100 loss=0.332550 grad_norm=0.335
[train] epoch=3/8 step=60/100 loss=0.398327 grad_norm=0.391
[train] epoch=3/8 step=61/100 loss=0.349018 grad_norm=0.357
[train] epoch=3/8 step=62/100 loss=0.361514 grad_norm=0.398
[train] epoch=3/8 step=63/100 loss=0.355678 grad_norm=0.260
[train] epoch=3/8 step=64/100 loss=0.368388 grad_norm=0.355
[train] epoch=3/8 step=65/100 loss=0.349294 grad_norm=0.297
[train] epoch=3/8 step=66/100 loss=0.368683 grad_norm=0.502
[train] epoch=3/8 step=67/100 loss=0.327665 grad_norm=0.427
[train] epoch=3/8 step=68/100 loss=0.327114 grad_norm=0.302
[train] epoch=3/8 step=69/100 loss=0.332981 grad_norm=0.357
[train] epoch=3/8 step=70/100 loss=0.334630 grad_norm=0.421
[train] epoch=3/8 step=71/100 loss=0.362835 grad_norm=0.330
[train] epoch=3/8 step=72/100 loss=0.350135 grad_norm=0.300
[train] epoch=3/8 step=73/100 loss=0.371418 grad_norm=0.312
[train] epoch=3/8 step=74/100 loss=0.361789 grad_norm=0.375
[train] epoch=3/8 step=75/100 loss=0.359426 grad_norm=0.317
[train] epoch=3/8 step=76/100 loss=0.357215 grad_norm=0.333
[train] epoch=3/8 step=77/100 loss=0.338071 grad_norm=0.245
[train] epoch=3/8 step=78/100 loss=0.330836 grad_norm=0.549
[train] epoch=3/8 step=79/100 loss=0.397539 grad_norm=0.375
[train] epoch=3/8 step=80/100 loss=0.348992 grad_norm=0.314
[train] epoch=3/8 step=81/100 loss=0.370634 grad_norm=0.311
[train] epoch=3/8 step=82/100 loss=0.347194 grad_norm=0.676
[train] epoch=3/8 step=83/100 loss=0.331180 grad_norm=0.284
[train] epoch=3/8 step=84/100 loss=0.376089 grad_norm=0.442
[train] epoch=3/8 step=85/100 loss=0.371317 grad_norm=0.322
[train] epoch=3/8 step=86/100 loss=0.332578 grad_norm=0.290
[train] epoch=3/8 step=87/100 loss=0.346912 grad_norm=0.351
[train] epoch=3/8 step=88/100 loss=0.354100 grad_norm=0.331
[train] epoch=3/8 step=89/100 loss=0.369908 grad_norm=0.423
[train] epoch=3/8 step=90/100 loss=0.342301 grad_norm=0.301
[train] epoch=3/8 step=91/100 loss=0.351240 grad_norm=0.319
[train] epoch=3/8 step=92/100 loss=0.394788 grad_norm=0.290
[train] epoch=3/8 step=93/100 loss=0.376151 grad_norm=0.311
[train] epoch=3/8 step=94/100 loss=0.304120 grad_norm=0.383
[train] epoch=3/8 step=95/100 loss=0.360207 grad_norm=0.512
[train] epoch=3/8 step=96/100 loss=0.365497 grad_norm=0.365
[train] epoch=3/8 step=97/100 loss=0.372463 grad_norm=0.297
[train] epoch=3/8 step=98/100 loss=0.391615 grad_norm=0.316
[train] epoch=3/8 step=99/100 loss=0.340745 grad_norm=0.325
[train] epoch=3/8 step=100/100 loss=0.351928 grad_norm=0.343
[epoch_summary] epoch=3/8 time_epoch=56.6s elapsed=255.1s eta=425.1s lambda_batch_div=0.000 lambda_inter_div=0.250 lambda_intra_div=0.000 selection_mode=diversity_first selection_score=0.928318 train_loss=0.360582 val_loss=0.280837 val_nmpjpe=0.244902 train_pose=0.028813 train_rel=0.051473 train_dist=0.200193 train_dir=0.067107 train_var=0.019611 train_batch_div=0.156747 train_inter_div=0.154931 train_intra_div=0.226683 val_pose=0.025896 val_rel=0.041879 val_dist=0.176145 val_dir=0.056271 val_var=0.021323 val_batch_div=0.428748 val_inter_div=0.006340 val_intra_div=0.429841 train_std=0.118434/0.166493 train_std_ratio=0.716260 val_std=0.063309/0.086730 val_std_ratio=0.864513 train_pair_dist=0.982356/1.550550 train_pair_ratio=0.636093 val_pair_dist=0.471416/0.881006 val_pair_ratio=0.629457 train_inter_pair=0.982512/1.571606 train_inter_ratio=0.627643 val_inter_pair=0.011802/0.033503 val_inter_ratio=0.007869 train_intra_pair=0.977659/1.003298 train_intra_ratio=0.990420 val_intra_pair=0.470405/0.875789 val_intra_ratio=0.631449 train_action_cls=0.000000 train_action_acc=0.000 val_action_cls=0.000000 val_action_acc=0.000 grad_norm_mean=0.384 nan_loss=False nan_grad=False actions_covered=27 envs_covered=2
[ckpt] saved_last path=C:\Users\LuvRene\OneDrive\PythonProjects\Positioning\pose_estimationV2\checkpoints\ablation_meanrms_interdiv_divsel_last.pth epoch=3
[ckpt] saved path=C:\Users\LuvRene\OneDrive\PythonProjects\Positioning\pose_estimationV2\checkpoints\ablation_meanrms_interdiv_divsel.pth epoch=3 best_selection_score=0.928318 val_nmpjpe=0.244902
[epoch_start] epoch=4/8 train_size=160380 val_size=80190 test_size=80190 lr=3.000e-04 lambda_batch_div=0.000 lambda_inter_div=0.250 lambda_intra_div=0.000
[train] epoch=4/8 step=1/100 loss=0.372479 grad_norm=0.365
[train] epoch=4/8 step=2/100 loss=0.368262 grad_norm=0.265
[train] epoch=4/8 step=3/100 loss=0.351578 grad_norm=0.279
[train] epoch=4/8 step=4/100 loss=0.355435 grad_norm=0.249
[train] epoch=4/8 step=5/100 loss=0.343803 grad_norm=0.429
[train] epoch=4/8 step=6/100 loss=0.361851 grad_norm=0.413
[train] epoch=4/8 step=7/100 loss=0.377518 grad_norm=0.323
[train] epoch=4/8 step=8/100 loss=0.350065 grad_norm=0.316
[train] epoch=4/8 step=9/100 loss=0.326198 grad_norm=0.316
[train] epoch=4/8 step=10/100 loss=0.344582 grad_norm=0.277
[train] epoch=4/8 step=11/100 loss=0.382151 grad_norm=0.374
[train] epoch=4/8 step=12/100 loss=0.345992 grad_norm=0.409
[train] epoch=4/8 step=13/100 loss=0.358600 grad_norm=0.456
[train] epoch=4/8 step=14/100 loss=0.350426 grad_norm=0.224
[train] epoch=4/8 step=15/100 loss=0.345402 grad_norm=0.357
[train] epoch=4/8 step=16/100 loss=0.368582 grad_norm=0.367
[train] epoch=4/8 step=17/100 loss=0.306636 grad_norm=0.337
[train] epoch=4/8 step=18/100 loss=0.321900 grad_norm=0.315
[train] epoch=4/8 step=19/100 loss=0.335359 grad_norm=0.272
[train] epoch=4/8 step=20/100 loss=0.387735 grad_norm=0.500
[train] epoch=4/8 step=21/100 loss=0.393688 grad_norm=0.377
[train] epoch=4/8 step=22/100 loss=0.311705 grad_norm=0.230
[train] epoch=4/8 step=23/100 loss=0.367123 grad_norm=0.373
[train] epoch=4/8 step=24/100 loss=0.338709 grad_norm=0.295
[train] epoch=4/8 step=25/100 loss=0.368131 grad_norm=0.293
[train] epoch=4/8 step=26/100 loss=0.363630 grad_norm=0.333
[train] epoch=4/8 step=27/100 loss=0.346464 grad_norm=0.417
[train] epoch=4/8 step=28/100 loss=0.328387 grad_norm=0.430
[train] epoch=4/8 step=29/100 loss=0.330732 grad_norm=0.265
[train] epoch=4/8 step=30/100 loss=0.377611 grad_norm=0.493
[train] epoch=4/8 step=31/100 loss=0.355637 grad_norm=0.398
[train] epoch=4/8 step=32/100 loss=0.378018 grad_norm=0.263
[train] epoch=4/8 step=33/100 loss=0.367402 grad_norm=0.349
[train] epoch=4/8 step=34/100 loss=0.328262 grad_norm=0.372
[train] epoch=4/8 step=35/100 loss=0.361256 grad_norm=0.337
[train] epoch=4/8 step=36/100 loss=0.347875 grad_norm=0.326
[train] epoch=4/8 step=37/100 loss=0.363977 grad_norm=0.279
[train] epoch=4/8 step=38/100 loss=0.371253 grad_norm=0.374
[train] epoch=4/8 step=39/100 loss=0.335672 grad_norm=0.448
[train] epoch=4/8 step=40/100 loss=0.344881 grad_norm=0.305
[train] epoch=4/8 step=41/100 loss=0.342655 grad_norm=0.222
[train] epoch=4/8 step=42/100 loss=0.332155 grad_norm=0.435
[train] epoch=4/8 step=43/100 loss=0.362168 grad_norm=0.540
[train] epoch=4/8 step=44/100 loss=0.353993 grad_norm=0.493
[train] epoch=4/8 step=45/100 loss=0.325072 grad_norm=0.284
[train] epoch=4/8 step=46/100 loss=0.399342 grad_norm=0.527
[train] epoch=4/8 step=47/100 loss=0.361543 grad_norm=0.691
[train] epoch=4/8 step=48/100 loss=0.373106 grad_norm=0.329
[train] epoch=4/8 step=49/100 loss=0.331001 grad_norm=0.399
[train] epoch=4/8 step=50/100 loss=0.344904 grad_norm=0.555
[train] epoch=4/8 step=51/100 loss=0.376431 grad_norm=0.525
[train] epoch=4/8 step=52/100 loss=0.349485 grad_norm=0.290
[train] epoch=4/8 step=53/100 loss=0.401484 grad_norm=0.394
[train] epoch=4/8 step=54/100 loss=0.325017 grad_norm=0.310
[train] epoch=4/8 step=55/100 loss=0.379260 grad_norm=0.268
[train] epoch=4/8 step=56/100 loss=0.334492 grad_norm=0.496
[train] epoch=4/8 step=57/100 loss=0.357365 grad_norm=0.386
[train] epoch=4/8 step=58/100 loss=0.324076 grad_norm=0.481
[train] epoch=4/8 step=59/100 loss=0.341087 grad_norm=0.307
[train] epoch=4/8 step=60/100 loss=0.351107 grad_norm=0.325
[train] epoch=4/8 step=61/100 loss=0.319998 grad_norm=0.330
[train] epoch=4/8 step=62/100 loss=0.309240 grad_norm=0.247
[train] epoch=4/8 step=63/100 loss=0.349708 grad_norm=0.395
[train] epoch=4/8 step=64/100 loss=0.389435 grad_norm=0.527
[train] epoch=4/8 step=65/100 loss=0.336494 grad_norm=0.374
[train] epoch=4/8 step=66/100 loss=0.326778 grad_norm=0.354
[train] epoch=4/8 step=67/100 loss=0.352243 grad_norm=0.303
[train] epoch=4/8 step=68/100 loss=0.294260 grad_norm=0.317
[train] epoch=4/8 step=69/100 loss=0.359567 grad_norm=0.330
[train] epoch=4/8 step=70/100 loss=0.318389 grad_norm=0.407
[train] epoch=4/8 step=71/100 loss=0.331177 grad_norm=0.417
[train] epoch=4/8 step=72/100 loss=0.355780 grad_norm=0.459
[train] epoch=4/8 step=73/100 loss=0.358045 grad_norm=0.400
[train] epoch=4/8 step=74/100 loss=0.346528 grad_norm=0.442
[train] epoch=4/8 step=75/100 loss=0.343236 grad_norm=0.447
[train] epoch=4/8 step=76/100 loss=0.359729 grad_norm=0.666
[train] epoch=4/8 step=77/100 loss=0.333034 grad_norm=0.408
[train] epoch=4/8 step=78/100 loss=0.369838 grad_norm=0.336
[train] epoch=4/8 step=79/100 loss=0.351490 grad_norm=0.504
[train] epoch=4/8 step=80/100 loss=0.313528 grad_norm=0.330
[train] epoch=4/8 step=81/100 loss=0.368566 grad_norm=0.374
[train] epoch=4/8 step=82/100 loss=0.359198 grad_norm=0.259
[train] epoch=4/8 step=83/100 loss=0.340191 grad_norm=0.383
[train] epoch=4/8 step=84/100 loss=0.357000 grad_norm=0.516
[train] epoch=4/8 step=85/100 loss=0.353676 grad_norm=0.285
[train] epoch=4/8 step=86/100 loss=0.393443 grad_norm=0.435
[train] epoch=4/8 step=87/100 loss=0.334865 grad_norm=0.337
[train] epoch=4/8 step=88/100 loss=0.357556 grad_norm=0.256
[train] epoch=4/8 step=89/100 loss=0.347352 grad_norm=0.245
[train] epoch=4/8 step=90/100 loss=0.322343 grad_norm=0.318
[train] epoch=4/8 step=91/100 loss=0.333844 grad_norm=0.263
[train] epoch=4/8 step=92/100 loss=0.351293 grad_norm=0.322
[train] epoch=4/8 step=93/100 loss=0.368204 grad_norm=0.393
[train] epoch=4/8 step=94/100 loss=0.368958 grad_norm=0.274
[train] epoch=4/8 step=95/100 loss=0.352514 grad_norm=0.344
[train] epoch=4/8 step=96/100 loss=0.355334 grad_norm=0.321
[train] epoch=4/8 step=97/100 loss=0.326472 grad_norm=0.512
[train] epoch=4/8 step=98/100 loss=0.346622 grad_norm=0.525
[train] epoch=4/8 step=99/100 loss=0.372170 grad_norm=0.271
[train] epoch=4/8 step=100/100 loss=0.362376 grad_norm=0.332
[epoch_summary] epoch=4/8 time_epoch=56.5s elapsed=311.6s eta=311.6s lambda_batch_div=0.000 lambda_inter_div=0.250 lambda_intra_div=0.000 selection_mode=diversity_first selection_score=0.837757 train_loss=0.350912 val_loss=0.281185 val_nmpjpe=0.236385 train_pose=0.029266 train_rel=0.049278 train_dist=0.192081 train_dir=0.065271 train_var=0.020422 train_batch_div=0.160686 train_inter_div=0.158618 train_intra_div=0.242088 val_pose=0.025064 val_rel=0.041095 val_dist=0.177582 val_dir=0.056275 val_var=0.023652 val_batch_div=0.438607 val_inter_div=0.006864 val_intra_div=0.439571 train_std=0.120395/0.166824 train_std_ratio=0.725820 val_std=0.056998/0.086730 val_std_ratio=0.778139 train_pair_dist=1.001875/1.547775 train_pair_ratio=0.649694 val_pair_dist=0.425647/0.881006 val_pair_ratio=0.569095 train_inter_pair=1.001940/1.568699 train_inter_ratio=0.641065 val_inter_pair=0.010394/0.033503 val_inter_ratio=0.006940 train_intra_pair=0.999728/1.012850 train_intra_ratio=1.001465 val_intra_pair=0.424744/0.875789 val_intra_ratio=0.570817 train_action_cls=0.000000 train_action_acc=0.000 val_action_cls=0.000000 val_action_acc=0.000 grad_norm_mean=0.370 nan_loss=False nan_grad=False actions_covered=27 envs_covered=2
[ckpt] saved_last path=C:\Users\LuvRene\OneDrive\PythonProjects\Positioning\pose_estimationV2\checkpoints\ablation_meanrms_interdiv_divsel_last.pth epoch=4
[ckpt] no_improve best_epoch=3 best_selection_score=0.928318 best_val_nmpjpe=0.244902
[epoch_start] epoch=5/8 train_size=160380 val_size=80190 test_size=80190 lr=3.000e-04 lambda_batch_div=0.000 lambda_inter_div=0.250 lambda_intra_div=0.000
[train] epoch=5/8 step=1/100 loss=0.338055 grad_norm=0.371
[train] epoch=5/8 step=2/100 loss=0.339709 grad_norm=0.485
[train] epoch=5/8 step=3/100 loss=0.357266 grad_norm=0.439
[train] epoch=5/8 step=4/100 loss=0.346699 grad_norm=0.286
[train] epoch=5/8 step=5/100 loss=0.351606 grad_norm=0.562
[train] epoch=5/8 step=6/100 loss=0.323628 grad_norm=0.281
[train] epoch=5/8 step=7/100 loss=0.353269 grad_norm=0.324
[train] epoch=5/8 step=8/100 loss=0.335467 grad_norm=0.282
[train] epoch=5/8 step=9/100 loss=0.340453 grad_norm=0.298
[train] epoch=5/8 step=10/100 loss=0.328083 grad_norm=0.250
[train] epoch=5/8 step=11/100 loss=0.324177 grad_norm=0.294
[train] epoch=5/8 step=12/100 loss=0.391833 grad_norm=0.431
[train] epoch=5/8 step=13/100 loss=0.379281 grad_norm=0.349
[train] epoch=5/8 step=14/100 loss=0.365117 grad_norm=0.267
[train] epoch=5/8 step=15/100 loss=0.348701 grad_norm=0.313
[train] epoch=5/8 step=16/100 loss=0.358261 grad_norm=0.254
[train] epoch=5/8 step=17/100 loss=0.386832 grad_norm=0.272
[train] epoch=5/8 step=18/100 loss=0.381780 grad_norm=0.341
[train] epoch=5/8 step=19/100 loss=0.361584 grad_norm=0.272
[train] epoch=5/8 step=20/100 loss=0.337938 grad_norm=0.562
[train] epoch=5/8 step=21/100 loss=0.324568 grad_norm=0.430
[train] epoch=5/8 step=22/100 loss=0.348680 grad_norm=0.262
[train] epoch=5/8 step=23/100 loss=0.323762 grad_norm=0.646
[train] epoch=5/8 step=24/100 loss=0.326183 grad_norm=0.456
[train] epoch=5/8 step=25/100 loss=0.309444 grad_norm=0.453
[train] epoch=5/8 step=26/100 loss=0.334245 grad_norm=0.264
[train] epoch=5/8 step=27/100 loss=0.304912 grad_norm=0.337
[train] epoch=5/8 step=28/100 loss=0.341443 grad_norm=0.397
[train] epoch=5/8 step=29/100 loss=0.376932 grad_norm=0.741
[train] epoch=5/8 step=30/100 loss=0.333511 grad_norm=0.390
[train] epoch=5/8 step=31/100 loss=0.386634 grad_norm=0.282
[train] epoch=5/8 step=32/100 loss=0.352563 grad_norm=0.332
[train] epoch=5/8 step=33/100 loss=0.346226 grad_norm=0.713
[train] epoch=5/8 step=34/100 loss=0.385437 grad_norm=0.574
[train] epoch=5/8 step=35/100 loss=0.355427 grad_norm=0.298
[train] epoch=5/8 step=36/100 loss=0.357605 grad_norm=0.310
[train] epoch=5/8 step=37/100 loss=0.355858 grad_norm=0.598
[train] epoch=5/8 step=38/100 loss=0.305966 grad_norm=0.660
[train] epoch=5/8 step=39/100 loss=0.400006 grad_norm=0.390
[train] epoch=5/8 step=40/100 loss=0.339893 grad_norm=0.278
[train] epoch=5/8 step=41/100 loss=0.329100 grad_norm=0.360
[train] epoch=5/8 step=42/100 loss=0.338608 grad_norm=0.437
[train] epoch=5/8 step=43/100 loss=0.362945 grad_norm=0.585
[train] epoch=5/8 step=44/100 loss=0.340366 grad_norm=0.307
[train] epoch=5/8 step=45/100 loss=0.342416 grad_norm=0.326
[train] epoch=5/8 step=46/100 loss=0.360230 grad_norm=0.588
[train] epoch=5/8 step=47/100 loss=0.391587 grad_norm=0.459
[train] epoch=5/8 step=48/100 loss=0.312212 grad_norm=0.332
[train] epoch=5/8 step=49/100 loss=0.362597 grad_norm=0.362
[train] epoch=5/8 step=50/100 loss=0.346007 grad_norm=0.528
[train] epoch=5/8 step=51/100 loss=0.333542 grad_norm=0.489
[train] epoch=5/8 step=52/100 loss=0.331570 grad_norm=0.389
[train] epoch=5/8 step=53/100 loss=0.307696 grad_norm=0.322
[train] epoch=5/8 step=54/100 loss=0.348662 grad_norm=0.620
[train] epoch=5/8 step=55/100 loss=0.331164 grad_norm=0.361
[train] epoch=5/8 step=56/100 loss=0.323813 grad_norm=0.283
[train] epoch=5/8 step=57/100 loss=0.385394 grad_norm=0.286
[train] epoch=5/8 step=58/100 loss=0.289221 grad_norm=0.376
[train] epoch=5/8 step=59/100 loss=0.356195 grad_norm=0.538
[train] epoch=5/8 step=60/100 loss=0.347363 grad_norm=0.399
[train] epoch=5/8 step=61/100 loss=0.368235 grad_norm=0.377
[train] epoch=5/8 step=62/100 loss=0.338295 grad_norm=0.298
[train] epoch=5/8 step=63/100 loss=0.321682 grad_norm=0.366
[train] epoch=5/8 step=64/100 loss=0.353460 grad_norm=0.575
[train] epoch=5/8 step=65/100 loss=0.364200 grad_norm=0.265
[train] epoch=5/8 step=66/100 loss=0.351827 grad_norm=0.238
[train] epoch=5/8 step=67/100 loss=0.340867 grad_norm=0.446
[train] epoch=5/8 step=68/100 loss=0.333263 grad_norm=0.376
[train] epoch=5/8 step=69/100 loss=0.328369 grad_norm=0.295
[train] epoch=5/8 step=70/100 loss=0.335240 grad_norm=0.282
[train] epoch=5/8 step=71/100 loss=0.341299 grad_norm=0.233
[train] epoch=5/8 step=72/100 loss=0.341784 grad_norm=0.563
[train] epoch=5/8 step=73/100 loss=0.345105 grad_norm=0.411
[train] epoch=5/8 step=74/100 loss=0.386000 grad_norm=0.272
[train] epoch=5/8 step=75/100 loss=0.333549 grad_norm=0.292
[train] epoch=5/8 step=76/100 loss=0.330068 grad_norm=0.590
[train] epoch=5/8 step=77/100 loss=0.337608 grad_norm=0.354
[train] epoch=5/8 step=78/100 loss=0.366513 grad_norm=0.472
[train] epoch=5/8 step=79/100 loss=0.357849 grad_norm=0.265
[train] epoch=5/8 step=80/100 loss=0.325582 grad_norm=0.374
[train] epoch=5/8 step=81/100 loss=0.307150 grad_norm=0.715
[train] epoch=5/8 step=82/100 loss=0.364012 grad_norm=0.545
[train] epoch=5/8 step=83/100 loss=0.352593 grad_norm=0.232
[train] epoch=5/8 step=84/100 loss=0.383402 grad_norm=0.342
[train] epoch=5/8 step=85/100 loss=0.386439 grad_norm=0.289
[train] epoch=5/8 step=86/100 loss=0.333933 grad_norm=0.700
[train] epoch=5/8 step=87/100 loss=0.340485 grad_norm=0.343
[train] epoch=5/8 step=88/100 loss=0.319626 grad_norm=0.243
[train] epoch=5/8 step=89/100 loss=0.347512 grad_norm=0.339
[train] epoch=5/8 step=90/100 loss=0.330478 grad_norm=0.339
[train] epoch=5/8 step=91/100 loss=0.343193 grad_norm=0.356
[train] epoch=5/8 step=92/100 loss=0.342157 grad_norm=0.569
[train] epoch=5/8 step=93/100 loss=0.319184 grad_norm=0.404
[train] epoch=5/8 step=94/100 loss=0.360329 grad_norm=0.329
[train] epoch=5/8 step=95/100 loss=0.383193 grad_norm=0.349
[train] epoch=5/8 step=96/100 loss=0.339362 grad_norm=0.320
[train] epoch=5/8 step=97/100 loss=0.347337 grad_norm=0.194
[train] epoch=5/8 step=98/100 loss=0.343281 grad_norm=0.288
[train] epoch=5/8 step=99/100 loss=0.345416 grad_norm=0.276
[train] epoch=5/8 step=100/100 loss=0.332161 grad_norm=0.355
[epoch_summary] epoch=5/8 time_epoch=55.8s elapsed=367.4s eta=220.4s lambda_batch_div=0.000 lambda_inter_div=0.250 lambda_intra_div=0.000 selection_mode=diversity_first selection_score=0.999161 train_loss=0.346218 val_loss=0.270085 val_nmpjpe=0.246760 train_pose=0.029250 train_rel=0.047920 train_dist=0.188802 train_dir=0.064099 train_var=0.021011 train_batch_div=0.162698 train_inter_div=0.160429 train_intra_div=0.255301 val_pose=0.026027 val_rel=0.040112 val_dist=0.166438 val_dir=0.055985 val_var=0.021976 val_batch_div=0.451813 val_inter_div=0.006318 val_intra_div=0.453181 train_std=0.119853/0.165038 train_std_ratio=0.731512 val_std=0.067033/0.086730 val_std_ratio=0.915604 train_pair_dist=1.000727/1.541229 train_pair_ratio=0.652119 val_pair_dist=0.510701/0.881006 val_pair_ratio=0.682364 train_inter_pair=1.001110/1.561947 train_inter_ratio=0.643699 val_inter_pair=0.012713/0.033503 val_inter_ratio=0.008475 train_intra_pair=0.990098/1.008197 train_intra_ratio=0.996838 val_intra_pair=0.509598/0.875789 val_intra_ratio=0.684487 train_action_cls=0.000000 train_action_acc=0.000 val_action_cls=0.000000 val_action_acc=0.000 grad_norm_mean=0.390 nan_loss=False nan_grad=False actions_covered=27 envs_covered=2
[ckpt] saved_last path=C:\Users\LuvRene\OneDrive\PythonProjects\Positioning\pose_estimationV2\checkpoints\ablation_meanrms_interdiv_divsel_last.pth epoch=5
[ckpt] saved path=C:\Users\LuvRene\OneDrive\PythonProjects\Positioning\pose_estimationV2\checkpoints\ablation_meanrms_interdiv_divsel.pth epoch=5 best_selection_score=0.999161 val_nmpjpe=0.246760
[epoch_start] epoch=6/8 train_size=160380 val_size=80190 test_size=80190 lr=3.000e-04 lambda_batch_div=0.000 lambda_inter_div=0.250 lambda_intra_div=0.000
[train] epoch=6/8 step=1/100 loss=0.353105 grad_norm=0.512
[train] epoch=6/8 step=2/100 loss=0.343736 grad_norm=0.351
[train] epoch=6/8 step=3/100 loss=0.348457 grad_norm=0.270
[train] epoch=6/8 step=4/100 loss=0.357651 grad_norm=0.505
[train] epoch=6/8 step=5/100 loss=0.316443 grad_norm=0.254
[train] epoch=6/8 step=6/100 loss=0.362068 grad_norm=0.547
[train] epoch=6/8 step=7/100 loss=0.365009 grad_norm=0.281
[train] epoch=6/8 step=8/100 loss=0.357535 grad_norm=0.306
[train] epoch=6/8 step=9/100 loss=0.357418 grad_norm=0.436
[train] epoch=6/8 step=10/100 loss=0.321206 grad_norm=0.325
[train] epoch=6/8 step=11/100 loss=0.315079 grad_norm=0.307
[train] epoch=6/8 step=12/100 loss=0.364949 grad_norm=0.252
[train] epoch=6/8 step=13/100 loss=0.377263 grad_norm=0.211
[train] epoch=6/8 step=14/100 loss=0.354130 grad_norm=0.325
[train] epoch=6/8 step=15/100 loss=0.350202 grad_norm=0.491
[train] epoch=6/8 step=16/100 loss=0.313465 grad_norm=0.354
[train] epoch=6/8 step=17/100 loss=0.355365 grad_norm=0.239
[train] epoch=6/8 step=18/100 loss=0.364393 grad_norm=0.248
[train] epoch=6/8 step=19/100 loss=0.324812 grad_norm=0.532
[train] epoch=6/8 step=20/100 loss=0.327911 grad_norm=0.383
[train] epoch=6/8 step=21/100 loss=0.336954 grad_norm=0.332
[train] epoch=6/8 step=22/100 loss=0.311358 grad_norm=0.352
[train] epoch=6/8 step=23/100 loss=0.339790 grad_norm=0.407
[train] epoch=6/8 step=24/100 loss=0.344983 grad_norm=0.247
[train] epoch=6/8 step=25/100 loss=0.343571 grad_norm=0.347
[train] epoch=6/8 step=26/100 loss=0.345223 grad_norm=0.425
[train] epoch=6/8 step=27/100 loss=0.354690 grad_norm=0.225
[train] epoch=6/8 step=28/100 loss=0.366775 grad_norm=0.420
[train] epoch=6/8 step=29/100 loss=0.323604 grad_norm=0.326
[train] epoch=6/8 step=30/100 loss=0.342540 grad_norm=0.316
[train] epoch=6/8 step=31/100 loss=0.361928 grad_norm=0.317
[train] epoch=6/8 step=32/100 loss=0.361793 grad_norm=0.276
[train] epoch=6/8 step=33/100 loss=0.333889 grad_norm=0.315
[train] epoch=6/8 step=34/100 loss=0.335929 grad_norm=0.211
[train] epoch=6/8 step=35/100 loss=0.331799 grad_norm=0.306
[train] epoch=6/8 step=36/100 loss=0.334331 grad_norm=0.264
[train] epoch=6/8 step=37/100 loss=0.345697 grad_norm=0.253
[train] epoch=6/8 step=38/100 loss=0.336669 grad_norm=0.250
[train] epoch=6/8 step=39/100 loss=0.333566 grad_norm=0.248
[train] epoch=6/8 step=40/100 loss=0.367642 grad_norm=0.327
[train] epoch=6/8 step=41/100 loss=0.338963 grad_norm=0.300
[train] epoch=6/8 step=42/100 loss=0.336956 grad_norm=0.395
[train] epoch=6/8 step=43/100 loss=0.351182 grad_norm=0.290
[train] epoch=6/8 step=44/100 loss=0.345551 grad_norm=0.259
[train] epoch=6/8 step=45/100 loss=0.318473 grad_norm=0.334
[train] epoch=6/8 step=46/100 loss=0.362129 grad_norm=0.477
[train] epoch=6/8 step=47/100 loss=0.382523 grad_norm=0.399
[train] epoch=6/8 step=48/100 loss=0.357085 grad_norm=0.434
[train] epoch=6/8 step=49/100 loss=0.355195 grad_norm=0.329
[train] epoch=6/8 step=50/100 loss=0.306235 grad_norm=0.459
[train] epoch=6/8 step=51/100 loss=0.359759 grad_norm=0.382
[train] epoch=6/8 step=52/100 loss=0.340872 grad_norm=0.723
[train] epoch=6/8 step=53/100 loss=0.344245 grad_norm=0.291
[train] epoch=6/8 step=54/100 loss=0.380586 grad_norm=0.266
[train] epoch=6/8 step=55/100 loss=0.302111 grad_norm=0.621
[train] epoch=6/8 step=56/100 loss=0.323207 grad_norm=0.342
[train] epoch=6/8 step=57/100 loss=0.337625 grad_norm=0.357
[train] epoch=6/8 step=58/100 loss=0.352023 grad_norm=0.285
[train] epoch=6/8 step=59/100 loss=0.372706 grad_norm=0.285
[train] epoch=6/8 step=60/100 loss=0.325335 grad_norm=0.382
[train] epoch=6/8 step=61/100 loss=0.338409 grad_norm=0.452
[train] epoch=6/8 step=62/100 loss=0.309148 grad_norm=0.297
[train] epoch=6/8 step=63/100 loss=0.346999 grad_norm=0.237
[train] epoch=6/8 step=64/100 loss=0.346340 grad_norm=0.260
[train] epoch=6/8 step=65/100 loss=0.322935 grad_norm=0.368
[train] epoch=6/8 step=66/100 loss=0.318989 grad_norm=0.431
[train] epoch=6/8 step=67/100 loss=0.318113 grad_norm=0.258
[train] epoch=6/8 step=68/100 loss=0.341648 grad_norm=0.244
[train] epoch=6/8 step=69/100 loss=0.355864 grad_norm=0.343
[train] epoch=6/8 step=70/100 loss=0.341062 grad_norm=0.242
[train] epoch=6/8 step=71/100 loss=0.370890 grad_norm=0.309
[train] epoch=6/8 step=72/100 loss=0.340083 grad_norm=0.250
[train] epoch=6/8 step=73/100 loss=0.347265 grad_norm=0.250
[train] epoch=6/8 step=74/100 loss=0.371194 grad_norm=0.276
[train] epoch=6/8 step=75/100 loss=0.342959 grad_norm=0.385
[train] epoch=6/8 step=76/100 loss=0.368377 grad_norm=0.257
[train] epoch=6/8 step=77/100 loss=0.328133 grad_norm=0.205
[train] epoch=6/8 step=78/100 loss=0.291718 grad_norm=0.282
[train] epoch=6/8 step=79/100 loss=0.345946 grad_norm=0.331
[train] epoch=6/8 step=80/100 loss=0.328846 grad_norm=0.262
[train] epoch=6/8 step=81/100 loss=0.349244 grad_norm=0.455
[train] epoch=6/8 step=82/100 loss=0.336825 grad_norm=0.304
[train] epoch=6/8 step=83/100 loss=0.335282 grad_norm=0.285
[train] epoch=6/8 step=84/100 loss=0.342486 grad_norm=0.406
[train] epoch=6/8 step=85/100 loss=0.337105 grad_norm=0.278
[train] epoch=6/8 step=86/100 loss=0.333593 grad_norm=0.260
[train] epoch=6/8 step=87/100 loss=0.358684 grad_norm=0.249
[train] epoch=6/8 step=88/100 loss=0.302740 grad_norm=0.340
[train] epoch=6/8 step=89/100 loss=0.327731 grad_norm=0.311
[train] epoch=6/8 step=90/100 loss=0.340302 grad_norm=0.343
[train] epoch=6/8 step=91/100 loss=0.332248 grad_norm=0.264
[train] epoch=6/8 step=92/100 loss=0.398433 grad_norm=0.279
[train] epoch=6/8 step=93/100 loss=0.361901 grad_norm=0.295
[train] epoch=6/8 step=94/100 loss=0.311623 grad_norm=0.334
[train] epoch=6/8 step=95/100 loss=0.367710 grad_norm=0.275
[train] epoch=6/8 step=96/100 loss=0.308499 grad_norm=0.213
[train] epoch=6/8 step=97/100 loss=0.342368 grad_norm=0.315
[train] epoch=6/8 step=98/100 loss=0.324738 grad_norm=0.284
[train] epoch=6/8 step=99/100 loss=0.350227 grad_norm=0.326
[train] epoch=6/8 step=100/100 loss=0.365467 grad_norm=0.235
[epoch_summary] epoch=6/8 time_epoch=55.7s elapsed=423.1s eta=141.0s lambda_batch_div=0.000 lambda_inter_div=0.250 lambda_intra_div=0.000 selection_mode=diversity_first selection_score=0.931947 train_loss=0.342778 val_loss=0.269844 val_nmpjpe=0.241661 train_pose=0.029538 train_rel=0.047658 train_dist=0.185124 train_dir=0.063154 train_var=0.021904 train_batch_div=0.166638 train_inter_div=0.164534 train_intra_div=0.251661 val_pose=0.025374 val_rel=0.040218 val_dist=0.166817 val_dir=0.055900 val_var=0.023067 val_batch_div=0.450830 val_inter_div=0.006575 val_intra_div=0.452069 train_std=0.120189/0.166801 train_std_ratio=0.724099 val_std=0.062552/0.086730 val_std_ratio=0.857743 train_pair_dist=1.003906/1.548715 train_pair_ratio=0.650427 val_pair_dist=0.473744/0.881006 val_pair_ratio=0.635399 train_inter_pair=1.004262/1.569729 train_inter_ratio=0.641957 val_inter_pair=0.011696/0.033503 val_inter_ratio=0.007813 train_intra_pair=0.994667/1.005721 train_intra_ratio=1.003808 val_intra_pair=0.472775/0.875789 val_intra_ratio=0.637447 train_action_cls=0.000000 train_action_acc=0.000 val_action_cls=0.000000 val_action_acc=0.000 grad_norm_mean=0.329 nan_loss=False nan_grad=False actions_covered=27 envs_covered=2
[ckpt] saved_last path=C:\Users\LuvRene\OneDrive\PythonProjects\Positioning\pose_estimationV2\checkpoints\ablation_meanrms_interdiv_divsel_last.pth epoch=6
[ckpt] no_improve best_epoch=5 best_selection_score=0.999161 best_val_nmpjpe=0.246760
[epoch_start] epoch=7/8 train_size=160380 val_size=80190 test_size=80190 lr=3.000e-04 lambda_batch_div=0.000 lambda_inter_div=0.250 lambda_intra_div=0.000
[train] epoch=7/8 step=1/100 loss=0.337935 grad_norm=0.506
[train] epoch=7/8 step=2/100 loss=0.363831 grad_norm=0.211
[train] epoch=7/8 step=3/100 loss=0.380672 grad_norm=0.310
[train] epoch=7/8 step=4/100 loss=0.310482 grad_norm=0.348
[train] epoch=7/8 step=5/100 loss=0.331260 grad_norm=0.314
[train] epoch=7/8 step=6/100 loss=0.320058 grad_norm=0.213
[train] epoch=7/8 step=7/100 loss=0.341373 grad_norm=0.342
[train] epoch=7/8 step=8/100 loss=0.300179 grad_norm=0.293
[train] epoch=7/8 step=9/100 loss=0.339616 grad_norm=0.409
[train] epoch=7/8 step=10/100 loss=0.364499 grad_norm=0.448
[train] epoch=7/8 step=11/100 loss=0.371353 grad_norm=0.345
[train] epoch=7/8 step=12/100 loss=0.346417 grad_norm=0.240
[train] epoch=7/8 step=13/100 loss=0.331128 grad_norm=0.453
[train] epoch=7/8 step=14/100 loss=0.350735 grad_norm=0.781
[train] epoch=7/8 step=15/100 loss=0.347087 grad_norm=0.244
[train] epoch=7/8 step=16/100 loss=0.325165 grad_norm=0.497
[train] epoch=7/8 step=17/100 loss=0.334568 grad_norm=0.271
[train] epoch=7/8 step=18/100 loss=0.329683 grad_norm=0.464
[train] epoch=7/8 step=19/100 loss=0.345027 grad_norm=0.374
[train] epoch=7/8 step=20/100 loss=0.358569 grad_norm=0.345
[train] epoch=7/8 step=21/100 loss=0.346434 grad_norm=0.513
[train] epoch=7/8 step=22/100 loss=0.345380 grad_norm=0.381
[train] epoch=7/8 step=23/100 loss=0.339885 grad_norm=0.290
[train] epoch=7/8 step=24/100 loss=0.327913 grad_norm=0.305
[train] epoch=7/8 step=25/100 loss=0.345003 grad_norm=0.302
[train] epoch=7/8 step=26/100 loss=0.309108 grad_norm=0.369
[train] epoch=7/8 step=27/100 loss=0.322418 grad_norm=0.259
[train] epoch=7/8 step=28/100 loss=0.331778 grad_norm=0.191
[train] epoch=7/8 step=29/100 loss=0.329230 grad_norm=0.287
[train] epoch=7/8 step=30/100 loss=0.329178 grad_norm=0.366
[train] epoch=7/8 step=31/100 loss=0.314058 grad_norm=0.229
[train] epoch=7/8 step=32/100 loss=0.367399 grad_norm=0.247
[train] epoch=7/8 step=33/100 loss=0.333055 grad_norm=0.268
[train] epoch=7/8 step=34/100 loss=0.329403 grad_norm=0.294
[train] epoch=7/8 step=35/100 loss=0.351293 grad_norm=0.230
[train] epoch=7/8 step=36/100 loss=0.348047 grad_norm=0.297
[train] epoch=7/8 step=37/100 loss=0.331713 grad_norm=0.238
[train] epoch=7/8 step=38/100 loss=0.324065 grad_norm=0.219
[train] epoch=7/8 step=39/100 loss=0.335186 grad_norm=0.320
[train] epoch=7/8 step=40/100 loss=0.308132 grad_norm=0.422
[train] epoch=7/8 step=41/100 loss=0.355378 grad_norm=0.262
[train] epoch=7/8 step=42/100 loss=0.326700 grad_norm=0.350
[train] epoch=7/8 step=43/100 loss=0.328903 grad_norm=0.478
[train] epoch=7/8 step=44/100 loss=0.357964 grad_norm=0.362
[train] epoch=7/8 step=45/100 loss=0.299293 grad_norm=0.331
[train] epoch=7/8 step=46/100 loss=0.305719 grad_norm=0.328
[train] epoch=7/8 step=47/100 loss=0.315279 grad_norm=0.458
[train] epoch=7/8 step=48/100 loss=0.318070 grad_norm=0.625
[train] epoch=7/8 step=49/100 loss=0.365081 grad_norm=0.243
[train] epoch=7/8 step=50/100 loss=0.343436 grad_norm=0.314
[train] epoch=7/8 step=51/100 loss=0.333264 grad_norm=0.336
[train] epoch=7/8 step=52/100 loss=0.328013 grad_norm=0.354
[train] epoch=7/8 step=53/100 loss=0.360372 grad_norm=0.537
[train] epoch=7/8 step=54/100 loss=0.306048 grad_norm=0.239
[train] epoch=7/8 step=55/100 loss=0.347324 grad_norm=0.303
[train] epoch=7/8 step=56/100 loss=0.321378 grad_norm=0.331
[train] epoch=7/8 step=57/100 loss=0.328413 grad_norm=0.457
[train] epoch=7/8 step=58/100 loss=0.345210 grad_norm=0.243
[train] epoch=7/8 step=59/100 loss=0.348195 grad_norm=0.327
[train] epoch=7/8 step=60/100 loss=0.329341 grad_norm=0.351
[train] epoch=7/8 step=61/100 loss=0.356412 grad_norm=0.454
[train] epoch=7/8 step=62/100 loss=0.347849 grad_norm=0.268
[train] epoch=7/8 step=63/100 loss=0.295092 grad_norm=0.337
[train] epoch=7/8 step=64/100 loss=0.312811 grad_norm=0.326
[train] epoch=7/8 step=65/100 loss=0.373893 grad_norm=0.235
[train] epoch=7/8 step=66/100 loss=0.351486 grad_norm=0.313
[train] epoch=7/8 step=67/100 loss=0.323099 grad_norm=0.259
[train] epoch=7/8 step=68/100 loss=0.307693 grad_norm=0.202
[train] epoch=7/8 step=69/100 loss=0.310232 grad_norm=0.269
[train] epoch=7/8 step=70/100 loss=0.338646 grad_norm=0.213
[train] epoch=7/8 step=71/100 loss=0.346605 grad_norm=0.187
[train] epoch=7/8 step=72/100 loss=0.342878 grad_norm=0.276
[train] epoch=7/8 step=73/100 loss=0.318975 grad_norm=0.388
[train] epoch=7/8 step=74/100 loss=0.325627 grad_norm=0.511
[train] epoch=7/8 step=75/100 loss=0.346945 grad_norm=0.225
[train] epoch=7/8 step=76/100 loss=0.364136 grad_norm=0.370
[train] epoch=7/8 step=77/100 loss=0.334061 grad_norm=0.374
[train] epoch=7/8 step=78/100 loss=0.341638 grad_norm=0.499
[train] epoch=7/8 step=79/100 loss=0.326260 grad_norm=0.472
[train] epoch=7/8 step=80/100 loss=0.339579 grad_norm=0.335
[train] epoch=7/8 step=81/100 loss=0.351721 grad_norm=0.363
[train] epoch=7/8 step=82/100 loss=0.329246 grad_norm=0.496
[train] epoch=7/8 step=83/100 loss=0.320600 grad_norm=0.224
[train] epoch=7/8 step=84/100 loss=0.332712 grad_norm=0.341
[train] epoch=7/8 step=85/100 loss=0.327597 grad_norm=0.197
[train] epoch=7/8 step=86/100 loss=0.352643 grad_norm=0.258
[train] epoch=7/8 step=87/100 loss=0.370388 grad_norm=0.295
[train] epoch=7/8 step=88/100 loss=0.305061 grad_norm=0.211
[train] epoch=7/8 step=89/100 loss=0.342834 grad_norm=0.219
[train] epoch=7/8 step=90/100 loss=0.354376 grad_norm=0.274
[train] epoch=7/8 step=91/100 loss=0.347598 grad_norm=0.258
[train] epoch=7/8 step=92/100 loss=0.339149 grad_norm=0.291
[train] epoch=7/8 step=93/100 loss=0.332430 grad_norm=0.440
[train] epoch=7/8 step=94/100 loss=0.334413 grad_norm=0.312
[train] epoch=7/8 step=95/100 loss=0.328247 grad_norm=0.247
[train] epoch=7/8 step=96/100 loss=0.332153 grad_norm=0.517
[train] epoch=7/8 step=97/100 loss=0.340820 grad_norm=0.297
[train] epoch=7/8 step=98/100 loss=0.330523 grad_norm=0.226
[train] epoch=7/8 step=99/100 loss=0.350606 grad_norm=0.323
[train] epoch=7/8 step=100/100 loss=0.348952 grad_norm=0.180
[epoch_summary] epoch=7/8 time_epoch=55.9s elapsed=479.0s eta=68.4s lambda_batch_div=0.000 lambda_inter_div=0.250 lambda_intra_div=0.000 selection_mode=diversity_first selection_score=0.987588 train_loss=0.336377 val_loss=0.266649 val_nmpjpe=0.242526 train_pose=0.028982 train_rel=0.046459 train_dist=0.181696 train_dir=0.061442 train_var=0.020541 train_batch_div=0.166347 train_inter_div=0.164110 train_intra_div=0.260167 val_pose=0.025820 val_rel=0.040793 val_dist=0.162840 val_dir=0.056046 val_var=0.022100 val_batch_div=0.440000 val_inter_div=0.006191 val_intra_div=0.441269 train_std=0.118943/0.163787 train_std_ratio=0.729509 val_std=0.065132/0.086730 val_std_ratio=0.892739 train_pair_dist=0.994218/1.528262 train_pair_ratio=0.652580 val_pair_dist=0.506034/0.881006 val_pair_ratio=0.678709 train_inter_pair=0.994252/1.548197 train_inter_ratio=0.644199 val_inter_pair=0.012680/0.033503 val_inter_ratio=0.008468 train_intra_pair=0.993724/1.003117 train_intra_ratio=1.005510 val_intra_pair=0.505012/0.875789 val_intra_ratio=0.680991 train_action_cls=0.000000 train_action_acc=0.000 val_action_cls=0.000000 val_action_acc=0.000 grad_norm_mean=0.331 nan_loss=False nan_grad=False actions_covered=27 envs_covered=2
[ckpt] saved_last path=C:\Users\LuvRene\OneDrive\PythonProjects\Positioning\pose_estimationV2\checkpoints\ablation_meanrms_interdiv_divsel_last.pth epoch=7
[ckpt] no_improve best_epoch=5 best_selection_score=0.999161 best_val_nmpjpe=0.246760
[epoch_start] epoch=8/8 train_size=160380 val_size=80190 test_size=80190 lr=3.000e-04 lambda_batch_div=0.000 lambda_inter_div=0.250 lambda_intra_div=0.000
[train] epoch=8/8 step=1/100 loss=0.327477 grad_norm=0.304
[train] epoch=8/8 step=2/100 loss=0.352848 grad_norm=0.219
[train] epoch=8/8 step=3/100 loss=0.362137 grad_norm=0.253
[train] epoch=8/8 step=4/100 loss=0.359441 grad_norm=0.243
[train] epoch=8/8 step=5/100 loss=0.312006 grad_norm=0.299
[train] epoch=8/8 step=6/100 loss=0.328088 grad_norm=0.282
[train] epoch=8/8 step=7/100 loss=0.328788 grad_norm=0.265
[train] epoch=8/8 step=8/100 loss=0.362531 grad_norm=0.303
[train] epoch=8/8 step=9/100 loss=0.336076 grad_norm=0.279
[train] epoch=8/8 step=10/100 loss=0.317542 grad_norm=0.324
[train] epoch=8/8 step=11/100 loss=0.330032 grad_norm=0.209
[train] epoch=8/8 step=12/100 loss=0.344538 grad_norm=0.239
[train] epoch=8/8 step=13/100 loss=0.367647 grad_norm=0.178
[train] epoch=8/8 step=14/100 loss=0.309540 grad_norm=0.267
[train] epoch=8/8 step=15/100 loss=0.313126 grad_norm=0.209
[train] epoch=8/8 step=16/100 loss=0.356107 grad_norm=0.262
[train] epoch=8/8 step=17/100 loss=0.309536 grad_norm=0.325
[train] epoch=8/8 step=18/100 loss=0.309558 grad_norm=0.227
[train] epoch=8/8 step=19/100 loss=0.335845 grad_norm=0.261
[train] epoch=8/8 step=20/100 loss=0.319216 grad_norm=0.431
[train] epoch=8/8 step=21/100 loss=0.333041 grad_norm=0.300
[train] epoch=8/8 step=22/100 loss=0.344312 grad_norm=0.220
[train] epoch=8/8 step=23/100 loss=0.327028 grad_norm=0.283
[train] epoch=8/8 step=24/100 loss=0.352000 grad_norm=0.510
[train] epoch=8/8 step=25/100 loss=0.340745 grad_norm=0.284
[train] epoch=8/8 step=26/100 loss=0.320968 grad_norm=0.234
[train] epoch=8/8 step=27/100 loss=0.320394 grad_norm=0.272
[train] epoch=8/8 step=28/100 loss=0.322759 grad_norm=0.251
[train] epoch=8/8 step=29/100 loss=0.352460 grad_norm=0.387
[train] epoch=8/8 step=30/100 loss=0.310319 grad_norm=0.280
[train] epoch=8/8 step=31/100 loss=0.340055 grad_norm=0.345
[train] epoch=8/8 step=32/100 loss=0.321341 grad_norm=0.440
[train] epoch=8/8 step=33/100 loss=0.376795 grad_norm=0.339
[train] epoch=8/8 step=34/100 loss=0.344741 grad_norm=0.438
[train] epoch=8/8 step=35/100 loss=0.316628 grad_norm=0.324
[train] epoch=8/8 step=36/100 loss=0.340395 grad_norm=0.343
[train] epoch=8/8 step=37/100 loss=0.326685 grad_norm=0.299
[train] epoch=8/8 step=38/100 loss=0.314195 grad_norm=0.487
[train] epoch=8/8 step=39/100 loss=0.365450 grad_norm=0.254
[train] epoch=8/8 step=40/100 loss=0.371315 grad_norm=0.206
[train] epoch=8/8 step=41/100 loss=0.372718 grad_norm=0.354
[train] epoch=8/8 step=42/100 loss=0.346423 grad_norm=0.287
[train] epoch=8/8 step=43/100 loss=0.344574 grad_norm=0.329
[train] epoch=8/8 step=44/100 loss=0.321204 grad_norm=0.344
[train] epoch=8/8 step=45/100 loss=0.312049 grad_norm=0.369
[train] epoch=8/8 step=46/100 loss=0.318194 grad_norm=0.375
[train] epoch=8/8 step=47/100 loss=0.382384 grad_norm=0.520
[train] epoch=8/8 step=48/100 loss=0.358748 grad_norm=0.318
[train] epoch=8/8 step=49/100 loss=0.293913 grad_norm=0.325
[train] epoch=8/8 step=50/100 loss=0.355838 grad_norm=0.247
[train] epoch=8/8 step=51/100 loss=0.352352 grad_norm=0.386
[train] epoch=8/8 step=52/100 loss=0.335165 grad_norm=0.318
[train] epoch=8/8 step=53/100 loss=0.332745 grad_norm=0.215
[train] epoch=8/8 step=54/100 loss=0.332622 grad_norm=0.567
[train] epoch=8/8 step=55/100 loss=0.337205 grad_norm=0.354
[train] epoch=8/8 step=56/100 loss=0.349000 grad_norm=0.248
[train] epoch=8/8 step=57/100 loss=0.317874 grad_norm=0.293
[train] epoch=8/8 step=58/100 loss=0.354246 grad_norm=0.346
[train] epoch=8/8 step=59/100 loss=0.373205 grad_norm=0.208
[train] epoch=8/8 step=60/100 loss=0.352051 grad_norm=0.343
[train] epoch=8/8 step=61/100 loss=0.361989 grad_norm=0.307
[train] epoch=8/8 step=62/100 loss=0.338193 grad_norm=0.272
[train] epoch=8/8 step=63/100 loss=0.330464 grad_norm=0.218
[train] epoch=8/8 step=64/100 loss=0.341871 grad_norm=0.271
[train] epoch=8/8 step=65/100 loss=0.345585 grad_norm=0.289
[train] epoch=8/8 step=66/100 loss=0.350594 grad_norm=0.313
[train] epoch=8/8 step=67/100 loss=0.347458 grad_norm=0.248
[train] epoch=8/8 step=68/100 loss=0.326260 grad_norm=0.368
[train] epoch=8/8 step=69/100 loss=0.334006 grad_norm=0.275
[train] epoch=8/8 step=70/100 loss=0.323299 grad_norm=0.235
[train] epoch=8/8 step=71/100 loss=0.343931 grad_norm=0.219
[train] epoch=8/8 step=72/100 loss=0.318152 grad_norm=0.288
[train] epoch=8/8 step=73/100 loss=0.357520 grad_norm=0.265
[train] epoch=8/8 step=74/100 loss=0.331573 grad_norm=0.254
[train] epoch=8/8 step=75/100 loss=0.321160 grad_norm=0.262
[train] epoch=8/8 step=76/100 loss=0.314099 grad_norm=0.203
[train] epoch=8/8 step=77/100 loss=0.333374 grad_norm=0.347
[train] epoch=8/8 step=78/100 loss=0.320814 grad_norm=0.259
[train] epoch=8/8 step=79/100 loss=0.306559 grad_norm=0.299
[train] epoch=8/8 step=80/100 loss=0.346625 grad_norm=0.286
[train] epoch=8/8 step=81/100 loss=0.360251 grad_norm=0.260
[train] epoch=8/8 step=82/100 loss=0.341012 grad_norm=0.218
[train] epoch=8/8 step=83/100 loss=0.339379 grad_norm=0.219
[train] epoch=8/8 step=84/100 loss=0.324722 grad_norm=0.305
[train] epoch=8/8 step=85/100 loss=0.319511 grad_norm=0.209
[train] epoch=8/8 step=86/100 loss=0.323523 grad_norm=0.262
[train] epoch=8/8 step=87/100 loss=0.334119 grad_norm=0.382
[train] epoch=8/8 step=88/100 loss=0.328665 grad_norm=0.220
[train] epoch=8/8 step=89/100 loss=0.346362 grad_norm=0.303
[train] epoch=8/8 step=90/100 loss=0.347040 grad_norm=0.323
[train] epoch=8/8 step=91/100 loss=0.336322 grad_norm=0.257
[train] epoch=8/8 step=92/100 loss=0.344976 grad_norm=0.199
[train] epoch=8/8 step=93/100 loss=0.360538 grad_norm=0.255
[train] epoch=8/8 step=94/100 loss=0.366855 grad_norm=0.288
[train] epoch=8/8 step=95/100 loss=0.324007 grad_norm=0.259
[train] epoch=8/8 step=96/100 loss=0.349880 grad_norm=0.309
[train] epoch=8/8 step=97/100 loss=0.321358 grad_norm=0.391
[train] epoch=8/8 step=98/100 loss=0.302365 grad_norm=0.256
[train] epoch=8/8 step=99/100 loss=0.339346 grad_norm=0.260
[train] epoch=8/8 step=100/100 loss=0.345163 grad_norm=0.297
[epoch_summary] epoch=8/8 time_epoch=55.4s elapsed=534.4s eta=0.0s lambda_batch_div=0.000 lambda_inter_div=0.250 lambda_intra_div=0.000 selection_mode=diversity_first selection_score=0.936101 train_loss=0.337151 val_loss=0.264360 val_nmpjpe=0.232172 train_pose=0.029590 train_rel=0.047035 train_dist=0.180396 train_dir=0.062192 train_var=0.020870 train_batch_div=0.167999 train_inter_div=0.165823 train_intra_div=0.254694 val_pose=0.024355 val_rel=0.040582 val_dist=0.161960 val_dir=0.056254 val_var=0.021821 val_batch_div=0.410268 val_inter_div=0.005999 val_intra_div=0.411252 train_std=0.120544/0.166061 train_std_ratio=0.729326 val_std=0.061037/0.086730 val_std_ratio=0.840199 train_pair_dist=1.006838/1.544160 train_pair_ratio=0.653684 val_pair_dist=0.479871/0.881006 val_pair_ratio=0.645459 train_inter_pair=1.007241/1.563998 train_inter_ratio=0.645624 val_inter_pair=0.012139/0.033503 val_inter_ratio=0.008109 train_intra_pair=0.996469/1.023691 train_intra_ratio=0.983238 val_intra_pair=0.479032/0.875789 val_intra_ratio=0.647934 train_action_cls=0.000000 train_action_acc=0.000 val_action_cls=0.000000 val_action_acc=0.000 grad_norm_mean=0.296 nan_loss=False nan_grad=False actions_covered=27 envs_covered=2
[ckpt] saved_last path=C:\Users\LuvRene\OneDrive\PythonProjects\Positioning\pose_estimationV2\checkpoints\ablation_meanrms_interdiv_divsel_last.pth epoch=8
[ckpt] no_improve best_epoch=5 best_selection_score=0.999161 best_val_nmpjpe=0.246760
[plot] saved path=C:\Users\LuvRene\OneDrive\PythonProjects\Positioning\pose_estimationV2\logs\train\ablation_meanrms_interdiv_divsel_resnet1d_20260327-162151_curves.png
[history] saved path=C:\Users\LuvRene\OneDrive\PythonProjects\Positioning\pose_estimationV2\logs\train\ablation_meanrms_interdiv_divsel_resnet1d_20260327-162151_history.csv
[test_summary] best_epoch=5 test_loss=0.276982 test_nmpjpe=0.245615 test_pose=0.025278 test_rel=0.040161 test_dist=0.170463 test_dir=0.059668 test_var=0.024523 test_batch_div=0.435997 test_inter_div=0.005971 test_intra_div=0.437665 test_std=0.063040/0.089078 test_std_ratio=0.837578 test_pair_dist=0.490013/0.899707 test_pair_ratio=0.641132 test_inter_pair=0.012791/0.031090 test_inter_ratio=0.009635 test_intra_pair=0.488923/0.895100 test_intra_ratio=0.643019 test_action_cls=0.000000 test_action_acc=0.000
[assessment] status=usable reason=Validation stayed close to the best point (0.1999) and final test nMPJPE is 0.2456.
