[run] config=configs/default.yaml device=cuda:0
[run] model=resnet1d
[run] window_size=1
[run] normalize_mode=mean_rms
[run] aoa_cache_root=D:\Files\WiFi_Pose\WiFiPoseV3\data\AOA_data
[run] labels_root=D:\Files\WiFi_Pose\WiFiPoseV3\data\dataset
[run] val_env=env3 test_env=env4
[run] logs_file=C:\Users\LuvRene\OneDrive\PythonProjects\Positioning\pose_estimationV2\logs\train\ablation_meanrms_interdiv_resnet1d_20260331-063035.log
[run] selection_mode=accuracy lambda_var=0.000 lambda_batch_div=0.000 lambda_inter_div=0.250 lambda_intra_div=0.000
[data] dataset_size=320760 train_size=160380 val_size=80190 test_size=80190 batch_size=64 window_size=1
[run] action_aux enabled=False
[epoch_start] epoch=1/8 train_size=160380 val_size=80190 test_size=80190 lr=3.000e-04 lambda_batch_div=0.000 lambda_inter_div=0.250 lambda_intra_div=0.000
[train] epoch=1/8 step=1/100 loss=2.132908 grad_norm=5.376
[train] epoch=1/8 step=2/100 loss=1.897067 grad_norm=5.023
[train] epoch=1/8 step=3/100 loss=1.649796 grad_norm=4.609
[train] epoch=1/8 step=4/100 loss=1.426619 grad_norm=4.512
[train] epoch=1/8 step=5/100 loss=1.238053 grad_norm=4.216
[train] epoch=1/8 step=6/100 loss=1.082127 grad_norm=3.697
[train] epoch=1/8 step=7/100 loss=0.950125 grad_norm=3.404
[train] epoch=1/8 step=8/100 loss=0.868878 grad_norm=3.022
[train] epoch=1/8 step=9/100 loss=0.755581 grad_norm=2.816
[train] epoch=1/8 step=10/100 loss=0.718914 grad_norm=2.631
[train] epoch=1/8 step=11/100 loss=0.703429 grad_norm=2.405
[train] epoch=1/8 step=12/100 loss=0.649252 grad_norm=2.517
[train] epoch=1/8 step=13/100 loss=0.639945 grad_norm=2.515
[train] epoch=1/8 step=14/100 loss=0.588065 grad_norm=2.384
[train] epoch=1/8 step=15/100 loss=0.567441 grad_norm=2.028
[train] epoch=1/8 step=16/100 loss=0.542006 grad_norm=1.748
[train] epoch=1/8 step=17/100 loss=0.523881 grad_norm=1.771
[train] epoch=1/8 step=18/100 loss=0.504212 grad_norm=1.481
[train] epoch=1/8 step=19/100 loss=0.509309 grad_norm=1.350
[train] epoch=1/8 step=20/100 loss=0.507733 grad_norm=1.320
[train] epoch=1/8 step=21/100 loss=0.468919 grad_norm=1.329
[train] epoch=1/8 step=22/100 loss=0.503098 grad_norm=1.235
[train] epoch=1/8 step=23/100 loss=0.451718 grad_norm=1.320
[train] epoch=1/8 step=24/100 loss=0.464413 grad_norm=1.567
[train] epoch=1/8 step=25/100 loss=0.490438 grad_norm=0.987
[train] epoch=1/8 step=26/100 loss=0.467886 grad_norm=0.999
[train] epoch=1/8 step=27/100 loss=0.444689 grad_norm=1.193
[train] epoch=1/8 step=28/100 loss=0.468168 grad_norm=0.829
[train] epoch=1/8 step=29/100 loss=0.454500 grad_norm=0.878
[train] epoch=1/8 step=30/100 loss=0.423430 grad_norm=0.945
[train] epoch=1/8 step=31/100 loss=0.447108 grad_norm=0.724
[train] epoch=1/8 step=32/100 loss=0.408398 grad_norm=0.865
[train] epoch=1/8 step=33/100 loss=0.386101 grad_norm=0.813
[train] epoch=1/8 step=34/100 loss=0.422821 grad_norm=0.869
[train] epoch=1/8 step=35/100 loss=0.386887 grad_norm=0.724
[train] epoch=1/8 step=36/100 loss=0.425168 grad_norm=0.743
[train] epoch=1/8 step=37/100 loss=0.438045 grad_norm=0.778
[train] epoch=1/8 step=38/100 loss=0.405277 grad_norm=0.591
[train] epoch=1/8 step=39/100 loss=0.442307 grad_norm=0.827
[train] epoch=1/8 step=40/100 loss=0.421983 grad_norm=0.769
[train] epoch=1/8 step=41/100 loss=0.385989 grad_norm=0.630
[train] epoch=1/8 step=42/100 loss=0.373746 grad_norm=0.699
[train] epoch=1/8 step=43/100 loss=0.398043 grad_norm=0.706
[train] epoch=1/8 step=44/100 loss=0.410213 grad_norm=0.666
[train] epoch=1/8 step=45/100 loss=0.425591 grad_norm=0.627
[train] epoch=1/8 step=46/100 loss=0.406680 grad_norm=0.611
[train] epoch=1/8 step=47/100 loss=0.379271 grad_norm=0.636
[train] epoch=1/8 step=48/100 loss=0.400979 grad_norm=0.586
[train] epoch=1/8 step=49/100 loss=0.417848 grad_norm=0.564
[train] epoch=1/8 step=50/100 loss=0.394072 grad_norm=0.812
[train] epoch=1/8 step=51/100 loss=0.410986 grad_norm=0.505
[train] epoch=1/8 step=52/100 loss=0.382980 grad_norm=0.526
[train] epoch=1/8 step=53/100 loss=0.402617 grad_norm=0.799
[train] epoch=1/8 step=54/100 loss=0.383315 grad_norm=0.464
[train] epoch=1/8 step=55/100 loss=0.431605 grad_norm=0.534
[train] epoch=1/8 step=56/100 loss=0.373302 grad_norm=0.616
[train] epoch=1/8 step=57/100 loss=0.373546 grad_norm=0.623
[train] epoch=1/8 step=58/100 loss=0.381846 grad_norm=0.631
[train] epoch=1/8 step=59/100 loss=0.426763 grad_norm=0.572
[train] epoch=1/8 step=60/100 loss=0.392758 grad_norm=0.661
[train] epoch=1/8 step=61/100 loss=0.390831 grad_norm=0.755
[train] epoch=1/8 step=62/100 loss=0.398253 grad_norm=0.597
[train] epoch=1/8 step=63/100 loss=0.420268 grad_norm=0.449
[train] epoch=1/8 step=64/100 loss=0.412844 grad_norm=0.566
[train] epoch=1/8 step=65/100 loss=0.397579 grad_norm=0.726
[train] epoch=1/8 step=66/100 loss=0.350808 grad_norm=0.493
[train] epoch=1/8 step=67/100 loss=0.407334 grad_norm=0.589
[train] epoch=1/8 step=68/100 loss=0.372694 grad_norm=0.534
[train] epoch=1/8 step=69/100 loss=0.374603 grad_norm=0.696
[train] epoch=1/8 step=70/100 loss=0.371749 grad_norm=0.751
[train] epoch=1/8 step=71/100 loss=0.393222 grad_norm=0.853
[train] epoch=1/8 step=72/100 loss=0.365259 grad_norm=0.550
[train] epoch=1/8 step=73/100 loss=0.380371 grad_norm=0.607
[train] epoch=1/8 step=74/100 loss=0.408478 grad_norm=0.842
[train] epoch=1/8 step=75/100 loss=0.401679 grad_norm=0.564
[train] epoch=1/8 step=76/100 loss=0.387054 grad_norm=0.478
[train] epoch=1/8 step=77/100 loss=0.388122 grad_norm=0.483
[train] epoch=1/8 step=78/100 loss=0.383128 grad_norm=0.452
[train] epoch=1/8 step=79/100 loss=0.334378 grad_norm=0.624
[train] epoch=1/8 step=80/100 loss=0.402633 grad_norm=0.601
[train] epoch=1/8 step=81/100 loss=0.381721 grad_norm=0.634
[train] epoch=1/8 step=82/100 loss=0.418134 grad_norm=0.551
[train] epoch=1/8 step=83/100 loss=0.355092 grad_norm=0.477
[train] epoch=1/8 step=84/100 loss=0.395401 grad_norm=0.475
[train] epoch=1/8 step=85/100 loss=0.377848 grad_norm=0.675
[train] epoch=1/8 step=86/100 loss=0.396694 grad_norm=0.550
[train] epoch=1/8 step=87/100 loss=0.399836 grad_norm=0.547
[train] epoch=1/8 step=88/100 loss=0.403243 grad_norm=0.449
[train] epoch=1/8 step=89/100 loss=0.354438 grad_norm=0.623
[train] epoch=1/8 step=90/100 loss=0.414341 grad_norm=0.530
[train] epoch=1/8 step=91/100 loss=0.364802 grad_norm=0.409
[train] epoch=1/8 step=92/100 loss=0.419567 grad_norm=0.363
[train] epoch=1/8 step=93/100 loss=0.400221 grad_norm=0.629
[train] epoch=1/8 step=94/100 loss=0.392470 grad_norm=0.512
[train] epoch=1/8 step=95/100 loss=0.363678 grad_norm=0.532
[train] epoch=1/8 step=96/100 loss=0.393444 grad_norm=0.490
[train] epoch=1/8 step=97/100 loss=0.353758 grad_norm=0.606
[train] epoch=1/8 step=98/100 loss=0.363481 grad_norm=0.457
[train] epoch=1/8 step=99/100 loss=0.434768 grad_norm=0.451
[train] epoch=1/8 step=100/100 loss=0.405919 grad_norm=0.344
[epoch_summary] epoch=1/8 time_epoch=155.0s elapsed=155.0s eta=1084.9s lambda_batch_div=0.000 lambda_inter_div=0.250 lambda_intra_div=0.000 selection_mode=accuracy selection_score=-0.202463 train_loss=0.507590 val_loss=0.285719 val_nmpjpe=0.202463 train_pose=0.046448 train_rel=0.086788 train_dist=0.280422 train_dir=0.110011 train_var=0.012757 train_batch_div=0.112486 train_inter_div=0.109260 train_intra_div=0.282744 val_pose=0.021087 val_rel=0.041423 val_dist=0.184991 val_dir=0.056700 val_var=0.037265 val_batch_div=0.466431 val_inter_div=0.008915 val_intra_div=0.466337 train_std=0.154745/0.163555 train_std_ratio=0.952714 val_std=0.016733/0.086730 val_std_ratio=0.232191 train_pair_dist=1.279061/1.528672 train_pair_ratio=0.840456 val_pair_dist=0.135983/0.881006 val_pair_ratio=0.183828 train_inter_pair=1.279114/1.548795 train_inter_ratio=0.829552 val_inter_pair=0.003683/0.033503 val_inter_ratio=0.002511 train_intra_pair=1.277967/0.997829 train_intra_ratio=1.298866 val_intra_pair=0.135735/0.875789 val_intra_ratio=0.184551 train_action_cls=0.000000 train_action_acc=0.000 val_action_cls=0.000000 val_action_acc=0.000 grad_norm_mean=1.128 nan_loss=False nan_grad=False actions_covered=27 envs_covered=2
[ckpt] saved_last path=C:\Users\LuvRene\OneDrive\PythonProjects\Positioning\pose_estimationV2\checkpoints\ablation_meanrms_interdiv_last.pth epoch=1
[ckpt] saved path=C:\Users\LuvRene\OneDrive\PythonProjects\Positioning\pose_estimationV2\checkpoints\ablation_meanrms_interdiv.pth epoch=1 best_selection_score=-0.202463 val_nmpjpe=0.202463
[epoch_start] epoch=2/8 train_size=160380 val_size=80190 test_size=80190 lr=3.000e-04 lambda_batch_div=0.000 lambda_inter_div=0.250 lambda_intra_div=0.000
[train] epoch=2/8 step=1/100 loss=0.378286 grad_norm=0.533
[train] epoch=2/8 step=2/100 loss=0.334066 grad_norm=0.371
[train] epoch=2/8 step=3/100 loss=0.368229 grad_norm=0.556
[train] epoch=2/8 step=4/100 loss=0.424474 grad_norm=0.489
[train] epoch=2/8 step=5/100 loss=0.392105 grad_norm=0.307
[train] epoch=2/8 step=6/100 loss=0.417761 grad_norm=0.397
[train] epoch=2/8 step=7/100 loss=0.380032 grad_norm=0.677
[train] epoch=2/8 step=8/100 loss=0.351482 grad_norm=0.559
[train] epoch=2/8 step=9/100 loss=0.400687 grad_norm=0.438
[train] epoch=2/8 step=10/100 loss=0.352712 grad_norm=0.515
[train] epoch=2/8 step=11/100 loss=0.359066 grad_norm=0.517
[train] epoch=2/8 step=12/100 loss=0.385066 grad_norm=0.563
[train] epoch=2/8 step=13/100 loss=0.377864 grad_norm=0.419
[train] epoch=2/8 step=14/100 loss=0.385535 grad_norm=0.618
[train] epoch=2/8 step=15/100 loss=0.367744 grad_norm=0.450
[train] epoch=2/8 step=16/100 loss=0.370751 grad_norm=0.423
[train] epoch=2/8 step=17/100 loss=0.381669 grad_norm=0.486
[train] epoch=2/8 step=18/100 loss=0.395125 grad_norm=0.356
[train] epoch=2/8 step=19/100 loss=0.366460 grad_norm=0.553
[train] epoch=2/8 step=20/100 loss=0.389778 grad_norm=0.397
[train] epoch=2/8 step=21/100 loss=0.397174 grad_norm=0.637
[train] epoch=2/8 step=22/100 loss=0.370666 grad_norm=0.385
[train] epoch=2/8 step=23/100 loss=0.367242 grad_norm=0.414
[train] epoch=2/8 step=24/100 loss=0.365471 grad_norm=0.391
[train] epoch=2/8 step=25/100 loss=0.354192 grad_norm=0.477
[train] epoch=2/8 step=26/100 loss=0.369346 grad_norm=0.584
[train] epoch=2/8 step=27/100 loss=0.358718 grad_norm=0.407
[train] epoch=2/8 step=28/100 loss=0.369852 grad_norm=0.357
[train] epoch=2/8 step=29/100 loss=0.385649 grad_norm=0.565
[train] epoch=2/8 step=30/100 loss=0.355874 grad_norm=0.416
[train] epoch=2/8 step=31/100 loss=0.338792 grad_norm=0.706
[train] epoch=2/8 step=32/100 loss=0.400074 grad_norm=0.404
[train] epoch=2/8 step=33/100 loss=0.399269 grad_norm=0.681
[train] epoch=2/8 step=34/100 loss=0.351759 grad_norm=0.462
[train] epoch=2/8 step=35/100 loss=0.359115 grad_norm=0.337
[train] epoch=2/8 step=36/100 loss=0.366116 grad_norm=0.456
[train] epoch=2/8 step=37/100 loss=0.415233 grad_norm=0.412
[train] epoch=2/8 step=38/100 loss=0.360801 grad_norm=0.376
[train] epoch=2/8 step=39/100 loss=0.374968 grad_norm=0.509
[train] epoch=2/8 step=40/100 loss=0.359726 grad_norm=0.438
[train] epoch=2/8 step=41/100 loss=0.396999 grad_norm=0.379
[train] epoch=2/8 step=42/100 loss=0.393833 grad_norm=0.388
[train] epoch=2/8 step=43/100 loss=0.385809 grad_norm=0.284
[train] epoch=2/8 step=44/100 loss=0.353033 grad_norm=0.409
[train] epoch=2/8 step=45/100 loss=0.352372 grad_norm=0.332
[train] epoch=2/8 step=46/100 loss=0.372614 grad_norm=0.310
[train] epoch=2/8 step=47/100 loss=0.383802 grad_norm=0.544
[train] epoch=2/8 step=48/100 loss=0.408229 grad_norm=0.505
[train] epoch=2/8 step=49/100 loss=0.418700 grad_norm=0.454
[train] epoch=2/8 step=50/100 loss=0.373984 grad_norm=0.446
[train] epoch=2/8 step=51/100 loss=0.368333 grad_norm=0.527
[train] epoch=2/8 step=52/100 loss=0.420199 grad_norm=0.500
[train] epoch=2/8 step=53/100 loss=0.359737 grad_norm=0.451
[train] epoch=2/8 step=54/100 loss=0.372528 grad_norm=0.361
[train] epoch=2/8 step=55/100 loss=0.377383 grad_norm=0.453
[train] epoch=2/8 step=56/100 loss=0.388310 grad_norm=0.722
[train] epoch=2/8 step=57/100 loss=0.397413 grad_norm=0.472
[train] epoch=2/8 step=58/100 loss=0.369604 grad_norm=0.712
[train] epoch=2/8 step=59/100 loss=0.362668 grad_norm=0.410
[train] epoch=2/8 step=60/100 loss=0.386447 grad_norm=0.575
[train] epoch=2/8 step=61/100 loss=0.343993 grad_norm=0.414
[train] epoch=2/8 step=62/100 loss=0.375228 grad_norm=0.479
[train] epoch=2/8 step=63/100 loss=0.391122 grad_norm=0.413
[train] epoch=2/8 step=64/100 loss=0.372929 grad_norm=0.486
[train] epoch=2/8 step=65/100 loss=0.357064 grad_norm=0.376
[train] epoch=2/8 step=66/100 loss=0.350062 grad_norm=0.540
[train] epoch=2/8 step=67/100 loss=0.344913 grad_norm=0.334
[train] epoch=2/8 step=68/100 loss=0.403907 grad_norm=0.408
[train] epoch=2/8 step=69/100 loss=0.400015 grad_norm=0.432
[train] epoch=2/8 step=70/100 loss=0.415619 grad_norm=0.349
[train] epoch=2/8 step=71/100 loss=0.383098 grad_norm=0.310
[train] epoch=2/8 step=72/100 loss=0.358229 grad_norm=0.366
[train] epoch=2/8 step=73/100 loss=0.380370 grad_norm=0.752
[train] epoch=2/8 step=74/100 loss=0.364943 grad_norm=0.368
[train] epoch=2/8 step=75/100 loss=0.347438 grad_norm=0.295
[train] epoch=2/8 step=76/100 loss=0.377529 grad_norm=0.599
[train] epoch=2/8 step=77/100 loss=0.381220 grad_norm=0.485
[train] epoch=2/8 step=78/100 loss=0.367631 grad_norm=0.367
[train] epoch=2/8 step=79/100 loss=0.352489 grad_norm=0.382
[train] epoch=2/8 step=80/100 loss=0.401730 grad_norm=0.358
[train] epoch=2/8 step=81/100 loss=0.375081 grad_norm=0.493
[train] epoch=2/8 step=82/100 loss=0.354962 grad_norm=0.459
[train] epoch=2/8 step=83/100 loss=0.356327 grad_norm=0.455
[train] epoch=2/8 step=84/100 loss=0.350115 grad_norm=0.403
[train] epoch=2/8 step=85/100 loss=0.363750 grad_norm=0.324
[train] epoch=2/8 step=86/100 loss=0.376582 grad_norm=0.425
[train] epoch=2/8 step=87/100 loss=0.377350 grad_norm=0.418
[train] epoch=2/8 step=88/100 loss=0.381158 grad_norm=0.377
[train] epoch=2/8 step=89/100 loss=0.351499 grad_norm=0.434
[train] epoch=2/8 step=90/100 loss=0.363918 grad_norm=0.415
[train] epoch=2/8 step=91/100 loss=0.369412 grad_norm=0.351
[train] epoch=2/8 step=92/100 loss=0.359513 grad_norm=0.432
[train] epoch=2/8 step=93/100 loss=0.394759 grad_norm=0.412
[train] epoch=2/8 step=94/100 loss=0.382682 grad_norm=0.449
[train] epoch=2/8 step=95/100 loss=0.386430 grad_norm=0.466
[train] epoch=2/8 step=96/100 loss=0.366577 grad_norm=0.339
[train] epoch=2/8 step=97/100 loss=0.345192 grad_norm=0.332
[train] epoch=2/8 step=98/100 loss=0.344371 grad_norm=0.325
[train] epoch=2/8 step=99/100 loss=0.328504 grad_norm=0.350
[train] epoch=2/8 step=100/100 loss=0.369843 grad_norm=0.441
[epoch_summary] epoch=2/8 time_epoch=82.4s elapsed=237.4s eta=712.1s lambda_batch_div=0.000 lambda_inter_div=0.250 lambda_intra_div=0.000 selection_mode=accuracy selection_score=-0.216274 train_loss=0.374085 val_loss=0.273423 val_nmpjpe=0.216274 train_pose=0.028137 train_rel=0.053954 train_dist=0.210121 train_dir=0.069279 train_var=0.020937 train_batch_div=0.159774 train_inter_div=0.158282 train_intra_div=0.206897 val_pose=0.022076 val_rel=0.041419 val_dist=0.172158 val_dir=0.056725 val_var=0.026133 val_batch_div=0.394730 val_inter_div=0.007019 val_intra_div=0.394859 train_std=0.113979/0.167053 train_std_ratio=0.685985 val_std=0.037973/0.086730 val_std_ratio=0.523808 train_pair_dist=0.945166/1.551489 train_pair_ratio=0.611212 val_pair_dist=0.282264/0.881006 val_pair_ratio=0.379976 train_inter_pair=0.945124/1.572310 train_inter_ratio=0.603089 val_inter_pair=0.007928/0.033503 val_inter_ratio=0.005471 train_intra_pair=0.946334/1.019661 train_intra_ratio=0.939056 val_intra_pair=0.281662/0.875789 val_intra_ratio=0.381303 train_action_cls=0.000000 train_action_acc=0.000 val_action_cls=0.000000 val_action_acc=0.000 grad_norm_mean=0.449 nan_loss=False nan_grad=False actions_covered=27 envs_covered=2
[ckpt] saved_last path=C:\Users\LuvRene\OneDrive\PythonProjects\Positioning\pose_estimationV2\checkpoints\ablation_meanrms_interdiv_last.pth epoch=2
[ckpt] no_improve best_epoch=1 best_selection_score=-0.202463 best_val_nmpjpe=0.202463
[epoch_start] epoch=3/8 train_size=160380 val_size=80190 test_size=80190 lr=3.000e-04 lambda_batch_div=0.000 lambda_inter_div=0.250 lambda_intra_div=0.000
[train] epoch=3/8 step=1/100 loss=0.382383 grad_norm=0.353
[train] epoch=3/8 step=2/100 loss=0.367917 grad_norm=0.416
[train] epoch=3/8 step=3/100 loss=0.340560 grad_norm=0.566
[train] epoch=3/8 step=4/100 loss=0.339008 grad_norm=0.477
[train] epoch=3/8 step=5/100 loss=0.324195 grad_norm=0.377
[train] epoch=3/8 step=6/100 loss=0.335101 grad_norm=0.408
[train] epoch=3/8 step=7/100 loss=0.374561 grad_norm=0.385
[train] epoch=3/8 step=8/100 loss=0.340974 grad_norm=0.316
[train] epoch=3/8 step=9/100 loss=0.352508 grad_norm=0.330
[train] epoch=3/8 step=10/100 loss=0.368152 grad_norm=0.423
[train] epoch=3/8 step=11/100 loss=0.367724 grad_norm=0.472
[train] epoch=3/8 step=12/100 loss=0.354396 grad_norm=0.456
[train] epoch=3/8 step=13/100 loss=0.365799 grad_norm=0.428
[train] epoch=3/8 step=14/100 loss=0.423071 grad_norm=0.406
[train] epoch=3/8 step=15/100 loss=0.369454 grad_norm=0.330
[train] epoch=3/8 step=16/100 loss=0.362023 grad_norm=0.320
[train] epoch=3/8 step=17/100 loss=0.358577 grad_norm=0.360
[train] epoch=3/8 step=18/100 loss=0.367969 grad_norm=0.324
[train] epoch=3/8 step=19/100 loss=0.339109 grad_norm=0.381
[train] epoch=3/8 step=20/100 loss=0.371074 grad_norm=0.360
[train] epoch=3/8 step=21/100 loss=0.364716 grad_norm=0.433
[train] epoch=3/8 step=22/100 loss=0.319614 grad_norm=0.313
[train] epoch=3/8 step=23/100 loss=0.374928 grad_norm=0.438
[train] epoch=3/8 step=24/100 loss=0.354782 grad_norm=0.385
[train] epoch=3/8 step=25/100 loss=0.380360 grad_norm=0.345
[train] epoch=3/8 step=26/100 loss=0.341091 grad_norm=0.572
[train] epoch=3/8 step=27/100 loss=0.354402 grad_norm=0.312
[train] epoch=3/8 step=28/100 loss=0.381574 grad_norm=0.372
[train] epoch=3/8 step=29/100 loss=0.332790 grad_norm=0.298
[train] epoch=3/8 step=30/100 loss=0.364319 grad_norm=0.449
[train] epoch=3/8 step=31/100 loss=0.405863 grad_norm=0.479
[train] epoch=3/8 step=32/100 loss=0.355506 grad_norm=0.532
[train] epoch=3/8 step=33/100 loss=0.362734 grad_norm=0.537
[train] epoch=3/8 step=34/100 loss=0.389533 grad_norm=0.383
[train] epoch=3/8 step=35/100 loss=0.406323 grad_norm=0.300
[train] epoch=3/8 step=36/100 loss=0.427461 grad_norm=0.789
[train] epoch=3/8 step=37/100 loss=0.384004 grad_norm=0.879
[train] epoch=3/8 step=38/100 loss=0.386525 grad_norm=0.490
[train] epoch=3/8 step=39/100 loss=0.358723 grad_norm=0.353
[train] epoch=3/8 step=40/100 loss=0.403254 grad_norm=1.116
[train] epoch=3/8 step=41/100 loss=0.356945 grad_norm=0.844
[train] epoch=3/8 step=42/100 loss=0.354708 grad_norm=0.299
[train] epoch=3/8 step=43/100 loss=0.374788 grad_norm=0.442
[train] epoch=3/8 step=44/100 loss=0.360316 grad_norm=0.676
[train] epoch=3/8 step=45/100 loss=0.379308 grad_norm=0.404
[train] epoch=3/8 step=46/100 loss=0.361031 grad_norm=0.642
[train] epoch=3/8 step=47/100 loss=0.355026 grad_norm=0.423
[train] epoch=3/8 step=48/100 loss=0.366580 grad_norm=0.483
[train] epoch=3/8 step=49/100 loss=0.360242 grad_norm=0.762
[train] epoch=3/8 step=50/100 loss=0.342867 grad_norm=0.683
[train] epoch=3/8 step=51/100 loss=0.379463 grad_norm=0.733
[train] epoch=3/8 step=52/100 loss=0.419873 grad_norm=0.585
[train] epoch=3/8 step=53/100 loss=0.382774 grad_norm=0.498
[train] epoch=3/8 step=54/100 loss=0.341249 grad_norm=0.295
[train] epoch=3/8 step=55/100 loss=0.337055 grad_norm=0.601
[train] epoch=3/8 step=56/100 loss=0.319172 grad_norm=0.542
[train] epoch=3/8 step=57/100 loss=0.393856 grad_norm=0.542
[train] epoch=3/8 step=58/100 loss=0.355109 grad_norm=0.641
[train] epoch=3/8 step=59/100 loss=0.330500 grad_norm=0.457
[train] epoch=3/8 step=60/100 loss=0.404305 grad_norm=0.570
[train] epoch=3/8 step=61/100 loss=0.355068 grad_norm=0.672
[train] epoch=3/8 step=62/100 loss=0.360435 grad_norm=0.517
[train] epoch=3/8 step=63/100 loss=0.354214 grad_norm=0.336
[train] epoch=3/8 step=64/100 loss=0.362921 grad_norm=0.284
[train] epoch=3/8 step=65/100 loss=0.353317 grad_norm=0.399
[train] epoch=3/8 step=66/100 loss=0.366994 grad_norm=0.579
[train] epoch=3/8 step=67/100 loss=0.327993 grad_norm=0.372
[train] epoch=3/8 step=68/100 loss=0.327657 grad_norm=0.398
[train] epoch=3/8 step=69/100 loss=0.330592 grad_norm=0.343
[train] epoch=3/8 step=70/100 loss=0.341534 grad_norm=0.337
[train] epoch=3/8 step=71/100 loss=0.362335 grad_norm=0.306
[train] epoch=3/8 step=72/100 loss=0.354830 grad_norm=0.328
[train] epoch=3/8 step=73/100 loss=0.373241 grad_norm=0.483
[train] epoch=3/8 step=74/100 loss=0.360788 grad_norm=0.417
[train] epoch=3/8 step=75/100 loss=0.363034 grad_norm=0.328
[train] epoch=3/8 step=76/100 loss=0.361348 grad_norm=0.445
[train] epoch=3/8 step=77/100 loss=0.344995 grad_norm=0.527
[train] epoch=3/8 step=78/100 loss=0.331140 grad_norm=0.268
[train] epoch=3/8 step=79/100 loss=0.395745 grad_norm=0.382
[train] epoch=3/8 step=80/100 loss=0.353386 grad_norm=0.335
[train] epoch=3/8 step=81/100 loss=0.365310 grad_norm=0.293
[train] epoch=3/8 step=82/100 loss=0.344726 grad_norm=0.442
[train] epoch=3/8 step=83/100 loss=0.334833 grad_norm=0.512
[train] epoch=3/8 step=84/100 loss=0.375515 grad_norm=0.364
[train] epoch=3/8 step=85/100 loss=0.376296 grad_norm=0.440
[train] epoch=3/8 step=86/100 loss=0.339367 grad_norm=0.307
[train] epoch=3/8 step=87/100 loss=0.351191 grad_norm=0.314
[train] epoch=3/8 step=88/100 loss=0.359129 grad_norm=0.255
[train] epoch=3/8 step=89/100 loss=0.372155 grad_norm=0.402
[train] epoch=3/8 step=90/100 loss=0.348419 grad_norm=0.425
[train] epoch=3/8 step=91/100 loss=0.353817 grad_norm=0.335
[train] epoch=3/8 step=92/100 loss=0.399200 grad_norm=0.605
[train] epoch=3/8 step=93/100 loss=0.372283 grad_norm=0.308
[train] epoch=3/8 step=94/100 loss=0.308117 grad_norm=0.425
[train] epoch=3/8 step=95/100 loss=0.358542 grad_norm=0.487
[train] epoch=3/8 step=96/100 loss=0.372275 grad_norm=0.509
[train] epoch=3/8 step=97/100 loss=0.385234 grad_norm=0.307
[train] epoch=3/8 step=98/100 loss=0.393482 grad_norm=0.287
[train] epoch=3/8 step=99/100 loss=0.337435 grad_norm=0.509
[train] epoch=3/8 step=100/100 loss=0.361970 grad_norm=0.594
[epoch_summary] epoch=3/8 time_epoch=81.0s elapsed=318.4s eta=530.6s lambda_batch_div=0.000 lambda_inter_div=0.250 lambda_intra_div=0.000 selection_mode=accuracy selection_score=-0.241384 train_loss=0.362191 val_loss=0.271452 val_nmpjpe=0.241384 train_pose=0.029044 train_rel=0.051643 train_dist=0.201838 train_dir=0.067091 train_var=0.019797 train_batch_div=0.155421 train_inter_div=0.153588 train_intra_div=0.227218 val_pose=0.024711 val_rel=0.041731 val_dist=0.167381 val_dir=0.057093 val_var=0.020051 val_batch_div=0.384348 val_inter_div=0.005606 val_intra_div=0.385210 train_std=0.120362/0.166493 train_std_ratio=0.728018 val_std=0.060399/0.086730 val_std_ratio=0.830298 train_pair_dist=0.990474/1.550550 train_pair_ratio=0.641401 val_pair_dist=0.440520/0.881006 val_pair_ratio=0.591043 train_inter_pair=0.990561/1.571606 train_inter_ratio=0.632834 val_inter_pair=0.012978/0.033503 val_inter_ratio=0.008933 train_intra_pair=0.988104/1.003298 train_intra_ratio=1.001033 val_intra_pair=0.439447/0.875789 val_intra_ratio=0.593060 train_action_cls=0.000000 train_action_acc=0.000 val_action_cls=0.000000 val_action_acc=0.000 grad_norm_mean=0.450 nan_loss=False nan_grad=False actions_covered=27 envs_covered=2
[ckpt] saved_last path=C:\Users\LuvRene\OneDrive\PythonProjects\Positioning\pose_estimationV2\checkpoints\ablation_meanrms_interdiv_last.pth epoch=3
[ckpt] no_improve best_epoch=1 best_selection_score=-0.202463 best_val_nmpjpe=0.202463
[epoch_start] epoch=4/8 train_size=160380 val_size=80190 test_size=80190 lr=3.000e-04 lambda_batch_div=0.000 lambda_inter_div=0.250 lambda_intra_div=0.000
[train] epoch=4/8 step=1/100 loss=0.373530 grad_norm=0.503
[train] epoch=4/8 step=2/100 loss=0.372614 grad_norm=0.267
[train] epoch=4/8 step=3/100 loss=0.355457 grad_norm=0.273
[train] epoch=4/8 step=4/100 loss=0.356302 grad_norm=0.453
[train] epoch=4/8 step=5/100 loss=0.349065 grad_norm=0.598
[train] epoch=4/8 step=6/100 loss=0.362795 grad_norm=0.430
[train] epoch=4/8 step=7/100 loss=0.381602 grad_norm=0.431
[train] epoch=4/8 step=8/100 loss=0.346243 grad_norm=0.324
[train] epoch=4/8 step=9/100 loss=0.325532 grad_norm=0.458
[train] epoch=4/8 step=10/100 loss=0.347986 grad_norm=0.371
[train] epoch=4/8 step=11/100 loss=0.383744 grad_norm=0.449
[train] epoch=4/8 step=12/100 loss=0.347711 grad_norm=0.478
[train] epoch=4/8 step=13/100 loss=0.355640 grad_norm=0.424
[train] epoch=4/8 step=14/100 loss=0.359196 grad_norm=0.320
[train] epoch=4/8 step=15/100 loss=0.342187 grad_norm=0.405
[train] epoch=4/8 step=16/100 loss=0.376176 grad_norm=0.631
[train] epoch=4/8 step=17/100 loss=0.313583 grad_norm=0.463
[train] epoch=4/8 step=18/100 loss=0.323950 grad_norm=0.336
[train] epoch=4/8 step=19/100 loss=0.339051 grad_norm=0.367
[train] epoch=4/8 step=20/100 loss=0.386204 grad_norm=0.309
[train] epoch=4/8 step=21/100 loss=0.395049 grad_norm=0.367
[train] epoch=4/8 step=22/100 loss=0.315105 grad_norm=0.309
[train] epoch=4/8 step=23/100 loss=0.363491 grad_norm=0.316
[train] epoch=4/8 step=24/100 loss=0.340978 grad_norm=0.398
[train] epoch=4/8 step=25/100 loss=0.369723 grad_norm=0.284
[train] epoch=4/8 step=26/100 loss=0.359853 grad_norm=0.305
[train] epoch=4/8 step=27/100 loss=0.350795 grad_norm=0.524
[train] epoch=4/8 step=28/100 loss=0.332040 grad_norm=0.341
[train] epoch=4/8 step=29/100 loss=0.332575 grad_norm=0.238
[train] epoch=4/8 step=30/100 loss=0.381473 grad_norm=0.695
[train] epoch=4/8 step=31/100 loss=0.355959 grad_norm=0.277
[train] epoch=4/8 step=32/100 loss=0.378065 grad_norm=0.257
[train] epoch=4/8 step=33/100 loss=0.373861 grad_norm=0.522
[train] epoch=4/8 step=34/100 loss=0.330510 grad_norm=0.283
[train] epoch=4/8 step=35/100 loss=0.357701 grad_norm=0.294
[train] epoch=4/8 step=36/100 loss=0.353260 grad_norm=0.426
[train] epoch=4/8 step=37/100 loss=0.371723 grad_norm=0.310
[train] epoch=4/8 step=38/100 loss=0.380005 grad_norm=0.567
[train] epoch=4/8 step=39/100 loss=0.336790 grad_norm=0.406
[train] epoch=4/8 step=40/100 loss=0.346956 grad_norm=0.281
[train] epoch=4/8 step=41/100 loss=0.349006 grad_norm=0.320
[train] epoch=4/8 step=42/100 loss=0.332466 grad_norm=0.563
[train] epoch=4/8 step=43/100 loss=0.364158 grad_norm=0.574
[train] epoch=4/8 step=44/100 loss=0.363821 grad_norm=0.755
[train] epoch=4/8 step=45/100 loss=0.327552 grad_norm=0.349
[train] epoch=4/8 step=46/100 loss=0.399028 grad_norm=0.720
[train] epoch=4/8 step=47/100 loss=0.364661 grad_norm=0.885
[train] epoch=4/8 step=48/100 loss=0.377084 grad_norm=0.437
[train] epoch=4/8 step=49/100 loss=0.330520 grad_norm=0.313
[train] epoch=4/8 step=50/100 loss=0.359675 grad_norm=1.116
[train] epoch=4/8 step=51/100 loss=0.380546 grad_norm=0.904
[train] epoch=4/8 step=52/100 loss=0.354704 grad_norm=0.283
[train] epoch=4/8 step=53/100 loss=0.397884 grad_norm=0.327
[train] epoch=4/8 step=54/100 loss=0.328613 grad_norm=0.505
[train] epoch=4/8 step=55/100 loss=0.392111 grad_norm=0.698
[train] epoch=4/8 step=56/100 loss=0.337607 grad_norm=0.471
[train] epoch=4/8 step=57/100 loss=0.362800 grad_norm=0.474
[train] epoch=4/8 step=58/100 loss=0.328800 grad_norm=0.605
[train] epoch=4/8 step=59/100 loss=0.346142 grad_norm=0.506
[train] epoch=4/8 step=60/100 loss=0.349674 grad_norm=0.319
[train] epoch=4/8 step=61/100 loss=0.320304 grad_norm=0.488
[train] epoch=4/8 step=62/100 loss=0.312577 grad_norm=0.560
[train] epoch=4/8 step=63/100 loss=0.347121 grad_norm=0.331
[train] epoch=4/8 step=64/100 loss=0.383304 grad_norm=0.493
[train] epoch=4/8 step=65/100 loss=0.337871 grad_norm=0.376
[train] epoch=4/8 step=66/100 loss=0.329035 grad_norm=0.334
[train] epoch=4/8 step=67/100 loss=0.355691 grad_norm=0.523
[train] epoch=4/8 step=68/100 loss=0.295295 grad_norm=0.453
[train] epoch=4/8 step=69/100 loss=0.356748 grad_norm=0.309
[train] epoch=4/8 step=70/100 loss=0.328535 grad_norm=0.651
[train] epoch=4/8 step=71/100 loss=0.327893 grad_norm=0.278
[train] epoch=4/8 step=72/100 loss=0.359804 grad_norm=0.507
[train] epoch=4/8 step=73/100 loss=0.354757 grad_norm=0.299
[train] epoch=4/8 step=74/100 loss=0.343361 grad_norm=0.296
[train] epoch=4/8 step=75/100 loss=0.349252 grad_norm=0.420
[train] epoch=4/8 step=76/100 loss=0.364554 grad_norm=0.654
[train] epoch=4/8 step=77/100 loss=0.330285 grad_norm=0.299
[train] epoch=4/8 step=78/100 loss=0.370589 grad_norm=0.493
[train] epoch=4/8 step=79/100 loss=0.348245 grad_norm=0.365
[train] epoch=4/8 step=80/100 loss=0.316631 grad_norm=0.291
[train] epoch=4/8 step=81/100 loss=0.370284 grad_norm=0.379
[train] epoch=4/8 step=82/100 loss=0.359399 grad_norm=0.348
[train] epoch=4/8 step=83/100 loss=0.344528 grad_norm=0.596
[train] epoch=4/8 step=84/100 loss=0.352681 grad_norm=0.324
[train] epoch=4/8 step=85/100 loss=0.350630 grad_norm=0.351
[train] epoch=4/8 step=86/100 loss=0.394378 grad_norm=0.657
[train] epoch=4/8 step=87/100 loss=0.337629 grad_norm=0.322
[train] epoch=4/8 step=88/100 loss=0.361302 grad_norm=0.276
[train] epoch=4/8 step=89/100 loss=0.347230 grad_norm=0.261
[train] epoch=4/8 step=90/100 loss=0.324368 grad_norm=0.405
[train] epoch=4/8 step=91/100 loss=0.334200 grad_norm=0.277
[train] epoch=4/8 step=92/100 loss=0.352353 grad_norm=0.253
[train] epoch=4/8 step=93/100 loss=0.368097 grad_norm=0.580
[train] epoch=4/8 step=94/100 loss=0.372230 grad_norm=0.284
[train] epoch=4/8 step=95/100 loss=0.352494 grad_norm=0.353
[train] epoch=4/8 step=96/100 loss=0.353370 grad_norm=0.493
[train] epoch=4/8 step=97/100 loss=0.332814 grad_norm=0.550
[train] epoch=4/8 step=98/100 loss=0.344243 grad_norm=0.355
[train] epoch=4/8 step=99/100 loss=0.375716 grad_norm=0.589
[train] epoch=4/8 step=100/100 loss=0.364808 grad_norm=0.444
[epoch_summary] epoch=4/8 time_epoch=82.2s elapsed=400.6s eta=400.6s lambda_batch_div=0.000 lambda_inter_div=0.250 lambda_intra_div=0.000 selection_mode=accuracy selection_score=-0.244166 train_loss=0.352959 val_loss=0.268632 val_nmpjpe=0.244166 train_pose=0.029391 train_rel=0.049613 train_dist=0.194235 train_dir=0.065344 train_var=0.018727 train_batch_div=0.158803 train_inter_div=0.156732 train_intra_div=0.241619 val_pose=0.024820 val_rel=0.040510 val_dist=0.165703 val_dir=0.056475 val_var=0.017043 val_batch_div=0.391721 val_inter_div=0.005520 val_intra_div=0.392852 train_std=0.123879/0.166824 train_std_ratio=0.746891 val_std=0.067868/0.086730 val_std_ratio=0.931211 train_pair_dist=1.008858/1.547775 train_pair_ratio=0.654282 val_pair_dist=0.477663/0.881006 val_pair_ratio=0.640274 train_inter_pair=1.008915/1.568699 train_inter_ratio=0.645597 val_inter_pair=0.013814/0.033503 val_inter_ratio=0.009539 train_intra_pair=1.006325/1.012850 train_intra_ratio=1.008315 val_intra_pair=0.476510/0.875789 val_intra_ratio=0.642455 train_action_cls=0.000000 train_action_acc=0.000 val_action_cls=0.000000 val_action_acc=0.000 grad_norm_mean=0.433 nan_loss=False nan_grad=False actions_covered=27 envs_covered=2
[ckpt] saved_last path=C:\Users\LuvRene\OneDrive\PythonProjects\Positioning\pose_estimationV2\checkpoints\ablation_meanrms_interdiv_last.pth epoch=4
[ckpt] no_improve best_epoch=1 best_selection_score=-0.202463 best_val_nmpjpe=0.202463
[epoch_start] epoch=5/8 train_size=160380 val_size=80190 test_size=80190 lr=3.000e-04 lambda_batch_div=0.000 lambda_inter_div=0.250 lambda_intra_div=0.000
[train] epoch=5/8 step=1/100 loss=0.333433 grad_norm=0.392
[train] epoch=5/8 step=2/100 loss=0.337293 grad_norm=0.406
[train] epoch=5/8 step=3/100 loss=0.359862 grad_norm=0.285
[train] epoch=5/8 step=4/100 loss=0.348800 grad_norm=0.414
[train] epoch=5/8 step=5/100 loss=0.343831 grad_norm=0.457
[train] epoch=5/8 step=6/100 loss=0.329123 grad_norm=0.454
[train] epoch=5/8 step=7/100 loss=0.351232 grad_norm=0.292
[train] epoch=5/8 step=8/100 loss=0.333411 grad_norm=0.301
[train] epoch=5/8 step=9/100 loss=0.339989 grad_norm=0.323
[train] epoch=5/8 step=10/100 loss=0.335390 grad_norm=0.620
[train] epoch=5/8 step=11/100 loss=0.322180 grad_norm=0.333
[train] epoch=5/8 step=12/100 loss=0.397385 grad_norm=0.548
[train] epoch=5/8 step=13/100 loss=0.380220 grad_norm=0.384
[train] epoch=5/8 step=14/100 loss=0.365432 grad_norm=0.317
[train] epoch=5/8 step=15/100 loss=0.351359 grad_norm=0.498
[train] epoch=5/8 step=16/100 loss=0.359348 grad_norm=0.243
[train] epoch=5/8 step=17/100 loss=0.390168 grad_norm=0.294
[train] epoch=5/8 step=18/100 loss=0.387854 grad_norm=0.440
[train] epoch=5/8 step=19/100 loss=0.359699 grad_norm=0.288
[train] epoch=5/8 step=20/100 loss=0.335100 grad_norm=0.298
[train] epoch=5/8 step=21/100 loss=0.331869 grad_norm=0.543
[train] epoch=5/8 step=22/100 loss=0.344569 grad_norm=0.281
[train] epoch=5/8 step=23/100 loss=0.333678 grad_norm=0.760
[train] epoch=5/8 step=24/100 loss=0.327657 grad_norm=0.316
[train] epoch=5/8 step=25/100 loss=0.309399 grad_norm=0.363
[train] epoch=5/8 step=26/100 loss=0.344184 grad_norm=0.461
[train] epoch=5/8 step=27/100 loss=0.314219 grad_norm=0.402
[train] epoch=5/8 step=28/100 loss=0.337241 grad_norm=0.367
[train] epoch=5/8 step=29/100 loss=0.371069 grad_norm=0.513
[train] epoch=5/8 step=30/100 loss=0.337950 grad_norm=0.390
[train] epoch=5/8 step=31/100 loss=0.388704 grad_norm=0.347
[train] epoch=5/8 step=32/100 loss=0.354552 grad_norm=0.384
[train] epoch=5/8 step=33/100 loss=0.340486 grad_norm=0.464
[train] epoch=5/8 step=34/100 loss=0.385541 grad_norm=0.268
[train] epoch=5/8 step=35/100 loss=0.353381 grad_norm=0.291
[train] epoch=5/8 step=36/100 loss=0.365938 grad_norm=0.464
[train] epoch=5/8 step=37/100 loss=0.355725 grad_norm=0.513
[train] epoch=5/8 step=38/100 loss=0.300294 grad_norm=0.477
[train] epoch=5/8 step=39/100 loss=0.399961 grad_norm=0.280
[train] epoch=5/8 step=40/100 loss=0.345135 grad_norm=0.489
[train] epoch=5/8 step=41/100 loss=0.332327 grad_norm=0.615
[train] epoch=5/8 step=42/100 loss=0.342631 grad_norm=0.626
[train] epoch=5/8 step=43/100 loss=0.358667 grad_norm=0.261
[train] epoch=5/8 step=44/100 loss=0.342517 grad_norm=0.464
[train] epoch=5/8 step=45/100 loss=0.350903 grad_norm=0.672
[train] epoch=5/8 step=46/100 loss=0.364864 grad_norm=0.898
[train] epoch=5/8 step=47/100 loss=0.388149 grad_norm=0.361
[train] epoch=5/8 step=48/100 loss=0.318123 grad_norm=0.762
[train] epoch=5/8 step=49/100 loss=0.371856 grad_norm=0.684
[train] epoch=5/8 step=50/100 loss=0.356786 grad_norm=0.847
[train] epoch=5/8 step=51/100 loss=0.336194 grad_norm=0.425
[train] epoch=5/8 step=52/100 loss=0.336653 grad_norm=0.545
[train] epoch=5/8 step=53/100 loss=0.318544 grad_norm=0.865
[train] epoch=5/8 step=54/100 loss=0.363760 grad_norm=1.108
[train] epoch=5/8 step=55/100 loss=0.338385 grad_norm=0.429
[train] epoch=5/8 step=56/100 loss=0.331162 grad_norm=0.494
[train] epoch=5/8 step=57/100 loss=0.396372 grad_norm=0.616
[train] epoch=5/8 step=58/100 loss=0.298581 grad_norm=0.830
[train] epoch=5/8 step=59/100 loss=0.370648 grad_norm=0.952
[train] epoch=5/8 step=60/100 loss=0.345338 grad_norm=0.252
[train] epoch=5/8 step=61/100 loss=0.372468 grad_norm=0.767
[train] epoch=5/8 step=62/100 loss=0.346548 grad_norm=0.594
[train] epoch=5/8 step=63/100 loss=0.329434 grad_norm=0.632
[train] epoch=5/8 step=64/100 loss=0.354221 grad_norm=0.728
[train] epoch=5/8 step=65/100 loss=0.365966 grad_norm=0.344
[train] epoch=5/8 step=66/100 loss=0.363413 grad_norm=0.589
[train] epoch=5/8 step=67/100 loss=0.358653 grad_norm=0.928
[train] epoch=5/8 step=68/100 loss=0.335694 grad_norm=0.364
[train] epoch=5/8 step=69/100 loss=0.326750 grad_norm=0.272
[train] epoch=5/8 step=70/100 loss=0.340967 grad_norm=0.555
[train] epoch=5/8 step=71/100 loss=0.342574 grad_norm=0.329
[train] epoch=5/8 step=72/100 loss=0.344718 grad_norm=0.731
[train] epoch=5/8 step=73/100 loss=0.344853 grad_norm=0.372
[train] epoch=5/8 step=74/100 loss=0.387895 grad_norm=0.442
[train] epoch=5/8 step=75/100 loss=0.335511 grad_norm=0.407
[train] epoch=5/8 step=76/100 loss=0.336469 grad_norm=0.714
[train] epoch=5/8 step=77/100 loss=0.342197 grad_norm=0.437
[train] epoch=5/8 step=78/100 loss=0.366842 grad_norm=0.437
[train] epoch=5/8 step=79/100 loss=0.358261 grad_norm=0.265
[train] epoch=5/8 step=80/100 loss=0.331834 grad_norm=0.609
[train] epoch=5/8 step=81/100 loss=0.331393 grad_norm=1.207
[train] epoch=5/8 step=82/100 loss=0.357315 grad_norm=0.532
[train] epoch=5/8 step=83/100 loss=0.350932 grad_norm=0.243
[train] epoch=5/8 step=84/100 loss=0.392526 grad_norm=0.706
[train] epoch=5/8 step=85/100 loss=0.386819 grad_norm=0.299
[train] epoch=5/8 step=86/100 loss=0.336687 grad_norm=0.778
[train] epoch=5/8 step=87/100 loss=0.341553 grad_norm=0.372
[train] epoch=5/8 step=88/100 loss=0.323664 grad_norm=0.372
[train] epoch=5/8 step=89/100 loss=0.356626 grad_norm=0.644
[train] epoch=5/8 step=90/100 loss=0.333748 grad_norm=0.459
[train] epoch=5/8 step=91/100 loss=0.341190 grad_norm=0.429
[train] epoch=5/8 step=92/100 loss=0.345544 grad_norm=0.586
[train] epoch=5/8 step=93/100 loss=0.327231 grad_norm=0.741
[train] epoch=5/8 step=94/100 loss=0.357067 grad_norm=0.276
[train] epoch=5/8 step=95/100 loss=0.383499 grad_norm=0.329
[train] epoch=5/8 step=96/100 loss=0.349160 grad_norm=0.356
[train] epoch=5/8 step=97/100 loss=0.347921 grad_norm=0.220
[train] epoch=5/8 step=98/100 loss=0.346303 grad_norm=0.507
[train] epoch=5/8 step=99/100 loss=0.346124 grad_norm=0.256
[train] epoch=5/8 step=100/100 loss=0.334943 grad_norm=0.488
[epoch_summary] epoch=5/8 time_epoch=80.4s elapsed=480.9s eta=288.5s lambda_batch_div=0.000 lambda_inter_div=0.250 lambda_intra_div=0.000 selection_mode=accuracy selection_score=-0.236774 train_loss=0.349406 val_loss=0.265301 val_nmpjpe=0.236774 train_pose=0.029405 train_rel=0.048462 train_dist=0.191742 train_dir=0.064168 train_var=0.019192 train_batch_div=0.161680 train_inter_div=0.159441 train_intra_div=0.252622 val_pose=0.023887 val_rel=0.039855 val_dist=0.164057 val_dir=0.056015 val_var=0.018203 val_batch_div=0.389150 val_inter_div=0.005657 val_intra_div=0.390086 train_std=0.124498/0.165038 train_std_ratio=0.760108 val_std=0.062767/0.086730 val_std_ratio=0.861434 train_pair_dist=1.005758/1.541229 train_pair_ratio=0.655478 val_pair_dist=0.440652/0.881006 val_pair_ratio=0.590843 train_inter_pair=1.005837/1.561947 train_inter_ratio=0.646804 val_inter_pair=0.012827/0.033503 val_inter_ratio=0.008821 train_intra_pair=1.002775/1.008197 train_intra_ratio=1.009434 val_intra_pair=0.439623/0.875789 val_intra_ratio=0.592962 train_action_cls=0.000000 train_action_acc=0.000 val_action_cls=0.000000 val_action_acc=0.000 grad_norm_mean=0.490 nan_loss=False nan_grad=False actions_covered=27 envs_covered=2
[ckpt] saved_last path=C:\Users\LuvRene\OneDrive\PythonProjects\Positioning\pose_estimationV2\checkpoints\ablation_meanrms_interdiv_last.pth epoch=5
[ckpt] no_improve best_epoch=1 best_selection_score=-0.202463 best_val_nmpjpe=0.202463
[epoch_start] epoch=6/8 train_size=160380 val_size=80190 test_size=80190 lr=3.000e-04 lambda_batch_div=0.000 lambda_inter_div=0.250 lambda_intra_div=0.000
[train] epoch=6/8 step=1/100 loss=0.361110 grad_norm=0.734
[train] epoch=6/8 step=2/100 loss=0.347485 grad_norm=0.330
[train] epoch=6/8 step=3/100 loss=0.350959 grad_norm=0.266
[train] epoch=6/8 step=4/100 loss=0.374066 grad_norm=1.026
[train] epoch=6/8 step=5/100 loss=0.327928 grad_norm=0.711
[train] epoch=6/8 step=6/100 loss=0.358505 grad_norm=0.428
[train] epoch=6/8 step=7/100 loss=0.371936 grad_norm=0.573
[train] epoch=6/8 step=8/100 loss=0.369874 grad_norm=0.868
[train] epoch=6/8 step=9/100 loss=0.359757 grad_norm=0.641
[train] epoch=6/8 step=10/100 loss=0.324865 grad_norm=0.366
[train] epoch=6/8 step=11/100 loss=0.310590 grad_norm=0.270
[train] epoch=6/8 step=12/100 loss=0.376361 grad_norm=0.810
[train] epoch=6/8 step=13/100 loss=0.379068 grad_norm=0.417
[train] epoch=6/8 step=14/100 loss=0.350797 grad_norm=0.289
[train] epoch=6/8 step=15/100 loss=0.345159 grad_norm=0.394
[train] epoch=6/8 step=16/100 loss=0.313449 grad_norm=0.261
[train] epoch=6/8 step=17/100 loss=0.354808 grad_norm=0.434
[train] epoch=6/8 step=18/100 loss=0.363351 grad_norm=0.414
[train] epoch=6/8 step=19/100 loss=0.327095 grad_norm=0.605
[train] epoch=6/8 step=20/100 loss=0.327109 grad_norm=0.256
[train] epoch=6/8 step=21/100 loss=0.343641 grad_norm=0.365
[train] epoch=6/8 step=22/100 loss=0.317089 grad_norm=0.505
[train] epoch=6/8 step=23/100 loss=0.349718 grad_norm=0.562
[train] epoch=6/8 step=24/100 loss=0.349849 grad_norm=0.344
[train] epoch=6/8 step=25/100 loss=0.345223 grad_norm=0.386
[train] epoch=6/8 step=26/100 loss=0.346137 grad_norm=0.305
[train] epoch=6/8 step=27/100 loss=0.362509 grad_norm=0.353
[train] epoch=6/8 step=28/100 loss=0.367206 grad_norm=0.445
[train] epoch=6/8 step=29/100 loss=0.322882 grad_norm=0.309
[train] epoch=6/8 step=30/100 loss=0.344663 grad_norm=0.302
[train] epoch=6/8 step=31/100 loss=0.361639 grad_norm=0.287
[train] epoch=6/8 step=32/100 loss=0.366267 grad_norm=0.284
[train] epoch=6/8 step=33/100 loss=0.347848 grad_norm=0.642
[train] epoch=6/8 step=34/100 loss=0.339006 grad_norm=0.368
[train] epoch=6/8 step=35/100 loss=0.339549 grad_norm=0.373
[train] epoch=6/8 step=36/100 loss=0.336443 grad_norm=0.230
[train] epoch=6/8 step=37/100 loss=0.346887 grad_norm=0.450
[train] epoch=6/8 step=38/100 loss=0.341141 grad_norm=0.249
[train] epoch=6/8 step=39/100 loss=0.337790 grad_norm=0.316
[train] epoch=6/8 step=40/100 loss=0.370849 grad_norm=0.273
[train] epoch=6/8 step=41/100 loss=0.337210 grad_norm=0.300
[train] epoch=6/8 step=42/100 loss=0.336986 grad_norm=0.541
[train] epoch=6/8 step=43/100 loss=0.358553 grad_norm=0.369
[train] epoch=6/8 step=44/100 loss=0.351670 grad_norm=0.496
[train] epoch=6/8 step=45/100 loss=0.318213 grad_norm=0.288
[train] epoch=6/8 step=46/100 loss=0.365269 grad_norm=0.587
[train] epoch=6/8 step=47/100 loss=0.387962 grad_norm=0.394
[train] epoch=6/8 step=48/100 loss=0.357458 grad_norm=0.559
[train] epoch=6/8 step=49/100 loss=0.357111 grad_norm=0.238
[train] epoch=6/8 step=50/100 loss=0.304541 grad_norm=0.315
[train] epoch=6/8 step=51/100 loss=0.360541 grad_norm=0.430
[train] epoch=6/8 step=52/100 loss=0.326214 grad_norm=0.610
[train] epoch=6/8 step=53/100 loss=0.340658 grad_norm=0.309
[train] epoch=6/8 step=54/100 loss=0.384946 grad_norm=0.285
[train] epoch=6/8 step=55/100 loss=0.315090 grad_norm=0.833
[train] epoch=6/8 step=56/100 loss=0.327700 grad_norm=0.345
[train] epoch=6/8 step=57/100 loss=0.340697 grad_norm=0.297
[train] epoch=6/8 step=58/100 loss=0.349076 grad_norm=0.300
[train] epoch=6/8 step=59/100 loss=0.372466 grad_norm=0.495
[train] epoch=6/8 step=60/100 loss=0.324722 grad_norm=0.410
[train] epoch=6/8 step=61/100 loss=0.342157 grad_norm=0.466
[train] epoch=6/8 step=62/100 loss=0.309483 grad_norm=0.296
[train] epoch=6/8 step=63/100 loss=0.347686 grad_norm=0.237
[train] epoch=6/8 step=64/100 loss=0.351709 grad_norm=0.247
[train] epoch=6/8 step=65/100 loss=0.329619 grad_norm=0.350
[train] epoch=6/8 step=66/100 loss=0.323352 grad_norm=0.638
[train] epoch=6/8 step=67/100 loss=0.311617 grad_norm=0.262
[train] epoch=6/8 step=68/100 loss=0.336919 grad_norm=0.313
[train] epoch=6/8 step=69/100 loss=0.358891 grad_norm=0.548
[train] epoch=6/8 step=70/100 loss=0.344852 grad_norm=0.695
[train] epoch=6/8 step=71/100 loss=0.371530 grad_norm=0.413
[train] epoch=6/8 step=72/100 loss=0.352373 grad_norm=0.752
[train] epoch=6/8 step=73/100 loss=0.354255 grad_norm=0.601
[train] epoch=6/8 step=74/100 loss=0.367328 grad_norm=0.277
[train] epoch=6/8 step=75/100 loss=0.347451 grad_norm=0.378
[train] epoch=6/8 step=76/100 loss=0.368101 grad_norm=0.317
[train] epoch=6/8 step=77/100 loss=0.339112 grad_norm=0.638
[train] epoch=6/8 step=78/100 loss=0.295391 grad_norm=0.480
[train] epoch=6/8 step=79/100 loss=0.344135 grad_norm=0.298
[train] epoch=6/8 step=80/100 loss=0.325829 grad_norm=0.350
[train] epoch=6/8 step=81/100 loss=0.345890 grad_norm=0.262
[train] epoch=6/8 step=82/100 loss=0.337662 grad_norm=0.523
[train] epoch=6/8 step=83/100 loss=0.342729 grad_norm=0.558
[train] epoch=6/8 step=84/100 loss=0.340978 grad_norm=0.490
[train] epoch=6/8 step=85/100 loss=0.341560 grad_norm=0.416
[train] epoch=6/8 step=86/100 loss=0.350180 grad_norm=0.857
[train] epoch=6/8 step=87/100 loss=0.366725 grad_norm=0.516
[train] epoch=6/8 step=88/100 loss=0.306592 grad_norm=0.442
[train] epoch=6/8 step=89/100 loss=0.331398 grad_norm=0.654
[train] epoch=6/8 step=90/100 loss=0.349038 grad_norm=0.657
[train] epoch=6/8 step=91/100 loss=0.340475 grad_norm=0.517
[train] epoch=6/8 step=92/100 loss=0.396817 grad_norm=0.263
[train] epoch=6/8 step=93/100 loss=0.361039 grad_norm=0.292
[train] epoch=6/8 step=94/100 loss=0.312415 grad_norm=0.349
[train] epoch=6/8 step=95/100 loss=0.372543 grad_norm=0.359
[train] epoch=6/8 step=96/100 loss=0.317516 grad_norm=0.473
[train] epoch=6/8 step=97/100 loss=0.349536 grad_norm=0.514
[train] epoch=6/8 step=98/100 loss=0.324816 grad_norm=0.441
[train] epoch=6/8 step=99/100 loss=0.347703 grad_norm=0.365
[train] epoch=6/8 step=100/100 loss=0.378161 grad_norm=0.662
[epoch_summary] epoch=6/8 time_epoch=79.9s elapsed=560.8s eta=186.9s lambda_batch_div=0.000 lambda_inter_div=0.250 lambda_intra_div=0.000 selection_mode=accuracy selection_score=-0.250185 train_loss=0.345833 val_loss=0.286758 val_nmpjpe=0.250185 train_pose=0.029826 train_rel=0.048268 train_dist=0.188284 train_dir=0.063337 train_var=0.017284 train_batch_div=0.163208 train_inter_div=0.161004 train_intra_div=0.254782 val_pose=0.025757 val_rel=0.041385 val_dist=0.182859 val_dir=0.056132 val_var=0.015711 val_batch_div=0.390284 val_inter_div=0.005270 val_intra_div=0.391507 train_std=0.126701/0.166801 train_std_ratio=0.763330 val_std=0.072587/0.086730 val_std_ratio=0.996336 train_pair_dist=1.015523/1.548715 train_pair_ratio=0.657977 val_pair_dist=0.509113/0.881006 val_pair_ratio=0.683001 train_inter_pair=1.015644/1.569729 train_inter_ratio=0.649256 val_inter_pair=0.014610/0.033503 val_inter_ratio=0.010038 train_intra_pair=1.012873/1.005721 train_intra_ratio=1.021296 val_intra_pair=0.507958/0.875789 val_intra_ratio=0.685436 train_action_cls=0.000000 train_action_acc=0.000 val_action_cls=0.000000 val_action_acc=0.000 grad_norm_mean=0.440 nan_loss=False nan_grad=False actions_covered=27 envs_covered=2
[ckpt] saved_last path=C:\Users\LuvRene\OneDrive\PythonProjects\Positioning\pose_estimationV2\checkpoints\ablation_meanrms_interdiv_last.pth epoch=6
[ckpt] no_improve best_epoch=1 best_selection_score=-0.202463 best_val_nmpjpe=0.202463
[epoch_start] epoch=7/8 train_size=160380 val_size=80190 test_size=80190 lr=3.000e-04 lambda_batch_div=0.000 lambda_inter_div=0.250 lambda_intra_div=0.000
[train] epoch=7/8 step=1/100 loss=0.342177 grad_norm=0.889
[train] epoch=7/8 step=2/100 loss=0.366089 grad_norm=0.276
[train] epoch=7/8 step=3/100 loss=0.379882 grad_norm=0.315
[train] epoch=7/8 step=4/100 loss=0.315739 grad_norm=0.492
[train] epoch=7/8 step=5/100 loss=0.337308 grad_norm=0.474
[train] epoch=7/8 step=6/100 loss=0.326411 grad_norm=0.454
[train] epoch=7/8 step=7/100 loss=0.342792 grad_norm=0.443
[train] epoch=7/8 step=8/100 loss=0.297168 grad_norm=0.319
[train] epoch=7/8 step=9/100 loss=0.352502 grad_norm=0.829
[train] epoch=7/8 step=10/100 loss=0.371678 grad_norm=0.597
[train] epoch=7/8 step=11/100 loss=0.366358 grad_norm=0.258
[train] epoch=7/8 step=12/100 loss=0.346747 grad_norm=0.384
[train] epoch=7/8 step=13/100 loss=0.336874 grad_norm=0.589
[train] epoch=7/8 step=14/100 loss=0.355232 grad_norm=0.909
[train] epoch=7/8 step=15/100 loss=0.346117 grad_norm=0.289
[train] epoch=7/8 step=16/100 loss=0.318466 grad_norm=0.487
[train] epoch=7/8 step=17/100 loss=0.333717 grad_norm=0.263
[train] epoch=7/8 step=18/100 loss=0.329996 grad_norm=0.344
[train] epoch=7/8 step=19/100 loss=0.345697 grad_norm=0.523
[train] epoch=7/8 step=20/100 loss=0.361043 grad_norm=0.425
[train] epoch=7/8 step=21/100 loss=0.342631 grad_norm=0.356
[train] epoch=7/8 step=22/100 loss=0.346279 grad_norm=0.357
[train] epoch=7/8 step=23/100 loss=0.339942 grad_norm=0.335
[train] epoch=7/8 step=24/100 loss=0.331636 grad_norm=0.565
[train] epoch=7/8 step=25/100 loss=0.344785 grad_norm=0.262
[train] epoch=7/8 step=26/100 loss=0.306434 grad_norm=0.329
[train] epoch=7/8 step=27/100 loss=0.315170 grad_norm=0.264
[train] epoch=7/8 step=28/100 loss=0.337998 grad_norm=0.235
[train] epoch=7/8 step=29/100 loss=0.330962 grad_norm=0.327
[train] epoch=7/8 step=30/100 loss=0.330311 grad_norm=0.423
[train] epoch=7/8 step=31/100 loss=0.310025 grad_norm=0.253
[train] epoch=7/8 step=32/100 loss=0.363245 grad_norm=0.264
[train] epoch=7/8 step=33/100 loss=0.335641 grad_norm=0.407
[train] epoch=7/8 step=34/100 loss=0.330428 grad_norm=0.306
[train] epoch=7/8 step=35/100 loss=0.354948 grad_norm=0.220
[train] epoch=7/8 step=36/100 loss=0.350988 grad_norm=0.559
[train] epoch=7/8 step=37/100 loss=0.341609 grad_norm=0.588
[train] epoch=7/8 step=38/100 loss=0.328668 grad_norm=0.514
[train] epoch=7/8 step=39/100 loss=0.334964 grad_norm=0.408
[train] epoch=7/8 step=40/100 loss=0.307388 grad_norm=0.261
[train] epoch=7/8 step=41/100 loss=0.360844 grad_norm=0.274
[train] epoch=7/8 step=42/100 loss=0.320111 grad_norm=0.359
[train] epoch=7/8 step=43/100 loss=0.331115 grad_norm=0.537
[train] epoch=7/8 step=44/100 loss=0.354385 grad_norm=0.250
[train] epoch=7/8 step=45/100 loss=0.293623 grad_norm=0.303
[train] epoch=7/8 step=46/100 loss=0.309174 grad_norm=0.452
[train] epoch=7/8 step=47/100 loss=0.312653 grad_norm=0.369
[train] epoch=7/8 step=48/100 loss=0.315989 grad_norm=0.498
[train] epoch=7/8 step=49/100 loss=0.363665 grad_norm=0.419
[train] epoch=7/8 step=50/100 loss=0.350428 grad_norm=0.782
[train] epoch=7/8 step=51/100 loss=0.333183 grad_norm=0.332
[train] epoch=7/8 step=52/100 loss=0.329481 grad_norm=0.363
[train] epoch=7/8 step=53/100 loss=0.356374 grad_norm=0.231
[train] epoch=7/8 step=54/100 loss=0.305589 grad_norm=0.397
[train] epoch=7/8 step=55/100 loss=0.346179 grad_norm=0.528
[train] epoch=7/8 step=56/100 loss=0.320761 grad_norm=0.387
[train] epoch=7/8 step=57/100 loss=0.324226 grad_norm=0.353
[train] epoch=7/8 step=58/100 loss=0.345771 grad_norm=0.231
[train] epoch=7/8 step=59/100 loss=0.346876 grad_norm=0.443
[train] epoch=7/8 step=60/100 loss=0.335992 grad_norm=0.687
[train] epoch=7/8 step=61/100 loss=0.363170 grad_norm=0.660
[train] epoch=7/8 step=62/100 loss=0.350827 grad_norm=0.331
[train] epoch=7/8 step=63/100 loss=0.295028 grad_norm=0.502
[train] epoch=7/8 step=64/100 loss=0.327757 grad_norm=0.874
[train] epoch=7/8 step=65/100 loss=0.378154 grad_norm=0.260
[train] epoch=7/8 step=66/100 loss=0.343167 grad_norm=0.331
[train] epoch=7/8 step=67/100 loss=0.329698 grad_norm=0.274
[train] epoch=7/8 step=68/100 loss=0.308783 grad_norm=0.301
[train] epoch=7/8 step=69/100 loss=0.310668 grad_norm=0.308
[train] epoch=7/8 step=70/100 loss=0.341086 grad_norm=0.388
[train] epoch=7/8 step=71/100 loss=0.353027 grad_norm=0.343
[train] epoch=7/8 step=72/100 loss=0.342113 grad_norm=0.325
[train] epoch=7/8 step=73/100 loss=0.319777 grad_norm=0.240
[train] epoch=7/8 step=74/100 loss=0.326256 grad_norm=0.685
[train] epoch=7/8 step=75/100 loss=0.349603 grad_norm=0.248
[train] epoch=7/8 step=76/100 loss=0.364658 grad_norm=0.655
[train] epoch=7/8 step=77/100 loss=0.329570 grad_norm=0.349
[train] epoch=7/8 step=78/100 loss=0.339574 grad_norm=0.308
[train] epoch=7/8 step=79/100 loss=0.314774 grad_norm=0.451
[train] epoch=7/8 step=80/100 loss=0.338125 grad_norm=0.319
[train] epoch=7/8 step=81/100 loss=0.353046 grad_norm=0.316
[train] epoch=7/8 step=82/100 loss=0.329133 grad_norm=0.453
[train] epoch=7/8 step=83/100 loss=0.319009 grad_norm=0.240
[train] epoch=7/8 step=84/100 loss=0.327370 grad_norm=0.339
[train] epoch=7/8 step=85/100 loss=0.329963 grad_norm=0.323
[train] epoch=7/8 step=86/100 loss=0.354923 grad_norm=0.568
[train] epoch=7/8 step=87/100 loss=0.368115 grad_norm=0.396
[train] epoch=7/8 step=88/100 loss=0.305606 grad_norm=0.252
[train] epoch=7/8 step=89/100 loss=0.338871 grad_norm=0.541
[train] epoch=7/8 step=90/100 loss=0.359701 grad_norm=0.411
[train] epoch=7/8 step=91/100 loss=0.350532 grad_norm=0.522
[train] epoch=7/8 step=92/100 loss=0.346325 grad_norm=0.608
[train] epoch=7/8 step=93/100 loss=0.333407 grad_norm=0.729
[train] epoch=7/8 step=94/100 loss=0.330612 grad_norm=0.559
[train] epoch=7/8 step=95/100 loss=0.323848 grad_norm=0.252
[train] epoch=7/8 step=96/100 loss=0.334149 grad_norm=0.708
[train] epoch=7/8 step=97/100 loss=0.342147 grad_norm=0.438
[train] epoch=7/8 step=98/100 loss=0.329897 grad_norm=0.350
[train] epoch=7/8 step=99/100 loss=0.344581 grad_norm=0.277
[train] epoch=7/8 step=100/100 loss=0.347877 grad_norm=0.262
[epoch_summary] epoch=7/8 time_epoch=79.6s elapsed=640.4s eta=91.5s lambda_batch_div=0.000 lambda_inter_div=0.250 lambda_intra_div=0.000 selection_mode=accuracy selection_score=-0.252266 train_loss=0.337074 val_loss=0.263485 val_nmpjpe=0.252266 train_pose=0.029311 train_rel=0.046897 train_dist=0.184149 train_dir=0.061492 train_var=0.016647 train_batch_div=0.156927 train_inter_div=0.154692 train_intra_div=0.252885 val_pose=0.025744 val_rel=0.040278 val_dist=0.160283 val_dir=0.056167 val_var=0.013856 val_batch_div=0.380546 val_inter_div=0.004610 val_intra_div=0.382082 train_std=0.127599/0.163787 train_std_ratio=0.782349 val_std=0.081348/0.086730 val_std_ratio=1.123533 train_pair_dist=1.022347/1.528262 train_pair_ratio=0.670903 val_pair_dist=0.599683/0.881006 val_pair_ratio=0.808606 train_inter_pair=1.022372/1.548197 train_inter_ratio=0.662275 val_inter_pair=0.016636/0.033503 val_inter_ratio=0.011359 train_intra_pair=1.021292/1.003117 train_intra_ratio=1.032828 val_intra_pair=0.598480/0.875789 val_intra_ratio=0.811729 train_action_cls=0.000000 train_action_acc=0.000 val_action_cls=0.000000 val_action_acc=0.000 grad_norm_mean=0.417 nan_loss=False nan_grad=False actions_covered=27 envs_covered=2
[ckpt] saved_last path=C:\Users\LuvRene\OneDrive\PythonProjects\Positioning\pose_estimationV2\checkpoints\ablation_meanrms_interdiv_last.pth epoch=7
[ckpt] no_improve best_epoch=1 best_selection_score=-0.202463 best_val_nmpjpe=0.202463
[epoch_start] epoch=8/8 train_size=160380 val_size=80190 test_size=80190 lr=3.000e-04 lambda_batch_div=0.000 lambda_inter_div=0.250 lambda_intra_div=0.000
[train] epoch=8/8 step=1/100 loss=0.328457 grad_norm=0.516
[train] epoch=8/8 step=2/100 loss=0.356484 grad_norm=0.322
[train] epoch=8/8 step=3/100 loss=0.366523 grad_norm=0.727
[train] epoch=8/8 step=4/100 loss=0.352226 grad_norm=0.270
[train] epoch=8/8 step=5/100 loss=0.310393 grad_norm=0.446
[train] epoch=8/8 step=6/100 loss=0.323561 grad_norm=0.402
[train] epoch=8/8 step=7/100 loss=0.330893 grad_norm=0.475
[train] epoch=8/8 step=8/100 loss=0.363053 grad_norm=0.515
[train] epoch=8/8 step=9/100 loss=0.338252 grad_norm=0.274
[train] epoch=8/8 step=10/100 loss=0.320365 grad_norm=0.513
[train] epoch=8/8 step=11/100 loss=0.332793 grad_norm=0.604
[train] epoch=8/8 step=12/100 loss=0.339428 grad_norm=0.346
[train] epoch=8/8 step=13/100 loss=0.366783 grad_norm=0.200
[train] epoch=8/8 step=14/100 loss=0.308269 grad_norm=0.374
[train] epoch=8/8 step=15/100 loss=0.308960 grad_norm=0.307
[train] epoch=8/8 step=16/100 loss=0.353929 grad_norm=0.484
[train] epoch=8/8 step=17/100 loss=0.306971 grad_norm=0.365
[train] epoch=8/8 step=18/100 loss=0.312131 grad_norm=0.259
[train] epoch=8/8 step=19/100 loss=0.336859 grad_norm=0.305
[train] epoch=8/8 step=20/100 loss=0.322823 grad_norm=0.874
[train] epoch=8/8 step=21/100 loss=0.336593 grad_norm=0.396
[train] epoch=8/8 step=22/100 loss=0.347287 grad_norm=0.243
[train] epoch=8/8 step=23/100 loss=0.327383 grad_norm=0.250
[train] epoch=8/8 step=24/100 loss=0.356065 grad_norm=0.773
[train] epoch=8/8 step=25/100 loss=0.339282 grad_norm=0.316
[train] epoch=8/8 step=26/100 loss=0.325330 grad_norm=0.336
[train] epoch=8/8 step=27/100 loss=0.324436 grad_norm=0.388
[train] epoch=8/8 step=28/100 loss=0.322389 grad_norm=0.266
[train] epoch=8/8 step=29/100 loss=0.352942 grad_norm=0.526
[train] epoch=8/8 step=30/100 loss=0.317933 grad_norm=0.567
[train] epoch=8/8 step=31/100 loss=0.336079 grad_norm=0.502
[train] epoch=8/8 step=32/100 loss=0.323593 grad_norm=0.329
[train] epoch=8/8 step=33/100 loss=0.373476 grad_norm=0.361
[train] epoch=8/8 step=34/100 loss=0.345196 grad_norm=0.719
[train] epoch=8/8 step=35/100 loss=0.319682 grad_norm=0.382
[train] epoch=8/8 step=36/100 loss=0.338299 grad_norm=0.367
[train] epoch=8/8 step=37/100 loss=0.325077 grad_norm=0.312
[train] epoch=8/8 step=38/100 loss=0.311162 grad_norm=0.440
[train] epoch=8/8 step=39/100 loss=0.373326 grad_norm=0.275
[train] epoch=8/8 step=40/100 loss=0.372949 grad_norm=0.395
[train] epoch=8/8 step=41/100 loss=0.369953 grad_norm=0.277
[train] epoch=8/8 step=42/100 loss=0.342343 grad_norm=0.329
[train] epoch=8/8 step=43/100 loss=0.344682 grad_norm=0.450
[train] epoch=8/8 step=44/100 loss=0.318876 grad_norm=0.328
[train] epoch=8/8 step=45/100 loss=0.307794 grad_norm=0.369
[train] epoch=8/8 step=46/100 loss=0.313576 grad_norm=0.237
[train] epoch=8/8 step=47/100 loss=0.379234 grad_norm=0.602
[train] epoch=8/8 step=48/100 loss=0.355759 grad_norm=0.463
[train] epoch=8/8 step=49/100 loss=0.291993 grad_norm=0.431
[train] epoch=8/8 step=50/100 loss=0.352421 grad_norm=0.255
[train] epoch=8/8 step=51/100 loss=0.355042 grad_norm=0.469
[train] epoch=8/8 step=52/100 loss=0.330349 grad_norm=0.238
[train] epoch=8/8 step=53/100 loss=0.326782 grad_norm=0.242
[train] epoch=8/8 step=54/100 loss=0.330360 grad_norm=0.493
[train] epoch=8/8 step=55/100 loss=0.331315 grad_norm=0.328
[train] epoch=8/8 step=56/100 loss=0.344402 grad_norm=0.235
[train] epoch=8/8 step=57/100 loss=0.315232 grad_norm=0.457
[train] epoch=8/8 step=58/100 loss=0.346144 grad_norm=0.499
[train] epoch=8/8 step=59/100 loss=0.364699 grad_norm=0.238
[train] epoch=8/8 step=60/100 loss=0.353711 grad_norm=0.433
[train] epoch=8/8 step=61/100 loss=0.363003 grad_norm=0.398
[train] epoch=8/8 step=62/100 loss=0.339703 grad_norm=0.334
[train] epoch=8/8 step=63/100 loss=0.325945 grad_norm=0.263
[train] epoch=8/8 step=64/100 loss=0.338047 grad_norm=0.263
[train] epoch=8/8 step=65/100 loss=0.346922 grad_norm=0.293
[train] epoch=8/8 step=66/100 loss=0.344582 grad_norm=0.290
[train] epoch=8/8 step=67/100 loss=0.336703 grad_norm=0.368
[train] epoch=8/8 step=68/100 loss=0.329060 grad_norm=0.321
[train] epoch=8/8 step=69/100 loss=0.336311 grad_norm=0.252
[train] epoch=8/8 step=70/100 loss=0.319257 grad_norm=0.285
[train] epoch=8/8 step=71/100 loss=0.341652 grad_norm=0.329
[train] epoch=8/8 step=72/100 loss=0.314376 grad_norm=0.321
[train] epoch=8/8 step=73/100 loss=0.349798 grad_norm=0.295
[train] epoch=8/8 step=74/100 loss=0.326899 grad_norm=0.250
[train] epoch=8/8 step=75/100 loss=0.319014 grad_norm=0.285
[train] epoch=8/8 step=76/100 loss=0.313926 grad_norm=0.307
[train] epoch=8/8 step=77/100 loss=0.328158 grad_norm=0.356
[train] epoch=8/8 step=78/100 loss=0.319153 grad_norm=0.281
[train] epoch=8/8 step=79/100 loss=0.313013 grad_norm=0.362
[train] epoch=8/8 step=80/100 loss=0.341550 grad_norm=0.409
[train] epoch=8/8 step=81/100 loss=0.361847 grad_norm=0.316
[train] epoch=8/8 step=82/100 loss=0.343535 grad_norm=0.564
[train] epoch=8/8 step=83/100 loss=0.340426 grad_norm=0.242
[train] epoch=8/8 step=84/100 loss=0.323151 grad_norm=0.319
[train] epoch=8/8 step=85/100 loss=0.318716 grad_norm=0.303
[train] epoch=8/8 step=86/100 loss=0.327077 grad_norm=0.264
[train] epoch=8/8 step=87/100 loss=0.329671 grad_norm=0.250
[train] epoch=8/8 step=88/100 loss=0.332785 grad_norm=0.363
[train] epoch=8/8 step=89/100 loss=0.343806 grad_norm=0.384
[train] epoch=8/8 step=90/100 loss=0.340158 grad_norm=0.408
[train] epoch=8/8 step=91/100 loss=0.338382 grad_norm=0.269
[train] epoch=8/8 step=92/100 loss=0.340668 grad_norm=0.247
[train] epoch=8/8 step=93/100 loss=0.352642 grad_norm=0.560
[train] epoch=8/8 step=94/100 loss=0.358724 grad_norm=0.310
[train] epoch=8/8 step=95/100 loss=0.315204 grad_norm=0.236
[train] epoch=8/8 step=96/100 loss=0.351793 grad_norm=0.492
[train] epoch=8/8 step=97/100 loss=0.323734 grad_norm=0.523
[train] epoch=8/8 step=98/100 loss=0.301803 grad_norm=0.294
[train] epoch=8/8 step=99/100 loss=0.335760 grad_norm=0.247
[train] epoch=8/8 step=100/100 loss=0.350498 grad_norm=0.480
[epoch_summary] epoch=8/8 time_epoch=79.3s elapsed=719.7s eta=0.0s lambda_batch_div=0.000 lambda_inter_div=0.250 lambda_intra_div=0.000 selection_mode=accuracy selection_score=-0.255901 train_loss=0.335997 val_loss=0.262593 val_nmpjpe=0.255901 train_pose=0.030587 train_rel=0.047284 train_dist=0.182921 train_dir=0.062212 train_var=0.015800 train_batch_div=0.148898 train_inter_div=0.146543 train_intra_div=0.252859 val_pose=0.026127 val_rel=0.040015 val_dist=0.158877 val_dir=0.056477 val_var=0.013009 val_batch_div=0.388035 val_inter_div=0.004415 val_intra_div=0.389659 train_std=0.135579/0.166061 train_std_ratio=0.820638 val_std=0.086946/0.086730 val_std_ratio=1.203240 train_pair_dist=1.080378/1.544160 train_pair_ratio=0.701475 val_pair_dist=0.640859/0.881006 val_pair_ratio=0.864860 train_inter_pair=1.080570/1.563998 train_inter_ratio=0.692674 val_inter_pair=0.017503/0.033503 val_inter_ratio=0.011928 train_intra_pair=1.075807/1.023691 train_intra_ratio=1.061363 val_intra_pair=0.639597/0.875789 val_intra_ratio=0.868151 train_action_cls=0.000000 train_action_acc=0.000 val_action_cls=0.000000 val_action_acc=0.000 grad_norm_mean=0.374 nan_loss=False nan_grad=False actions_covered=27 envs_covered=2
[ckpt] saved_last path=C:\Users\LuvRene\OneDrive\PythonProjects\Positioning\pose_estimationV2\checkpoints\ablation_meanrms_interdiv_last.pth epoch=8
[ckpt] no_improve best_epoch=1 best_selection_score=-0.202463 best_val_nmpjpe=0.202463
[plot] saved path=C:\Users\LuvRene\OneDrive\PythonProjects\Positioning\pose_estimationV2\logs\train\ablation_meanrms_interdiv_resnet1d_20260331-063035_curves.png
[history] saved path=C:\Users\LuvRene\OneDrive\PythonProjects\Positioning\pose_estimationV2\logs\train\ablation_meanrms_interdiv_resnet1d_20260331-063035_history.csv
[test_summary] best_epoch=1 test_loss=0.292137 test_nmpjpe=0.202309 test_pose=0.021095 test_rel=0.041413 test_dist=0.187917 test_dir=0.060190 test_var=0.038554 test_batch_div=0.468235 test_inter_div=0.008914 test_intra_div=0.468081 test_std=0.016615/0.089078 test_std_ratio=0.222301 test_pair_dist=0.135212/0.899707 test_pair_ratio=0.177137 test_inter_pair=0.003433/0.031090 test_inter_ratio=0.002486 test_intra_pair=0.135092/0.895100 test_intra_ratio=0.177988 test_action_cls=0.000000 test_action_acc=0.000
[assessment] status=usable reason=Validation stayed close to the best point (0.2025) and final test nMPJPE is 0.2023.
