[run] config=configs/default.yaml device=cuda:0
[run] model=resnet1d
[run] window_size=1
[run] normalize_mode=mean_rms
[run] aoa_cache_root=D:\Files\WiFi_Pose\WiFiPoseV3\data\aoa_cache
[run] labels_root=D:\Files\WiFi_Pose\WiFiPoseV3\data\dataset
[run] val_env=env3 test_env=env4
[run] logs_file=C:\Users\LuvRene\OneDrive\PythonProjects\Positioning\pose_estimationV2\logs\train\ablation_meanrms_interdiv_divsel_actionaux_resnet1d_20260327-164217.log
[run] selection_mode=diversity_first lambda_var=0.000 lambda_batch_div=0.000 lambda_inter_div=0.250 lambda_intra_div=0.000
[data] dataset_size=320760 train_size=160380 val_size=80190 test_size=80190 batch_size=64 window_size=1
[run] action_aux enabled=True lambda_cls=0.200 num_actions=27
[epoch_start] epoch=1/8 train_size=160380 val_size=80190 test_size=80190 lr=3.000e-04 lambda_batch_div=0.000 lambda_inter_div=0.250 lambda_intra_div=0.000
[train] epoch=1/8 step=1/100 loss=2.832942 grad_norm=5.733 action_cls=3.289273 action_acc=0.031
[train] epoch=1/8 step=2/100 loss=2.558550 grad_norm=5.108 action_cls=3.330650 action_acc=0.062
[train] epoch=1/8 step=3/100 loss=2.304646 grad_norm=5.023 action_cls=3.298203 action_acc=0.031
[train] epoch=1/8 step=4/100 loss=2.126746 grad_norm=4.090 action_cls=3.322461 action_acc=0.031
[train] epoch=1/8 step=5/100 loss=1.930112 grad_norm=3.996 action_cls=3.291899 action_acc=0.062
[train] epoch=1/8 step=6/100 loss=1.760921 grad_norm=3.428 action_cls=3.310117 action_acc=0.062
[train] epoch=1/8 step=7/100 loss=1.688279 grad_norm=3.577 action_cls=3.312286 action_acc=0.062
[train] epoch=1/8 step=8/100 loss=1.558844 grad_norm=3.088 action_cls=3.314005 action_acc=0.016
[train] epoch=1/8 step=9/100 loss=1.503350 grad_norm=2.790 action_cls=3.305876 action_acc=0.031
[train] epoch=1/8 step=10/100 loss=1.419894 grad_norm=2.553 action_cls=3.340836 action_acc=0.047
[train] epoch=1/8 step=11/100 loss=1.358891 grad_norm=2.364 action_cls=3.339634 action_acc=0.016
[train] epoch=1/8 step=12/100 loss=1.351324 grad_norm=2.402 action_cls=3.354002 action_acc=0.047
[train] epoch=1/8 step=13/100 loss=1.348549 grad_norm=2.257 action_cls=3.339767 action_acc=0.031
[train] epoch=1/8 step=14/100 loss=1.279959 grad_norm=2.195 action_cls=3.308421 action_acc=0.016
[train] epoch=1/8 step=15/100 loss=1.219673 grad_norm=2.041 action_cls=3.284857 action_acc=0.094
[train] epoch=1/8 step=16/100 loss=1.229812 grad_norm=1.843 action_cls=3.333477 action_acc=0.000
[train] epoch=1/8 step=17/100 loss=1.226866 grad_norm=1.686 action_cls=3.314022 action_acc=0.000
[train] epoch=1/8 step=18/100 loss=1.192271 grad_norm=1.567 action_cls=3.321564 action_acc=0.031
[train] epoch=1/8 step=19/100 loss=1.165662 grad_norm=1.353 action_cls=3.313972 action_acc=0.016
[train] epoch=1/8 step=20/100 loss=1.152789 grad_norm=1.305 action_cls=3.292547 action_acc=0.078
[train] epoch=1/8 step=21/100 loss=1.135053 grad_norm=1.182 action_cls=3.307520 action_acc=0.016
[train] epoch=1/8 step=22/100 loss=1.136006 grad_norm=1.235 action_cls=3.299643 action_acc=0.062
[train] epoch=1/8 step=23/100 loss=1.109297 grad_norm=1.483 action_cls=3.293142 action_acc=0.031
[train] epoch=1/8 step=24/100 loss=1.128929 grad_norm=1.313 action_cls=3.293178 action_acc=0.062
[train] epoch=1/8 step=25/100 loss=1.111456 grad_norm=1.130 action_cls=3.299227 action_acc=0.062
[train] epoch=1/8 step=26/100 loss=1.121778 grad_norm=1.065 action_cls=3.268880 action_acc=0.062
[train] epoch=1/8 step=27/100 loss=1.118773 grad_norm=0.920 action_cls=3.300923 action_acc=0.062
[train] epoch=1/8 step=28/100 loss=1.100233 grad_norm=0.943 action_cls=3.283465 action_acc=0.078
[train] epoch=1/8 step=29/100 loss=1.114245 grad_norm=0.841 action_cls=3.306195 action_acc=0.031
[train] epoch=1/8 step=30/100 loss=1.053906 grad_norm=0.833 action_cls=3.281684 action_acc=0.094
[train] epoch=1/8 step=31/100 loss=1.092310 grad_norm=0.742 action_cls=3.282221 action_acc=0.062
[train] epoch=1/8 step=32/100 loss=1.091253 grad_norm=0.788 action_cls=3.291475 action_acc=0.016
[train] epoch=1/8 step=33/100 loss=1.072717 grad_norm=0.744 action_cls=3.308389 action_acc=0.016
[train] epoch=1/8 step=34/100 loss=1.053121 grad_norm=0.839 action_cls=3.316280 action_acc=0.031
[train] epoch=1/8 step=35/100 loss=1.063071 grad_norm=0.750 action_cls=3.291112 action_acc=0.000
[train] epoch=1/8 step=36/100 loss=1.091234 grad_norm=0.874 action_cls=3.292488 action_acc=0.016
[train] epoch=1/8 step=37/100 loss=1.081967 grad_norm=0.649 action_cls=3.302068 action_acc=0.000
[train] epoch=1/8 step=38/100 loss=1.076230 grad_norm=0.701 action_cls=3.302420 action_acc=0.031
[train] epoch=1/8 step=39/100 loss=1.061351 grad_norm=0.663 action_cls=3.274682 action_acc=0.125
[train] epoch=1/8 step=40/100 loss=1.041619 grad_norm=0.612 action_cls=3.296962 action_acc=0.016
[train] epoch=1/8 step=41/100 loss=1.084140 grad_norm=0.525 action_cls=3.303827 action_acc=0.031
[train] epoch=1/8 step=42/100 loss=1.057736 grad_norm=0.625 action_cls=3.317463 action_acc=0.031
[train] epoch=1/8 step=43/100 loss=1.014564 grad_norm=0.644 action_cls=3.288620 action_acc=0.016
[train] epoch=1/8 step=44/100 loss=1.054542 grad_norm=0.568 action_cls=3.286171 action_acc=0.031
[train] epoch=1/8 step=45/100 loss=1.050207 grad_norm=0.574 action_cls=3.291448 action_acc=0.047
[train] epoch=1/8 step=46/100 loss=1.039317 grad_norm=0.481 action_cls=3.305025 action_acc=0.016
[train] epoch=1/8 step=47/100 loss=1.037100 grad_norm=0.509 action_cls=3.289279 action_acc=0.031
[train] epoch=1/8 step=48/100 loss=1.123798 grad_norm=0.519 action_cls=3.321187 action_acc=0.031
[train] epoch=1/8 step=49/100 loss=1.033794 grad_norm=0.573 action_cls=3.284650 action_acc=0.031
[train] epoch=1/8 step=50/100 loss=1.072559 grad_norm=0.569 action_cls=3.283902 action_acc=0.031
[train] epoch=1/8 step=51/100 loss=1.057734 grad_norm=0.696 action_cls=3.322539 action_acc=0.016
[train] epoch=1/8 step=52/100 loss=1.031664 grad_norm=0.503 action_cls=3.293099 action_acc=0.016
[train] epoch=1/8 step=53/100 loss=1.112624 grad_norm=0.508 action_cls=3.306927 action_acc=0.031
[train] epoch=1/8 step=54/100 loss=1.053839 grad_norm=0.433 action_cls=3.275361 action_acc=0.062
[train] epoch=1/8 step=55/100 loss=1.076078 grad_norm=0.472 action_cls=3.306768 action_acc=0.016
[train] epoch=1/8 step=56/100 loss=1.019935 grad_norm=0.502 action_cls=3.299418 action_acc=0.016
[train] epoch=1/8 step=57/100 loss=1.012462 grad_norm=0.530 action_cls=3.306088 action_acc=0.031
[train] epoch=1/8 step=58/100 loss=1.068091 grad_norm=0.534 action_cls=3.282444 action_acc=0.062
[train] epoch=1/8 step=59/100 loss=1.066895 grad_norm=0.537 action_cls=3.327322 action_acc=0.000
[train] epoch=1/8 step=60/100 loss=1.034345 grad_norm=0.531 action_cls=3.306265 action_acc=0.000
[train] epoch=1/8 step=61/100 loss=1.031183 grad_norm=0.466 action_cls=3.281209 action_acc=0.062
[train] epoch=1/8 step=62/100 loss=1.072115 grad_norm=0.503 action_cls=3.302417 action_acc=0.062
[train] epoch=1/8 step=63/100 loss=1.076971 grad_norm=0.523 action_cls=3.325605 action_acc=0.016
[train] epoch=1/8 step=64/100 loss=1.057139 grad_norm=0.404 action_cls=3.313110 action_acc=0.016
[train] epoch=1/8 step=65/100 loss=1.035688 grad_norm=0.556 action_cls=3.285604 action_acc=0.062
[train] epoch=1/8 step=66/100 loss=1.086663 grad_norm=0.543 action_cls=3.300769 action_acc=0.016
[train] epoch=1/8 step=67/100 loss=1.033747 grad_norm=0.603 action_cls=3.296073 action_acc=0.047
[train] epoch=1/8 step=68/100 loss=1.011333 grad_norm=0.858 action_cls=3.295730 action_acc=0.031
[train] epoch=1/8 step=69/100 loss=1.040080 grad_norm=0.457 action_cls=3.280343 action_acc=0.062
[train] epoch=1/8 step=70/100 loss=1.058650 grad_norm=0.564 action_cls=3.305275 action_acc=0.016
[train] epoch=1/8 step=71/100 loss=1.034258 grad_norm=0.580 action_cls=3.299489 action_acc=0.031
[train] epoch=1/8 step=72/100 loss=1.038293 grad_norm=0.546 action_cls=3.299314 action_acc=0.031
[train] epoch=1/8 step=73/100 loss=1.025329 grad_norm=0.459 action_cls=3.281415 action_acc=0.078
[train] epoch=1/8 step=74/100 loss=1.043264 grad_norm=0.458 action_cls=3.286254 action_acc=0.047
[train] epoch=1/8 step=75/100 loss=1.083978 grad_norm=0.344 action_cls=3.280284 action_acc=0.031
[train] epoch=1/8 step=76/100 loss=1.050002 grad_norm=0.465 action_cls=3.304151 action_acc=0.062
[train] epoch=1/8 step=77/100 loss=1.093538 grad_norm=0.444 action_cls=3.302347 action_acc=0.031
[train] epoch=1/8 step=78/100 loss=1.020636 grad_norm=0.574 action_cls=3.307269 action_acc=0.062
[train] epoch=1/8 step=79/100 loss=1.033176 grad_norm=0.525 action_cls=3.301651 action_acc=0.016
[train] epoch=1/8 step=80/100 loss=1.048037 grad_norm=0.472 action_cls=3.303636 action_acc=0.031
[train] epoch=1/8 step=81/100 loss=1.101213 grad_norm=0.363 action_cls=3.302557 action_acc=0.047
[train] epoch=1/8 step=82/100 loss=1.037780 grad_norm=0.431 action_cls=3.297441 action_acc=0.016
[train] epoch=1/8 step=83/100 loss=1.048881 grad_norm=0.347 action_cls=3.293544 action_acc=0.078
[train] epoch=1/8 step=84/100 loss=1.005355 grad_norm=0.605 action_cls=3.280821 action_acc=0.094
[train] epoch=1/8 step=85/100 loss=1.021034 grad_norm=0.498 action_cls=3.301350 action_acc=0.047
[train] epoch=1/8 step=86/100 loss=1.060025 grad_norm=0.477 action_cls=3.295797 action_acc=0.016
[train] epoch=1/8 step=87/100 loss=1.021047 grad_norm=0.418 action_cls=3.291270 action_acc=0.016
[train] epoch=1/8 step=88/100 loss=1.011576 grad_norm=0.426 action_cls=3.289291 action_acc=0.062
[train] epoch=1/8 step=89/100 loss=1.031866 grad_norm=0.434 action_cls=3.300015 action_acc=0.016
[train] epoch=1/8 step=90/100 loss=1.034981 grad_norm=0.478 action_cls=3.309831 action_acc=0.016
[train] epoch=1/8 step=91/100 loss=1.038176 grad_norm=0.450 action_cls=3.300320 action_acc=0.000
[train] epoch=1/8 step=92/100 loss=1.039790 grad_norm=0.411 action_cls=3.303599 action_acc=0.000
[train] epoch=1/8 step=93/100 loss=1.032596 grad_norm=0.452 action_cls=3.293685 action_acc=0.000
[train] epoch=1/8 step=94/100 loss=1.041002 grad_norm=0.374 action_cls=3.297935 action_acc=0.016
[train] epoch=1/8 step=95/100 loss=1.029098 grad_norm=0.452 action_cls=3.289995 action_acc=0.016
[train] epoch=1/8 step=96/100 loss=1.071858 grad_norm=0.353 action_cls=3.287897 action_acc=0.047
[train] epoch=1/8 step=97/100 loss=1.007013 grad_norm=0.586 action_cls=3.310627 action_acc=0.016
[train] epoch=1/8 step=98/100 loss=1.012508 grad_norm=0.376 action_cls=3.285251 action_acc=0.078
[train] epoch=1/8 step=99/100 loss=1.034912 grad_norm=0.431 action_cls=3.304307 action_acc=0.016
[train] epoch=1/8 step=100/100 loss=1.030646 grad_norm=0.427 action_cls=3.310574 action_acc=0.000
[epoch_summary] epoch=1/8 time_epoch=65.5s elapsed=65.5s eta=458.2s lambda_batch_div=0.000 lambda_inter_div=0.250 lambda_intra_div=0.000 selection_mode=diversity_first selection_score=0.230517 train_loss=1.168515 val_loss=0.935702 val_nmpjpe=0.201438 train_pose=0.046289 train_rel=0.086322 train_dist=0.278963 train_dir=0.109907 train_var=0.014306 train_batch_div=0.122894 train_inter_div=0.119935 train_intra_div=0.267898 val_pose=0.021014 val_rel=0.041289 val_dist=0.175026 val_dir=0.056991 val_var=0.038515 val_batch_div=0.479683 val_inter_div=0.009305 val_intra_div=0.479565 train_std=0.148738/0.166578 train_std_ratio=0.896712 val_std=0.014987/0.086730 val_std_ratio=0.204585 train_pair_dist=1.227861/1.545196 train_pair_ratio=0.796762 val_pair_dist=0.121813/0.881006 val_pair_ratio=0.162636 train_inter_pair=1.228000/1.565175 train_inter_ratio=0.786693 val_inter_pair=0.003024/0.033503 val_inter_ratio=0.002032 train_intra_pair=1.224072/1.024668 train_intra_ratio=1.207002 val_intra_pair=0.121635/0.875789 val_intra_ratio=0.163315 train_action_cls=3.301057 train_action_acc=0.036 val_action_cls=3.298503 val_action_acc=0.038 grad_norm_mean=1.067 nan_loss=False nan_grad=False actions_covered=27 envs_covered=2
[ckpt] saved_last path=C:\Users\LuvRene\OneDrive\PythonProjects\Positioning\pose_estimationV2\checkpoints\ablation_meanrms_interdiv_divsel_actionaux_last.pth epoch=1
[ckpt] saved path=C:\Users\LuvRene\OneDrive\PythonProjects\Positioning\pose_estimationV2\checkpoints\ablation_meanrms_interdiv_divsel_actionaux.pth epoch=1 best_selection_score=0.230517 val_nmpjpe=0.201438
[epoch_start] epoch=2/8 train_size=160380 val_size=80190 test_size=80190 lr=3.000e-04 lambda_batch_div=0.000 lambda_inter_div=0.250 lambda_intra_div=0.000
[train] epoch=2/8 step=1/100 loss=1.037025 grad_norm=0.354 action_cls=3.298506 action_acc=0.062
[train] epoch=2/8 step=2/100 loss=1.020134 grad_norm=0.409 action_cls=3.300119 action_acc=0.031
[train] epoch=2/8 step=3/100 loss=1.015200 grad_norm=0.412 action_cls=3.286061 action_acc=0.047
[train] epoch=2/8 step=4/100 loss=1.026051 grad_norm=0.339 action_cls=3.307434 action_acc=0.031
[train] epoch=2/8 step=5/100 loss=1.023367 grad_norm=0.442 action_cls=3.300623 action_acc=0.062
[train] epoch=2/8 step=6/100 loss=1.042901 grad_norm=0.400 action_cls=3.291548 action_acc=0.047
[train] epoch=2/8 step=7/100 loss=1.012913 grad_norm=0.313 action_cls=3.274836 action_acc=0.047
[train] epoch=2/8 step=8/100 loss=1.045184 grad_norm=0.448 action_cls=3.293974 action_acc=0.062
[train] epoch=2/8 step=9/100 loss=1.046199 grad_norm=0.402 action_cls=3.291310 action_acc=0.031
[train] epoch=2/8 step=10/100 loss=1.038523 grad_norm=0.539 action_cls=3.289035 action_acc=0.062
[train] epoch=2/8 step=11/100 loss=1.027516 grad_norm=0.450 action_cls=3.287056 action_acc=0.016
[train] epoch=2/8 step=12/100 loss=1.008628 grad_norm=0.418 action_cls=3.283309 action_acc=0.031
[train] epoch=2/8 step=13/100 loss=1.058916 grad_norm=0.415 action_cls=3.292827 action_acc=0.047
[train] epoch=2/8 step=14/100 loss=1.048958 grad_norm=0.391 action_cls=3.313196 action_acc=0.031
[train] epoch=2/8 step=15/100 loss=1.004554 grad_norm=0.429 action_cls=3.297513 action_acc=0.031
[train] epoch=2/8 step=16/100 loss=1.006079 grad_norm=0.389 action_cls=3.292642 action_acc=0.031
[train] epoch=2/8 step=17/100 loss=1.034191 grad_norm=0.343 action_cls=3.308986 action_acc=0.016
[train] epoch=2/8 step=18/100 loss=1.037588 grad_norm=0.463 action_cls=3.287344 action_acc=0.031
[train] epoch=2/8 step=19/100 loss=0.999122 grad_norm=0.484 action_cls=3.296530 action_acc=0.031
[train] epoch=2/8 step=20/100 loss=1.015755 grad_norm=0.336 action_cls=3.287888 action_acc=0.047
[train] epoch=2/8 step=21/100 loss=1.048010 grad_norm=0.443 action_cls=3.299408 action_acc=0.047
[train] epoch=2/8 step=22/100 loss=1.053822 grad_norm=0.433 action_cls=3.320107 action_acc=0.047
[train] epoch=2/8 step=23/100 loss=1.031518 grad_norm=0.542 action_cls=3.306838 action_acc=0.016
[train] epoch=2/8 step=24/100 loss=1.035378 grad_norm=0.339 action_cls=3.289381 action_acc=0.016
[train] epoch=2/8 step=25/100 loss=1.036303 grad_norm=0.347 action_cls=3.296729 action_acc=0.047
[train] epoch=2/8 step=26/100 loss=1.023453 grad_norm=0.394 action_cls=3.299861 action_acc=0.047
[train] epoch=2/8 step=27/100 loss=1.018859 grad_norm=0.503 action_cls=3.285584 action_acc=0.031
[train] epoch=2/8 step=28/100 loss=1.048663 grad_norm=0.522 action_cls=3.306656 action_acc=0.016
[train] epoch=2/8 step=29/100 loss=1.041660 grad_norm=0.399 action_cls=3.302652 action_acc=0.031
[train] epoch=2/8 step=30/100 loss=1.058890 grad_norm=0.394 action_cls=3.302395 action_acc=0.016
[train] epoch=2/8 step=31/100 loss=1.026093 grad_norm=0.526 action_cls=3.306592 action_acc=0.031
[train] epoch=2/8 step=32/100 loss=1.021364 grad_norm=0.469 action_cls=3.295616 action_acc=0.031
[train] epoch=2/8 step=33/100 loss=1.034916 grad_norm=0.352 action_cls=3.301783 action_acc=0.000
[train] epoch=2/8 step=34/100 loss=1.047775 grad_norm=0.394 action_cls=3.298134 action_acc=0.047
[train] epoch=2/8 step=35/100 loss=1.009573 grad_norm=0.396 action_cls=3.297592 action_acc=0.062
[train] epoch=2/8 step=36/100 loss=1.007091 grad_norm=0.357 action_cls=3.278698 action_acc=0.047
[train] epoch=2/8 step=37/100 loss=1.044077 grad_norm=0.322 action_cls=3.296450 action_acc=0.016
[train] epoch=2/8 step=38/100 loss=1.031225 grad_norm=0.544 action_cls=3.289572 action_acc=0.031
[train] epoch=2/8 step=39/100 loss=1.044652 grad_norm=0.306 action_cls=3.302409 action_acc=0.016
[train] epoch=2/8 step=40/100 loss=1.027237 grad_norm=0.469 action_cls=3.295649 action_acc=0.062
[train] epoch=2/8 step=41/100 loss=1.007394 grad_norm=0.429 action_cls=3.303326 action_acc=0.031
[train] epoch=2/8 step=42/100 loss=1.001119 grad_norm=0.559 action_cls=3.319573 action_acc=0.016
[train] epoch=2/8 step=43/100 loss=1.032648 grad_norm=0.671 action_cls=3.297430 action_acc=0.016
[train] epoch=2/8 step=44/100 loss=1.068458 grad_norm=0.346 action_cls=3.292378 action_acc=0.031
[train] epoch=2/8 step=45/100 loss=1.041029 grad_norm=0.423 action_cls=3.303555 action_acc=0.047
[train] epoch=2/8 step=46/100 loss=1.014964 grad_norm=0.411 action_cls=3.306063 action_acc=0.031
[train] epoch=2/8 step=47/100 loss=1.020909 grad_norm=0.324 action_cls=3.292393 action_acc=0.078
[train] epoch=2/8 step=48/100 loss=1.020850 grad_norm=0.416 action_cls=3.284782 action_acc=0.031
[train] epoch=2/8 step=49/100 loss=1.006047 grad_norm=0.369 action_cls=3.281868 action_acc=0.094
[train] epoch=2/8 step=50/100 loss=1.033658 grad_norm=0.371 action_cls=3.298697 action_acc=0.000
[train] epoch=2/8 step=51/100 loss=1.016475 grad_norm=0.390 action_cls=3.288657 action_acc=0.062
[train] epoch=2/8 step=52/100 loss=1.029611 grad_norm=0.388 action_cls=3.287376 action_acc=0.031
[train] epoch=2/8 step=53/100 loss=1.020982 grad_norm=0.381 action_cls=3.304451 action_acc=0.078
[train] epoch=2/8 step=54/100 loss=0.988182 grad_norm=0.308 action_cls=3.295836 action_acc=0.031
[train] epoch=2/8 step=55/100 loss=1.056225 grad_norm=0.355 action_cls=3.286630 action_acc=0.047
[train] epoch=2/8 step=56/100 loss=1.024033 grad_norm=0.369 action_cls=3.308520 action_acc=0.016
[train] epoch=2/8 step=57/100 loss=1.036093 grad_norm=0.349 action_cls=3.296594 action_acc=0.031
[train] epoch=2/8 step=58/100 loss=1.035162 grad_norm=0.496 action_cls=3.296914 action_acc=0.047
[train] epoch=2/8 step=59/100 loss=1.025269 grad_norm=0.308 action_cls=3.311354 action_acc=0.031
[train] epoch=2/8 step=60/100 loss=1.032440 grad_norm=0.286 action_cls=3.302423 action_acc=0.016
[train] epoch=2/8 step=61/100 loss=1.013360 grad_norm=0.268 action_cls=3.302413 action_acc=0.000
[train] epoch=2/8 step=62/100 loss=1.040637 grad_norm=0.417 action_cls=3.278941 action_acc=0.078
[train] epoch=2/8 step=63/100 loss=1.057100 grad_norm=0.480 action_cls=3.284263 action_acc=0.109
[train] epoch=2/8 step=64/100 loss=0.973925 grad_norm=0.356 action_cls=3.289013 action_acc=0.031
[train] epoch=2/8 step=65/100 loss=1.065131 grad_norm=0.366 action_cls=3.294277 action_acc=0.047
[train] epoch=2/8 step=66/100 loss=1.035072 grad_norm=0.308 action_cls=3.293263 action_acc=0.047
[train] epoch=2/8 step=67/100 loss=1.022019 grad_norm=0.332 action_cls=3.302496 action_acc=0.016
[train] epoch=2/8 step=68/100 loss=1.015626 grad_norm=0.348 action_cls=3.293850 action_acc=0.031
[train] epoch=2/8 step=69/100 loss=1.020256 grad_norm=0.353 action_cls=3.298625 action_acc=0.031
[train] epoch=2/8 step=70/100 loss=0.997434 grad_norm=0.349 action_cls=3.283596 action_acc=0.062
[train] epoch=2/8 step=71/100 loss=1.050764 grad_norm=0.395 action_cls=3.294101 action_acc=0.062
[train] epoch=2/8 step=72/100 loss=1.043543 grad_norm=0.463 action_cls=3.292579 action_acc=0.062
[train] epoch=2/8 step=73/100 loss=1.057693 grad_norm=0.382 action_cls=3.300389 action_acc=0.031
[train] epoch=2/8 step=74/100 loss=1.001531 grad_norm=0.287 action_cls=3.287303 action_acc=0.062
[train] epoch=2/8 step=75/100 loss=1.037391 grad_norm=0.409 action_cls=3.302672 action_acc=0.016
[train] epoch=2/8 step=76/100 loss=1.029854 grad_norm=0.405 action_cls=3.293955 action_acc=0.062
[train] epoch=2/8 step=77/100 loss=1.023254 grad_norm=0.511 action_cls=3.292070 action_acc=0.062
[train] epoch=2/8 step=78/100 loss=1.026980 grad_norm=0.483 action_cls=3.295701 action_acc=0.047
[train] epoch=2/8 step=79/100 loss=1.014136 grad_norm=0.516 action_cls=3.291374 action_acc=0.016
[train] epoch=2/8 step=80/100 loss=1.027119 grad_norm=0.397 action_cls=3.287036 action_acc=0.047
[train] epoch=2/8 step=81/100 loss=0.987485 grad_norm=0.318 action_cls=3.273634 action_acc=0.062
[train] epoch=2/8 step=82/100 loss=1.024407 grad_norm=0.428 action_cls=3.286639 action_acc=0.016
[train] epoch=2/8 step=83/100 loss=1.078456 grad_norm=0.317 action_cls=3.294224 action_acc=0.078
[train] epoch=2/8 step=84/100 loss=1.048014 grad_norm=0.393 action_cls=3.287948 action_acc=0.047
[train] epoch=2/8 step=85/100 loss=1.030231 grad_norm=0.267 action_cls=3.305063 action_acc=0.016
[train] epoch=2/8 step=86/100 loss=0.992702 grad_norm=0.464 action_cls=3.295105 action_acc=0.031
[train] epoch=2/8 step=87/100 loss=1.040059 grad_norm=0.449 action_cls=3.293437 action_acc=0.000
[train] epoch=2/8 step=88/100 loss=1.038113 grad_norm=0.445 action_cls=3.296066 action_acc=0.047
[train] epoch=2/8 step=89/100 loss=1.040813 grad_norm=0.298 action_cls=3.280224 action_acc=0.094
[train] epoch=2/8 step=90/100 loss=0.981925 grad_norm=0.383 action_cls=3.295712 action_acc=0.016
[train] epoch=2/8 step=91/100 loss=0.999488 grad_norm=0.362 action_cls=3.306772 action_acc=0.047
[train] epoch=2/8 step=92/100 loss=1.062461 grad_norm=0.285 action_cls=3.287180 action_acc=0.078
[train] epoch=2/8 step=93/100 loss=1.022048 grad_norm=0.291 action_cls=3.307575 action_acc=0.047
[train] epoch=2/8 step=94/100 loss=1.023790 grad_norm=0.475 action_cls=3.300952 action_acc=0.047
[train] epoch=2/8 step=95/100 loss=1.038816 grad_norm=0.386 action_cls=3.288017 action_acc=0.062
[train] epoch=2/8 step=96/100 loss=1.030741 grad_norm=0.434 action_cls=3.299833 action_acc=0.016
[train] epoch=2/8 step=97/100 loss=1.032057 grad_norm=0.411 action_cls=3.281117 action_acc=0.047
[train] epoch=2/8 step=98/100 loss=1.049837 grad_norm=0.480 action_cls=3.316756 action_acc=0.031
[train] epoch=2/8 step=99/100 loss=1.024130 grad_norm=0.317 action_cls=3.287481 action_acc=0.078
[train] epoch=2/8 step=100/100 loss=1.031502 grad_norm=0.333 action_cls=3.302608 action_acc=0.016
[epoch_summary] epoch=2/8 time_epoch=57.8s elapsed=123.2s eta=369.6s lambda_batch_div=0.000 lambda_inter_div=0.250 lambda_intra_div=0.000 selection_mode=diversity_first selection_score=0.520682 train_loss=1.028808 val_loss=0.934297 val_nmpjpe=0.209114 train_pose=0.027304 train_rel=0.052649 train_dist=0.205921 train_dir=0.069523 train_var=0.021282 train_batch_div=0.163899 train_inter_div=0.162494 train_intra_div=0.206071 val_pose=0.021857 val_rel=0.041660 val_dist=0.172924 val_dir=0.056544 val_var=0.028147 val_batch_div=0.409090 val_inter_div=0.007668 val_intra_div=0.409178 train_std=0.110048/0.165470 train_std_ratio=0.668729 val_std=0.034428/0.086730 val_std_ratio=0.469050 train_pair_dist=0.913323/1.540295 train_pair_ratio=0.594968 val_pair_dist=0.269845/0.881006 val_pair_ratio=0.360020 train_inter_pair=0.913339/1.560376 train_inter_ratio=0.587310 val_inter_pair=0.006752/0.033503 val_inter_ratio=0.004513 train_intra_pair=0.912867/1.012832 train_intra_ratio=0.915485 val_intra_pair=0.269307/0.875789 val_intra_ratio=0.361242 train_action_cls=3.295559 train_action_acc=0.040 val_action_cls=3.301130 val_action_acc=0.033 grad_norm_mean=0.399 nan_loss=False nan_grad=False actions_covered=27 envs_covered=2
[ckpt] saved_last path=C:\Users\LuvRene\OneDrive\PythonProjects\Positioning\pose_estimationV2\checkpoints\ablation_meanrms_interdiv_divsel_actionaux_last.pth epoch=2
[ckpt] saved path=C:\Users\LuvRene\OneDrive\PythonProjects\Positioning\pose_estimationV2\checkpoints\ablation_meanrms_interdiv_divsel_actionaux.pth epoch=2 best_selection_score=0.520682 val_nmpjpe=0.209114
[epoch_start] epoch=3/8 train_size=160380 val_size=80190 test_size=80190 lr=3.000e-04 lambda_batch_div=0.000 lambda_inter_div=0.250 lambda_intra_div=0.000
[train] epoch=3/8 step=1/100 loss=1.061460 grad_norm=0.450 action_cls=3.285156 action_acc=0.094
[train] epoch=3/8 step=2/100 loss=1.055725 grad_norm=0.448 action_cls=3.291581 action_acc=0.062
[train] epoch=3/8 step=3/100 loss=1.021777 grad_norm=0.451 action_cls=3.291546 action_acc=0.062
[train] epoch=3/8 step=4/100 loss=1.038273 grad_norm=0.436 action_cls=3.295259 action_acc=0.000
[train] epoch=3/8 step=5/100 loss=1.001590 grad_norm=0.536 action_cls=3.307824 action_acc=0.016
[train] epoch=3/8 step=6/100 loss=1.053746 grad_norm=0.659 action_cls=3.293196 action_acc=0.016
[train] epoch=3/8 step=7/100 loss=1.028595 grad_norm=0.391 action_cls=3.281671 action_acc=0.016
[train] epoch=3/8 step=8/100 loss=1.016204 grad_norm=0.311 action_cls=3.305344 action_acc=0.078
[train] epoch=3/8 step=9/100 loss=1.012771 grad_norm=0.311 action_cls=3.289481 action_acc=0.016
[train] epoch=3/8 step=10/100 loss=1.008492 grad_norm=0.350 action_cls=3.294362 action_acc=0.031
[train] epoch=3/8 step=11/100 loss=1.054770 grad_norm=0.560 action_cls=3.285221 action_acc=0.062
[train] epoch=3/8 step=12/100 loss=1.013957 grad_norm=0.561 action_cls=3.281632 action_acc=0.047
[train] epoch=3/8 step=13/100 loss=1.007830 grad_norm=0.402 action_cls=3.287853 action_acc=0.031
[train] epoch=3/8 step=14/100 loss=1.055212 grad_norm=0.388 action_cls=3.299374 action_acc=0.016
[train] epoch=3/8 step=15/100 loss=1.017840 grad_norm=0.333 action_cls=3.302848 action_acc=0.031
[train] epoch=3/8 step=16/100 loss=1.013481 grad_norm=0.316 action_cls=3.286143 action_acc=0.031
[train] epoch=3/8 step=17/100 loss=1.012192 grad_norm=0.354 action_cls=3.306785 action_acc=0.016
[train] epoch=3/8 step=18/100 loss=1.044995 grad_norm=0.320 action_cls=3.319749 action_acc=0.016
[train] epoch=3/8 step=19/100 loss=1.002601 grad_norm=0.305 action_cls=3.302625 action_acc=0.016
[train] epoch=3/8 step=20/100 loss=1.028799 grad_norm=0.716 action_cls=3.295511 action_acc=0.047
[train] epoch=3/8 step=21/100 loss=1.022756 grad_norm=0.524 action_cls=3.288256 action_acc=0.000
[train] epoch=3/8 step=22/100 loss=1.030486 grad_norm=0.299 action_cls=3.296803 action_acc=0.062
[train] epoch=3/8 step=23/100 loss=1.008501 grad_norm=0.343 action_cls=3.285024 action_acc=0.109
[train] epoch=3/8 step=24/100 loss=0.976473 grad_norm=0.427 action_cls=3.305465 action_acc=0.016
[train] epoch=3/8 step=25/100 loss=1.045916 grad_norm=0.335 action_cls=3.291416 action_acc=0.047
[train] epoch=3/8 step=26/100 loss=1.021524 grad_norm=0.297 action_cls=3.296951 action_acc=0.062
[train] epoch=3/8 step=27/100 loss=1.012662 grad_norm=0.417 action_cls=3.295663 action_acc=0.031
[train] epoch=3/8 step=28/100 loss=1.002604 grad_norm=0.443 action_cls=3.296958 action_acc=0.031
[train] epoch=3/8 step=29/100 loss=1.037024 grad_norm=0.587 action_cls=3.300757 action_acc=0.031
[train] epoch=3/8 step=30/100 loss=1.011872 grad_norm=0.397 action_cls=3.294680 action_acc=0.047
[train] epoch=3/8 step=31/100 loss=1.023654 grad_norm=0.385 action_cls=3.289525 action_acc=0.031
[train] epoch=3/8 step=32/100 loss=1.040136 grad_norm=0.406 action_cls=3.295105 action_acc=0.062
[train] epoch=3/8 step=33/100 loss=1.054304 grad_norm=0.409 action_cls=3.288257 action_acc=0.078
[train] epoch=3/8 step=34/100 loss=1.006498 grad_norm=0.273 action_cls=3.288570 action_acc=0.078
[train] epoch=3/8 step=35/100 loss=1.026442 grad_norm=0.400 action_cls=3.293276 action_acc=0.000
[train] epoch=3/8 step=36/100 loss=1.014866 grad_norm=0.326 action_cls=3.298466 action_acc=0.031
[train] epoch=3/8 step=37/100 loss=1.017397 grad_norm=0.358 action_cls=3.283329 action_acc=0.094
[train] epoch=3/8 step=38/100 loss=0.998710 grad_norm=0.515 action_cls=3.295114 action_acc=0.047
[train] epoch=3/8 step=39/100 loss=1.036305 grad_norm=0.323 action_cls=3.306595 action_acc=0.047
[train] epoch=3/8 step=40/100 loss=1.019218 grad_norm=0.530 action_cls=3.315504 action_acc=0.016
[train] epoch=3/8 step=41/100 loss=1.033269 grad_norm=0.341 action_cls=3.281679 action_acc=0.047
[train] epoch=3/8 step=42/100 loss=1.032605 grad_norm=0.339 action_cls=3.284850 action_acc=0.031
[train] epoch=3/8 step=43/100 loss=1.011458 grad_norm=0.285 action_cls=3.299732 action_acc=0.078
[train] epoch=3/8 step=44/100 loss=1.040831 grad_norm=0.393 action_cls=3.294013 action_acc=0.062
[train] epoch=3/8 step=45/100 loss=1.020716 grad_norm=0.353 action_cls=3.281786 action_acc=0.031
[train] epoch=3/8 step=46/100 loss=1.024966 grad_norm=0.375 action_cls=3.295827 action_acc=0.047
[train] epoch=3/8 step=47/100 loss=1.000661 grad_norm=0.418 action_cls=3.295846 action_acc=0.047
[train] epoch=3/8 step=48/100 loss=1.006972 grad_norm=0.304 action_cls=3.293509 action_acc=0.031
[train] epoch=3/8 step=49/100 loss=1.014037 grad_norm=0.364 action_cls=3.286844 action_acc=0.078
[train] epoch=3/8 step=50/100 loss=1.000128 grad_norm=0.332 action_cls=3.287317 action_acc=0.031
[train] epoch=3/8 step=51/100 loss=1.020918 grad_norm=0.422 action_cls=3.282671 action_acc=0.047
[train] epoch=3/8 step=52/100 loss=1.032156 grad_norm=0.415 action_cls=3.299695 action_acc=0.062
[train] epoch=3/8 step=53/100 loss=0.972059 grad_norm=0.463 action_cls=3.299535 action_acc=0.047
[train] epoch=3/8 step=54/100 loss=1.047096 grad_norm=0.312 action_cls=3.282324 action_acc=0.062
[train] epoch=3/8 step=55/100 loss=1.029494 grad_norm=0.348 action_cls=3.297504 action_acc=0.031
[train] epoch=3/8 step=56/100 loss=0.989584 grad_norm=0.367 action_cls=3.293380 action_acc=0.062
[train] epoch=3/8 step=57/100 loss=1.041392 grad_norm=0.393 action_cls=3.286408 action_acc=0.031
[train] epoch=3/8 step=58/100 loss=1.004470 grad_norm=0.291 action_cls=3.302182 action_acc=0.016
[train] epoch=3/8 step=59/100 loss=1.003593 grad_norm=0.309 action_cls=3.282146 action_acc=0.094
[train] epoch=3/8 step=60/100 loss=0.992420 grad_norm=0.413 action_cls=3.291976 action_acc=0.031
[train] epoch=3/8 step=61/100 loss=1.041124 grad_norm=0.391 action_cls=3.288010 action_acc=0.047
[train] epoch=3/8 step=62/100 loss=1.022274 grad_norm=0.562 action_cls=3.292987 action_acc=0.031
[train] epoch=3/8 step=63/100 loss=1.007368 grad_norm=0.311 action_cls=3.303639 action_acc=0.062
[train] epoch=3/8 step=64/100 loss=1.024857 grad_norm=0.386 action_cls=3.300456 action_acc=0.016
[train] epoch=3/8 step=65/100 loss=1.021732 grad_norm=0.378 action_cls=3.302616 action_acc=0.031
[train] epoch=3/8 step=66/100 loss=1.021419 grad_norm=0.358 action_cls=3.286817 action_acc=0.000
[train] epoch=3/8 step=67/100 loss=0.982423 grad_norm=0.501 action_cls=3.290682 action_acc=0.062
[train] epoch=3/8 step=68/100 loss=1.018797 grad_norm=0.425 action_cls=3.301365 action_acc=0.031
[train] epoch=3/8 step=69/100 loss=1.024405 grad_norm=0.408 action_cls=3.298335 action_acc=0.062
[train] epoch=3/8 step=70/100 loss=1.032265 grad_norm=0.410 action_cls=3.292545 action_acc=0.047
[train] epoch=3/8 step=71/100 loss=1.027232 grad_norm=0.621 action_cls=3.289709 action_acc=0.062
[train] epoch=3/8 step=72/100 loss=1.048220 grad_norm=0.604 action_cls=3.307860 action_acc=0.062
[train] epoch=3/8 step=73/100 loss=0.994793 grad_norm=0.365 action_cls=3.303572 action_acc=0.000
[train] epoch=3/8 step=74/100 loss=1.039940 grad_norm=0.498 action_cls=3.289641 action_acc=0.062
[train] epoch=3/8 step=75/100 loss=1.000632 grad_norm=0.498 action_cls=3.290771 action_acc=0.031
[train] epoch=3/8 step=76/100 loss=1.058523 grad_norm=0.421 action_cls=3.294322 action_acc=0.031
[train] epoch=3/8 step=77/100 loss=1.028409 grad_norm=0.425 action_cls=3.293297 action_acc=0.062
[train] epoch=3/8 step=78/100 loss=1.004175 grad_norm=0.339 action_cls=3.290859 action_acc=0.031
[train] epoch=3/8 step=79/100 loss=1.001383 grad_norm=0.441 action_cls=3.288942 action_acc=0.094
[train] epoch=3/8 step=80/100 loss=1.020154 grad_norm=0.570 action_cls=3.308527 action_acc=0.016
[train] epoch=3/8 step=81/100 loss=0.981684 grad_norm=0.278 action_cls=3.293040 action_acc=0.062
[train] epoch=3/8 step=82/100 loss=0.988874 grad_norm=0.470 action_cls=3.302739 action_acc=0.031
[train] epoch=3/8 step=83/100 loss=1.020472 grad_norm=0.348 action_cls=3.292504 action_acc=0.031
[train] epoch=3/8 step=84/100 loss=1.019520 grad_norm=0.555 action_cls=3.288192 action_acc=0.031
[train] epoch=3/8 step=85/100 loss=0.997752 grad_norm=0.409 action_cls=3.280797 action_acc=0.078
[train] epoch=3/8 step=86/100 loss=1.001940 grad_norm=0.277 action_cls=3.285860 action_acc=0.047
[train] epoch=3/8 step=87/100 loss=1.056371 grad_norm=0.326 action_cls=3.293753 action_acc=0.016
[train] epoch=3/8 step=88/100 loss=1.003616 grad_norm=0.382 action_cls=3.293189 action_acc=0.078
[train] epoch=3/8 step=89/100 loss=1.007484 grad_norm=0.337 action_cls=3.290794 action_acc=0.031
[train] epoch=3/8 step=90/100 loss=1.006174 grad_norm=0.322 action_cls=3.300694 action_acc=0.000
[train] epoch=3/8 step=91/100 loss=1.043369 grad_norm=0.433 action_cls=3.288027 action_acc=0.062
[train] epoch=3/8 step=92/100 loss=1.030081 grad_norm=0.273 action_cls=3.298614 action_acc=0.047
[train] epoch=3/8 step=93/100 loss=0.983074 grad_norm=0.522 action_cls=3.287829 action_acc=0.031
[train] epoch=3/8 step=94/100 loss=1.001733 grad_norm=0.484 action_cls=3.281048 action_acc=0.062
[train] epoch=3/8 step=95/100 loss=0.991370 grad_norm=0.340 action_cls=3.316059 action_acc=0.016
[train] epoch=3/8 step=96/100 loss=1.022639 grad_norm=0.356 action_cls=3.298190 action_acc=0.031
[train] epoch=3/8 step=97/100 loss=1.001042 grad_norm=0.465 action_cls=3.285661 action_acc=0.078
[train] epoch=3/8 step=98/100 loss=0.992811 grad_norm=0.349 action_cls=3.305389 action_acc=0.000
[train] epoch=3/8 step=99/100 loss=1.012156 grad_norm=0.353 action_cls=3.304658 action_acc=0.031
[train] epoch=3/8 step=100/100 loss=1.014075 grad_norm=0.376 action_cls=3.299515 action_acc=0.031
[epoch_summary] epoch=3/8 time_epoch=57.3s elapsed=180.5s eta=300.9s lambda_batch_div=0.000 lambda_inter_div=0.250 lambda_intra_div=0.000 selection_mode=diversity_first selection_score=0.889095 train_loss=1.018728 val_loss=0.931527 val_nmpjpe=0.236114 train_pose=0.028964 train_rel=0.051425 train_dist=0.198657 train_dir=0.067189 train_var=0.019458 train_batch_div=0.159341 train_inter_div=0.157382 train_intra_div=0.232904 val_pose=0.024638 val_rel=0.040552 val_dist=0.168140 val_dir=0.056400 val_var=0.021613 val_batch_div=0.437381 val_inter_div=0.006685 val_intra_div=0.438376 train_std=0.118622/0.167500 train_std_ratio=0.712149 val_std=0.061513/0.086730 val_std_ratio=0.841809 train_pair_dist=0.983678/1.552943 train_pair_ratio=0.635617 val_pair_dist=0.446701/0.881006 val_pair_ratio=0.598090 train_inter_pair=0.983874/1.573509 train_inter_ratio=0.627478 val_inter_pair=0.010920/0.033503 val_inter_ratio=0.007290 train_intra_pair=0.978366/1.019900 train_intra_ratio=0.970011 val_intra_pair=0.445781/0.875789 val_intra_ratio=0.599957 train_action_cls=3.294296 train_action_acc=0.042 val_action_cls=3.302009 val_action_acc=0.030 grad_norm_mean=0.404 nan_loss=False nan_grad=False actions_covered=27 envs_covered=2
[ckpt] saved_last path=C:\Users\LuvRene\OneDrive\PythonProjects\Positioning\pose_estimationV2\checkpoints\ablation_meanrms_interdiv_divsel_actionaux_last.pth epoch=3
[ckpt] saved path=C:\Users\LuvRene\OneDrive\PythonProjects\Positioning\pose_estimationV2\checkpoints\ablation_meanrms_interdiv_divsel_actionaux.pth epoch=3 best_selection_score=0.889095 val_nmpjpe=0.236114
[epoch_start] epoch=4/8 train_size=160380 val_size=80190 test_size=80190 lr=3.000e-04 lambda_batch_div=0.000 lambda_inter_div=0.250 lambda_intra_div=0.000
[train] epoch=4/8 step=1/100 loss=0.983967 grad_norm=0.284 action_cls=3.280194 action_acc=0.016
[train] epoch=4/8 step=2/100 loss=1.038631 grad_norm=0.370 action_cls=3.293567 action_acc=0.016
[train] epoch=4/8 step=3/100 loss=1.008816 grad_norm=0.462 action_cls=3.284835 action_acc=0.031
[train] epoch=4/8 step=4/100 loss=1.008377 grad_norm=0.266 action_cls=3.290905 action_acc=0.031
[train] epoch=4/8 step=5/100 loss=1.004015 grad_norm=0.361 action_cls=3.290091 action_acc=0.062
[train] epoch=4/8 step=6/100 loss=0.992626 grad_norm=0.378 action_cls=3.289028 action_acc=0.031
[train] epoch=4/8 step=7/100 loss=1.022372 grad_norm=0.356 action_cls=3.292676 action_acc=0.094
[train] epoch=4/8 step=8/100 loss=1.013724 grad_norm=0.381 action_cls=3.268136 action_acc=0.047
[train] epoch=4/8 step=9/100 loss=1.012734 grad_norm=0.494 action_cls=3.308231 action_acc=0.031
[train] epoch=4/8 step=10/100 loss=1.030670 grad_norm=0.232 action_cls=3.297438 action_acc=0.078
[train] epoch=4/8 step=11/100 loss=1.016559 grad_norm=0.377 action_cls=3.282963 action_acc=0.078
[train] epoch=4/8 step=12/100 loss=0.998457 grad_norm=0.413 action_cls=3.298386 action_acc=0.062
[train] epoch=4/8 step=13/100 loss=0.997457 grad_norm=0.323 action_cls=3.262363 action_acc=0.031
[train] epoch=4/8 step=14/100 loss=1.007550 grad_norm=0.371 action_cls=3.301178 action_acc=0.031
[train] epoch=4/8 step=15/100 loss=1.028165 grad_norm=0.277 action_cls=3.295101 action_acc=0.047
[train] epoch=4/8 step=16/100 loss=0.994069 grad_norm=0.230 action_cls=3.282465 action_acc=0.031
[train] epoch=4/8 step=17/100 loss=1.000764 grad_norm=0.552 action_cls=3.305206 action_acc=0.031
[train] epoch=4/8 step=18/100 loss=0.986842 grad_norm=0.702 action_cls=3.288118 action_acc=0.031
[train] epoch=4/8 step=19/100 loss=1.051702 grad_norm=0.430 action_cls=3.295001 action_acc=0.047
[train] epoch=4/8 step=20/100 loss=0.996449 grad_norm=0.314 action_cls=3.315749 action_acc=0.000
[train] epoch=4/8 step=21/100 loss=1.001445 grad_norm=0.391 action_cls=3.295578 action_acc=0.031
[train] epoch=4/8 step=22/100 loss=1.032650 grad_norm=0.501 action_cls=3.280216 action_acc=0.047
[train] epoch=4/8 step=23/100 loss=1.062740 grad_norm=0.377 action_cls=3.277005 action_acc=0.031
[train] epoch=4/8 step=24/100 loss=1.005465 grad_norm=0.385 action_cls=3.297415 action_acc=0.016
[train] epoch=4/8 step=25/100 loss=0.985251 grad_norm=0.432 action_cls=3.288212 action_acc=0.062
[train] epoch=4/8 step=26/100 loss=0.996369 grad_norm=0.412 action_cls=3.287057 action_acc=0.047
[train] epoch=4/8 step=27/100 loss=1.015855 grad_norm=0.272 action_cls=3.285643 action_acc=0.031
[train] epoch=4/8 step=28/100 loss=0.988629 grad_norm=0.401 action_cls=3.296011 action_acc=0.078
[train] epoch=4/8 step=29/100 loss=0.989203 grad_norm=0.502 action_cls=3.285388 action_acc=0.062
[train] epoch=4/8 step=30/100 loss=1.026531 grad_norm=0.448 action_cls=3.302857 action_acc=0.031
[train] epoch=4/8 step=31/100 loss=1.027146 grad_norm=0.285 action_cls=3.286155 action_acc=0.062
[train] epoch=4/8 step=32/100 loss=1.006273 grad_norm=0.345 action_cls=3.281112 action_acc=0.062
[train] epoch=4/8 step=33/100 loss=1.030707 grad_norm=0.424 action_cls=3.269769 action_acc=0.016
[train] epoch=4/8 step=34/100 loss=0.997090 grad_norm=0.329 action_cls=3.276195 action_acc=0.062
[train] epoch=4/8 step=35/100 loss=0.976363 grad_norm=0.455 action_cls=3.274930 action_acc=0.047
[train] epoch=4/8 step=36/100 loss=1.020883 grad_norm=0.444 action_cls=3.271235 action_acc=0.047
[train] epoch=4/8 step=37/100 loss=1.017922 grad_norm=0.436 action_cls=3.292176 action_acc=0.016
[train] epoch=4/8 step=38/100 loss=0.998235 grad_norm=0.490 action_cls=3.287241 action_acc=0.062
[train] epoch=4/8 step=39/100 loss=1.000305 grad_norm=0.619 action_cls=3.300494 action_acc=0.031
[train] epoch=4/8 step=40/100 loss=1.047748 grad_norm=0.331 action_cls=3.280233 action_acc=0.031
[train] epoch=4/8 step=41/100 loss=1.046198 grad_norm=0.410 action_cls=3.285018 action_acc=0.016
[train] epoch=4/8 step=42/100 loss=1.004295 grad_norm=0.594 action_cls=3.292657 action_acc=0.047
[train] epoch=4/8 step=43/100 loss=1.018861 grad_norm=0.571 action_cls=3.296464 action_acc=0.062
[train] epoch=4/8 step=44/100 loss=1.021582 grad_norm=0.312 action_cls=3.312560 action_acc=0.016
[train] epoch=4/8 step=45/100 loss=0.996512 grad_norm=0.385 action_cls=3.305279 action_acc=0.016
[train] epoch=4/8 step=46/100 loss=0.971647 grad_norm=0.557 action_cls=3.281663 action_acc=0.078
[train] epoch=4/8 step=47/100 loss=1.012643 grad_norm=0.347 action_cls=3.300516 action_acc=0.031
[train] epoch=4/8 step=48/100 loss=1.014730 grad_norm=0.368 action_cls=3.297220 action_acc=0.031
[train] epoch=4/8 step=49/100 loss=1.021490 grad_norm=0.312 action_cls=3.305243 action_acc=0.047
[train] epoch=4/8 step=50/100 loss=1.012188 grad_norm=0.290 action_cls=3.276934 action_acc=0.047
[train] epoch=4/8 step=51/100 loss=0.967320 grad_norm=0.383 action_cls=3.267774 action_acc=0.062
[train] epoch=4/8 step=52/100 loss=1.013287 grad_norm=0.317 action_cls=3.288040 action_acc=0.062
[train] epoch=4/8 step=53/100 loss=1.024454 grad_norm=0.310 action_cls=3.298687 action_acc=0.062
[train] epoch=4/8 step=54/100 loss=1.002891 grad_norm=0.414 action_cls=3.307659 action_acc=0.062
[train] epoch=4/8 step=55/100 loss=0.974348 grad_norm=0.409 action_cls=3.279767 action_acc=0.047
[train] epoch=4/8 step=56/100 loss=0.993636 grad_norm=0.338 action_cls=3.276356 action_acc=0.047
[train] epoch=4/8 step=57/100 loss=0.993192 grad_norm=0.275 action_cls=3.306248 action_acc=0.000
[train] epoch=4/8 step=58/100 loss=1.005624 grad_norm=0.276 action_cls=3.299820 action_acc=0.016
[train] epoch=4/8 step=59/100 loss=1.015055 grad_norm=0.326 action_cls=3.271546 action_acc=0.047
[train] epoch=4/8 step=60/100 loss=1.004873 grad_norm=0.427 action_cls=3.295081 action_acc=0.031
[train] epoch=4/8 step=61/100 loss=1.000781 grad_norm=0.293 action_cls=3.301235 action_acc=0.031
[train] epoch=4/8 step=62/100 loss=1.050871 grad_norm=0.428 action_cls=3.284623 action_acc=0.031
[train] epoch=4/8 step=63/100 loss=0.991967 grad_norm=0.513 action_cls=3.295474 action_acc=0.031
[train] epoch=4/8 step=64/100 loss=1.025162 grad_norm=0.391 action_cls=3.292457 action_acc=0.078
[train] epoch=4/8 step=65/100 loss=0.994997 grad_norm=0.367 action_cls=3.278922 action_acc=0.078
[train] epoch=4/8 step=66/100 loss=0.982480 grad_norm=0.495 action_cls=3.305369 action_acc=0.047
[train] epoch=4/8 step=67/100 loss=0.979583 grad_norm=0.409 action_cls=3.288824 action_acc=0.047
[train] epoch=4/8 step=68/100 loss=1.013813 grad_norm=0.457 action_cls=3.296689 action_acc=0.031
[train] epoch=4/8 step=69/100 loss=1.027526 grad_norm=0.523 action_cls=3.294761 action_acc=0.031
[train] epoch=4/8 step=70/100 loss=0.992628 grad_norm=0.326 action_cls=3.290488 action_acc=0.000
[train] epoch=4/8 step=71/100 loss=0.985527 grad_norm=0.316 action_cls=3.300550 action_acc=0.000
[train] epoch=4/8 step=72/100 loss=0.986389 grad_norm=0.324 action_cls=3.295109 action_acc=0.031
[train] epoch=4/8 step=73/100 loss=1.029297 grad_norm=0.519 action_cls=3.293480 action_acc=0.016
[train] epoch=4/8 step=74/100 loss=1.025669 grad_norm=0.512 action_cls=3.298442 action_acc=0.016
[train] epoch=4/8 step=75/100 loss=0.989685 grad_norm=0.367 action_cls=3.317149 action_acc=0.031
[train] epoch=4/8 step=76/100 loss=1.027228 grad_norm=0.447 action_cls=3.281661 action_acc=0.062
[train] epoch=4/8 step=77/100 loss=1.028308 grad_norm=0.478 action_cls=3.294552 action_acc=0.016
[train] epoch=4/8 step=78/100 loss=1.003003 grad_norm=0.508 action_cls=3.305907 action_acc=0.031
[train] epoch=4/8 step=79/100 loss=0.976808 grad_norm=0.568 action_cls=3.307307 action_acc=0.016
[train] epoch=4/8 step=80/100 loss=0.981793 grad_norm=0.432 action_cls=3.291951 action_acc=0.047
[train] epoch=4/8 step=81/100 loss=1.005671 grad_norm=0.372 action_cls=3.279154 action_acc=0.078
[train] epoch=4/8 step=82/100 loss=0.998685 grad_norm=0.561 action_cls=3.304368 action_acc=0.031
[train] epoch=4/8 step=83/100 loss=1.006885 grad_norm=0.535 action_cls=3.286395 action_acc=0.062
[train] epoch=4/8 step=84/100 loss=1.006670 grad_norm=0.329 action_cls=3.278276 action_acc=0.016
[train] epoch=4/8 step=85/100 loss=0.989975 grad_norm=0.325 action_cls=3.284483 action_acc=0.031
[train] epoch=4/8 step=86/100 loss=1.063557 grad_norm=0.501 action_cls=3.309983 action_acc=0.031
[train] epoch=4/8 step=87/100 loss=0.998629 grad_norm=0.272 action_cls=3.286943 action_acc=0.031
[train] epoch=4/8 step=88/100 loss=0.978763 grad_norm=0.268 action_cls=3.266884 action_acc=0.047
[train] epoch=4/8 step=89/100 loss=1.013062 grad_norm=0.259 action_cls=3.295683 action_acc=0.078
[train] epoch=4/8 step=90/100 loss=1.021236 grad_norm=0.433 action_cls=3.292903 action_acc=0.094
[train] epoch=4/8 step=91/100 loss=1.009941 grad_norm=0.258 action_cls=3.297335 action_acc=0.047
[train] epoch=4/8 step=92/100 loss=1.000549 grad_norm=0.382 action_cls=3.300088 action_acc=0.016
[train] epoch=4/8 step=93/100 loss=0.976755 grad_norm=0.449 action_cls=3.304893 action_acc=0.016
[train] epoch=4/8 step=94/100 loss=1.008078 grad_norm=0.585 action_cls=3.306982 action_acc=0.000
[train] epoch=4/8 step=95/100 loss=0.975501 grad_norm=0.327 action_cls=3.279317 action_acc=0.062
[train] epoch=4/8 step=96/100 loss=1.008949 grad_norm=0.443 action_cls=3.294974 action_acc=0.000
[train] epoch=4/8 step=97/100 loss=1.002639 grad_norm=0.346 action_cls=3.279206 action_acc=0.078
[train] epoch=4/8 step=98/100 loss=0.968247 grad_norm=0.306 action_cls=3.288282 action_acc=0.047
[train] epoch=4/8 step=99/100 loss=0.997910 grad_norm=0.373 action_cls=3.272490 action_acc=0.016
[train] epoch=4/8 step=100/100 loss=1.004247 grad_norm=0.323 action_cls=3.318994 action_acc=0.047
[epoch_summary] epoch=4/8 time_epoch=56.5s elapsed=237.0s eta=237.0s lambda_batch_div=0.000 lambda_inter_div=0.250 lambda_intra_div=0.000 selection_mode=diversity_first selection_score=0.885862 train_loss=1.006651 val_loss=0.929169 val_nmpjpe=0.238625 train_pose=0.029281 train_rel=0.048829 train_dist=0.190761 train_dir=0.064538 train_var=0.020636 train_batch_div=0.159693 train_inter_div=0.157636 train_intra_div=0.243692 val_pose=0.025274 val_rel=0.040477 val_dist=0.164525 val_dir=0.056487 val_var=0.022818 val_batch_div=0.445932 val_inter_div=0.006740 val_intra_div=0.447029 train_std=0.121726/0.166136 train_std_ratio=0.736531 val_std=0.060579/0.086730 val_std_ratio=0.831203 train_pair_dist=1.010960/1.540222 train_pair_ratio=0.658469 val_pair_dist=0.446044/0.881006 val_pair_ratio=0.598612 train_inter_pair=1.011080/1.560150 train_inter_ratio=0.650129 val_inter_pair=0.010996/0.033503 val_inter_ratio=0.007346 train_intra_pair=1.007103/1.022686 train_intra_ratio=1.001673 val_intra_pair=0.445139/0.875789 val_intra_ratio=0.600537 train_action_cls=3.291237 train_action_acc=0.040 val_action_cls=3.304800 val_action_acc=0.033 grad_norm_mean=0.398 nan_loss=False nan_grad=False actions_covered=27 envs_covered=2
[ckpt] saved_last path=C:\Users\LuvRene\OneDrive\PythonProjects\Positioning\pose_estimationV2\checkpoints\ablation_meanrms_interdiv_divsel_actionaux_last.pth epoch=4
[ckpt] no_improve best_epoch=3 best_selection_score=0.889095 best_val_nmpjpe=0.236114
[epoch_start] epoch=5/8 train_size=160380 val_size=80190 test_size=80190 lr=3.000e-04 lambda_batch_div=0.000 lambda_inter_div=0.250 lambda_intra_div=0.000
[train] epoch=5/8 step=1/100 loss=0.963100 grad_norm=0.360 action_cls=3.283629 action_acc=0.094
[train] epoch=5/8 step=2/100 loss=0.981140 grad_norm=0.291 action_cls=3.295886 action_acc=0.047
[train] epoch=5/8 step=3/100 loss=1.011832 grad_norm=0.238 action_cls=3.290776 action_acc=0.016
[train] epoch=5/8 step=4/100 loss=1.003132 grad_norm=0.298 action_cls=3.297606 action_acc=0.016
[train] epoch=5/8 step=5/100 loss=0.987067 grad_norm=0.260 action_cls=3.301565 action_acc=0.000
[train] epoch=5/8 step=6/100 loss=1.028598 grad_norm=0.423 action_cls=3.300190 action_acc=0.016
[train] epoch=5/8 step=7/100 loss=1.020223 grad_norm=0.365 action_cls=3.291636 action_acc=0.062
[train] epoch=5/8 step=8/100 loss=1.007579 grad_norm=0.272 action_cls=3.288713 action_acc=0.000
[train] epoch=5/8 step=9/100 loss=0.994616 grad_norm=0.448 action_cls=3.283983 action_acc=0.047
[train] epoch=5/8 step=10/100 loss=0.978368 grad_norm=0.238 action_cls=3.296704 action_acc=0.047
[train] epoch=5/8 step=11/100 loss=0.977369 grad_norm=0.300 action_cls=3.288383 action_acc=0.000
[train] epoch=5/8 step=12/100 loss=1.008977 grad_norm=0.311 action_cls=3.287299 action_acc=0.062
[train] epoch=5/8 step=13/100 loss=0.982493 grad_norm=0.297 action_cls=3.291603 action_acc=0.062
[train] epoch=5/8 step=14/100 loss=1.003017 grad_norm=0.310 action_cls=3.280113 action_acc=0.047
[train] epoch=5/8 step=15/100 loss=0.988217 grad_norm=0.451 action_cls=3.303472 action_acc=0.031
[train] epoch=5/8 step=16/100 loss=1.082346 grad_norm=0.374 action_cls=3.277587 action_acc=0.031
[train] epoch=5/8 step=17/100 loss=1.032819 grad_norm=0.290 action_cls=3.274458 action_acc=0.062
[train] epoch=5/8 step=18/100 loss=0.997773 grad_norm=0.275 action_cls=3.277386 action_acc=0.031
[train] epoch=5/8 step=19/100 loss=1.017868 grad_norm=0.325 action_cls=3.291399 action_acc=0.062
[train] epoch=5/8 step=20/100 loss=0.983887 grad_norm=0.339 action_cls=3.288476 action_acc=0.047
[train] epoch=5/8 step=21/100 loss=1.008476 grad_norm=0.451 action_cls=3.295033 action_acc=0.031
[train] epoch=5/8 step=22/100 loss=1.008477 grad_norm=0.260 action_cls=3.296343 action_acc=0.016
[train] epoch=5/8 step=23/100 loss=1.014009 grad_norm=0.497 action_cls=3.282527 action_acc=0.031
[train] epoch=5/8 step=24/100 loss=0.993603 grad_norm=0.339 action_cls=3.286379 action_acc=0.047
[train] epoch=5/8 step=25/100 loss=0.984272 grad_norm=0.524 action_cls=3.275087 action_acc=0.109
[train] epoch=5/8 step=26/100 loss=0.982531 grad_norm=0.400 action_cls=3.290726 action_acc=0.047
[train] epoch=5/8 step=27/100 loss=1.005613 grad_norm=0.525 action_cls=3.294888 action_acc=0.016
[train] epoch=5/8 step=28/100 loss=1.008318 grad_norm=0.560 action_cls=3.290065 action_acc=0.031
[train] epoch=5/8 step=29/100 loss=1.032418 grad_norm=0.428 action_cls=3.286906 action_acc=0.047
[train] epoch=5/8 step=30/100 loss=1.006875 grad_norm=0.231 action_cls=3.292233 action_acc=0.047
[train] epoch=5/8 step=31/100 loss=1.012952 grad_norm=0.279 action_cls=3.300621 action_acc=0.016
[train] epoch=5/8 step=32/100 loss=1.014642 grad_norm=0.342 action_cls=3.308880 action_acc=0.000
[train] epoch=5/8 step=33/100 loss=0.989769 grad_norm=0.435 action_cls=3.306678 action_acc=0.031
[train] epoch=5/8 step=34/100 loss=0.992671 grad_norm=0.352 action_cls=3.279359 action_acc=0.047
[train] epoch=5/8 step=35/100 loss=1.014952 grad_norm=0.283 action_cls=3.293119 action_acc=0.062
[train] epoch=5/8 step=36/100 loss=1.022711 grad_norm=0.256 action_cls=3.292191 action_acc=0.047
[train] epoch=5/8 step=37/100 loss=0.997100 grad_norm=0.320 action_cls=3.288556 action_acc=0.016
[train] epoch=5/8 step=38/100 loss=0.977464 grad_norm=0.294 action_cls=3.278969 action_acc=0.047
[train] epoch=5/8 step=39/100 loss=1.010226 grad_norm=0.288 action_cls=3.268979 action_acc=0.062
[train] epoch=5/8 step=40/100 loss=0.987801 grad_norm=0.334 action_cls=3.302175 action_acc=0.047
[train] epoch=5/8 step=41/100 loss=0.987293 grad_norm=0.252 action_cls=3.327041 action_acc=0.016
[train] epoch=5/8 step=42/100 loss=1.011601 grad_norm=0.371 action_cls=3.307805 action_acc=0.047
[train] epoch=5/8 step=43/100 loss=0.966502 grad_norm=0.249 action_cls=3.290585 action_acc=0.078
[train] epoch=5/8 step=44/100 loss=1.019389 grad_norm=0.344 action_cls=3.288451 action_acc=0.062
[train] epoch=5/8 step=45/100 loss=0.999848 grad_norm=0.449 action_cls=3.295542 action_acc=0.047
[train] epoch=5/8 step=46/100 loss=1.027668 grad_norm=0.346 action_cls=3.300887 action_acc=0.047
[train] epoch=5/8 step=47/100 loss=1.001699 grad_norm=0.296 action_cls=3.283087 action_acc=0.062
[train] epoch=5/8 step=48/100 loss=0.970280 grad_norm=0.286 action_cls=3.287376 action_acc=0.047
[train] epoch=5/8 step=49/100 loss=1.013012 grad_norm=0.335 action_cls=3.296584 action_acc=0.031
[train] epoch=5/8 step=50/100 loss=0.979039 grad_norm=0.312 action_cls=3.290390 action_acc=0.031
[train] epoch=5/8 step=51/100 loss=1.001215 grad_norm=0.289 action_cls=3.294225 action_acc=0.031
[train] epoch=5/8 step=52/100 loss=1.026787 grad_norm=0.215 action_cls=3.305161 action_acc=0.000
[train] epoch=5/8 step=53/100 loss=1.026322 grad_norm=0.289 action_cls=3.295781 action_acc=0.000
[train] epoch=5/8 step=54/100 loss=0.987222 grad_norm=0.315 action_cls=3.278404 action_acc=0.062
[train] epoch=5/8 step=55/100 loss=0.977082 grad_norm=0.499 action_cls=3.300070 action_acc=0.016
[train] epoch=5/8 step=56/100 loss=1.026145 grad_norm=0.277 action_cls=3.309613 action_acc=0.016
[train] epoch=5/8 step=57/100 loss=1.031300 grad_norm=0.331 action_cls=3.278655 action_acc=0.078
[train] epoch=5/8 step=58/100 loss=0.986792 grad_norm=0.254 action_cls=3.299012 action_acc=0.094
[train] epoch=5/8 step=59/100 loss=0.983240 grad_norm=0.258 action_cls=3.260733 action_acc=0.078
[train] epoch=5/8 step=60/100 loss=1.041985 grad_norm=0.518 action_cls=3.269304 action_acc=0.031
[train] epoch=5/8 step=61/100 loss=1.017888 grad_norm=0.362 action_cls=3.297098 action_acc=0.016
[train] epoch=5/8 step=62/100 loss=0.988105 grad_norm=0.334 action_cls=3.286305 action_acc=0.031
[train] epoch=5/8 step=63/100 loss=0.987529 grad_norm=0.423 action_cls=3.271931 action_acc=0.062
[train] epoch=5/8 step=64/100 loss=1.008050 grad_norm=0.264 action_cls=3.294001 action_acc=0.016
[train] epoch=5/8 step=65/100 loss=0.955676 grad_norm=0.399 action_cls=3.263882 action_acc=0.062
[train] epoch=5/8 step=66/100 loss=0.976903 grad_norm=0.301 action_cls=3.301488 action_acc=0.016
[train] epoch=5/8 step=67/100 loss=1.014763 grad_norm=0.304 action_cls=3.282564 action_acc=0.031
[train] epoch=5/8 step=68/100 loss=0.992155 grad_norm=0.272 action_cls=3.276294 action_acc=0.031
[train] epoch=5/8 step=69/100 loss=0.995304 grad_norm=0.448 action_cls=3.281746 action_acc=0.031
[train] epoch=5/8 step=70/100 loss=0.958315 grad_norm=0.430 action_cls=3.278405 action_acc=0.016
[train] epoch=5/8 step=71/100 loss=1.007043 grad_norm=0.339 action_cls=3.291873 action_acc=0.062
[train] epoch=5/8 step=72/100 loss=1.015159 grad_norm=0.254 action_cls=3.285302 action_acc=0.031
[train] epoch=5/8 step=73/100 loss=0.996910 grad_norm=0.413 action_cls=3.283240 action_acc=0.047
[train] epoch=5/8 step=74/100 loss=1.004679 grad_norm=0.270 action_cls=3.317661 action_acc=0.031
[train] epoch=5/8 step=75/100 loss=0.996248 grad_norm=0.228 action_cls=3.290355 action_acc=0.031
[train] epoch=5/8 step=76/100 loss=1.017333 grad_norm=0.470 action_cls=3.301633 action_acc=0.000
[train] epoch=5/8 step=77/100 loss=1.018316 grad_norm=0.326 action_cls=3.286742 action_acc=0.000
[train] epoch=5/8 step=78/100 loss=0.981125 grad_norm=0.232 action_cls=3.304529 action_acc=0.031
[train] epoch=5/8 step=79/100 loss=1.012999 grad_norm=0.334 action_cls=3.283164 action_acc=0.016
[train] epoch=5/8 step=80/100 loss=0.990081 grad_norm=0.416 action_cls=3.312242 action_acc=0.062
[train] epoch=5/8 step=81/100 loss=1.006046 grad_norm=0.317 action_cls=3.306040 action_acc=0.047
[train] epoch=5/8 step=82/100 loss=1.001564 grad_norm=0.282 action_cls=3.282333 action_acc=0.078
[train] epoch=5/8 step=83/100 loss=1.053630 grad_norm=0.441 action_cls=3.306274 action_acc=0.031
[train] epoch=5/8 step=84/100 loss=1.026654 grad_norm=0.283 action_cls=3.314214 action_acc=0.031
[train] epoch=5/8 step=85/100 loss=0.969860 grad_norm=0.391 action_cls=3.263228 action_acc=0.078
[train] epoch=5/8 step=86/100 loss=0.989256 grad_norm=0.237 action_cls=3.287982 action_acc=0.062
[train] epoch=5/8 step=87/100 loss=0.992676 grad_norm=0.257 action_cls=3.271709 action_acc=0.062
[train] epoch=5/8 step=88/100 loss=1.000737 grad_norm=0.285 action_cls=3.294233 action_acc=0.047
[train] epoch=5/8 step=89/100 loss=1.010828 grad_norm=0.291 action_cls=3.283449 action_acc=0.047
[train] epoch=5/8 step=90/100 loss=0.974466 grad_norm=0.237 action_cls=3.283679 action_acc=0.047
[train] epoch=5/8 step=91/100 loss=1.012439 grad_norm=0.329 action_cls=3.298626 action_acc=0.000
[train] epoch=5/8 step=92/100 loss=0.952609 grad_norm=0.337 action_cls=3.303199 action_acc=0.062
[train] epoch=5/8 step=93/100 loss=1.003096 grad_norm=0.324 action_cls=3.301165 action_acc=0.031
[train] epoch=5/8 step=94/100 loss=0.984385 grad_norm=0.350 action_cls=3.267253 action_acc=0.109
[train] epoch=5/8 step=95/100 loss=0.983936 grad_norm=0.512 action_cls=3.265954 action_acc=0.047
[train] epoch=5/8 step=96/100 loss=0.993354 grad_norm=0.254 action_cls=3.269787 action_acc=0.031
[train] epoch=5/8 step=97/100 loss=0.980313 grad_norm=0.370 action_cls=3.294036 action_acc=0.078
[train] epoch=5/8 step=98/100 loss=1.034066 grad_norm=0.844 action_cls=3.297026 action_acc=0.031
[train] epoch=5/8 step=99/100 loss=0.962257 grad_norm=0.313 action_cls=3.293517 action_acc=0.031
[train] epoch=5/8 step=100/100 loss=0.996673 grad_norm=0.271 action_cls=3.303210 action_acc=0.031
[epoch_summary] epoch=5/8 time_epoch=56.5s elapsed=293.6s eta=176.1s lambda_batch_div=0.000 lambda_inter_div=0.250 lambda_intra_div=0.000 selection_mode=diversity_first selection_score=0.927677 train_loss=1.000431 val_loss=0.933719 val_nmpjpe=0.242869 train_pose=0.029402 train_rel=0.047924 train_dist=0.186529 train_dir=0.062533 train_var=0.021024 train_batch_div=0.161820 train_inter_div=0.159729 train_intra_div=0.244724 val_pose=0.025590 val_rel=0.040790 val_dist=0.169136 val_dir=0.056325 val_var=0.021772 val_batch_div=0.439313 val_inter_div=0.006441 val_intra_div=0.440507 train_std=0.121132/0.164542 train_std_ratio=0.739491 val_std=0.063294/0.086730 val_std_ratio=0.866665 train_pair_dist=1.005324/1.541204 train_pair_ratio=0.654076 val_pair_dist=0.469329/0.881006 val_pair_ratio=0.628022 train_inter_pair=1.005431/1.561408 train_inter_ratio=0.645680 val_inter_pair=0.011793/0.033503 val_inter_ratio=0.007862 train_intra_pair=1.002378/1.015692 train_intra_ratio=0.998151 val_intra_pair=0.468315/0.875789 val_intra_ratio=0.630006 train_action_cls=3.290367 train_action_acc=0.041 val_action_cls=3.303319 val_action_acc=0.036 grad_norm_mean=0.341 nan_loss=False nan_grad=False actions_covered=27 envs_covered=2
[ckpt] saved_last path=C:\Users\LuvRene\OneDrive\PythonProjects\Positioning\pose_estimationV2\checkpoints\ablation_meanrms_interdiv_divsel_actionaux_last.pth epoch=5
[ckpt] saved path=C:\Users\LuvRene\OneDrive\PythonProjects\Positioning\pose_estimationV2\checkpoints\ablation_meanrms_interdiv_divsel_actionaux.pth epoch=5 best_selection_score=0.927677 val_nmpjpe=0.242869
[epoch_start] epoch=6/8 train_size=160380 val_size=80190 test_size=80190 lr=3.000e-04 lambda_batch_div=0.000 lambda_inter_div=0.250 lambda_intra_div=0.000
[train] epoch=6/8 step=1/100 loss=0.980951 grad_norm=0.554 action_cls=3.303861 action_acc=0.047
[train] epoch=6/8 step=2/100 loss=0.989621 grad_norm=0.401 action_cls=3.284306 action_acc=0.031
[train] epoch=6/8 step=3/100 loss=1.007982 grad_norm=0.370 action_cls=3.291831 action_acc=0.078
[train] epoch=6/8 step=4/100 loss=0.994084 grad_norm=0.260 action_cls=3.291594 action_acc=0.016
[train] epoch=6/8 step=5/100 loss=0.987370 grad_norm=0.472 action_cls=3.291280 action_acc=0.047
[train] epoch=6/8 step=6/100 loss=1.042688 grad_norm=0.445 action_cls=3.295837 action_acc=0.047
[train] epoch=6/8 step=7/100 loss=1.014549 grad_norm=0.417 action_cls=3.305939 action_acc=0.031
[train] epoch=6/8 step=8/100 loss=0.983989 grad_norm=0.236 action_cls=3.306720 action_acc=0.016
[train] epoch=6/8 step=9/100 loss=0.971855 grad_norm=0.450 action_cls=3.277015 action_acc=0.016
[train] epoch=6/8 step=10/100 loss=1.012560 grad_norm=0.392 action_cls=3.282147 action_acc=0.031
[train] epoch=6/8 step=11/100 loss=0.995504 grad_norm=0.295 action_cls=3.308096 action_acc=0.031
[train] epoch=6/8 step=12/100 loss=0.985065 grad_norm=0.306 action_cls=3.263003 action_acc=0.062
[train] epoch=6/8 step=13/100 loss=1.037035 grad_norm=0.310 action_cls=3.296992 action_acc=0.031
[train] epoch=6/8 step=14/100 loss=0.991028 grad_norm=0.442 action_cls=3.295575 action_acc=0.062
[train] epoch=6/8 step=15/100 loss=0.976934 grad_norm=0.215 action_cls=3.273940 action_acc=0.047
[train] epoch=6/8 step=16/100 loss=0.970454 grad_norm=0.229 action_cls=3.294762 action_acc=0.016
[train] epoch=6/8 step=17/100 loss=1.007809 grad_norm=0.360 action_cls=3.281643 action_acc=0.031
[train] epoch=6/8 step=18/100 loss=1.001931 grad_norm=0.249 action_cls=3.280189 action_acc=0.047
[train] epoch=6/8 step=19/100 loss=0.964203 grad_norm=0.306 action_cls=3.266475 action_acc=0.047
[train] epoch=6/8 step=20/100 loss=1.038986 grad_norm=0.256 action_cls=3.275956 action_acc=0.031
[train] epoch=6/8 step=21/100 loss=1.009816 grad_norm=0.286 action_cls=3.288940 action_acc=0.078
[train] epoch=6/8 step=22/100 loss=0.989820 grad_norm=0.285 action_cls=3.290706 action_acc=0.031
[train] epoch=6/8 step=23/100 loss=1.036672 grad_norm=0.236 action_cls=3.283030 action_acc=0.062
[train] epoch=6/8 step=24/100 loss=0.995298 grad_norm=0.278 action_cls=3.286254 action_acc=0.031
[train] epoch=6/8 step=25/100 loss=0.991998 grad_norm=0.342 action_cls=3.269887 action_acc=0.047
[train] epoch=6/8 step=26/100 loss=1.007952 grad_norm=0.290 action_cls=3.271849 action_acc=0.062
[train] epoch=6/8 step=27/100 loss=0.981619 grad_norm=0.281 action_cls=3.290862 action_acc=0.031
[train] epoch=6/8 step=28/100 loss=0.997070 grad_norm=0.261 action_cls=3.304027 action_acc=0.031
[train] epoch=6/8 step=29/100 loss=0.975203 grad_norm=0.262 action_cls=3.290968 action_acc=0.047
[train] epoch=6/8 step=30/100 loss=1.005506 grad_norm=0.288 action_cls=3.284899 action_acc=0.078
[train] epoch=6/8 step=31/100 loss=0.971894 grad_norm=0.309 action_cls=3.275539 action_acc=0.047
[train] epoch=6/8 step=32/100 loss=0.986130 grad_norm=0.235 action_cls=3.284641 action_acc=0.047
[train] epoch=6/8 step=33/100 loss=0.981338 grad_norm=0.423 action_cls=3.302074 action_acc=0.000
[train] epoch=6/8 step=34/100 loss=0.997817 grad_norm=0.324 action_cls=3.282135 action_acc=0.047
[train] epoch=6/8 step=35/100 loss=1.017715 grad_norm=0.313 action_cls=3.291834 action_acc=0.016
[train] epoch=6/8 step=36/100 loss=0.988991 grad_norm=0.287 action_cls=3.292649 action_acc=0.000
[train] epoch=6/8 step=37/100 loss=0.985799 grad_norm=0.241 action_cls=3.274679 action_acc=0.047
[train] epoch=6/8 step=38/100 loss=0.968033 grad_norm=0.323 action_cls=3.293148 action_acc=0.031
[train] epoch=6/8 step=39/100 loss=1.003907 grad_norm=0.284 action_cls=3.286180 action_acc=0.031
[train] epoch=6/8 step=40/100 loss=1.022668 grad_norm=0.300 action_cls=3.299251 action_acc=0.000
[train] epoch=6/8 step=41/100 loss=0.989893 grad_norm=0.269 action_cls=3.299897 action_acc=0.016
[train] epoch=6/8 step=42/100 loss=1.003798 grad_norm=0.277 action_cls=3.286223 action_acc=0.000
[train] epoch=6/8 step=43/100 loss=0.989642 grad_norm=0.278 action_cls=3.289384 action_acc=0.016
[train] epoch=6/8 step=44/100 loss=0.972265 grad_norm=0.293 action_cls=3.292489 action_acc=0.062
[train] epoch=6/8 step=45/100 loss=1.009466 grad_norm=0.344 action_cls=3.310178 action_acc=0.031
[train] epoch=6/8 step=46/100 loss=1.013205 grad_norm=0.252 action_cls=3.289255 action_acc=0.016
[train] epoch=6/8 step=47/100 loss=0.976324 grad_norm=0.239 action_cls=3.292759 action_acc=0.016
[train] epoch=6/8 step=48/100 loss=1.023689 grad_norm=0.438 action_cls=3.288763 action_acc=0.016
[train] epoch=6/8 step=49/100 loss=0.976323 grad_norm=0.414 action_cls=3.276656 action_acc=0.000
[train] epoch=6/8 step=50/100 loss=0.986516 grad_norm=0.266 action_cls=3.308727 action_acc=0.062
[train] epoch=6/8 step=51/100 loss=0.984946 grad_norm=0.306 action_cls=3.297617 action_acc=0.031
[train] epoch=6/8 step=52/100 loss=0.979050 grad_norm=0.312 action_cls=3.300035 action_acc=0.031
[train] epoch=6/8 step=53/100 loss=0.969549 grad_norm=0.262 action_cls=3.273570 action_acc=0.031
[train] epoch=6/8 step=54/100 loss=1.010489 grad_norm=0.443 action_cls=3.296956 action_acc=0.047
[train] epoch=6/8 step=55/100 loss=1.004669 grad_norm=0.338 action_cls=3.276426 action_acc=0.016
[train] epoch=6/8 step=56/100 loss=0.982606 grad_norm=0.425 action_cls=3.289762 action_acc=0.016
[train] epoch=6/8 step=57/100 loss=1.000695 grad_norm=0.458 action_cls=3.284144 action_acc=0.047
[train] epoch=6/8 step=58/100 loss=0.995426 grad_norm=0.275 action_cls=3.279485 action_acc=0.047
[train] epoch=6/8 step=59/100 loss=0.967551 grad_norm=0.326 action_cls=3.274507 action_acc=0.062
[train] epoch=6/8 step=60/100 loss=0.962250 grad_norm=0.379 action_cls=3.292305 action_acc=0.078
[train] epoch=6/8 step=61/100 loss=1.018815 grad_norm=0.360 action_cls=3.287442 action_acc=0.016
[train] epoch=6/8 step=62/100 loss=0.989140 grad_norm=0.231 action_cls=3.289540 action_acc=0.047
[train] epoch=6/8 step=63/100 loss=1.016672 grad_norm=0.351 action_cls=3.299595 action_acc=0.094
[train] epoch=6/8 step=64/100 loss=0.999874 grad_norm=0.311 action_cls=3.296300 action_acc=0.047
[train] epoch=6/8 step=65/100 loss=1.015263 grad_norm=0.276 action_cls=3.293216 action_acc=0.047
[train] epoch=6/8 step=66/100 loss=0.966116 grad_norm=0.289 action_cls=3.275553 action_acc=0.016
[train] epoch=6/8 step=67/100 loss=1.022052 grad_norm=0.336 action_cls=3.300026 action_acc=0.016
[train] epoch=6/8 step=68/100 loss=0.997444 grad_norm=0.610 action_cls=3.301818 action_acc=0.016
[train] epoch=6/8 step=69/100 loss=0.998263 grad_norm=0.249 action_cls=3.283290 action_acc=0.094
[train] epoch=6/8 step=70/100 loss=0.969877 grad_norm=0.343 action_cls=3.279571 action_acc=0.031
[train] epoch=6/8 step=71/100 loss=0.998463 grad_norm=0.408 action_cls=3.264434 action_acc=0.094
[train] epoch=6/8 step=72/100 loss=1.020133 grad_norm=0.297 action_cls=3.299149 action_acc=0.062
[train] epoch=6/8 step=73/100 loss=1.023901 grad_norm=0.360 action_cls=3.290458 action_acc=0.078
[train] epoch=6/8 step=74/100 loss=0.954092 grad_norm=0.244 action_cls=3.272903 action_acc=0.031
[train] epoch=6/8 step=75/100 loss=0.986188 grad_norm=0.397 action_cls=3.273637 action_acc=0.031
[train] epoch=6/8 step=76/100 loss=0.970266 grad_norm=0.386 action_cls=3.282187 action_acc=0.047
[train] epoch=6/8 step=77/100 loss=1.045891 grad_norm=0.312 action_cls=3.284252 action_acc=0.031
[train] epoch=6/8 step=78/100 loss=1.006358 grad_norm=0.510 action_cls=3.298132 action_acc=0.031
[train] epoch=6/8 step=79/100 loss=0.995246 grad_norm=0.339 action_cls=3.305585 action_acc=0.016
[train] epoch=6/8 step=80/100 loss=1.027652 grad_norm=0.351 action_cls=3.282924 action_acc=0.047
[train] epoch=6/8 step=81/100 loss=1.002619 grad_norm=0.355 action_cls=3.294058 action_acc=0.047
[train] epoch=6/8 step=82/100 loss=0.968145 grad_norm=0.425 action_cls=3.281436 action_acc=0.047
[train] epoch=6/8 step=83/100 loss=1.004753 grad_norm=0.562 action_cls=3.288714 action_acc=0.016
[train] epoch=6/8 step=84/100 loss=1.001783 grad_norm=0.317 action_cls=3.280637 action_acc=0.031
[train] epoch=6/8 step=85/100 loss=0.993668 grad_norm=0.241 action_cls=3.318113 action_acc=0.031
[train] epoch=6/8 step=86/100 loss=1.006788 grad_norm=0.402 action_cls=3.303451 action_acc=0.016
[train] epoch=6/8 step=87/100 loss=0.989433 grad_norm=0.601 action_cls=3.273510 action_acc=0.047
[train] epoch=6/8 step=88/100 loss=0.987099 grad_norm=0.534 action_cls=3.282464 action_acc=0.000
[train] epoch=6/8 step=89/100 loss=1.018048 grad_norm=0.250 action_cls=3.303043 action_acc=0.031
[train] epoch=6/8 step=90/100 loss=0.960930 grad_norm=0.368 action_cls=3.280874 action_acc=0.047
[train] epoch=6/8 step=91/100 loss=1.044423 grad_norm=0.380 action_cls=3.284686 action_acc=0.094
[train] epoch=6/8 step=92/100 loss=1.021993 grad_norm=0.426 action_cls=3.288780 action_acc=0.031
[train] epoch=6/8 step=93/100 loss=1.040482 grad_norm=0.272 action_cls=3.300233 action_acc=0.016
[train] epoch=6/8 step=94/100 loss=0.966064 grad_norm=0.336 action_cls=3.286352 action_acc=0.031
[train] epoch=6/8 step=95/100 loss=1.034865 grad_norm=0.416 action_cls=3.283189 action_acc=0.078
[train] epoch=6/8 step=96/100 loss=0.977432 grad_norm=0.242 action_cls=3.250973 action_acc=0.016
[train] epoch=6/8 step=97/100 loss=0.970601 grad_norm=0.338 action_cls=3.294144 action_acc=0.047
[train] epoch=6/8 step=98/100 loss=0.997657 grad_norm=0.327 action_cls=3.301715 action_acc=0.000
[train] epoch=6/8 step=99/100 loss=1.015717 grad_norm=0.234 action_cls=3.284784 action_acc=0.031
[train] epoch=6/8 step=100/100 loss=1.011748 grad_norm=0.317 action_cls=3.295036 action_acc=0.000
[epoch_summary] epoch=6/8 time_epoch=55.8s elapsed=349.4s eta=116.5s lambda_batch_div=0.000 lambda_inter_div=0.250 lambda_intra_div=0.000 selection_mode=diversity_first selection_score=0.975945 train_loss=0.997041 val_loss=0.926089 val_nmpjpe=0.239502 train_pose=0.029287 train_rel=0.046995 train_dist=0.183548 train_dir=0.062125 train_var=0.020114 train_batch_div=0.165889 train_inter_div=0.163573 train_intra_div=0.260424 val_pose=0.025192 val_rel=0.039868 val_dist=0.162366 val_dir=0.056002 val_var=0.019805 val_batch_div=0.430723 val_inter_div=0.006297 val_intra_div=0.431751 train_std=0.121117/0.164488 train_std_ratio=0.740726 val_std=0.066735/0.086730 val_std_ratio=0.915336 train_pair_dist=1.001330/1.533202 train_pair_ratio=0.655633 val_pair_dist=0.491256/0.881006 val_pair_ratio=0.659159 train_inter_pair=1.001632/1.553788 train_inter_ratio=0.647140 val_inter_pair=0.012053/0.033503 val_inter_ratio=0.008058 train_intra_pair=0.995116/1.003960 train_intra_ratio=1.004424 val_intra_pair=0.490375/0.875789 val_intra_ratio=0.661492 train_action_cls=3.288461 train_action_acc=0.037 val_action_cls=3.305101 val_action_acc=0.039 grad_norm_mean=0.337 nan_loss=False nan_grad=False actions_covered=27 envs_covered=2
[ckpt] saved_last path=C:\Users\LuvRene\OneDrive\PythonProjects\Positioning\pose_estimationV2\checkpoints\ablation_meanrms_interdiv_divsel_actionaux_last.pth epoch=6
[ckpt] saved path=C:\Users\LuvRene\OneDrive\PythonProjects\Positioning\pose_estimationV2\checkpoints\ablation_meanrms_interdiv_divsel_actionaux.pth epoch=6 best_selection_score=0.975945 val_nmpjpe=0.239502
[epoch_start] epoch=7/8 train_size=160380 val_size=80190 test_size=80190 lr=3.000e-04 lambda_batch_div=0.000 lambda_inter_div=0.250 lambda_intra_div=0.000
[train] epoch=7/8 step=1/100 loss=0.966793 grad_norm=0.387 action_cls=3.273355 action_acc=0.047
[train] epoch=7/8 step=2/100 loss=1.003699 grad_norm=0.239 action_cls=3.320913 action_acc=0.031
[train] epoch=7/8 step=3/100 loss=1.015261 grad_norm=0.255 action_cls=3.292540 action_acc=0.078
[train] epoch=7/8 step=4/100 loss=0.992687 grad_norm=0.204 action_cls=3.241774 action_acc=0.125
[train] epoch=7/8 step=5/100 loss=1.010907 grad_norm=0.305 action_cls=3.288462 action_acc=0.016
[train] epoch=7/8 step=6/100 loss=1.017610 grad_norm=0.360 action_cls=3.280936 action_acc=0.016
[train] epoch=7/8 step=7/100 loss=0.960514 grad_norm=0.415 action_cls=3.286339 action_acc=0.031
[train] epoch=7/8 step=8/100 loss=1.007070 grad_norm=0.246 action_cls=3.286692 action_acc=0.094
[train] epoch=7/8 step=9/100 loss=1.012690 grad_norm=0.483 action_cls=3.313531 action_acc=0.031
[train] epoch=7/8 step=10/100 loss=1.002830 grad_norm=0.605 action_cls=3.279089 action_acc=0.094
[train] epoch=7/8 step=11/100 loss=1.027607 grad_norm=0.446 action_cls=3.261343 action_acc=0.047
[train] epoch=7/8 step=12/100 loss=1.030360 grad_norm=0.261 action_cls=3.290089 action_acc=0.000
[train] epoch=7/8 step=13/100 loss=0.991287 grad_norm=0.341 action_cls=3.300789 action_acc=0.016
[train] epoch=7/8 step=14/100 loss=1.022935 grad_norm=0.514 action_cls=3.291635 action_acc=0.047
[train] epoch=7/8 step=15/100 loss=1.000370 grad_norm=0.355 action_cls=3.276632 action_acc=0.062
[train] epoch=7/8 step=16/100 loss=1.018019 grad_norm=0.294 action_cls=3.297514 action_acc=0.031
[train] epoch=7/8 step=17/100 loss=0.981619 grad_norm=0.240 action_cls=3.290513 action_acc=0.031
[train] epoch=7/8 step=18/100 loss=1.034370 grad_norm=0.422 action_cls=3.324370 action_acc=0.000
[train] epoch=7/8 step=19/100 loss=0.986694 grad_norm=0.448 action_cls=3.310226 action_acc=0.031
[train] epoch=7/8 step=20/100 loss=1.002759 grad_norm=0.405 action_cls=3.308594 action_acc=0.047
[train] epoch=7/8 step=21/100 loss=0.992815 grad_norm=0.322 action_cls=3.299802 action_acc=0.047
[train] epoch=7/8 step=22/100 loss=0.986621 grad_norm=0.308 action_cls=3.288841 action_acc=0.016
[train] epoch=7/8 step=23/100 loss=1.000232 grad_norm=0.394 action_cls=3.270215 action_acc=0.062
[train] epoch=7/8 step=24/100 loss=1.009713 grad_norm=0.427 action_cls=3.296972 action_acc=0.062
[train] epoch=7/8 step=25/100 loss=0.963746 grad_norm=0.391 action_cls=3.269726 action_acc=0.047
[train] epoch=7/8 step=26/100 loss=0.971352 grad_norm=0.271 action_cls=3.271348 action_acc=0.125
[train] epoch=7/8 step=27/100 loss=1.014106 grad_norm=0.338 action_cls=3.292868 action_acc=0.000
[train] epoch=7/8 step=28/100 loss=0.982631 grad_norm=0.353 action_cls=3.297442 action_acc=0.000
[train] epoch=7/8 step=29/100 loss=1.011496 grad_norm=0.406 action_cls=3.299755 action_acc=0.031
[train] epoch=7/8 step=30/100 loss=0.978146 grad_norm=0.241 action_cls=3.305721 action_acc=0.016
[train] epoch=7/8 step=31/100 loss=0.967711 grad_norm=0.309 action_cls=3.283144 action_acc=0.000
[train] epoch=7/8 step=32/100 loss=1.010564 grad_norm=0.335 action_cls=3.290813 action_acc=0.016
[train] epoch=7/8 step=33/100 loss=1.047315 grad_norm=0.419 action_cls=3.280452 action_acc=0.031
[train] epoch=7/8 step=34/100 loss=0.959591 grad_norm=0.401 action_cls=3.273933 action_acc=0.047
[train] epoch=7/8 step=35/100 loss=0.997946 grad_norm=0.254 action_cls=3.289235 action_acc=0.031
[train] epoch=7/8 step=36/100 loss=1.030389 grad_norm=0.331 action_cls=3.312198 action_acc=0.016
[train] epoch=7/8 step=37/100 loss=0.994218 grad_norm=0.344 action_cls=3.273674 action_acc=0.016
[train] epoch=7/8 step=38/100 loss=0.983613 grad_norm=0.330 action_cls=3.283458 action_acc=0.016
[train] epoch=7/8 step=39/100 loss=0.996978 grad_norm=0.307 action_cls=3.307770 action_acc=0.062
[train] epoch=7/8 step=40/100 loss=1.019682 grad_norm=0.369 action_cls=3.305547 action_acc=0.047
[train] epoch=7/8 step=41/100 loss=0.996983 grad_norm=0.258 action_cls=3.274882 action_acc=0.031
[train] epoch=7/8 step=42/100 loss=1.006982 grad_norm=0.319 action_cls=3.270672 action_acc=0.047
[train] epoch=7/8 step=43/100 loss=0.975517 grad_norm=0.441 action_cls=3.286678 action_acc=0.047
[train] epoch=7/8 step=44/100 loss=0.969802 grad_norm=0.327 action_cls=3.278473 action_acc=0.000
[train] epoch=7/8 step=45/100 loss=0.976710 grad_norm=0.423 action_cls=3.271184 action_acc=0.062
[train] epoch=7/8 step=46/100 loss=0.985789 grad_norm=0.234 action_cls=3.281348 action_acc=0.016
[train] epoch=7/8 step=47/100 loss=0.996933 grad_norm=0.455 action_cls=3.293347 action_acc=0.016
[train] epoch=7/8 step=48/100 loss=1.035405 grad_norm=0.413 action_cls=3.307997 action_acc=0.031
[train] epoch=7/8 step=49/100 loss=1.012741 grad_norm=0.269 action_cls=3.279812 action_acc=0.047
[train] epoch=7/8 step=50/100 loss=0.972963 grad_norm=0.234 action_cls=3.294437 action_acc=0.047
[train] epoch=7/8 step=51/100 loss=1.027043 grad_norm=0.454 action_cls=3.299562 action_acc=0.047
[train] epoch=7/8 step=52/100 loss=0.985927 grad_norm=0.282 action_cls=3.268658 action_acc=0.016
[train] epoch=7/8 step=53/100 loss=1.010427 grad_norm=0.390 action_cls=3.298816 action_acc=0.062
[train] epoch=7/8 step=54/100 loss=0.969181 grad_norm=0.504 action_cls=3.275500 action_acc=0.016
[train] epoch=7/8 step=55/100 loss=0.985844 grad_norm=0.243 action_cls=3.309122 action_acc=0.016
[train] epoch=7/8 step=56/100 loss=1.017299 grad_norm=0.420 action_cls=3.296196 action_acc=0.031
[train] epoch=7/8 step=57/100 loss=0.971499 grad_norm=0.527 action_cls=3.265558 action_acc=0.078
[train] epoch=7/8 step=58/100 loss=0.978965 grad_norm=0.437 action_cls=3.276483 action_acc=0.062
[train] epoch=7/8 step=59/100 loss=0.956192 grad_norm=0.335 action_cls=3.287394 action_acc=0.047
[train] epoch=7/8 step=60/100 loss=1.010860 grad_norm=0.394 action_cls=3.279861 action_acc=0.062
[train] epoch=7/8 step=61/100 loss=1.024891 grad_norm=0.248 action_cls=3.291890 action_acc=0.062
[train] epoch=7/8 step=62/100 loss=1.023772 grad_norm=0.260 action_cls=3.268197 action_acc=0.109
[train] epoch=7/8 step=63/100 loss=1.023765 grad_norm=0.270 action_cls=3.268971 action_acc=0.062
[train] epoch=7/8 step=64/100 loss=0.972370 grad_norm=0.277 action_cls=3.300497 action_acc=0.031
[train] epoch=7/8 step=65/100 loss=0.971389 grad_norm=0.236 action_cls=3.247880 action_acc=0.109
[train] epoch=7/8 step=66/100 loss=0.994247 grad_norm=0.484 action_cls=3.288356 action_acc=0.062
[train] epoch=7/8 step=67/100 loss=1.016738 grad_norm=0.369 action_cls=3.303180 action_acc=0.016
[train] epoch=7/8 step=68/100 loss=0.979449 grad_norm=0.302 action_cls=3.294347 action_acc=0.016
[train] epoch=7/8 step=69/100 loss=0.977890 grad_norm=0.342 action_cls=3.294309 action_acc=0.031
[train] epoch=7/8 step=70/100 loss=0.987323 grad_norm=0.257 action_cls=3.258509 action_acc=0.062
[train] epoch=7/8 step=71/100 loss=0.972591 grad_norm=0.439 action_cls=3.279918 action_acc=0.078
[train] epoch=7/8 step=72/100 loss=0.982336 grad_norm=0.349 action_cls=3.293119 action_acc=0.094
[train] epoch=7/8 step=73/100 loss=0.982759 grad_norm=0.394 action_cls=3.307437 action_acc=0.031
[train] epoch=7/8 step=74/100 loss=1.014410 grad_norm=0.689 action_cls=3.268018 action_acc=0.047
[train] epoch=7/8 step=75/100 loss=1.005471 grad_norm=0.330 action_cls=3.307770 action_acc=0.047
[train] epoch=7/8 step=76/100 loss=0.966307 grad_norm=0.318 action_cls=3.281826 action_acc=0.031
[train] epoch=7/8 step=77/100 loss=0.992505 grad_norm=0.238 action_cls=3.284520 action_acc=0.047
[train] epoch=7/8 step=78/100 loss=0.969337 grad_norm=0.332 action_cls=3.286192 action_acc=0.047
[train] epoch=7/8 step=79/100 loss=1.001894 grad_norm=0.301 action_cls=3.290772 action_acc=0.016
[train] epoch=7/8 step=80/100 loss=0.972633 grad_norm=0.283 action_cls=3.290037 action_acc=0.125
[train] epoch=7/8 step=81/100 loss=0.956735 grad_norm=0.251 action_cls=3.284372 action_acc=0.000
[train] epoch=7/8 step=82/100 loss=1.004234 grad_norm=0.488 action_cls=3.280589 action_acc=0.000
[train] epoch=7/8 step=83/100 loss=0.971254 grad_norm=0.240 action_cls=3.286899 action_acc=0.094
[train] epoch=7/8 step=84/100 loss=0.960225 grad_norm=0.291 action_cls=3.275175 action_acc=0.031
[train] epoch=7/8 step=85/100 loss=1.011113 grad_norm=0.358 action_cls=3.295009 action_acc=0.047
[train] epoch=7/8 step=86/100 loss=0.968752 grad_norm=0.342 action_cls=3.293033 action_acc=0.016
[train] epoch=7/8 step=87/100 loss=0.978464 grad_norm=0.367 action_cls=3.304160 action_acc=0.047
[train] epoch=7/8 step=88/100 loss=0.980100 grad_norm=0.282 action_cls=3.280052 action_acc=0.109
[train] epoch=7/8 step=89/100 loss=1.018659 grad_norm=0.496 action_cls=3.268128 action_acc=0.031
[train] epoch=7/8 step=90/100 loss=0.992622 grad_norm=0.311 action_cls=3.289777 action_acc=0.094
[train] epoch=7/8 step=91/100 loss=0.984258 grad_norm=0.418 action_cls=3.278920 action_acc=0.047
[train] epoch=7/8 step=92/100 loss=0.968805 grad_norm=0.332 action_cls=3.284417 action_acc=0.062
[train] epoch=7/8 step=93/100 loss=0.980774 grad_norm=0.438 action_cls=3.278637 action_acc=0.094
[train] epoch=7/8 step=94/100 loss=0.986977 grad_norm=0.344 action_cls=3.301091 action_acc=0.031
[train] epoch=7/8 step=95/100 loss=0.965027 grad_norm=0.308 action_cls=3.287642 action_acc=0.031
[train] epoch=7/8 step=96/100 loss=1.006096 grad_norm=0.315 action_cls=3.273710 action_acc=0.047
[train] epoch=7/8 step=97/100 loss=0.985100 grad_norm=0.376 action_cls=3.304883 action_acc=0.016
[train] epoch=7/8 step=98/100 loss=0.962129 grad_norm=0.331 action_cls=3.290139 action_acc=0.047
[train] epoch=7/8 step=99/100 loss=0.997949 grad_norm=0.310 action_cls=3.299993 action_acc=0.031
[train] epoch=7/8 step=100/100 loss=0.994782 grad_norm=0.357 action_cls=3.323289 action_acc=0.016
[epoch_summary] epoch=7/8 time_epoch=55.6s elapsed=405.0s eta=57.9s lambda_batch_div=0.000 lambda_inter_div=0.250 lambda_intra_div=0.000 selection_mode=diversity_first selection_score=1.259227 train_loss=0.993541 val_loss=0.937686 val_nmpjpe=0.253132 train_pose=0.029659 train_rel=0.046926 train_dist=0.181049 train_dir=0.061663 train_var=0.018415 train_batch_div=0.162839 train_inter_div=0.160507 train_intra_div=0.261810 val_pose=0.026261 val_rel=0.040911 val_dist=0.172565 val_dir=0.056287 val_var=0.013325 val_batch_div=0.396268 val_inter_div=0.004673 val_intra_div=0.397989 train_std=0.125359/0.165085 train_std_ratio=0.763788 val_std=0.085818/0.086730 val_std_ratio=1.181496 train_pair_dist=1.023578/1.538282 train_pair_ratio=0.667513 val_pair_dist=0.631706/0.881006 val_pair_ratio=0.849154 train_inter_pair=1.023788/1.558991 train_inter_ratio=0.658779 val_inter_pair=0.016103/0.033503 val_inter_ratio=0.010749 train_intra_pair=1.018264/1.000246 train_intra_ratio=1.032240 val_intra_pair=0.630844/0.875789 val_intra_ratio=0.852866 train_action_cls=3.287899 train_action_acc=0.044 val_action_cls=3.304745 val_action_acc=0.033 grad_norm_mean=0.351 nan_loss=False nan_grad=False actions_covered=27 envs_covered=2
[ckpt] saved_last path=C:\Users\LuvRene\OneDrive\PythonProjects\Positioning\pose_estimationV2\checkpoints\ablation_meanrms_interdiv_divsel_actionaux_last.pth epoch=7
[ckpt] saved path=C:\Users\LuvRene\OneDrive\PythonProjects\Positioning\pose_estimationV2\checkpoints\ablation_meanrms_interdiv_divsel_actionaux.pth epoch=7 best_selection_score=1.259227 val_nmpjpe=0.253132
[epoch_start] epoch=8/8 train_size=160380 val_size=80190 test_size=80190 lr=3.000e-04 lambda_batch_div=0.000 lambda_inter_div=0.250 lambda_intra_div=0.000
[train] epoch=8/8 step=1/100 loss=0.952981 grad_norm=0.254 action_cls=3.277572 action_acc=0.062
[train] epoch=8/8 step=2/100 loss=1.015863 grad_norm=0.284 action_cls=3.269737 action_acc=0.016
[train] epoch=8/8 step=3/100 loss=0.983046 grad_norm=0.356 action_cls=3.301944 action_acc=0.031
[train] epoch=8/8 step=4/100 loss=0.988371 grad_norm=0.333 action_cls=3.294771 action_acc=0.031
[train] epoch=8/8 step=5/100 loss=0.983902 grad_norm=0.235 action_cls=3.296360 action_acc=0.047
[train] epoch=8/8 step=6/100 loss=1.014466 grad_norm=0.334 action_cls=3.307861 action_acc=0.031
[train] epoch=8/8 step=7/100 loss=0.963587 grad_norm=0.398 action_cls=3.282893 action_acc=0.062
[train] epoch=8/8 step=8/100 loss=1.004447 grad_norm=0.256 action_cls=3.274676 action_acc=0.016
[train] epoch=8/8 step=9/100 loss=0.993167 grad_norm=0.309 action_cls=3.264833 action_acc=0.078
[train] epoch=8/8 step=10/100 loss=0.973335 grad_norm=0.371 action_cls=3.278092 action_acc=0.062
[train] epoch=8/8 step=11/100 loss=0.980069 grad_norm=0.343 action_cls=3.272592 action_acc=0.094
[train] epoch=8/8 step=12/100 loss=0.970118 grad_norm=0.249 action_cls=3.265373 action_acc=0.094
[train] epoch=8/8 step=13/100 loss=0.996962 grad_norm=0.289 action_cls=3.276794 action_acc=0.031
[train] epoch=8/8 step=14/100 loss=0.987053 grad_norm=0.510 action_cls=3.281238 action_acc=0.031
[train] epoch=8/8 step=15/100 loss=0.973996 grad_norm=0.443 action_cls=3.274072 action_acc=0.047
[train] epoch=8/8 step=16/100 loss=1.035290 grad_norm=0.301 action_cls=3.311866 action_acc=0.047
[train] epoch=8/8 step=17/100 loss=0.978541 grad_norm=0.391 action_cls=3.290138 action_acc=0.062
[train] epoch=8/8 step=18/100 loss=0.958753 grad_norm=0.503 action_cls=3.300241 action_acc=0.000
[train] epoch=8/8 step=19/100 loss=0.999587 grad_norm=0.276 action_cls=3.265342 action_acc=0.062
[train] epoch=8/8 step=20/100 loss=0.991119 grad_norm=0.332 action_cls=3.276539 action_acc=0.016
[train] epoch=8/8 step=21/100 loss=0.995828 grad_norm=0.399 action_cls=3.281877 action_acc=0.031
[train] epoch=8/8 step=22/100 loss=0.964664 grad_norm=0.307 action_cls=3.279617 action_acc=0.047
[train] epoch=8/8 step=23/100 loss=0.983622 grad_norm=0.614 action_cls=3.268636 action_acc=0.031
[train] epoch=8/8 step=24/100 loss=0.993261 grad_norm=0.404 action_cls=3.287645 action_acc=0.062
[train] epoch=8/8 step=25/100 loss=0.999962 grad_norm=0.484 action_cls=3.289812 action_acc=0.031
[train] epoch=8/8 step=26/100 loss=0.973235 grad_norm=0.446 action_cls=3.292295 action_acc=0.031
[train] epoch=8/8 step=27/100 loss=0.973891 grad_norm=0.375 action_cls=3.275377 action_acc=0.094
[train] epoch=8/8 step=28/100 loss=1.015125 grad_norm=0.273 action_cls=3.292700 action_acc=0.078
[train] epoch=8/8 step=29/100 loss=0.965510 grad_norm=0.276 action_cls=3.316033 action_acc=0.031
[train] epoch=8/8 step=30/100 loss=0.983695 grad_norm=0.714 action_cls=3.299490 action_acc=0.031
[train] epoch=8/8 step=31/100 loss=1.020699 grad_norm=0.499 action_cls=3.316284 action_acc=0.031
[train] epoch=8/8 step=32/100 loss=0.973906 grad_norm=0.241 action_cls=3.275679 action_acc=0.047
[train] epoch=8/8 step=33/100 loss=0.986051 grad_norm=0.290 action_cls=3.278900 action_acc=0.094
[train] epoch=8/8 step=34/100 loss=0.979277 grad_norm=0.301 action_cls=3.307982 action_acc=0.031
[train] epoch=8/8 step=35/100 loss=0.989103 grad_norm=0.367 action_cls=3.308223 action_acc=0.031
[train] epoch=8/8 step=36/100 loss=1.021837 grad_norm=0.263 action_cls=3.295635 action_acc=0.047
[train] epoch=8/8 step=37/100 loss=0.982425 grad_norm=0.292 action_cls=3.305446 action_acc=0.062
[train] epoch=8/8 step=38/100 loss=0.988126 grad_norm=0.238 action_cls=3.309815 action_acc=0.016
[train] epoch=8/8 step=39/100 loss=0.994176 grad_norm=0.431 action_cls=3.265766 action_acc=0.031
[train] epoch=8/8 step=40/100 loss=0.996485 grad_norm=0.369 action_cls=3.265700 action_acc=0.094
[train] epoch=8/8 step=41/100 loss=1.012326 grad_norm=0.302 action_cls=3.302080 action_acc=0.062
[train] epoch=8/8 step=42/100 loss=0.986337 grad_norm=0.373 action_cls=3.287200 action_acc=0.031
[train] epoch=8/8 step=43/100 loss=0.987429 grad_norm=0.279 action_cls=3.287133 action_acc=0.016
[train] epoch=8/8 step=44/100 loss=0.958057 grad_norm=0.316 action_cls=3.294492 action_acc=0.062
[train] epoch=8/8 step=45/100 loss=0.970488 grad_norm=0.374 action_cls=3.334101 action_acc=0.016
[train] epoch=8/8 step=46/100 loss=1.004559 grad_norm=0.208 action_cls=3.283091 action_acc=0.016
[train] epoch=8/8 step=47/100 loss=0.998870 grad_norm=0.596 action_cls=3.281427 action_acc=0.062
[train] epoch=8/8 step=48/100 loss=0.999909 grad_norm=0.390 action_cls=3.276680 action_acc=0.000
[train] epoch=8/8 step=49/100 loss=1.011356 grad_norm=0.286 action_cls=3.290316 action_acc=0.016
[train] epoch=8/8 step=50/100 loss=1.031555 grad_norm=0.446 action_cls=3.291042 action_acc=0.031
[train] epoch=8/8 step=51/100 loss=0.960970 grad_norm=0.348 action_cls=3.290688 action_acc=0.016
[train] epoch=8/8 step=52/100 loss=1.000124 grad_norm=0.376 action_cls=3.303958 action_acc=0.016
[train] epoch=8/8 step=53/100 loss=1.021876 grad_norm=0.271 action_cls=3.278620 action_acc=0.047
[train] epoch=8/8 step=54/100 loss=0.973061 grad_norm=0.509 action_cls=3.299749 action_acc=0.047
[train] epoch=8/8 step=55/100 loss=1.001523 grad_norm=0.306 action_cls=3.309330 action_acc=0.016
[train] epoch=8/8 step=56/100 loss=1.009565 grad_norm=0.223 action_cls=3.320814 action_acc=0.062
[train] epoch=8/8 step=57/100 loss=0.965819 grad_norm=0.298 action_cls=3.269144 action_acc=0.047
[train] epoch=8/8 step=58/100 loss=0.972440 grad_norm=0.261 action_cls=3.298632 action_acc=0.062
[train] epoch=8/8 step=59/100 loss=0.995741 grad_norm=0.212 action_cls=3.263025 action_acc=0.062
[train] epoch=8/8 step=60/100 loss=0.987478 grad_norm=0.310 action_cls=3.292807 action_acc=0.047
[train] epoch=8/8 step=61/100 loss=1.004174 grad_norm=0.275 action_cls=3.278261 action_acc=0.031
[train] epoch=8/8 step=62/100 loss=0.969306 grad_norm=0.284 action_cls=3.250715 action_acc=0.109
[train] epoch=8/8 step=63/100 loss=0.973175 grad_norm=0.286 action_cls=3.282763 action_acc=0.047
[train] epoch=8/8 step=64/100 loss=1.005567 grad_norm=0.239 action_cls=3.277627 action_acc=0.062
[train] epoch=8/8 step=65/100 loss=1.014199 grad_norm=0.374 action_cls=3.271823 action_acc=0.094
[train] epoch=8/8 step=66/100 loss=1.009152 grad_norm=0.249 action_cls=3.296749 action_acc=0.031
[train] epoch=8/8 step=67/100 loss=0.967152 grad_norm=0.324 action_cls=3.285683 action_acc=0.031
[train] epoch=8/8 step=68/100 loss=0.962951 grad_norm=0.324 action_cls=3.295072 action_acc=0.078
[train] epoch=8/8 step=69/100 loss=0.999772 grad_norm=0.303 action_cls=3.305185 action_acc=0.031
[train] epoch=8/8 step=70/100 loss=1.000596 grad_norm=0.261 action_cls=3.300312 action_acc=0.078
[train] epoch=8/8 step=71/100 loss=1.008382 grad_norm=0.316 action_cls=3.283383 action_acc=0.016
[train] epoch=8/8 step=72/100 loss=0.982552 grad_norm=0.258 action_cls=3.293861 action_acc=0.047
[train] epoch=8/8 step=73/100 loss=0.975399 grad_norm=0.233 action_cls=3.272845 action_acc=0.062
[train] epoch=8/8 step=74/100 loss=1.020754 grad_norm=0.250 action_cls=3.276534 action_acc=0.062
[train] epoch=8/8 step=75/100 loss=1.002219 grad_norm=0.411 action_cls=3.285489 action_acc=0.047
[train] epoch=8/8 step=76/100 loss=0.987297 grad_norm=0.276 action_cls=3.295695 action_acc=0.078
[train] epoch=8/8 step=77/100 loss=0.954660 grad_norm=0.356 action_cls=3.300613 action_acc=0.016
[train] epoch=8/8 step=78/100 loss=0.981433 grad_norm=0.377 action_cls=3.282575 action_acc=0.016
[train] epoch=8/8 step=79/100 loss=0.964329 grad_norm=0.234 action_cls=3.269917 action_acc=0.062
[train] epoch=8/8 step=80/100 loss=1.011769 grad_norm=0.561 action_cls=3.273600 action_acc=0.062
[train] epoch=8/8 step=81/100 loss=0.998691 grad_norm=0.267 action_cls=3.271678 action_acc=0.062
[train] epoch=8/8 step=82/100 loss=0.985041 grad_norm=0.315 action_cls=3.301279 action_acc=0.047
[train] epoch=8/8 step=83/100 loss=0.958346 grad_norm=0.416 action_cls=3.275356 action_acc=0.062
[train] epoch=8/8 step=84/100 loss=0.948585 grad_norm=0.456 action_cls=3.276663 action_acc=0.031
[train] epoch=8/8 step=85/100 loss=0.968051 grad_norm=0.327 action_cls=3.271926 action_acc=0.047
[train] epoch=8/8 step=86/100 loss=0.982034 grad_norm=0.284 action_cls=3.253490 action_acc=0.078
[train] epoch=8/8 step=87/100 loss=0.980864 grad_norm=0.353 action_cls=3.311207 action_acc=0.016
[train] epoch=8/8 step=88/100 loss=0.970478 grad_norm=0.432 action_cls=3.288708 action_acc=0.062
[train] epoch=8/8 step=89/100 loss=0.983122 grad_norm=0.614 action_cls=3.272554 action_acc=0.062
[train] epoch=8/8 step=90/100 loss=0.978611 grad_norm=0.384 action_cls=3.284197 action_acc=0.016
[train] epoch=8/8 step=91/100 loss=0.970018 grad_norm=0.223 action_cls=3.290085 action_acc=0.031
[train] epoch=8/8 step=92/100 loss=0.969900 grad_norm=0.419 action_cls=3.303086 action_acc=0.016
[train] epoch=8/8 step=93/100 loss=0.968240 grad_norm=0.393 action_cls=3.270042 action_acc=0.047
[train] epoch=8/8 step=94/100 loss=1.001219 grad_norm=0.475 action_cls=3.302465 action_acc=0.031
[train] epoch=8/8 step=95/100 loss=0.994557 grad_norm=0.303 action_cls=3.281489 action_acc=0.109
[train] epoch=8/8 step=96/100 loss=0.974579 grad_norm=0.379 action_cls=3.311323 action_acc=0.031
[train] epoch=8/8 step=97/100 loss=0.984156 grad_norm=0.264 action_cls=3.284929 action_acc=0.016
[train] epoch=8/8 step=98/100 loss=0.983339 grad_norm=0.363 action_cls=3.285236 action_acc=0.031
[train] epoch=8/8 step=99/100 loss=0.965707 grad_norm=0.351 action_cls=3.294875 action_acc=0.062
[train] epoch=8/8 step=100/100 loss=0.992482 grad_norm=0.252 action_cls=3.309685 action_acc=0.031
[epoch_summary] epoch=8/8 time_epoch=55.7s elapsed=460.6s eta=0.0s lambda_batch_div=0.000 lambda_inter_div=0.250 lambda_intra_div=0.000 selection_mode=diversity_first selection_score=1.373090 train_loss=0.987279 val_loss=0.922007 val_nmpjpe=0.259294 train_pose=0.030567 train_rel=0.046252 train_dist=0.179349 train_dir=0.061640 train_var=0.015244 train_batch_div=0.142937 train_inter_div=0.140394 train_intra_div=0.259588 val_pose=0.027347 val_rel=0.040087 val_dist=0.155981 val_dir=0.056177 val_var=0.012133 val_batch_div=0.424073 val_inter_div=0.004581 val_intra_div=0.426256 train_std=0.137534/0.164166 train_std_ratio=0.842125 val_std=0.095344/0.086730 val_std_ratio=1.315165 train_pair_dist=1.101756/1.533564 train_pair_ratio=0.720659 val_pair_dist=0.681371/0.881006 val_pair_ratio=0.916220 train_inter_pair=1.102027/1.553345 train_inter_ratio=0.711636 val_inter_pair=0.017480/0.033503 val_inter_ratio=0.011656 train_intra_pair=1.094348/1.014886 train_intra_ratio=1.093980 val_intra_pair=0.680374/0.875789 val_intra_ratio=0.920096 train_action_cls=3.287491 train_action_acc=0.046 val_action_cls=3.306563 val_action_acc=0.035 grad_norm_mean=0.345 nan_loss=False nan_grad=False actions_covered=27 envs_covered=2
[ckpt] saved_last path=C:\Users\LuvRene\OneDrive\PythonProjects\Positioning\pose_estimationV2\checkpoints\ablation_meanrms_interdiv_divsel_actionaux_last.pth epoch=8
[ckpt] saved path=C:\Users\LuvRene\OneDrive\PythonProjects\Positioning\pose_estimationV2\checkpoints\ablation_meanrms_interdiv_divsel_actionaux.pth epoch=8 best_selection_score=1.373090 val_nmpjpe=0.259294
[plot] saved path=C:\Users\LuvRene\OneDrive\PythonProjects\Positioning\pose_estimationV2\logs\train\ablation_meanrms_interdiv_divsel_actionaux_resnet1d_20260327-164217_curves.png
[history] saved path=C:\Users\LuvRene\OneDrive\PythonProjects\Positioning\pose_estimationV2\logs\train\ablation_meanrms_interdiv_divsel_actionaux_resnet1d_20260327-164217_history.csv
[test_summary] best_epoch=8 test_loss=0.924657 test_nmpjpe=0.257281 test_pose=0.026507 test_rel=0.040089 test_dist=0.155724 test_dir=0.059881 test_var=0.013000 test_batch_div=0.403066 test_inter_div=0.004234 test_intra_div=0.405236 test_std=0.092670/0.089078 test_std_ratio=1.238640 test_pair_dist=0.674786/0.899707 test_pair_ratio=0.885532 test_inter_pair=0.017071/0.031090 test_inter_ratio=0.012541 test_intra_pair=0.673944/0.895100 test_intra_ratio=0.889270 test_action_cls=3.307215 test_action_acc=0.032
[assessment] status=usable reason=Validation stayed close to the best point (0.2014) and final test nMPJPE is 0.2573.
