[run] config=configs/default.yaml device=cuda:0
[run] model=resnet1d
[run] window_size=1
[run] normalize_mode=mean_rms
[run] aoa_cache_root=D:\Files\WiFi_Pose\WiFiPoseV3\data\aoa_cache
[run] labels_root=D:\Files\WiFi_Pose\WiFiPoseV3\data\dataset
[run] val_env=env3 test_env=env4
[run] logs_file=C:\Users\LuvRene\OneDrive\PythonProjects\Positioning\pose_estimationV2\logs\train\ablation_meanrms_interdiv_resnet1d_20260327-160219.log
[run] selection_mode=accuracy lambda_var=0.000 lambda_batch_div=0.000 lambda_inter_div=0.250 lambda_intra_div=0.000
[data] dataset_size=320760 train_size=160380 val_size=80190 test_size=80190 batch_size=64 window_size=1
[run] action_aux enabled=False
[epoch_start] epoch=1/8 train_size=160380 val_size=80190 test_size=80190 lr=3.000e-04 lambda_batch_div=0.000 lambda_inter_div=0.250 lambda_intra_div=0.000
[train] epoch=1/8 step=1/100 loss=2.135699 grad_norm=5.476
[train] epoch=1/8 step=2/100 loss=1.898968 grad_norm=6.182
[train] epoch=1/8 step=3/100 loss=1.667673 grad_norm=4.497
[train] epoch=1/8 step=4/100 loss=1.434021 grad_norm=4.236
[train] epoch=1/8 step=5/100 loss=1.277395 grad_norm=4.059
[train] epoch=1/8 step=6/100 loss=1.117790 grad_norm=3.618
[train] epoch=1/8 step=7/100 loss=0.984210 grad_norm=3.221
[train] epoch=1/8 step=8/100 loss=0.894833 grad_norm=2.963
[train] epoch=1/8 step=9/100 loss=0.790657 grad_norm=2.748
[train] epoch=1/8 step=10/100 loss=0.737133 grad_norm=2.495
[train] epoch=1/8 step=11/100 loss=0.717687 grad_norm=2.329
[train] epoch=1/8 step=12/100 loss=0.658648 grad_norm=2.332
[train] epoch=1/8 step=13/100 loss=0.642307 grad_norm=2.340
[train] epoch=1/8 step=14/100 loss=0.603298 grad_norm=2.273
[train] epoch=1/8 step=15/100 loss=0.571977 grad_norm=1.997
[train] epoch=1/8 step=16/100 loss=0.544514 grad_norm=1.631
[train] epoch=1/8 step=17/100 loss=0.515432 grad_norm=1.615
[train] epoch=1/8 step=18/100 loss=0.490832 grad_norm=1.382
[train] epoch=1/8 step=19/100 loss=0.482300 grad_norm=1.274
[train] epoch=1/8 step=20/100 loss=0.489545 grad_norm=1.191
[train] epoch=1/8 step=21/100 loss=0.458190 grad_norm=1.475
[train] epoch=1/8 step=22/100 loss=0.486097 grad_norm=1.189
[train] epoch=1/8 step=23/100 loss=0.437164 grad_norm=1.295
[train] epoch=1/8 step=24/100 loss=0.452428 grad_norm=1.343
[train] epoch=1/8 step=25/100 loss=0.477764 grad_norm=0.861
[train] epoch=1/8 step=26/100 loss=0.450524 grad_norm=0.884
[train] epoch=1/8 step=27/100 loss=0.413623 grad_norm=1.014
[train] epoch=1/8 step=28/100 loss=0.459507 grad_norm=0.960
[train] epoch=1/8 step=29/100 loss=0.431930 grad_norm=0.721
[train] epoch=1/8 step=30/100 loss=0.397496 grad_norm=0.838
[train] epoch=1/8 step=31/100 loss=0.428555 grad_norm=0.672
[train] epoch=1/8 step=32/100 loss=0.390459 grad_norm=0.803
[train] epoch=1/8 step=33/100 loss=0.364855 grad_norm=0.688
[train] epoch=1/8 step=34/100 loss=0.407082 grad_norm=0.786
[train] epoch=1/8 step=35/100 loss=0.374116 grad_norm=0.709
[train] epoch=1/8 step=36/100 loss=0.414455 grad_norm=0.652
[train] epoch=1/8 step=37/100 loss=0.417427 grad_norm=0.691
[train] epoch=1/8 step=38/100 loss=0.390392 grad_norm=0.624
[train] epoch=1/8 step=39/100 loss=0.432126 grad_norm=0.686
[train] epoch=1/8 step=40/100 loss=0.403337 grad_norm=0.695
[train] epoch=1/8 step=41/100 loss=0.370252 grad_norm=0.503
[train] epoch=1/8 step=42/100 loss=0.357168 grad_norm=0.633
[train] epoch=1/8 step=43/100 loss=0.385063 grad_norm=0.581
[train] epoch=1/8 step=44/100 loss=0.396527 grad_norm=0.578
[train] epoch=1/8 step=45/100 loss=0.417283 grad_norm=0.622
[train] epoch=1/8 step=46/100 loss=0.391654 grad_norm=0.529
[train] epoch=1/8 step=47/100 loss=0.374876 grad_norm=0.568
[train] epoch=1/8 step=48/100 loss=0.382325 grad_norm=0.521
[train] epoch=1/8 step=49/100 loss=0.406944 grad_norm=0.539
[train] epoch=1/8 step=50/100 loss=0.387361 grad_norm=0.694
[train] epoch=1/8 step=51/100 loss=0.395501 grad_norm=0.410
[train] epoch=1/8 step=52/100 loss=0.372463 grad_norm=0.476
[train] epoch=1/8 step=53/100 loss=0.393574 grad_norm=0.778
[train] epoch=1/8 step=54/100 loss=0.376076 grad_norm=0.478
[train] epoch=1/8 step=55/100 loss=0.421184 grad_norm=0.466
[train] epoch=1/8 step=56/100 loss=0.369009 grad_norm=0.592
[train] epoch=1/8 step=57/100 loss=0.359353 grad_norm=0.569
[train] epoch=1/8 step=58/100 loss=0.375877 grad_norm=0.596
[train] epoch=1/8 step=59/100 loss=0.421372 grad_norm=0.429
[train] epoch=1/8 step=60/100 loss=0.387556 grad_norm=0.521
[train] epoch=1/8 step=61/100 loss=0.383451 grad_norm=0.649
[train] epoch=1/8 step=62/100 loss=0.393017 grad_norm=0.461
[train] epoch=1/8 step=63/100 loss=0.411451 grad_norm=0.421
[train] epoch=1/8 step=64/100 loss=0.404715 grad_norm=0.499
[train] epoch=1/8 step=65/100 loss=0.380877 grad_norm=0.408
[train] epoch=1/8 step=66/100 loss=0.343577 grad_norm=0.475
[train] epoch=1/8 step=67/100 loss=0.396510 grad_norm=0.544
[train] epoch=1/8 step=68/100 loss=0.362844 grad_norm=0.480
[train] epoch=1/8 step=69/100 loss=0.364009 grad_norm=0.364
[train] epoch=1/8 step=70/100 loss=0.361802 grad_norm=0.352
[train] epoch=1/8 step=71/100 loss=0.387115 grad_norm=0.516
[train] epoch=1/8 step=72/100 loss=0.363601 grad_norm=0.453
[train] epoch=1/8 step=73/100 loss=0.372444 grad_norm=0.621
[train] epoch=1/8 step=74/100 loss=0.399395 grad_norm=0.637
[train] epoch=1/8 step=75/100 loss=0.398821 grad_norm=0.370
[train] epoch=1/8 step=76/100 loss=0.380510 grad_norm=0.375
[train] epoch=1/8 step=77/100 loss=0.383855 grad_norm=0.443
[train] epoch=1/8 step=78/100 loss=0.377606 grad_norm=0.416
[train] epoch=1/8 step=79/100 loss=0.330008 grad_norm=0.541
[train] epoch=1/8 step=80/100 loss=0.393761 grad_norm=0.394
[train] epoch=1/8 step=81/100 loss=0.377401 grad_norm=0.362
[train] epoch=1/8 step=82/100 loss=0.407368 grad_norm=0.490
[train] epoch=1/8 step=83/100 loss=0.349915 grad_norm=0.410
[train] epoch=1/8 step=84/100 loss=0.384850 grad_norm=0.402
[train] epoch=1/8 step=85/100 loss=0.369151 grad_norm=0.418
[train] epoch=1/8 step=86/100 loss=0.394174 grad_norm=0.493
[train] epoch=1/8 step=87/100 loss=0.389220 grad_norm=0.577
[train] epoch=1/8 step=88/100 loss=0.394791 grad_norm=0.484
[train] epoch=1/8 step=89/100 loss=0.348283 grad_norm=0.590
[train] epoch=1/8 step=90/100 loss=0.410025 grad_norm=0.426
[train] epoch=1/8 step=91/100 loss=0.362681 grad_norm=0.361
[train] epoch=1/8 step=92/100 loss=0.417393 grad_norm=0.444
[train] epoch=1/8 step=93/100 loss=0.397488 grad_norm=0.650
[train] epoch=1/8 step=94/100 loss=0.390828 grad_norm=0.465
[train] epoch=1/8 step=95/100 loss=0.359958 grad_norm=0.504
[train] epoch=1/8 step=96/100 loss=0.394654 grad_norm=0.426
[train] epoch=1/8 step=97/100 loss=0.350267 grad_norm=0.594
[train] epoch=1/8 step=98/100 loss=0.364730 grad_norm=0.472
[train] epoch=1/8 step=99/100 loss=0.433286 grad_norm=0.413
[train] epoch=1/8 step=100/100 loss=0.403062 grad_norm=0.340
[epoch_summary] epoch=1/8 time_epoch=50.5s elapsed=50.5s eta=353.3s lambda_batch_div=0.000 lambda_inter_div=0.250 lambda_intra_div=0.000 selection_mode=accuracy selection_score=-0.199508 train_loss=0.501728 val_loss=0.277784 val_nmpjpe=0.199508 train_pose=0.045611 train_rel=0.085155 train_dist=0.276284 train_dir=0.108002 train_var=0.014071 train_batch_div=0.119953 train_inter_div=0.117011 train_intra_div=0.268455 val_pose=0.020754 val_rel=0.040875 val_dist=0.177893 val_dir=0.056265 val_var=0.042045 val_batch_div=0.506809 val_inter_div=0.009739 val_intra_div=0.506807 train_std=0.148441/0.163555 train_std_ratio=0.913780 val_std=0.010573/0.086730 val_std_ratio=0.144511 train_pair_dist=1.225610/1.528672 train_pair_ratio=0.805155 val_pair_dist=0.087169/0.881006 val_pair_ratio=0.116503 train_inter_pair=1.225655/1.548795 train_inter_ratio=0.794714 val_inter_pair=0.002209/0.033503 val_inter_ratio=0.001483 train_intra_pair=1.224712/0.997829 train_intra_ratio=1.243638 val_intra_pair=0.087001/0.875789 val_intra_ratio=0.116915 train_action_cls=0.000000 train_action_acc=0.000 val_action_cls=0.000000 val_action_acc=0.000 grad_norm_mean=1.053 nan_loss=False nan_grad=False actions_covered=27 envs_covered=2
[ckpt] saved_last path=C:\Users\LuvRene\OneDrive\PythonProjects\Positioning\pose_estimationV2\checkpoints\ablation_meanrms_interdiv_last.pth epoch=1
[ckpt] saved path=C:\Users\LuvRene\OneDrive\PythonProjects\Positioning\pose_estimationV2\checkpoints\ablation_meanrms_interdiv.pth epoch=1 best_selection_score=-0.199508 val_nmpjpe=0.199508
[epoch_start] epoch=2/8 train_size=160380 val_size=80190 test_size=80190 lr=3.000e-04 lambda_batch_div=0.000 lambda_inter_div=0.250 lambda_intra_div=0.000
[train] epoch=2/8 step=1/100 loss=0.377626 grad_norm=0.500
[train] epoch=2/8 step=2/100 loss=0.327582 grad_norm=0.304
[train] epoch=2/8 step=3/100 loss=0.367144 grad_norm=0.534
[train] epoch=2/8 step=4/100 loss=0.419394 grad_norm=0.494
[train] epoch=2/8 step=5/100 loss=0.394491 grad_norm=0.411
[train] epoch=2/8 step=6/100 loss=0.412342 grad_norm=0.365
[train] epoch=2/8 step=7/100 loss=0.375681 grad_norm=0.385
[train] epoch=2/8 step=8/100 loss=0.348989 grad_norm=0.595
[train] epoch=2/8 step=9/100 loss=0.396304 grad_norm=0.391
[train] epoch=2/8 step=10/100 loss=0.348718 grad_norm=0.511
[train] epoch=2/8 step=11/100 loss=0.355224 grad_norm=0.477
[train] epoch=2/8 step=12/100 loss=0.379002 grad_norm=0.471
[train] epoch=2/8 step=13/100 loss=0.375755 grad_norm=0.376
[train] epoch=2/8 step=14/100 loss=0.384519 grad_norm=0.455
[train] epoch=2/8 step=15/100 loss=0.364930 grad_norm=0.383
[train] epoch=2/8 step=16/100 loss=0.366426 grad_norm=0.371
[train] epoch=2/8 step=17/100 loss=0.381170 grad_norm=0.415
[train] epoch=2/8 step=18/100 loss=0.397880 grad_norm=0.349
[train] epoch=2/8 step=19/100 loss=0.358250 grad_norm=0.386
[train] epoch=2/8 step=20/100 loss=0.386573 grad_norm=0.470
[train] epoch=2/8 step=21/100 loss=0.389451 grad_norm=0.461
[train] epoch=2/8 step=22/100 loss=0.374459 grad_norm=0.392
[train] epoch=2/8 step=23/100 loss=0.365437 grad_norm=0.404
[train] epoch=2/8 step=24/100 loss=0.364274 grad_norm=0.336
[train] epoch=2/8 step=25/100 loss=0.349573 grad_norm=0.350
[train] epoch=2/8 step=26/100 loss=0.363677 grad_norm=0.322
[train] epoch=2/8 step=27/100 loss=0.353477 grad_norm=0.418
[train] epoch=2/8 step=28/100 loss=0.368578 grad_norm=0.524
[train] epoch=2/8 step=29/100 loss=0.378234 grad_norm=0.313
[train] epoch=2/8 step=30/100 loss=0.351264 grad_norm=0.327
[train] epoch=2/8 step=31/100 loss=0.336820 grad_norm=0.556
[train] epoch=2/8 step=32/100 loss=0.397779 grad_norm=0.374
[train] epoch=2/8 step=33/100 loss=0.393438 grad_norm=0.384
[train] epoch=2/8 step=34/100 loss=0.347759 grad_norm=0.330
[train] epoch=2/8 step=35/100 loss=0.356300 grad_norm=0.325
[train] epoch=2/8 step=36/100 loss=0.362127 grad_norm=0.320
[train] epoch=2/8 step=37/100 loss=0.407344 grad_norm=0.327
[train] epoch=2/8 step=38/100 loss=0.359908 grad_norm=0.305
[train] epoch=2/8 step=39/100 loss=0.375568 grad_norm=0.515
[train] epoch=2/8 step=40/100 loss=0.354111 grad_norm=0.398
[train] epoch=2/8 step=41/100 loss=0.394025 grad_norm=0.330
[train] epoch=2/8 step=42/100 loss=0.390415 grad_norm=0.412
[train] epoch=2/8 step=43/100 loss=0.384600 grad_norm=0.369
[train] epoch=2/8 step=44/100 loss=0.349806 grad_norm=0.324
[train] epoch=2/8 step=45/100 loss=0.347441 grad_norm=0.302
[train] epoch=2/8 step=46/100 loss=0.371066 grad_norm=0.286
[train] epoch=2/8 step=47/100 loss=0.385865 grad_norm=0.561
[train] epoch=2/8 step=48/100 loss=0.401346 grad_norm=0.341
[train] epoch=2/8 step=49/100 loss=0.416275 grad_norm=0.384
[train] epoch=2/8 step=50/100 loss=0.376342 grad_norm=0.414
[train] epoch=2/8 step=51/100 loss=0.361323 grad_norm=0.423
[train] epoch=2/8 step=52/100 loss=0.414928 grad_norm=0.417
[train] epoch=2/8 step=53/100 loss=0.357343 grad_norm=0.396
[train] epoch=2/8 step=54/100 loss=0.372799 grad_norm=0.336
[train] epoch=2/8 step=55/100 loss=0.370171 grad_norm=0.431
[train] epoch=2/8 step=56/100 loss=0.383728 grad_norm=0.403
[train] epoch=2/8 step=57/100 loss=0.393247 grad_norm=0.432
[train] epoch=2/8 step=58/100 loss=0.356958 grad_norm=0.403
[train] epoch=2/8 step=59/100 loss=0.362199 grad_norm=0.395
[train] epoch=2/8 step=60/100 loss=0.382123 grad_norm=0.538
[train] epoch=2/8 step=61/100 loss=0.343380 grad_norm=0.419
[train] epoch=2/8 step=62/100 loss=0.369586 grad_norm=0.327
[train] epoch=2/8 step=63/100 loss=0.388575 grad_norm=0.369
[train] epoch=2/8 step=64/100 loss=0.370823 grad_norm=0.400
[train] epoch=2/8 step=65/100 loss=0.354553 grad_norm=0.390
[train] epoch=2/8 step=66/100 loss=0.346132 grad_norm=0.329
[train] epoch=2/8 step=67/100 loss=0.347156 grad_norm=0.321
[train] epoch=2/8 step=68/100 loss=0.406536 grad_norm=0.321
[train] epoch=2/8 step=69/100 loss=0.398681 grad_norm=0.478
[train] epoch=2/8 step=70/100 loss=0.413797 grad_norm=0.313
[train] epoch=2/8 step=71/100 loss=0.383324 grad_norm=0.279
[train] epoch=2/8 step=72/100 loss=0.352938 grad_norm=0.338
[train] epoch=2/8 step=73/100 loss=0.367497 grad_norm=0.422
[train] epoch=2/8 step=74/100 loss=0.367738 grad_norm=0.319
[train] epoch=2/8 step=75/100 loss=0.346319 grad_norm=0.265
[train] epoch=2/8 step=76/100 loss=0.376323 grad_norm=0.384
[train] epoch=2/8 step=77/100 loss=0.371736 grad_norm=0.358
[train] epoch=2/8 step=78/100 loss=0.364767 grad_norm=0.441
[train] epoch=2/8 step=79/100 loss=0.348913 grad_norm=0.355
[train] epoch=2/8 step=80/100 loss=0.402776 grad_norm=0.395
[train] epoch=2/8 step=81/100 loss=0.376393 grad_norm=0.472
[train] epoch=2/8 step=82/100 loss=0.356562 grad_norm=0.400
[train] epoch=2/8 step=83/100 loss=0.359228 grad_norm=0.536
[train] epoch=2/8 step=84/100 loss=0.344970 grad_norm=0.344
[train] epoch=2/8 step=85/100 loss=0.365247 grad_norm=0.437
[train] epoch=2/8 step=86/100 loss=0.378628 grad_norm=0.451
[train] epoch=2/8 step=87/100 loss=0.373456 grad_norm=0.494
[train] epoch=2/8 step=88/100 loss=0.376625 grad_norm=0.361
[train] epoch=2/8 step=89/100 loss=0.348589 grad_norm=0.347
[train] epoch=2/8 step=90/100 loss=0.366335 grad_norm=0.303
[train] epoch=2/8 step=91/100 loss=0.369003 grad_norm=0.470
[train] epoch=2/8 step=92/100 loss=0.354167 grad_norm=0.404
[train] epoch=2/8 step=93/100 loss=0.392191 grad_norm=0.439
[train] epoch=2/8 step=94/100 loss=0.386543 grad_norm=0.464
[train] epoch=2/8 step=95/100 loss=0.390740 grad_norm=0.450
[train] epoch=2/8 step=96/100 loss=0.366641 grad_norm=0.348
[train] epoch=2/8 step=97/100 loss=0.347567 grad_norm=0.283
[train] epoch=2/8 step=98/100 loss=0.348279 grad_norm=0.413
[train] epoch=2/8 step=99/100 loss=0.331593 grad_norm=0.384
[train] epoch=2/8 step=100/100 loss=0.367525 grad_norm=0.414
[epoch_summary] epoch=2/8 time_epoch=54.4s elapsed=104.9s eta=314.7s lambda_batch_div=0.000 lambda_inter_div=0.250 lambda_intra_div=0.000 selection_mode=accuracy selection_score=-0.205691 train_loss=0.371614 val_loss=0.282405 val_nmpjpe=0.205691 train_pose=0.027517 train_rel=0.053163 train_dist=0.206982 train_dir=0.068588 train_var=0.022321 train_batch_div=0.169152 train_inter_div=0.167783 train_intra_div=0.206074 val_pose=0.021541 val_rel=0.041682 val_dist=0.181459 val_dir=0.056414 val_var=0.032305 val_batch_div=0.443072 val_inter_div=0.008600 val_intra_div=0.443064 train_std=0.109091/0.167053 train_std_ratio=0.656517 val_std=0.024987/0.086730 val_std_ratio=0.340054 train_pair_dist=0.905143/1.551489 train_pair_ratio=0.585303 val_pair_dist=0.189110/0.881006 val_pair_ratio=0.252614 train_inter_pair=0.905081/1.572310 train_inter_ratio=0.577515 val_inter_pair=0.004608/0.033503 val_inter_ratio=0.003087 train_intra_pair=0.906937/1.019661 train_intra_ratio=0.899581 val_intra_pair=0.188743/0.875789 val_intra_ratio=0.253441 train_action_cls=0.000000 train_action_acc=0.000 val_action_cls=0.000000 val_action_acc=0.000 grad_norm_mean=0.397 nan_loss=False nan_grad=False actions_covered=27 envs_covered=2
[ckpt] saved_last path=C:\Users\LuvRene\OneDrive\PythonProjects\Positioning\pose_estimationV2\checkpoints\ablation_meanrms_interdiv_last.pth epoch=2
[ckpt] no_improve best_epoch=1 best_selection_score=-0.199508 best_val_nmpjpe=0.199508
[epoch_start] epoch=3/8 train_size=160380 val_size=80190 test_size=80190 lr=3.000e-04 lambda_batch_div=0.000 lambda_inter_div=0.250 lambda_intra_div=0.000
[train] epoch=3/8 step=1/100 loss=0.382694 grad_norm=0.494
[train] epoch=3/8 step=2/100 loss=0.368681 grad_norm=0.368
[train] epoch=3/8 step=3/100 loss=0.344679 grad_norm=0.525
[train] epoch=3/8 step=4/100 loss=0.333020 grad_norm=0.334
[train] epoch=3/8 step=5/100 loss=0.323237 grad_norm=0.366
[train] epoch=3/8 step=6/100 loss=0.339663 grad_norm=0.385
[train] epoch=3/8 step=7/100 loss=0.369864 grad_norm=0.413
[train] epoch=3/8 step=8/100 loss=0.343380 grad_norm=0.418
[train] epoch=3/8 step=9/100 loss=0.352500 grad_norm=0.283
[train] epoch=3/8 step=10/100 loss=0.372727 grad_norm=0.579
[train] epoch=3/8 step=11/100 loss=0.372992 grad_norm=0.478
[train] epoch=3/8 step=12/100 loss=0.352161 grad_norm=0.318
[train] epoch=3/8 step=13/100 loss=0.368547 grad_norm=0.416
[train] epoch=3/8 step=14/100 loss=0.421252 grad_norm=0.384
[train] epoch=3/8 step=15/100 loss=0.372531 grad_norm=0.297
[train] epoch=3/8 step=16/100 loss=0.362812 grad_norm=0.405
[train] epoch=3/8 step=17/100 loss=0.357171 grad_norm=0.326
[train] epoch=3/8 step=18/100 loss=0.369015 grad_norm=0.294
[train] epoch=3/8 step=19/100 loss=0.342222 grad_norm=0.320
[train] epoch=3/8 step=20/100 loss=0.369238 grad_norm=0.273
[train] epoch=3/8 step=21/100 loss=0.365447 grad_norm=0.367
[train] epoch=3/8 step=22/100 loss=0.317740 grad_norm=0.266
[train] epoch=3/8 step=23/100 loss=0.370568 grad_norm=0.447
[train] epoch=3/8 step=24/100 loss=0.348601 grad_norm=0.347
[train] epoch=3/8 step=25/100 loss=0.383778 grad_norm=0.340
[train] epoch=3/8 step=26/100 loss=0.337274 grad_norm=0.390
[train] epoch=3/8 step=27/100 loss=0.355260 grad_norm=0.261
[train] epoch=3/8 step=28/100 loss=0.379797 grad_norm=0.362
[train] epoch=3/8 step=29/100 loss=0.332764 grad_norm=0.287
[train] epoch=3/8 step=30/100 loss=0.358734 grad_norm=0.307
[train] epoch=3/8 step=31/100 loss=0.407653 grad_norm=0.527
[train] epoch=3/8 step=32/100 loss=0.364608 grad_norm=0.439
[train] epoch=3/8 step=33/100 loss=0.362217 grad_norm=0.385
[train] epoch=3/8 step=34/100 loss=0.385434 grad_norm=0.334
[train] epoch=3/8 step=35/100 loss=0.405641 grad_norm=0.303
[train] epoch=3/8 step=36/100 loss=0.418106 grad_norm=0.649
[train] epoch=3/8 step=37/100 loss=0.371364 grad_norm=0.414
[train] epoch=3/8 step=38/100 loss=0.381492 grad_norm=0.295
[train] epoch=3/8 step=39/100 loss=0.356106 grad_norm=0.295
[train] epoch=3/8 step=40/100 loss=0.395151 grad_norm=0.781
[train] epoch=3/8 step=41/100 loss=0.348374 grad_norm=0.501
[train] epoch=3/8 step=42/100 loss=0.356279 grad_norm=0.336
[train] epoch=3/8 step=43/100 loss=0.374041 grad_norm=0.285
[train] epoch=3/8 step=44/100 loss=0.355808 grad_norm=0.383
[train] epoch=3/8 step=45/100 loss=0.375435 grad_norm=0.376
[train] epoch=3/8 step=46/100 loss=0.362053 grad_norm=0.580
[train] epoch=3/8 step=47/100 loss=0.359225 grad_norm=0.501
[train] epoch=3/8 step=48/100 loss=0.363317 grad_norm=0.357
[train] epoch=3/8 step=49/100 loss=0.353304 grad_norm=0.472
[train] epoch=3/8 step=50/100 loss=0.344134 grad_norm=0.324
[train] epoch=3/8 step=51/100 loss=0.369120 grad_norm=0.452
[train] epoch=3/8 step=52/100 loss=0.420470 grad_norm=0.529
[train] epoch=3/8 step=53/100 loss=0.378397 grad_norm=0.327
[train] epoch=3/8 step=54/100 loss=0.338268 grad_norm=0.278
[train] epoch=3/8 step=55/100 loss=0.335079 grad_norm=0.497
[train] epoch=3/8 step=56/100 loss=0.318296 grad_norm=0.604
[train] epoch=3/8 step=57/100 loss=0.384969 grad_norm=0.350
[train] epoch=3/8 step=58/100 loss=0.359379 grad_norm=0.778
[train] epoch=3/8 step=59/100 loss=0.335702 grad_norm=0.418
[train] epoch=3/8 step=60/100 loss=0.398376 grad_norm=0.359
[train] epoch=3/8 step=61/100 loss=0.348920 grad_norm=0.344
[train] epoch=3/8 step=62/100 loss=0.360409 grad_norm=0.390
[train] epoch=3/8 step=63/100 loss=0.356107 grad_norm=0.270
[train] epoch=3/8 step=64/100 loss=0.368363 grad_norm=0.344
[train] epoch=3/8 step=65/100 loss=0.349309 grad_norm=0.284
[train] epoch=3/8 step=66/100 loss=0.368459 grad_norm=0.470
[train] epoch=3/8 step=67/100 loss=0.326949 grad_norm=0.376
[train] epoch=3/8 step=68/100 loss=0.326040 grad_norm=0.326
[train] epoch=3/8 step=69/100 loss=0.334046 grad_norm=0.340
[train] epoch=3/8 step=70/100 loss=0.335841 grad_norm=0.409
[train] epoch=3/8 step=71/100 loss=0.360555 grad_norm=0.321
[train] epoch=3/8 step=72/100 loss=0.350894 grad_norm=0.305
[train] epoch=3/8 step=73/100 loss=0.369259 grad_norm=0.302
[train] epoch=3/8 step=74/100 loss=0.363711 grad_norm=0.356
[train] epoch=3/8 step=75/100 loss=0.360756 grad_norm=0.321
[train] epoch=3/8 step=76/100 loss=0.353660 grad_norm=0.299
[train] epoch=3/8 step=77/100 loss=0.337930 grad_norm=0.253
[train] epoch=3/8 step=78/100 loss=0.329422 grad_norm=0.542
[train] epoch=3/8 step=79/100 loss=0.395396 grad_norm=0.370
[train] epoch=3/8 step=80/100 loss=0.351523 grad_norm=0.325
[train] epoch=3/8 step=81/100 loss=0.370299 grad_norm=0.275
[train] epoch=3/8 step=82/100 loss=0.347679 grad_norm=0.608
[train] epoch=3/8 step=83/100 loss=0.330305 grad_norm=0.297
[train] epoch=3/8 step=84/100 loss=0.376195 grad_norm=0.400
[train] epoch=3/8 step=85/100 loss=0.367323 grad_norm=0.315
[train] epoch=3/8 step=86/100 loss=0.333051 grad_norm=0.283
[train] epoch=3/8 step=87/100 loss=0.348144 grad_norm=0.431
[train] epoch=3/8 step=88/100 loss=0.353873 grad_norm=0.326
[train] epoch=3/8 step=89/100 loss=0.370335 grad_norm=0.426
[train] epoch=3/8 step=90/100 loss=0.339735 grad_norm=0.292
[train] epoch=3/8 step=91/100 loss=0.351569 grad_norm=0.331
[train] epoch=3/8 step=92/100 loss=0.394943 grad_norm=0.284
[train] epoch=3/8 step=93/100 loss=0.375869 grad_norm=0.290
[train] epoch=3/8 step=94/100 loss=0.306290 grad_norm=0.409
[train] epoch=3/8 step=95/100 loss=0.360661 grad_norm=0.481
[train] epoch=3/8 step=96/100 loss=0.365624 grad_norm=0.345
[train] epoch=3/8 step=97/100 loss=0.372051 grad_norm=0.290
[train] epoch=3/8 step=98/100 loss=0.390097 grad_norm=0.336
[train] epoch=3/8 step=99/100 loss=0.343216 grad_norm=0.368
[train] epoch=3/8 step=100/100 loss=0.352804 grad_norm=0.345
[epoch_summary] epoch=3/8 time_epoch=55.8s elapsed=160.7s eta=267.8s lambda_batch_div=0.000 lambda_inter_div=0.250 lambda_intra_div=0.000 selection_mode=accuracy selection_score=-0.240147 train_loss=0.360438 val_loss=0.279677 val_nmpjpe=0.240147 train_pose=0.028674 train_rel=0.051461 train_dist=0.199947 train_dir=0.067024 train_var=0.020075 train_batch_div=0.158015 train_inter_div=0.156249 train_intra_div=0.224363 val_pose=0.025326 val_rel=0.041928 val_dist=0.175376 val_dir=0.056352 val_var=0.021744 val_batch_div=0.429448 val_inter_div=0.006639 val_intra_div=0.430456 train_std=0.117687/0.166493 train_std_ratio=0.711644 val_std=0.059845/0.086730 val_std_ratio=0.817947 train_pair_dist=0.975462/1.550550 train_pair_ratio=0.631571 val_pair_dist=0.431184/0.881006 val_pair_ratio=0.575995 train_inter_pair=0.975661/1.571606 train_inter_ratio=0.623205 val_inter_pair=0.010799/0.033503 val_inter_ratio=0.007193 train_intra_pair=0.969765/1.003298 train_intra_ratio=0.982382 val_intra_pair=0.430235/0.875789 val_intra_ratio=0.577770 train_action_cls=0.000000 train_action_acc=0.000 val_action_cls=0.000000 val_action_acc=0.000 grad_norm_mean=0.383 nan_loss=False nan_grad=False actions_covered=27 envs_covered=2
[ckpt] saved_last path=C:\Users\LuvRene\OneDrive\PythonProjects\Positioning\pose_estimationV2\checkpoints\ablation_meanrms_interdiv_last.pth epoch=3
[ckpt] no_improve best_epoch=1 best_selection_score=-0.199508 best_val_nmpjpe=0.199508
[epoch_start] epoch=4/8 train_size=160380 val_size=80190 test_size=80190 lr=3.000e-04 lambda_batch_div=0.000 lambda_inter_div=0.250 lambda_intra_div=0.000
[train] epoch=4/8 step=1/100 loss=0.371038 grad_norm=0.372
[train] epoch=4/8 step=2/100 loss=0.368054 grad_norm=0.252
[train] epoch=4/8 step=3/100 loss=0.354343 grad_norm=0.276
[train] epoch=4/8 step=4/100 loss=0.354973 grad_norm=0.249
[train] epoch=4/8 step=5/100 loss=0.345935 grad_norm=0.492
[train] epoch=4/8 step=6/100 loss=0.361388 grad_norm=0.417
[train] epoch=4/8 step=7/100 loss=0.376965 grad_norm=0.316
[train] epoch=4/8 step=8/100 loss=0.348836 grad_norm=0.347
[train] epoch=4/8 step=9/100 loss=0.326114 grad_norm=0.398
[train] epoch=4/8 step=10/100 loss=0.343684 grad_norm=0.266
[train] epoch=4/8 step=11/100 loss=0.384524 grad_norm=0.362
[train] epoch=4/8 step=12/100 loss=0.346482 grad_norm=0.423
[train] epoch=4/8 step=13/100 loss=0.357388 grad_norm=0.507
[train] epoch=4/8 step=14/100 loss=0.350190 grad_norm=0.229
[train] epoch=4/8 step=15/100 loss=0.345479 grad_norm=0.363
[train] epoch=4/8 step=16/100 loss=0.368495 grad_norm=0.382
[train] epoch=4/8 step=17/100 loss=0.305106 grad_norm=0.352
[train] epoch=4/8 step=18/100 loss=0.321092 grad_norm=0.312
[train] epoch=4/8 step=19/100 loss=0.336338 grad_norm=0.273
[train] epoch=4/8 step=20/100 loss=0.384529 grad_norm=0.454
[train] epoch=4/8 step=21/100 loss=0.392042 grad_norm=0.383
[train] epoch=4/8 step=22/100 loss=0.310449 grad_norm=0.223
[train] epoch=4/8 step=23/100 loss=0.367884 grad_norm=0.366
[train] epoch=4/8 step=24/100 loss=0.339782 grad_norm=0.307
[train] epoch=4/8 step=25/100 loss=0.368773 grad_norm=0.270
[train] epoch=4/8 step=26/100 loss=0.361816 grad_norm=0.358
[train] epoch=4/8 step=27/100 loss=0.347634 grad_norm=0.391
[train] epoch=4/8 step=28/100 loss=0.329589 grad_norm=0.425
[train] epoch=4/8 step=29/100 loss=0.329082 grad_norm=0.258
[train] epoch=4/8 step=30/100 loss=0.376021 grad_norm=0.466
[train] epoch=4/8 step=31/100 loss=0.353500 grad_norm=0.372
[train] epoch=4/8 step=32/100 loss=0.378854 grad_norm=0.271
[train] epoch=4/8 step=33/100 loss=0.366327 grad_norm=0.327
[train] epoch=4/8 step=34/100 loss=0.326986 grad_norm=0.363
[train] epoch=4/8 step=35/100 loss=0.362602 grad_norm=0.342
[train] epoch=4/8 step=36/100 loss=0.347967 grad_norm=0.334
[train] epoch=4/8 step=37/100 loss=0.363930 grad_norm=0.291
[train] epoch=4/8 step=38/100 loss=0.371392 grad_norm=0.401
[train] epoch=4/8 step=39/100 loss=0.338303 grad_norm=0.422
[train] epoch=4/8 step=40/100 loss=0.344766 grad_norm=0.321
[train] epoch=4/8 step=41/100 loss=0.345191 grad_norm=0.213
[train] epoch=4/8 step=42/100 loss=0.333425 grad_norm=0.486
[train] epoch=4/8 step=43/100 loss=0.363108 grad_norm=0.530
[train] epoch=4/8 step=44/100 loss=0.351280 grad_norm=0.462
[train] epoch=4/8 step=45/100 loss=0.325731 grad_norm=0.295
[train] epoch=4/8 step=46/100 loss=0.401145 grad_norm=0.526
[train] epoch=4/8 step=47/100 loss=0.360114 grad_norm=0.697
[train] epoch=4/8 step=48/100 loss=0.374699 grad_norm=0.299
[train] epoch=4/8 step=49/100 loss=0.331704 grad_norm=0.341
[train] epoch=4/8 step=50/100 loss=0.345919 grad_norm=0.635
[train] epoch=4/8 step=51/100 loss=0.377346 grad_norm=0.572
[train] epoch=4/8 step=52/100 loss=0.352257 grad_norm=0.306
[train] epoch=4/8 step=53/100 loss=0.397268 grad_norm=0.349
[train] epoch=4/8 step=54/100 loss=0.324293 grad_norm=0.255
[train] epoch=4/8 step=55/100 loss=0.381838 grad_norm=0.258
[train] epoch=4/8 step=56/100 loss=0.334388 grad_norm=0.458
[train] epoch=4/8 step=57/100 loss=0.358664 grad_norm=0.373
[train] epoch=4/8 step=58/100 loss=0.322026 grad_norm=0.408
[train] epoch=4/8 step=59/100 loss=0.342797 grad_norm=0.287
[train] epoch=4/8 step=60/100 loss=0.350107 grad_norm=0.300
[train] epoch=4/8 step=61/100 loss=0.320823 grad_norm=0.333
[train] epoch=4/8 step=62/100 loss=0.312066 grad_norm=0.280
[train] epoch=4/8 step=63/100 loss=0.348065 grad_norm=0.354
[train] epoch=4/8 step=64/100 loss=0.387370 grad_norm=0.592
[train] epoch=4/8 step=65/100 loss=0.337631 grad_norm=0.370
[train] epoch=4/8 step=66/100 loss=0.327073 grad_norm=0.319
[train] epoch=4/8 step=67/100 loss=0.351842 grad_norm=0.291
[train] epoch=4/8 step=68/100 loss=0.294098 grad_norm=0.367
[train] epoch=4/8 step=69/100 loss=0.360096 grad_norm=0.341
[train] epoch=4/8 step=70/100 loss=0.316366 grad_norm=0.441
[train] epoch=4/8 step=71/100 loss=0.329277 grad_norm=0.369
[train] epoch=4/8 step=72/100 loss=0.356390 grad_norm=0.477
[train] epoch=4/8 step=73/100 loss=0.359926 grad_norm=0.477
[train] epoch=4/8 step=74/100 loss=0.346435 grad_norm=0.473
[train] epoch=4/8 step=75/100 loss=0.342258 grad_norm=0.353
[train] epoch=4/8 step=76/100 loss=0.360416 grad_norm=0.670
[train] epoch=4/8 step=77/100 loss=0.336452 grad_norm=0.480
[train] epoch=4/8 step=78/100 loss=0.372144 grad_norm=0.383
[train] epoch=4/8 step=79/100 loss=0.347671 grad_norm=0.354
[train] epoch=4/8 step=80/100 loss=0.313611 grad_norm=0.305
[train] epoch=4/8 step=81/100 loss=0.368936 grad_norm=0.574
[train] epoch=4/8 step=82/100 loss=0.362678 grad_norm=0.299
[train] epoch=4/8 step=83/100 loss=0.336629 grad_norm=0.349
[train] epoch=4/8 step=84/100 loss=0.355561 grad_norm=0.437
[train] epoch=4/8 step=85/100 loss=0.355627 grad_norm=0.313
[train] epoch=4/8 step=86/100 loss=0.391892 grad_norm=0.389
[train] epoch=4/8 step=87/100 loss=0.335101 grad_norm=0.290
[train] epoch=4/8 step=88/100 loss=0.359379 grad_norm=0.251
[train] epoch=4/8 step=89/100 loss=0.348877 grad_norm=0.249
[train] epoch=4/8 step=90/100 loss=0.322236 grad_norm=0.313
[train] epoch=4/8 step=91/100 loss=0.337078 grad_norm=0.291
[train] epoch=4/8 step=92/100 loss=0.351436 grad_norm=0.253
[train] epoch=4/8 step=93/100 loss=0.367853 grad_norm=0.361
[train] epoch=4/8 step=94/100 loss=0.369033 grad_norm=0.284
[train] epoch=4/8 step=95/100 loss=0.353682 grad_norm=0.355
[train] epoch=4/8 step=96/100 loss=0.357247 grad_norm=0.298
[train] epoch=4/8 step=97/100 loss=0.324068 grad_norm=0.488
[train] epoch=4/8 step=98/100 loss=0.348632 grad_norm=0.632
[train] epoch=4/8 step=99/100 loss=0.370581 grad_norm=0.293
[train] epoch=4/8 step=100/100 loss=0.360706 grad_norm=0.314
[epoch_summary] epoch=4/8 time_epoch=55.7s elapsed=216.4s eta=216.4s lambda_batch_div=0.000 lambda_inter_div=0.250 lambda_intra_div=0.000 selection_mode=accuracy selection_score=-0.237291 train_loss=0.350992 val_loss=0.278905 val_nmpjpe=0.237291 train_pose=0.029292 train_rel=0.049395 train_dist=0.192132 train_dir=0.065295 train_var=0.020240 train_batch_div=0.160380 train_inter_div=0.158305 train_intra_div=0.242808 val_pose=0.025099 val_rel=0.040997 val_dist=0.175380 val_dir=0.056215 val_var=0.022708 val_batch_div=0.438993 val_inter_div=0.006846 val_intra_div=0.440001 train_std=0.121054/0.166824 train_std_ratio=0.729953 val_std=0.058759/0.086730 val_std_ratio=0.802131 train_pair_dist=1.003704/1.547775 train_pair_ratio=0.650957 val_pair_dist=0.429700/0.881006 val_pair_ratio=0.574094 train_inter_pair=1.003697/1.568699 train_inter_ratio=0.642261 val_inter_pair=0.010526/0.033503 val_inter_ratio=0.007019 train_intra_pair=1.003637/1.012850 train_intra_ratio=1.005920 val_intra_pair=0.428773/0.875789 val_intra_ratio=0.575823 train_action_cls=0.000000 train_action_acc=0.000 val_action_cls=0.000000 val_action_acc=0.000 grad_norm_mean=0.370 nan_loss=False nan_grad=False actions_covered=27 envs_covered=2
[ckpt] saved_last path=C:\Users\LuvRene\OneDrive\PythonProjects\Positioning\pose_estimationV2\checkpoints\ablation_meanrms_interdiv_last.pth epoch=4
[ckpt] no_improve best_epoch=1 best_selection_score=-0.199508 best_val_nmpjpe=0.199508
[epoch_start] epoch=5/8 train_size=160380 val_size=80190 test_size=80190 lr=3.000e-04 lambda_batch_div=0.000 lambda_inter_div=0.250 lambda_intra_div=0.000
[train] epoch=5/8 step=1/100 loss=0.337098 grad_norm=0.373
[train] epoch=5/8 step=2/100 loss=0.340795 grad_norm=0.524
[train] epoch=5/8 step=3/100 loss=0.357363 grad_norm=0.464
[train] epoch=5/8 step=4/100 loss=0.347504 grad_norm=0.298
[train] epoch=5/8 step=5/100 loss=0.351487 grad_norm=0.523
[train] epoch=5/8 step=6/100 loss=0.325638 grad_norm=0.273
[train] epoch=5/8 step=7/100 loss=0.352130 grad_norm=0.352
[train] epoch=5/8 step=8/100 loss=0.334653 grad_norm=0.267
[train] epoch=5/8 step=9/100 loss=0.340569 grad_norm=0.345
[train] epoch=5/8 step=10/100 loss=0.326967 grad_norm=0.257
[train] epoch=5/8 step=11/100 loss=0.322975 grad_norm=0.323
[train] epoch=5/8 step=12/100 loss=0.389247 grad_norm=0.416
[train] epoch=5/8 step=13/100 loss=0.382518 grad_norm=0.383
[train] epoch=5/8 step=14/100 loss=0.363878 grad_norm=0.249
[train] epoch=5/8 step=15/100 loss=0.351220 grad_norm=0.316
[train] epoch=5/8 step=16/100 loss=0.357348 grad_norm=0.225
[train] epoch=5/8 step=17/100 loss=0.388624 grad_norm=0.304
[train] epoch=5/8 step=18/100 loss=0.381211 grad_norm=0.295
[train] epoch=5/8 step=19/100 loss=0.362030 grad_norm=0.281
[train] epoch=5/8 step=20/100 loss=0.339072 grad_norm=0.515
[train] epoch=5/8 step=21/100 loss=0.323469 grad_norm=0.394
[train] epoch=5/8 step=22/100 loss=0.350494 grad_norm=0.352
[train] epoch=5/8 step=23/100 loss=0.322126 grad_norm=0.651
[train] epoch=5/8 step=24/100 loss=0.326198 grad_norm=0.444
[train] epoch=5/8 step=25/100 loss=0.308037 grad_norm=0.443
[train] epoch=5/8 step=26/100 loss=0.336682 grad_norm=0.305
[train] epoch=5/8 step=27/100 loss=0.306166 grad_norm=0.372
[train] epoch=5/8 step=28/100 loss=0.340570 grad_norm=0.477
[train] epoch=5/8 step=29/100 loss=0.376643 grad_norm=0.798
[train] epoch=5/8 step=30/100 loss=0.332436 grad_norm=0.409
[train] epoch=5/8 step=31/100 loss=0.387754 grad_norm=0.416
[train] epoch=5/8 step=32/100 loss=0.354535 grad_norm=0.403
[train] epoch=5/8 step=33/100 loss=0.346732 grad_norm=0.715
[train] epoch=5/8 step=34/100 loss=0.386411 grad_norm=0.578
[train] epoch=5/8 step=35/100 loss=0.353514 grad_norm=0.290
[train] epoch=5/8 step=36/100 loss=0.357984 grad_norm=0.352
[train] epoch=5/8 step=37/100 loss=0.359036 grad_norm=0.622
[train] epoch=5/8 step=38/100 loss=0.305171 grad_norm=0.667
[train] epoch=5/8 step=39/100 loss=0.400979 grad_norm=0.431
[train] epoch=5/8 step=40/100 loss=0.339084 grad_norm=0.261
[train] epoch=5/8 step=41/100 loss=0.328290 grad_norm=0.396
[train] epoch=5/8 step=42/100 loss=0.339400 grad_norm=0.475
[train] epoch=5/8 step=43/100 loss=0.363959 grad_norm=0.656
[train] epoch=5/8 step=44/100 loss=0.341868 grad_norm=0.379
[train] epoch=5/8 step=45/100 loss=0.340569 grad_norm=0.319
[train] epoch=5/8 step=46/100 loss=0.362661 grad_norm=0.651
[train] epoch=5/8 step=47/100 loss=0.392945 grad_norm=0.575
[train] epoch=5/8 step=48/100 loss=0.314377 grad_norm=0.442
[train] epoch=5/8 step=49/100 loss=0.361511 grad_norm=0.322
[train] epoch=5/8 step=50/100 loss=0.343947 grad_norm=0.538
[train] epoch=5/8 step=51/100 loss=0.334698 grad_norm=0.556
[train] epoch=5/8 step=52/100 loss=0.332837 grad_norm=0.535
[train] epoch=5/8 step=53/100 loss=0.307605 grad_norm=0.270
[train] epoch=5/8 step=54/100 loss=0.347229 grad_norm=0.603
[train] epoch=5/8 step=55/100 loss=0.332949 grad_norm=0.469
[train] epoch=5/8 step=56/100 loss=0.328170 grad_norm=0.409
[train] epoch=5/8 step=57/100 loss=0.387735 grad_norm=0.358
[train] epoch=5/8 step=58/100 loss=0.285729 grad_norm=0.312
[train] epoch=5/8 step=59/100 loss=0.355549 grad_norm=0.518
[train] epoch=5/8 step=60/100 loss=0.344872 grad_norm=0.461
[train] epoch=5/8 step=61/100 loss=0.367377 grad_norm=0.330
[train] epoch=5/8 step=62/100 loss=0.338940 grad_norm=0.266
[train] epoch=5/8 step=63/100 loss=0.324111 grad_norm=0.379
[train] epoch=5/8 step=64/100 loss=0.356456 grad_norm=0.600
[train] epoch=5/8 step=65/100 loss=0.362367 grad_norm=0.314
[train] epoch=5/8 step=66/100 loss=0.353737 grad_norm=0.257
[train] epoch=5/8 step=67/100 loss=0.339655 grad_norm=0.324
[train] epoch=5/8 step=68/100 loss=0.335491 grad_norm=0.339
[train] epoch=5/8 step=69/100 loss=0.327001 grad_norm=0.248
[train] epoch=5/8 step=70/100 loss=0.335012 grad_norm=0.219
[train] epoch=5/8 step=71/100 loss=0.341673 grad_norm=0.239
[train] epoch=5/8 step=72/100 loss=0.336673 grad_norm=0.382
[train] epoch=5/8 step=73/100 loss=0.342567 grad_norm=0.280
[train] epoch=5/8 step=74/100 loss=0.382834 grad_norm=0.306
[train] epoch=5/8 step=75/100 loss=0.333234 grad_norm=0.261
[train] epoch=5/8 step=76/100 loss=0.326307 grad_norm=0.413
[train] epoch=5/8 step=77/100 loss=0.339975 grad_norm=0.281
[train] epoch=5/8 step=78/100 loss=0.368031 grad_norm=0.483
[train] epoch=5/8 step=79/100 loss=0.360649 grad_norm=0.321
[train] epoch=5/8 step=80/100 loss=0.323159 grad_norm=0.284
[train] epoch=5/8 step=81/100 loss=0.303225 grad_norm=0.572
[train] epoch=5/8 step=82/100 loss=0.361935 grad_norm=0.526
[train] epoch=5/8 step=83/100 loss=0.351244 grad_norm=0.235
[train] epoch=5/8 step=84/100 loss=0.382947 grad_norm=0.311
[train] epoch=5/8 step=85/100 loss=0.385235 grad_norm=0.302
[train] epoch=5/8 step=86/100 loss=0.332742 grad_norm=0.591
[train] epoch=5/8 step=87/100 loss=0.340347 grad_norm=0.356
[train] epoch=5/8 step=88/100 loss=0.320479 grad_norm=0.284
[train] epoch=5/8 step=89/100 loss=0.347026 grad_norm=0.269
[train] epoch=5/8 step=90/100 loss=0.330999 grad_norm=0.248
[train] epoch=5/8 step=91/100 loss=0.342960 grad_norm=0.316
[train] epoch=5/8 step=92/100 loss=0.339130 grad_norm=0.507
[train] epoch=5/8 step=93/100 loss=0.318342 grad_norm=0.312
[train] epoch=5/8 step=94/100 loss=0.359000 grad_norm=0.289
[train] epoch=5/8 step=95/100 loss=0.382191 grad_norm=0.318
[train] epoch=5/8 step=96/100 loss=0.343118 grad_norm=0.265
[train] epoch=5/8 step=97/100 loss=0.345636 grad_norm=0.195
[train] epoch=5/8 step=98/100 loss=0.343019 grad_norm=0.317
[train] epoch=5/8 step=99/100 loss=0.346762 grad_norm=0.315
[train] epoch=5/8 step=100/100 loss=0.329327 grad_norm=0.270
[epoch_summary] epoch=5/8 time_epoch=55.7s elapsed=272.1s eta=163.3s lambda_batch_div=0.000 lambda_inter_div=0.250 lambda_intra_div=0.000 selection_mode=accuracy selection_score=-0.245973 train_loss=0.346142 val_loss=0.271338 val_nmpjpe=0.245973 train_pose=0.029312 train_rel=0.048045 train_dist=0.188849 train_dir=0.064141 train_var=0.020507 train_batch_div=0.161535 train_inter_div=0.159268 train_intra_div=0.254045 val_pose=0.025913 val_rel=0.040072 val_dist=0.167869 val_dir=0.055952 val_var=0.021667 val_batch_div=0.445398 val_inter_div=0.006274 val_intra_div=0.446706 train_std=0.121038/0.165038 train_std_ratio=0.738557 val_std=0.067082/0.086730 val_std_ratio=0.916185 train_pair_dist=1.005319/1.541229 train_pair_ratio=0.655003 val_pair_dist=0.507473/0.881006 val_pair_ratio=0.677918 train_inter_pair=1.005726/1.561947 train_inter_ratio=0.646561 val_inter_pair=0.012671/0.033503 val_inter_ratio=0.008443 train_intra_pair=0.993992/1.008197 train_intra_ratio=1.000433 val_intra_pair=0.506379/0.875789 val_intra_ratio=0.680050 train_action_cls=0.000000 train_action_acc=0.000 val_action_cls=0.000000 val_action_acc=0.000 grad_norm_mean=0.389 nan_loss=False nan_grad=False actions_covered=27 envs_covered=2
[ckpt] saved_last path=C:\Users\LuvRene\OneDrive\PythonProjects\Positioning\pose_estimationV2\checkpoints\ablation_meanrms_interdiv_last.pth epoch=5
[ckpt] no_improve best_epoch=1 best_selection_score=-0.199508 best_val_nmpjpe=0.199508
[epoch_start] epoch=6/8 train_size=160380 val_size=80190 test_size=80190 lr=3.000e-04 lambda_batch_div=0.000 lambda_inter_div=0.250 lambda_intra_div=0.000
[train] epoch=6/8 step=1/100 loss=0.350503 grad_norm=0.417
[train] epoch=6/8 step=2/100 loss=0.345509 grad_norm=0.329
[train] epoch=6/8 step=3/100 loss=0.349326 grad_norm=0.258
[train] epoch=6/8 step=4/100 loss=0.358738 grad_norm=0.358
[train] epoch=6/8 step=5/100 loss=0.317892 grad_norm=0.235
[train] epoch=6/8 step=6/100 loss=0.358317 grad_norm=0.489
[train] epoch=6/8 step=7/100 loss=0.366410 grad_norm=0.275
[train] epoch=6/8 step=8/100 loss=0.354790 grad_norm=0.277
[train] epoch=6/8 step=9/100 loss=0.354451 grad_norm=0.409
[train] epoch=6/8 step=10/100 loss=0.321282 grad_norm=0.346
[train] epoch=6/8 step=11/100 loss=0.314144 grad_norm=0.277
[train] epoch=6/8 step=12/100 loss=0.364637 grad_norm=0.254
[train] epoch=6/8 step=13/100 loss=0.377439 grad_norm=0.209
[train] epoch=6/8 step=14/100 loss=0.352024 grad_norm=0.322
[train] epoch=6/8 step=15/100 loss=0.351432 grad_norm=0.444
[train] epoch=6/8 step=16/100 loss=0.315268 grad_norm=0.348
[train] epoch=6/8 step=17/100 loss=0.355252 grad_norm=0.260
[train] epoch=6/8 step=18/100 loss=0.360632 grad_norm=0.246
[train] epoch=6/8 step=19/100 loss=0.320499 grad_norm=0.437
[train] epoch=6/8 step=20/100 loss=0.329539 grad_norm=0.384
[train] epoch=6/8 step=21/100 loss=0.336274 grad_norm=0.384
[train] epoch=6/8 step=22/100 loss=0.312309 grad_norm=0.357
[train] epoch=6/8 step=23/100 loss=0.340464 grad_norm=0.423
[train] epoch=6/8 step=24/100 loss=0.346507 grad_norm=0.255
[train] epoch=6/8 step=25/100 loss=0.342002 grad_norm=0.427
[train] epoch=6/8 step=26/100 loss=0.343281 grad_norm=0.382
[train] epoch=6/8 step=27/100 loss=0.356797 grad_norm=0.312
[train] epoch=6/8 step=28/100 loss=0.369651 grad_norm=0.465
[train] epoch=6/8 step=29/100 loss=0.323438 grad_norm=0.338
[train] epoch=6/8 step=30/100 loss=0.344848 grad_norm=0.267
[train] epoch=6/8 step=31/100 loss=0.358041 grad_norm=0.213
[train] epoch=6/8 step=32/100 loss=0.362811 grad_norm=0.301
[train] epoch=6/8 step=33/100 loss=0.334454 grad_norm=0.339
[train] epoch=6/8 step=34/100 loss=0.337448 grad_norm=0.216
[train] epoch=6/8 step=35/100 loss=0.332674 grad_norm=0.330
[train] epoch=6/8 step=36/100 loss=0.336783 grad_norm=0.241
[train] epoch=6/8 step=37/100 loss=0.345521 grad_norm=0.279
[train] epoch=6/8 step=38/100 loss=0.338987 grad_norm=0.271
[train] epoch=6/8 step=39/100 loss=0.332922 grad_norm=0.247
[train] epoch=6/8 step=40/100 loss=0.371112 grad_norm=0.222
[train] epoch=6/8 step=41/100 loss=0.339332 grad_norm=0.278
[train] epoch=6/8 step=42/100 loss=0.337160 grad_norm=0.425
[train] epoch=6/8 step=43/100 loss=0.351400 grad_norm=0.282
[train] epoch=6/8 step=44/100 loss=0.348413 grad_norm=0.269
[train] epoch=6/8 step=45/100 loss=0.318084 grad_norm=0.273
[train] epoch=6/8 step=46/100 loss=0.364262 grad_norm=0.552
[train] epoch=6/8 step=47/100 loss=0.381633 grad_norm=0.358
[train] epoch=6/8 step=48/100 loss=0.353184 grad_norm=0.472
[train] epoch=6/8 step=49/100 loss=0.356697 grad_norm=0.433
[train] epoch=6/8 step=50/100 loss=0.307687 grad_norm=0.482
[train] epoch=6/8 step=51/100 loss=0.358109 grad_norm=0.329
[train] epoch=6/8 step=52/100 loss=0.342196 grad_norm=0.799
[train] epoch=6/8 step=53/100 loss=0.345165 grad_norm=0.326
[train] epoch=6/8 step=54/100 loss=0.381795 grad_norm=0.261
[train] epoch=6/8 step=55/100 loss=0.298802 grad_norm=0.525
[train] epoch=6/8 step=56/100 loss=0.324681 grad_norm=0.325
[train] epoch=6/8 step=57/100 loss=0.336951 grad_norm=0.330
[train] epoch=6/8 step=58/100 loss=0.351304 grad_norm=0.324
[train] epoch=6/8 step=59/100 loss=0.369461 grad_norm=0.248
[train] epoch=6/8 step=60/100 loss=0.323124 grad_norm=0.310
[train] epoch=6/8 step=61/100 loss=0.336865 grad_norm=0.408
[train] epoch=6/8 step=62/100 loss=0.311363 grad_norm=0.314
[train] epoch=6/8 step=63/100 loss=0.347379 grad_norm=0.282
[train] epoch=6/8 step=64/100 loss=0.346607 grad_norm=0.254
[train] epoch=6/8 step=65/100 loss=0.322408 grad_norm=0.286
[train] epoch=6/8 step=66/100 loss=0.318597 grad_norm=0.398
[train] epoch=6/8 step=67/100 loss=0.316645 grad_norm=0.265
[train] epoch=6/8 step=68/100 loss=0.340846 grad_norm=0.246
[train] epoch=6/8 step=69/100 loss=0.356169 grad_norm=0.364
[train] epoch=6/8 step=70/100 loss=0.339348 grad_norm=0.207
[train] epoch=6/8 step=71/100 loss=0.369355 grad_norm=0.270
[train] epoch=6/8 step=72/100 loss=0.340844 grad_norm=0.284
[train] epoch=6/8 step=73/100 loss=0.349369 grad_norm=0.267
[train] epoch=6/8 step=74/100 loss=0.370135 grad_norm=0.273
[train] epoch=6/8 step=75/100 loss=0.341459 grad_norm=0.372
[train] epoch=6/8 step=76/100 loss=0.368008 grad_norm=0.251
[train] epoch=6/8 step=77/100 loss=0.328273 grad_norm=0.209
[train] epoch=6/8 step=78/100 loss=0.293332 grad_norm=0.288
[train] epoch=6/8 step=79/100 loss=0.345829 grad_norm=0.363
[train] epoch=6/8 step=80/100 loss=0.326001 grad_norm=0.271
[train] epoch=6/8 step=81/100 loss=0.348602 grad_norm=0.466
[train] epoch=6/8 step=82/100 loss=0.337514 grad_norm=0.415
[train] epoch=6/8 step=83/100 loss=0.335607 grad_norm=0.291
[train] epoch=6/8 step=84/100 loss=0.339724 grad_norm=0.470
[train] epoch=6/8 step=85/100 loss=0.337392 grad_norm=0.397
[train] epoch=6/8 step=86/100 loss=0.335137 grad_norm=0.279
[train] epoch=6/8 step=87/100 loss=0.360248 grad_norm=0.250
[train] epoch=6/8 step=88/100 loss=0.305228 grad_norm=0.395
[train] epoch=6/8 step=89/100 loss=0.330374 grad_norm=0.334
[train] epoch=6/8 step=90/100 loss=0.335424 grad_norm=0.332
[train] epoch=6/8 step=91/100 loss=0.331348 grad_norm=0.266
[train] epoch=6/8 step=92/100 loss=0.397146 grad_norm=0.280
[train] epoch=6/8 step=93/100 loss=0.360831 grad_norm=0.340
[train] epoch=6/8 step=94/100 loss=0.312242 grad_norm=0.372
[train] epoch=6/8 step=95/100 loss=0.366993 grad_norm=0.281
[train] epoch=6/8 step=96/100 loss=0.308294 grad_norm=0.219
[train] epoch=6/8 step=97/100 loss=0.342500 grad_norm=0.313
[train] epoch=6/8 step=98/100 loss=0.326828 grad_norm=0.391
[train] epoch=6/8 step=99/100 loss=0.352543 grad_norm=0.302
[train] epoch=6/8 step=100/100 loss=0.366035 grad_norm=0.309
[epoch_summary] epoch=6/8 time_epoch=51.2s elapsed=323.3s eta=107.8s lambda_batch_div=0.000 lambda_inter_div=0.250 lambda_intra_div=0.000 selection_mode=accuracy selection_score=-0.245193 train_loss=0.342727 val_loss=0.274629 val_nmpjpe=0.245193 train_pose=0.029583 train_rel=0.047760 train_dist=0.185067 train_dir=0.063222 train_var=0.021365 train_batch_div=0.165988 train_inter_div=0.163900 train_intra_div=0.250383 val_pose=0.025824 val_rel=0.040400 val_dist=0.171061 val_dir=0.055895 val_var=0.023037 val_batch_div=0.456741 val_inter_div=0.006594 val_intra_div=0.458078 train_std=0.121076/0.166801 train_std_ratio=0.729553 val_std=0.063698/0.086730 val_std_ratio=0.871571 train_pair_dist=1.007273/1.548715 train_pair_ratio=0.652684 val_pair_dist=0.478644/0.881006 val_pair_ratio=0.640356 train_inter_pair=1.007618/1.569729 train_inter_ratio=0.644180 val_inter_pair=0.011892/0.033503 val_inter_ratio=0.007930 train_intra_pair=0.998330/1.005721 train_intra_ratio=1.007543 val_intra_pair=0.477620/0.875789 val_intra_ratio=0.642355 train_action_cls=0.000000 train_action_acc=0.000 val_action_cls=0.000000 val_action_acc=0.000 grad_norm_mean=0.330 nan_loss=False nan_grad=False actions_covered=27 envs_covered=2
[ckpt] saved_last path=C:\Users\LuvRene\OneDrive\PythonProjects\Positioning\pose_estimationV2\checkpoints\ablation_meanrms_interdiv_last.pth epoch=6
[ckpt] no_improve best_epoch=1 best_selection_score=-0.199508 best_val_nmpjpe=0.199508
[epoch_start] epoch=7/8 train_size=160380 val_size=80190 test_size=80190 lr=3.000e-04 lambda_batch_div=0.000 lambda_inter_div=0.250 lambda_intra_div=0.000
[train] epoch=7/8 step=1/100 loss=0.339961 grad_norm=0.592
[train] epoch=7/8 step=2/100 loss=0.364057 grad_norm=0.230
[train] epoch=7/8 step=3/100 loss=0.379446 grad_norm=0.277
[train] epoch=7/8 step=4/100 loss=0.308613 grad_norm=0.316
[train] epoch=7/8 step=5/100 loss=0.332037 grad_norm=0.286
[train] epoch=7/8 step=6/100 loss=0.320441 grad_norm=0.229
[train] epoch=7/8 step=7/100 loss=0.342995 grad_norm=0.413
[train] epoch=7/8 step=8/100 loss=0.297109 grad_norm=0.286
[train] epoch=7/8 step=9/100 loss=0.338582 grad_norm=0.356
[train] epoch=7/8 step=10/100 loss=0.366644 grad_norm=0.487
[train] epoch=7/8 step=11/100 loss=0.371023 grad_norm=0.341
[train] epoch=7/8 step=12/100 loss=0.344526 grad_norm=0.237
[train] epoch=7/8 step=13/100 loss=0.333473 grad_norm=0.394
[train] epoch=7/8 step=14/100 loss=0.346612 grad_norm=0.627
[train] epoch=7/8 step=15/100 loss=0.347252 grad_norm=0.232
[train] epoch=7/8 step=16/100 loss=0.323279 grad_norm=0.483
[train] epoch=7/8 step=17/100 loss=0.332428 grad_norm=0.241
[train] epoch=7/8 step=18/100 loss=0.324995 grad_norm=0.433
[train] epoch=7/8 step=19/100 loss=0.345892 grad_norm=0.420
[train] epoch=7/8 step=20/100 loss=0.356909 grad_norm=0.365
[train] epoch=7/8 step=21/100 loss=0.345932 grad_norm=0.505
[train] epoch=7/8 step=22/100 loss=0.346623 grad_norm=0.333
[train] epoch=7/8 step=23/100 loss=0.339553 grad_norm=0.286
[train] epoch=7/8 step=24/100 loss=0.330703 grad_norm=0.434
[train] epoch=7/8 step=25/100 loss=0.342609 grad_norm=0.271
[train] epoch=7/8 step=26/100 loss=0.310476 grad_norm=0.369
[train] epoch=7/8 step=27/100 loss=0.322656 grad_norm=0.319
[train] epoch=7/8 step=28/100 loss=0.333110 grad_norm=0.287
[train] epoch=7/8 step=29/100 loss=0.332630 grad_norm=0.315
[train] epoch=7/8 step=30/100 loss=0.329917 grad_norm=0.342
[train] epoch=7/8 step=31/100 loss=0.315322 grad_norm=0.284
[train] epoch=7/8 step=32/100 loss=0.367269 grad_norm=0.318
[train] epoch=7/8 step=33/100 loss=0.332131 grad_norm=0.291
[train] epoch=7/8 step=34/100 loss=0.331183 grad_norm=0.350
[train] epoch=7/8 step=35/100 loss=0.354462 grad_norm=0.249
[train] epoch=7/8 step=36/100 loss=0.348155 grad_norm=0.312
[train] epoch=7/8 step=37/100 loss=0.331013 grad_norm=0.278
[train] epoch=7/8 step=38/100 loss=0.324347 grad_norm=0.245
[train] epoch=7/8 step=39/100 loss=0.336345 grad_norm=0.325
[train] epoch=7/8 step=40/100 loss=0.304739 grad_norm=0.294
[train] epoch=7/8 step=41/100 loss=0.354196 grad_norm=0.238
[train] epoch=7/8 step=42/100 loss=0.328370 grad_norm=0.473
[train] epoch=7/8 step=43/100 loss=0.325983 grad_norm=0.453
[train] epoch=7/8 step=44/100 loss=0.353166 grad_norm=0.250
[train] epoch=7/8 step=45/100 loss=0.298746 grad_norm=0.301
[train] epoch=7/8 step=46/100 loss=0.305404 grad_norm=0.388
[train] epoch=7/8 step=47/100 loss=0.316358 grad_norm=0.406
[train] epoch=7/8 step=48/100 loss=0.314826 grad_norm=0.630
[train] epoch=7/8 step=49/100 loss=0.363187 grad_norm=0.275
[train] epoch=7/8 step=50/100 loss=0.343695 grad_norm=0.374
[train] epoch=7/8 step=51/100 loss=0.335998 grad_norm=0.336
[train] epoch=7/8 step=52/100 loss=0.325636 grad_norm=0.335
[train] epoch=7/8 step=53/100 loss=0.358715 grad_norm=0.447
[train] epoch=7/8 step=54/100 loss=0.305069 grad_norm=0.202
[train] epoch=7/8 step=55/100 loss=0.348514 grad_norm=0.281
[train] epoch=7/8 step=56/100 loss=0.320198 grad_norm=0.359
[train] epoch=7/8 step=57/100 loss=0.328416 grad_norm=0.462
[train] epoch=7/8 step=58/100 loss=0.345648 grad_norm=0.254
[train] epoch=7/8 step=59/100 loss=0.348732 grad_norm=0.332
[train] epoch=7/8 step=60/100 loss=0.328626 grad_norm=0.415
[train] epoch=7/8 step=61/100 loss=0.361511 grad_norm=0.472
[train] epoch=7/8 step=62/100 loss=0.345984 grad_norm=0.284
[train] epoch=7/8 step=63/100 loss=0.297179 grad_norm=0.309
[train] epoch=7/8 step=64/100 loss=0.315859 grad_norm=0.415
[train] epoch=7/8 step=65/100 loss=0.374652 grad_norm=0.241
[train] epoch=7/8 step=66/100 loss=0.354109 grad_norm=0.316
[train] epoch=7/8 step=67/100 loss=0.327035 grad_norm=0.268
[train] epoch=7/8 step=68/100 loss=0.305056 grad_norm=0.207
[train] epoch=7/8 step=69/100 loss=0.308814 grad_norm=0.254
[train] epoch=7/8 step=70/100 loss=0.338433 grad_norm=0.242
[train] epoch=7/8 step=71/100 loss=0.347470 grad_norm=0.231
[train] epoch=7/8 step=72/100 loss=0.339857 grad_norm=0.266
[train] epoch=7/8 step=73/100 loss=0.318782 grad_norm=0.259
[train] epoch=7/8 step=74/100 loss=0.328621 grad_norm=0.521
[train] epoch=7/8 step=75/100 loss=0.348308 grad_norm=0.230
[train] epoch=7/8 step=76/100 loss=0.364245 grad_norm=0.332
[train] epoch=7/8 step=77/100 loss=0.331236 grad_norm=0.346
[train] epoch=7/8 step=78/100 loss=0.339624 grad_norm=0.417
[train] epoch=7/8 step=79/100 loss=0.324309 grad_norm=0.495
[train] epoch=7/8 step=80/100 loss=0.340799 grad_norm=0.292
[train] epoch=7/8 step=81/100 loss=0.349194 grad_norm=0.268
[train] epoch=7/8 step=82/100 loss=0.328124 grad_norm=0.464
[train] epoch=7/8 step=83/100 loss=0.320934 grad_norm=0.250
[train] epoch=7/8 step=84/100 loss=0.331878 grad_norm=0.319
[train] epoch=7/8 step=85/100 loss=0.329078 grad_norm=0.219
[train] epoch=7/8 step=86/100 loss=0.352348 grad_norm=0.283
[train] epoch=7/8 step=87/100 loss=0.370824 grad_norm=0.271
[train] epoch=7/8 step=88/100 loss=0.305315 grad_norm=0.239
[train] epoch=7/8 step=89/100 loss=0.341504 grad_norm=0.282
[train] epoch=7/8 step=90/100 loss=0.357030 grad_norm=0.330
[train] epoch=7/8 step=91/100 loss=0.345397 grad_norm=0.239
[train] epoch=7/8 step=92/100 loss=0.337864 grad_norm=0.346
[train] epoch=7/8 step=93/100 loss=0.329728 grad_norm=0.420
[train] epoch=7/8 step=94/100 loss=0.333739 grad_norm=0.339
[train] epoch=7/8 step=95/100 loss=0.328704 grad_norm=0.257
[train] epoch=7/8 step=96/100 loss=0.330011 grad_norm=0.474
[train] epoch=7/8 step=97/100 loss=0.340656 grad_norm=0.309
[train] epoch=7/8 step=98/100 loss=0.329298 grad_norm=0.287
[train] epoch=7/8 step=99/100 loss=0.350284 grad_norm=0.281
[train] epoch=7/8 step=100/100 loss=0.349970 grad_norm=0.183
[epoch_summary] epoch=7/8 time_epoch=50.7s elapsed=374.0s eta=53.4s lambda_batch_div=0.000 lambda_inter_div=0.250 lambda_intra_div=0.000 selection_mode=accuracy selection_score=-0.239680 train_loss=0.336187 val_loss=0.267749 val_nmpjpe=0.239680 train_pose=0.029028 train_rel=0.046551 train_dist=0.181533 train_dir=0.061524 train_var=0.020120 train_batch_div=0.165515 train_inter_div=0.163306 train_intra_div=0.258287 val_pose=0.025433 val_rel=0.040583 val_dist=0.164435 val_dir=0.055962 val_var=0.024406 val_batch_div=0.442972 val_inter_div=0.006513 val_intra_div=0.444179 train_std=0.119793/0.163787 train_std_ratio=0.734624 val_std=0.059667/0.086730 val_std_ratio=0.816624 train_pair_dist=0.998204/1.528262 train_pair_ratio=0.655118 val_pair_dist=0.463140/0.881006 val_pair_ratio=0.619717 train_inter_pair=0.998251/1.548197 train_inter_ratio=0.646721 val_inter_pair=0.011657/0.033503 val_inter_ratio=0.007773 train_intra_pair=0.997584/1.003117 train_intra_ratio=1.008920 val_intra_pair=0.462156/0.875789 val_intra_ratio=0.621708 train_action_cls=0.000000 train_action_acc=0.000 val_action_cls=0.000000 val_action_acc=0.000 grad_norm_mean=0.333 nan_loss=False nan_grad=False actions_covered=27 envs_covered=2
[ckpt] saved_last path=C:\Users\LuvRene\OneDrive\PythonProjects\Positioning\pose_estimationV2\checkpoints\ablation_meanrms_interdiv_last.pth epoch=7
[ckpt] no_improve best_epoch=1 best_selection_score=-0.199508 best_val_nmpjpe=0.199508
[epoch_start] epoch=8/8 train_size=160380 val_size=80190 test_size=80190 lr=3.000e-04 lambda_batch_div=0.000 lambda_inter_div=0.250 lambda_intra_div=0.000
[train] epoch=8/8 step=1/100 loss=0.325574 grad_norm=0.317
[train] epoch=8/8 step=2/100 loss=0.354918 grad_norm=0.240
[train] epoch=8/8 step=3/100 loss=0.362318 grad_norm=0.256
[train] epoch=8/8 step=4/100 loss=0.359146 grad_norm=0.230
[train] epoch=8/8 step=5/100 loss=0.311436 grad_norm=0.228
[train] epoch=8/8 step=6/100 loss=0.326789 grad_norm=0.212
[train] epoch=8/8 step=7/100 loss=0.329576 grad_norm=0.230
[train] epoch=8/8 step=8/100 loss=0.366433 grad_norm=0.301
[train] epoch=8/8 step=9/100 loss=0.336970 grad_norm=0.303
[train] epoch=8/8 step=10/100 loss=0.319390 grad_norm=0.362
[train] epoch=8/8 step=11/100 loss=0.328955 grad_norm=0.268
[train] epoch=8/8 step=12/100 loss=0.344360 grad_norm=0.259
[train] epoch=8/8 step=13/100 loss=0.367705 grad_norm=0.220
[train] epoch=8/8 step=14/100 loss=0.309112 grad_norm=0.279
[train] epoch=8/8 step=15/100 loss=0.314934 grad_norm=0.226
[train] epoch=8/8 step=16/100 loss=0.355446 grad_norm=0.301
[train] epoch=8/8 step=17/100 loss=0.308338 grad_norm=0.357
[train] epoch=8/8 step=18/100 loss=0.312928 grad_norm=0.245
[train] epoch=8/8 step=19/100 loss=0.337581 grad_norm=0.283
[train] epoch=8/8 step=20/100 loss=0.320672 grad_norm=0.531
[train] epoch=8/8 step=21/100 loss=0.333462 grad_norm=0.347
[train] epoch=8/8 step=22/100 loss=0.345143 grad_norm=0.269
[train] epoch=8/8 step=23/100 loss=0.326477 grad_norm=0.241
[train] epoch=8/8 step=24/100 loss=0.352830 grad_norm=0.565
[train] epoch=8/8 step=25/100 loss=0.341246 grad_norm=0.256
[train] epoch=8/8 step=26/100 loss=0.321942 grad_norm=0.231
[train] epoch=8/8 step=27/100 loss=0.324333 grad_norm=0.248
[train] epoch=8/8 step=28/100 loss=0.323864 grad_norm=0.261
[train] epoch=8/8 step=29/100 loss=0.349255 grad_norm=0.332
[train] epoch=8/8 step=30/100 loss=0.311342 grad_norm=0.270
[train] epoch=8/8 step=31/100 loss=0.337593 grad_norm=0.364
[train] epoch=8/8 step=32/100 loss=0.323182 grad_norm=0.455
[train] epoch=8/8 step=33/100 loss=0.377515 grad_norm=0.362
[train] epoch=8/8 step=34/100 loss=0.344396 grad_norm=0.445
[train] epoch=8/8 step=35/100 loss=0.315955 grad_norm=0.312
[train] epoch=8/8 step=36/100 loss=0.341783 grad_norm=0.324
[train] epoch=8/8 step=37/100 loss=0.325173 grad_norm=0.227
[train] epoch=8/8 step=38/100 loss=0.313048 grad_norm=0.428
[train] epoch=8/8 step=39/100 loss=0.366117 grad_norm=0.270
[train] epoch=8/8 step=40/100 loss=0.370352 grad_norm=0.218
[train] epoch=8/8 step=41/100 loss=0.373411 grad_norm=0.270
[train] epoch=8/8 step=42/100 loss=0.347997 grad_norm=0.273
[train] epoch=8/8 step=43/100 loss=0.346097 grad_norm=0.333
[train] epoch=8/8 step=44/100 loss=0.322279 grad_norm=0.409
[train] epoch=8/8 step=45/100 loss=0.308965 grad_norm=0.369
[train] epoch=8/8 step=46/100 loss=0.314212 grad_norm=0.282
[train] epoch=8/8 step=47/100 loss=0.381067 grad_norm=0.531
[train] epoch=8/8 step=48/100 loss=0.359318 grad_norm=0.302
[train] epoch=8/8 step=49/100 loss=0.294774 grad_norm=0.271
[train] epoch=8/8 step=50/100 loss=0.356867 grad_norm=0.245
[train] epoch=8/8 step=51/100 loss=0.353068 grad_norm=0.382
[train] epoch=8/8 step=52/100 loss=0.333234 grad_norm=0.284
[train] epoch=8/8 step=53/100 loss=0.333097 grad_norm=0.275
[train] epoch=8/8 step=54/100 loss=0.334564 grad_norm=0.511
[train] epoch=8/8 step=55/100 loss=0.336174 grad_norm=0.325
[train] epoch=8/8 step=56/100 loss=0.347777 grad_norm=0.269
[train] epoch=8/8 step=57/100 loss=0.319672 grad_norm=0.356
[train] epoch=8/8 step=58/100 loss=0.350487 grad_norm=0.277
[train] epoch=8/8 step=59/100 loss=0.373931 grad_norm=0.205
[train] epoch=8/8 step=60/100 loss=0.354020 grad_norm=0.379
[train] epoch=8/8 step=61/100 loss=0.362307 grad_norm=0.291
[train] epoch=8/8 step=62/100 loss=0.341713 grad_norm=0.280
[train] epoch=8/8 step=63/100 loss=0.330353 grad_norm=0.220
[train] epoch=8/8 step=64/100 loss=0.341662 grad_norm=0.288
[train] epoch=8/8 step=65/100 loss=0.346086 grad_norm=0.299
[train] epoch=8/8 step=66/100 loss=0.350396 grad_norm=0.283
[train] epoch=8/8 step=67/100 loss=0.346439 grad_norm=0.255
[train] epoch=8/8 step=68/100 loss=0.329109 grad_norm=0.353
[train] epoch=8/8 step=69/100 loss=0.338772 grad_norm=0.334
[train] epoch=8/8 step=70/100 loss=0.320085 grad_norm=0.238
[train] epoch=8/8 step=71/100 loss=0.345587 grad_norm=0.240
[train] epoch=8/8 step=72/100 loss=0.319093 grad_norm=0.280
[train] epoch=8/8 step=73/100 loss=0.356444 grad_norm=0.289
[train] epoch=8/8 step=74/100 loss=0.328716 grad_norm=0.235
[train] epoch=8/8 step=75/100 loss=0.322779 grad_norm=0.266
[train] epoch=8/8 step=76/100 loss=0.315540 grad_norm=0.254
[train] epoch=8/8 step=77/100 loss=0.333117 grad_norm=0.287
[train] epoch=8/8 step=78/100 loss=0.319976 grad_norm=0.218
[train] epoch=8/8 step=79/100 loss=0.306317 grad_norm=0.307
[train] epoch=8/8 step=80/100 loss=0.346088 grad_norm=0.250
[train] epoch=8/8 step=81/100 loss=0.359890 grad_norm=0.231
[train] epoch=8/8 step=82/100 loss=0.341540 grad_norm=0.281
[train] epoch=8/8 step=83/100 loss=0.337900 grad_norm=0.215
[train] epoch=8/8 step=84/100 loss=0.326612 grad_norm=0.245
[train] epoch=8/8 step=85/100 loss=0.318965 grad_norm=0.220
[train] epoch=8/8 step=86/100 loss=0.323537 grad_norm=0.280
[train] epoch=8/8 step=87/100 loss=0.336191 grad_norm=0.409
[train] epoch=8/8 step=88/100 loss=0.327810 grad_norm=0.192
[train] epoch=8/8 step=89/100 loss=0.347726 grad_norm=0.359
[train] epoch=8/8 step=90/100 loss=0.345834 grad_norm=0.266
[train] epoch=8/8 step=91/100 loss=0.335768 grad_norm=0.229
[train] epoch=8/8 step=92/100 loss=0.346382 grad_norm=0.215
[train] epoch=8/8 step=93/100 loss=0.355707 grad_norm=0.235
[train] epoch=8/8 step=94/100 loss=0.369195 grad_norm=0.272
[train] epoch=8/8 step=95/100 loss=0.323984 grad_norm=0.288
[train] epoch=8/8 step=96/100 loss=0.351389 grad_norm=0.292
[train] epoch=8/8 step=97/100 loss=0.318701 grad_norm=0.415
[train] epoch=8/8 step=98/100 loss=0.300876 grad_norm=0.253
[train] epoch=8/8 step=99/100 loss=0.339024 grad_norm=0.207
[train] epoch=8/8 step=100/100 loss=0.346074 grad_norm=0.294
[epoch_summary] epoch=8/8 time_epoch=49.0s elapsed=423.0s eta=0.0s lambda_batch_div=0.000 lambda_inter_div=0.250 lambda_intra_div=0.000 selection_mode=accuracy selection_score=-0.238127 train_loss=0.337323 val_loss=0.265532 val_nmpjpe=0.238127 train_pose=0.029582 train_rel=0.047126 train_dist=0.180459 train_dir=0.062273 train_var=0.020947 train_batch_div=0.167962 train_inter_div=0.165783 train_intra_div=0.254743 val_pose=0.025051 val_rel=0.040159 val_dist=0.162741 val_dir=0.056047 val_var=0.026799 val_batch_div=0.442418 val_inter_div=0.006455 val_intra_div=0.443654 train_std=0.120529/0.166061 train_std_ratio=0.729279 val_std=0.057416/0.086730 val_std_ratio=0.785930 train_pair_dist=1.004961/1.544160 train_pair_ratio=0.652499 val_pair_dist=0.464429/0.881006 val_pair_ratio=0.621343 train_inter_pair=1.005443/1.563998 train_inter_ratio=0.644506 val_inter_pair=0.011771/0.033503 val_inter_ratio=0.007844 train_intra_pair=0.992570/1.023691 train_intra_ratio=0.979384 val_intra_pair=0.463429/0.875789 val_intra_ratio=0.623343 train_action_cls=0.000000 train_action_acc=0.000 val_action_cls=0.000000 val_action_acc=0.000 grad_norm_mean=0.295 nan_loss=False nan_grad=False actions_covered=27 envs_covered=2
[ckpt] saved_last path=C:\Users\LuvRene\OneDrive\PythonProjects\Positioning\pose_estimationV2\checkpoints\ablation_meanrms_interdiv_last.pth epoch=8
[ckpt] no_improve best_epoch=1 best_selection_score=-0.199508 best_val_nmpjpe=0.199508
[plot] saved path=C:\Users\LuvRene\OneDrive\PythonProjects\Positioning\pose_estimationV2\logs\train\ablation_meanrms_interdiv_resnet1d_20260327-160219_curves.png
[history] saved path=C:\Users\LuvRene\OneDrive\PythonProjects\Positioning\pose_estimationV2\logs\train\ablation_meanrms_interdiv_resnet1d_20260327-160219_history.csv
[test_summary] best_epoch=1 test_loss=0.283479 test_nmpjpe=0.199699 test_pose=0.020804 test_rel=0.040938 test_dist=0.179877 test_dir=0.059867 test_var=0.043516 test_batch_div=0.509292 test_inter_div=0.009846 test_intra_div=0.509333 test_std=0.010503/0.089078 test_std_ratio=0.138325 test_pair_dist=0.085733/0.899707 test_pair_ratio=0.111072 test_inter_pair=0.001796/0.031090 test_inter_ratio=0.001318 test_intra_pair=0.085637/0.895100 test_intra_ratio=0.111458 test_action_cls=0.000000 test_action_acc=0.000
[assessment] status=usable reason=Validation stayed close to the best point (0.1995) and final test nMPJPE is 0.1997.
