[run] config=configs/default.yaml device=cuda:0
[run] model=resnet1d
[run] window_size=1
[run] normalize_mode=mean_rms
[run] aoa_cache_root=D:\Files\WiFi_Pose\WiFiPoseV3\data\aoa_cache
[run] labels_root=D:\Files\WiFi_Pose\WiFiPoseV3\data\dataset
[run] val_env=env3 test_env=env4
[run] logs_file=C:\Users\LuvRene\OneDrive\PythonProjects\Positioning\pose_estimationV2\logs\train\ablation_meanrms_interdiv_divsel_actionaux010_resnet1d_20260327-171409.log
[run] selection_mode=diversity_first lambda_var=0.000 lambda_batch_div=0.000 lambda_inter_div=0.250 lambda_intra_div=0.000
[data] dataset_size=320760 train_size=160380 val_size=80190 test_size=80190 batch_size=64 window_size=1
[run] action_aux enabled=True lambda_cls=0.100 num_actions=27
[epoch_start] epoch=1/8 train_size=160380 val_size=80190 test_size=80190 lr=3.000e-04 lambda_batch_div=0.000 lambda_inter_div=0.250 lambda_intra_div=0.000
[train] epoch=1/8 step=1/100 loss=2.504015 grad_norm=5.732 action_cls=3.289272 action_acc=0.031
[train] epoch=1/8 step=2/100 loss=2.225476 grad_norm=5.109 action_cls=3.331255 action_acc=0.062
[train] epoch=1/8 step=3/100 loss=1.973249 grad_norm=5.004 action_cls=3.296287 action_acc=0.031
[train] epoch=1/8 step=4/100 loss=1.794983 grad_norm=4.088 action_cls=3.323165 action_acc=0.031
[train] epoch=1/8 step=5/100 loss=1.604947 grad_norm=3.837 action_cls=3.293301 action_acc=0.062
[train] epoch=1/8 step=6/100 loss=1.429907 grad_norm=3.450 action_cls=3.309562 action_acc=0.062
[train] epoch=1/8 step=7/100 loss=1.352502 grad_norm=3.206 action_cls=3.315110 action_acc=0.062
[train] epoch=1/8 step=8/100 loss=1.222033 grad_norm=3.087 action_cls=3.313683 action_acc=0.016
[train] epoch=1/8 step=9/100 loss=1.170633 grad_norm=2.763 action_cls=3.305261 action_acc=0.062
[train] epoch=1/8 step=10/100 loss=1.085038 grad_norm=2.557 action_cls=3.342024 action_acc=0.078
[train] epoch=1/8 step=11/100 loss=1.025933 grad_norm=2.359 action_cls=3.341907 action_acc=0.016
[train] epoch=1/8 step=12/100 loss=1.018042 grad_norm=2.426 action_cls=3.355301 action_acc=0.031
[train] epoch=1/8 step=13/100 loss=1.015386 grad_norm=2.257 action_cls=3.343423 action_acc=0.016
[train] epoch=1/8 step=14/100 loss=0.950819 grad_norm=2.181 action_cls=3.310720 action_acc=0.016
[train] epoch=1/8 step=15/100 loss=0.891667 grad_norm=2.021 action_cls=3.287811 action_acc=0.109
[train] epoch=1/8 step=16/100 loss=0.895199 grad_norm=1.814 action_cls=3.334926 action_acc=0.000
[train] epoch=1/8 step=17/100 loss=0.894500 grad_norm=1.618 action_cls=3.313171 action_acc=0.016
[train] epoch=1/8 step=18/100 loss=0.857794 grad_norm=1.516 action_cls=3.316359 action_acc=0.047
[train] epoch=1/8 step=19/100 loss=0.834223 grad_norm=1.331 action_cls=3.315917 action_acc=0.031
[train] epoch=1/8 step=20/100 loss=0.821586 grad_norm=1.311 action_cls=3.291941 action_acc=0.078
[train] epoch=1/8 step=21/100 loss=0.804631 grad_norm=1.185 action_cls=3.309648 action_acc=0.031
[train] epoch=1/8 step=22/100 loss=0.806936 grad_norm=1.237 action_cls=3.301481 action_acc=0.062
[train] epoch=1/8 step=23/100 loss=0.783735 grad_norm=1.511 action_cls=3.296866 action_acc=0.047
[train] epoch=1/8 step=24/100 loss=0.798826 grad_norm=1.268 action_cls=3.287546 action_acc=0.078
[train] epoch=1/8 step=25/100 loss=0.780828 grad_norm=1.110 action_cls=3.303673 action_acc=0.062
[train] epoch=1/8 step=26/100 loss=0.795007 grad_norm=1.051 action_cls=3.268775 action_acc=0.047
[train] epoch=1/8 step=27/100 loss=0.787817 grad_norm=0.896 action_cls=3.302607 action_acc=0.062
[train] epoch=1/8 step=28/100 loss=0.772205 grad_norm=0.945 action_cls=3.280648 action_acc=0.031
[train] epoch=1/8 step=29/100 loss=0.785279 grad_norm=0.884 action_cls=3.301451 action_acc=0.016
[train] epoch=1/8 step=30/100 loss=0.723176 grad_norm=0.771 action_cls=3.277846 action_acc=0.094
[train] epoch=1/8 step=31/100 loss=0.762621 grad_norm=0.703 action_cls=3.282997 action_acc=0.062
[train] epoch=1/8 step=32/100 loss=0.763162 grad_norm=0.793 action_cls=3.297709 action_acc=0.016
[train] epoch=1/8 step=33/100 loss=0.741650 grad_norm=0.711 action_cls=3.310224 action_acc=0.016
[train] epoch=1/8 step=34/100 loss=0.721943 grad_norm=0.844 action_cls=3.315508 action_acc=0.031
[train] epoch=1/8 step=35/100 loss=0.736207 grad_norm=0.755 action_cls=3.291430 action_acc=0.000
[train] epoch=1/8 step=36/100 loss=0.760650 grad_norm=0.825 action_cls=3.290517 action_acc=0.047
[train] epoch=1/8 step=37/100 loss=0.751728 grad_norm=0.605 action_cls=3.301242 action_acc=0.000
[train] epoch=1/8 step=38/100 loss=0.744890 grad_norm=0.664 action_cls=3.297668 action_acc=0.047
[train] epoch=1/8 step=39/100 loss=0.733775 grad_norm=0.652 action_cls=3.278150 action_acc=0.125
[train] epoch=1/8 step=40/100 loss=0.713123 grad_norm=0.617 action_cls=3.291320 action_acc=0.016
[train] epoch=1/8 step=41/100 loss=0.754178 grad_norm=0.512 action_cls=3.306288 action_acc=0.047
[train] epoch=1/8 step=42/100 loss=0.725688 grad_norm=0.618 action_cls=3.316030 action_acc=0.031
[train] epoch=1/8 step=43/100 loss=0.684639 grad_norm=0.586 action_cls=3.286439 action_acc=0.000
[train] epoch=1/8 step=44/100 loss=0.726008 grad_norm=0.611 action_cls=3.283760 action_acc=0.047
[train] epoch=1/8 step=45/100 loss=0.721217 grad_norm=0.627 action_cls=3.290795 action_acc=0.062
[train] epoch=1/8 step=46/100 loss=0.709386 grad_norm=0.494 action_cls=3.305357 action_acc=0.000
[train] epoch=1/8 step=47/100 loss=0.708190 grad_norm=0.496 action_cls=3.284543 action_acc=0.062
[train] epoch=1/8 step=48/100 loss=0.790937 grad_norm=0.514 action_cls=3.323969 action_acc=0.031
[train] epoch=1/8 step=49/100 loss=0.706437 grad_norm=0.525 action_cls=3.289417 action_acc=0.016
[train] epoch=1/8 step=50/100 loss=0.743156 grad_norm=0.538 action_cls=3.273630 action_acc=0.031
[train] epoch=1/8 step=51/100 loss=0.725503 grad_norm=0.682 action_cls=3.326741 action_acc=0.016
[train] epoch=1/8 step=52/100 loss=0.702089 grad_norm=0.466 action_cls=3.297206 action_acc=0.031
[train] epoch=1/8 step=53/100 loss=0.779638 grad_norm=0.482 action_cls=3.302307 action_acc=0.031
[train] epoch=1/8 step=54/100 loss=0.726358 grad_norm=0.401 action_cls=3.275008 action_acc=0.078
[train] epoch=1/8 step=55/100 loss=0.745592 grad_norm=0.472 action_cls=3.307612 action_acc=0.031
[train] epoch=1/8 step=56/100 loss=0.689429 grad_norm=0.511 action_cls=3.298945 action_acc=0.016
[train] epoch=1/8 step=57/100 loss=0.682259 grad_norm=0.552 action_cls=3.304408 action_acc=0.047
[train] epoch=1/8 step=58/100 loss=0.740815 grad_norm=0.523 action_cls=3.290263 action_acc=0.062
[train] epoch=1/8 step=59/100 loss=0.733801 grad_norm=0.541 action_cls=3.331709 action_acc=0.000
[train] epoch=1/8 step=60/100 loss=0.703513 grad_norm=0.530 action_cls=3.306714 action_acc=0.000
[train] epoch=1/8 step=61/100 loss=0.703642 grad_norm=0.439 action_cls=3.283562 action_acc=0.031
[train] epoch=1/8 step=62/100 loss=0.741778 grad_norm=0.508 action_cls=3.296287 action_acc=0.094
[train] epoch=1/8 step=63/100 loss=0.744310 grad_norm=0.533 action_cls=3.327888 action_acc=0.000
[train] epoch=1/8 step=64/100 loss=0.725358 grad_norm=0.397 action_cls=3.315420 action_acc=0.016
[train] epoch=1/8 step=65/100 loss=0.708815 grad_norm=0.568 action_cls=3.290482 action_acc=0.047
[train] epoch=1/8 step=66/100 loss=0.756541 grad_norm=0.537 action_cls=3.303774 action_acc=0.016
[train] epoch=1/8 step=67/100 loss=0.705264 grad_norm=0.622 action_cls=3.291665 action_acc=0.016
[train] epoch=1/8 step=68/100 loss=0.681008 grad_norm=0.862 action_cls=3.295608 action_acc=0.016
[train] epoch=1/8 step=69/100 loss=0.712545 grad_norm=0.454 action_cls=3.285143 action_acc=0.016
[train] epoch=1/8 step=70/100 loss=0.728475 grad_norm=0.561 action_cls=3.307070 action_acc=0.016
[train] epoch=1/8 step=71/100 loss=0.704278 grad_norm=0.571 action_cls=3.300896 action_acc=0.016
[train] epoch=1/8 step=72/100 loss=0.708861 grad_norm=0.518 action_cls=3.298321 action_acc=0.031
[train] epoch=1/8 step=73/100 loss=0.695721 grad_norm=0.433 action_cls=3.282951 action_acc=0.094
[train] epoch=1/8 step=74/100 loss=0.713512 grad_norm=0.456 action_cls=3.284182 action_acc=0.031
[train] epoch=1/8 step=75/100 loss=0.755517 grad_norm=0.339 action_cls=3.275777 action_acc=0.047
[train] epoch=1/8 step=76/100 loss=0.719447 grad_norm=0.434 action_cls=3.303716 action_acc=0.031
[train] epoch=1/8 step=77/100 loss=0.764683 grad_norm=0.425 action_cls=3.308124 action_acc=0.016
[train] epoch=1/8 step=78/100 loss=0.688497 grad_norm=0.570 action_cls=3.309723 action_acc=0.031
[train] epoch=1/8 step=79/100 loss=0.702549 grad_norm=0.501 action_cls=3.305931 action_acc=0.016
[train] epoch=1/8 step=80/100 loss=0.716583 grad_norm=0.443 action_cls=3.297963 action_acc=0.031
[train] epoch=1/8 step=81/100 loss=0.768906 grad_norm=0.340 action_cls=3.300236 action_acc=0.062
[train] epoch=1/8 step=82/100 loss=0.708913 grad_norm=0.437 action_cls=3.304545 action_acc=0.016
[train] epoch=1/8 step=83/100 loss=0.720616 grad_norm=0.330 action_cls=3.296359 action_acc=0.047
[train] epoch=1/8 step=84/100 loss=0.677128 grad_norm=0.616 action_cls=3.275963 action_acc=0.109
[train] epoch=1/8 step=85/100 loss=0.690164 grad_norm=0.497 action_cls=3.304712 action_acc=0.031
[train] epoch=1/8 step=86/100 loss=0.730385 grad_norm=0.480 action_cls=3.296603 action_acc=0.031
[train] epoch=1/8 step=87/100 loss=0.691740 grad_norm=0.408 action_cls=3.294713 action_acc=0.016
[train] epoch=1/8 step=88/100 loss=0.682291 grad_norm=0.415 action_cls=3.289928 action_acc=0.062
[train] epoch=1/8 step=89/100 loss=0.701778 grad_norm=0.412 action_cls=3.310760 action_acc=0.016
[train] epoch=1/8 step=90/100 loss=0.704863 grad_norm=0.477 action_cls=3.316656 action_acc=0.031
[train] epoch=1/8 step=91/100 loss=0.709631 grad_norm=0.440 action_cls=3.302956 action_acc=0.000
[train] epoch=1/8 step=92/100 loss=0.710148 grad_norm=0.400 action_cls=3.297982 action_acc=0.016
[train] epoch=1/8 step=93/100 loss=0.703381 grad_norm=0.427 action_cls=3.297569 action_acc=0.016
[train] epoch=1/8 step=94/100 loss=0.711513 grad_norm=0.379 action_cls=3.297851 action_acc=0.016
[train] epoch=1/8 step=95/100 loss=0.700410 grad_norm=0.430 action_cls=3.290063 action_acc=0.031
[train] epoch=1/8 step=96/100 loss=0.743171 grad_norm=0.339 action_cls=3.288298 action_acc=0.047
[train] epoch=1/8 step=97/100 loss=0.676037 grad_norm=0.598 action_cls=3.310717 action_acc=0.000
[train] epoch=1/8 step=98/100 loss=0.682714 grad_norm=0.366 action_cls=3.282370 action_acc=0.062
[train] epoch=1/8 step=99/100 loss=0.705348 grad_norm=0.436 action_cls=3.306902 action_acc=0.016
[train] epoch=1/8 step=100/100 loss=0.699634 grad_norm=0.422 action_cls=3.313378 action_acc=0.016
[epoch_summary] epoch=1/8 time_epoch=169.0s elapsed=169.0s eta=1182.9s lambda_batch_div=0.000 lambda_inter_div=0.250 lambda_intra_div=0.000 selection_mode=diversity_first selection_score=0.235482 train_loss=0.838311 val_loss=0.609074 val_nmpjpe=0.200524 train_pose=0.046260 train_rel=0.086244 train_dist=0.278703 train_dir=0.109974 train_var=0.014391 train_batch_div=0.123320 train_inter_div=0.120359 train_intra_div=0.268275 val_pose=0.021101 val_rel=0.041447 val_dist=0.178148 val_dir=0.056866 val_var=0.038258 val_batch_div=0.478627 val_inter_div=0.009261 val_intra_div=0.478527 train_std=0.148577/0.166578 train_std_ratio=0.895717 val_std=0.015545/0.086730 val_std_ratio=0.212080 train_pair_dist=1.226521/1.545196 train_pair_ratio=0.795866 val_pair_dist=0.123621/0.881006 val_pair_ratio=0.164951 train_inter_pair=1.226652/1.565175 train_inter_ratio=0.785803 val_inter_pair=0.003107/0.033503 val_inter_ratio=0.002087 train_intra_pair=1.222942/1.024668 train_intra_ratio=1.205842 val_intra_pair=0.123421/0.875789 val_intra_ratio=0.165618 train_action_cls=3.301619 train_action_acc=0.036 val_action_cls=3.299202 val_action_acc=0.037 grad_norm_mean=1.052 nan_loss=False nan_grad=False actions_covered=27 envs_covered=2
[ckpt] saved_last path=C:\Users\LuvRene\OneDrive\PythonProjects\Positioning\pose_estimationV2\checkpoints\ablation_meanrms_interdiv_divsel_actionaux010_last.pth epoch=1
[ckpt] saved path=C:\Users\LuvRene\OneDrive\PythonProjects\Positioning\pose_estimationV2\checkpoints\ablation_meanrms_interdiv_divsel_actionaux010.pth epoch=1 best_selection_score=0.235482 val_nmpjpe=0.200524
[epoch_start] epoch=2/8 train_size=160380 val_size=80190 test_size=80190 lr=3.000e-04 lambda_batch_div=0.000 lambda_inter_div=0.250 lambda_intra_div=0.000
[train] epoch=2/8 step=1/100 loss=0.707166 grad_norm=0.368 action_cls=3.303049 action_acc=0.047
[train] epoch=2/8 step=2/100 loss=0.690151 grad_norm=0.402 action_cls=3.300910 action_acc=0.031
[train] epoch=2/8 step=3/100 loss=0.686485 grad_norm=0.398 action_cls=3.285234 action_acc=0.078
[train] epoch=2/8 step=4/100 loss=0.695172 grad_norm=0.328 action_cls=3.310718 action_acc=0.031
[train] epoch=2/8 step=5/100 loss=0.694793 grad_norm=0.431 action_cls=3.303812 action_acc=0.047
[train] epoch=2/8 step=6/100 loss=0.712780 grad_norm=0.398 action_cls=3.293110 action_acc=0.016
[train] epoch=2/8 step=7/100 loss=0.685134 grad_norm=0.306 action_cls=3.279597 action_acc=0.047
[train] epoch=2/8 step=8/100 loss=0.716029 grad_norm=0.442 action_cls=3.296228 action_acc=0.047
[train] epoch=2/8 step=9/100 loss=0.717255 grad_norm=0.392 action_cls=3.292624 action_acc=0.016
[train] epoch=2/8 step=10/100 loss=0.709698 grad_norm=0.540 action_cls=3.288867 action_acc=0.062
[train] epoch=2/8 step=11/100 loss=0.697873 grad_norm=0.458 action_cls=3.285852 action_acc=0.016
[train] epoch=2/8 step=12/100 loss=0.679326 grad_norm=0.409 action_cls=3.279778 action_acc=0.031
[train] epoch=2/8 step=13/100 loss=0.729042 grad_norm=0.455 action_cls=3.291278 action_acc=0.031
[train] epoch=2/8 step=14/100 loss=0.717587 grad_norm=0.383 action_cls=3.312025 action_acc=0.016
[train] epoch=2/8 step=15/100 loss=0.676934 grad_norm=0.438 action_cls=3.296363 action_acc=0.016
[train] epoch=2/8 step=16/100 loss=0.676425 grad_norm=0.379 action_cls=3.289930 action_acc=0.031
[train] epoch=2/8 step=17/100 loss=0.702986 grad_norm=0.325 action_cls=3.307456 action_acc=0.016
[train] epoch=2/8 step=18/100 loss=0.710176 grad_norm=0.449 action_cls=3.289694 action_acc=0.047
[train] epoch=2/8 step=19/100 loss=0.669325 grad_norm=0.463 action_cls=3.290300 action_acc=0.031
[train] epoch=2/8 step=20/100 loss=0.685738 grad_norm=0.306 action_cls=3.296778 action_acc=0.047
[train] epoch=2/8 step=21/100 loss=0.716554 grad_norm=0.431 action_cls=3.295719 action_acc=0.047
[train] epoch=2/8 step=22/100 loss=0.721160 grad_norm=0.396 action_cls=3.314233 action_acc=0.047
[train] epoch=2/8 step=23/100 loss=0.699939 grad_norm=0.474 action_cls=3.309477 action_acc=0.031
[train] epoch=2/8 step=24/100 loss=0.706718 grad_norm=0.310 action_cls=3.293332 action_acc=0.062
[train] epoch=2/8 step=25/100 loss=0.706756 grad_norm=0.332 action_cls=3.290238 action_acc=0.031
[train] epoch=2/8 step=26/100 loss=0.695308 grad_norm=0.384 action_cls=3.299667 action_acc=0.047
[train] epoch=2/8 step=27/100 loss=0.691383 grad_norm=0.462 action_cls=3.285334 action_acc=0.016
[train] epoch=2/8 step=28/100 loss=0.717705 grad_norm=0.452 action_cls=3.307223 action_acc=0.047
[train] epoch=2/8 step=29/100 loss=0.710264 grad_norm=0.369 action_cls=3.306428 action_acc=0.031
[train] epoch=2/8 step=30/100 loss=0.726806 grad_norm=0.378 action_cls=3.299481 action_acc=0.031
[train] epoch=2/8 step=31/100 loss=0.694767 grad_norm=0.495 action_cls=3.310981 action_acc=0.000
[train] epoch=2/8 step=32/100 loss=0.691747 grad_norm=0.462 action_cls=3.296829 action_acc=0.000
[train] epoch=2/8 step=33/100 loss=0.703528 grad_norm=0.314 action_cls=3.303108 action_acc=0.031
[train] epoch=2/8 step=34/100 loss=0.717809 grad_norm=0.391 action_cls=3.303495 action_acc=0.047
[train] epoch=2/8 step=35/100 loss=0.678782 grad_norm=0.384 action_cls=3.296808 action_acc=0.031
[train] epoch=2/8 step=36/100 loss=0.679554 grad_norm=0.338 action_cls=3.282787 action_acc=0.047
[train] epoch=2/8 step=37/100 loss=0.713415 grad_norm=0.307 action_cls=3.297285 action_acc=0.016
[train] epoch=2/8 step=38/100 loss=0.702497 grad_norm=0.508 action_cls=3.284125 action_acc=0.016
[train] epoch=2/8 step=39/100 loss=0.712684 grad_norm=0.292 action_cls=3.300756 action_acc=0.000
[train] epoch=2/8 step=40/100 loss=0.695825 grad_norm=0.447 action_cls=3.293994 action_acc=0.047
[train] epoch=2/8 step=41/100 loss=0.677076 grad_norm=0.430 action_cls=3.299281 action_acc=0.000
[train] epoch=2/8 step=42/100 loss=0.670774 grad_norm=0.558 action_cls=3.320479 action_acc=0.016
[train] epoch=2/8 step=43/100 loss=0.701606 grad_norm=0.668 action_cls=3.300283 action_acc=0.047
[train] epoch=2/8 step=44/100 loss=0.739775 grad_norm=0.333 action_cls=3.294309 action_acc=0.047
[train] epoch=2/8 step=45/100 loss=0.712734 grad_norm=0.443 action_cls=3.306380 action_acc=0.016
[train] epoch=2/8 step=46/100 loss=0.683439 grad_norm=0.422 action_cls=3.305857 action_acc=0.047
[train] epoch=2/8 step=47/100 loss=0.691177 grad_norm=0.306 action_cls=3.297539 action_acc=0.047
[train] epoch=2/8 step=48/100 loss=0.691851 grad_norm=0.356 action_cls=3.286081 action_acc=0.016
[train] epoch=2/8 step=49/100 loss=0.675276 grad_norm=0.353 action_cls=3.278428 action_acc=0.109
[train] epoch=2/8 step=50/100 loss=0.705822 grad_norm=0.392 action_cls=3.304189 action_acc=0.000
[train] epoch=2/8 step=51/100 loss=0.687235 grad_norm=0.388 action_cls=3.289398 action_acc=0.047
[train] epoch=2/8 step=52/100 loss=0.702913 grad_norm=0.368 action_cls=3.294587 action_acc=0.031
[train] epoch=2/8 step=53/100 loss=0.689826 grad_norm=0.389 action_cls=3.306290 action_acc=0.062
[train] epoch=2/8 step=54/100 loss=0.658079 grad_norm=0.296 action_cls=3.297258 action_acc=0.047
[train] epoch=2/8 step=55/100 loss=0.728703 grad_norm=0.357 action_cls=3.293175 action_acc=0.047
[train] epoch=2/8 step=56/100 loss=0.690945 grad_norm=0.351 action_cls=3.305755 action_acc=0.016
[train] epoch=2/8 step=57/100 loss=0.705710 grad_norm=0.318 action_cls=3.295072 action_acc=0.031
[train] epoch=2/8 step=58/100 loss=0.704335 grad_norm=0.467 action_cls=3.295786 action_acc=0.047
[train] epoch=2/8 step=59/100 loss=0.692009 grad_norm=0.297 action_cls=3.308447 action_acc=0.031
[train] epoch=2/8 step=60/100 loss=0.701523 grad_norm=0.280 action_cls=3.307260 action_acc=0.031
[train] epoch=2/8 step=61/100 loss=0.683180 grad_norm=0.269 action_cls=3.301432 action_acc=0.000
[train] epoch=2/8 step=62/100 loss=0.715696 grad_norm=0.395 action_cls=3.288894 action_acc=0.062
[train] epoch=2/8 step=63/100 loss=0.730390 grad_norm=0.468 action_cls=3.285888 action_acc=0.125
[train] epoch=2/8 step=64/100 loss=0.644516 grad_norm=0.349 action_cls=3.288126 action_acc=0.031
[train] epoch=2/8 step=65/100 loss=0.735598 grad_norm=0.361 action_cls=3.300928 action_acc=0.062
[train] epoch=2/8 step=66/100 loss=0.704759 grad_norm=0.286 action_cls=3.288090 action_acc=0.062
[train] epoch=2/8 step=67/100 loss=0.692905 grad_norm=0.316 action_cls=3.304090 action_acc=0.031
[train] epoch=2/8 step=68/100 loss=0.684878 grad_norm=0.340 action_cls=3.293739 action_acc=0.031
[train] epoch=2/8 step=69/100 loss=0.689988 grad_norm=0.355 action_cls=3.298967 action_acc=0.047
[train] epoch=2/8 step=70/100 loss=0.669243 grad_norm=0.343 action_cls=3.289272 action_acc=0.062
[train] epoch=2/8 step=71/100 loss=0.723981 grad_norm=0.350 action_cls=3.298941 action_acc=0.078
[train] epoch=2/8 step=72/100 loss=0.713202 grad_norm=0.458 action_cls=3.299073 action_acc=0.062
[train] epoch=2/8 step=73/100 loss=0.728730 grad_norm=0.386 action_cls=3.297379 action_acc=0.016
[train] epoch=2/8 step=74/100 loss=0.674299 grad_norm=0.285 action_cls=3.294620 action_acc=0.062
[train] epoch=2/8 step=75/100 loss=0.705402 grad_norm=0.386 action_cls=3.305176 action_acc=0.016
[train] epoch=2/8 step=76/100 loss=0.702664 grad_norm=0.372 action_cls=3.299652 action_acc=0.016
[train] epoch=2/8 step=77/100 loss=0.694914 grad_norm=0.513 action_cls=3.298160 action_acc=0.031
[train] epoch=2/8 step=78/100 loss=0.698063 grad_norm=0.470 action_cls=3.296932 action_acc=0.062
[train] epoch=2/8 step=79/100 loss=0.683460 grad_norm=0.472 action_cls=3.290644 action_acc=0.031
[train] epoch=2/8 step=80/100 loss=0.699674 grad_norm=0.415 action_cls=3.289454 action_acc=0.047
[train] epoch=2/8 step=81/100 loss=0.659853 grad_norm=0.350 action_cls=3.274843 action_acc=0.062
[train] epoch=2/8 step=82/100 loss=0.694508 grad_norm=0.411 action_cls=3.286945 action_acc=0.047
[train] epoch=2/8 step=83/100 loss=0.748821 grad_norm=0.313 action_cls=3.300506 action_acc=0.078
[train] epoch=2/8 step=84/100 loss=0.716951 grad_norm=0.357 action_cls=3.289392 action_acc=0.062
[train] epoch=2/8 step=85/100 loss=0.698816 grad_norm=0.256 action_cls=3.310285 action_acc=0.016
[train] epoch=2/8 step=86/100 loss=0.664008 grad_norm=0.416 action_cls=3.294827 action_acc=0.016
[train] epoch=2/8 step=87/100 loss=0.711703 grad_norm=0.442 action_cls=3.294748 action_acc=0.016
[train] epoch=2/8 step=88/100 loss=0.708079 grad_norm=0.471 action_cls=3.294486 action_acc=0.047
[train] epoch=2/8 step=89/100 loss=0.712749 grad_norm=0.291 action_cls=3.281367 action_acc=0.109
[train] epoch=2/8 step=90/100 loss=0.653669 grad_norm=0.375 action_cls=3.290706 action_acc=0.047
[train] epoch=2/8 step=91/100 loss=0.669098 grad_norm=0.318 action_cls=3.306906 action_acc=0.031
[train] epoch=2/8 step=92/100 loss=0.733905 grad_norm=0.290 action_cls=3.293986 action_acc=0.062
[train] epoch=2/8 step=93/100 loss=0.689944 grad_norm=0.280 action_cls=3.304148 action_acc=0.016
[train] epoch=2/8 step=94/100 loss=0.695720 grad_norm=0.445 action_cls=3.304132 action_acc=0.016
[train] epoch=2/8 step=95/100 loss=0.709161 grad_norm=0.381 action_cls=3.287013 action_acc=0.078
[train] epoch=2/8 step=96/100 loss=0.700766 grad_norm=0.424 action_cls=3.305517 action_acc=0.031
[train] epoch=2/8 step=97/100 loss=0.704508 grad_norm=0.402 action_cls=3.288898 action_acc=0.047
[train] epoch=2/8 step=98/100 loss=0.715285 grad_norm=0.447 action_cls=3.311699 action_acc=0.047
[train] epoch=2/8 step=99/100 loss=0.694915 grad_norm=0.304 action_cls=3.291861 action_acc=0.094
[train] epoch=2/8 step=100/100 loss=0.697824 grad_norm=0.325 action_cls=3.301907 action_acc=0.016
[epoch_summary] epoch=2/8 time_epoch=56.6s elapsed=225.5s eta=676.6s lambda_batch_div=0.000 lambda_inter_div=0.250 lambda_intra_div=0.000 selection_mode=diversity_first selection_score=0.531046 train_loss=0.699099 val_loss=0.608126 val_nmpjpe=0.209402 train_pose=0.027286 train_rel=0.052539 train_dist=0.205689 train_dir=0.069450 train_var=0.021524 train_batch_div=0.164314 train_inter_div=0.162919 train_intra_div=0.205744 val_pose=0.021998 val_rel=0.041725 val_dist=0.176764 val_dir=0.056631 val_var=0.027952 val_batch_div=0.406300 val_inter_div=0.007580 val_intra_div=0.406394 train_std=0.109883/0.165470 train_std_ratio=0.667732 val_std=0.035181/0.086730 val_std_ratio=0.479459 train_pair_dist=0.911779/1.540295 train_pair_ratio=0.593979 val_pair_dist=0.274878/0.881006 val_pair_ratio=0.366729 train_inter_pair=0.911824/1.560376 train_inter_ratio=0.586351 val_inter_pair=0.006924/0.033503 val_inter_ratio=0.004627 train_intra_pair=0.910551/1.012832 train_intra_ratio=0.913188 val_intra_pair=0.274328/0.875789 val_intra_ratio=0.367990 train_action_cls=3.296744 train_action_acc=0.039 val_action_cls=3.299755 val_action_acc=0.030 grad_norm_mean=0.387 nan_loss=False nan_grad=False actions_covered=27 envs_covered=2
[ckpt] saved_last path=C:\Users\LuvRene\OneDrive\PythonProjects\Positioning\pose_estimationV2\checkpoints\ablation_meanrms_interdiv_divsel_actionaux010_last.pth epoch=2
[ckpt] saved path=C:\Users\LuvRene\OneDrive\PythonProjects\Positioning\pose_estimationV2\checkpoints\ablation_meanrms_interdiv_divsel_actionaux010.pth epoch=2 best_selection_score=0.531046 val_nmpjpe=0.209402
[epoch_start] epoch=3/8 train_size=160380 val_size=80190 test_size=80190 lr=3.000e-04 lambda_batch_div=0.000 lambda_inter_div=0.250 lambda_intra_div=0.000
[train] epoch=3/8 step=1/100 loss=0.732376 grad_norm=0.448 action_cls=3.287748 action_acc=0.078
[train] epoch=3/8 step=2/100 loss=0.726521 grad_norm=0.421 action_cls=3.291348 action_acc=0.047
[train] epoch=3/8 step=3/100 loss=0.690701 grad_norm=0.419 action_cls=3.291154 action_acc=0.078
[train] epoch=3/8 step=4/100 loss=0.708864 grad_norm=0.402 action_cls=3.297363 action_acc=0.031
[train] epoch=3/8 step=5/100 loss=0.673049 grad_norm=0.620 action_cls=3.308677 action_acc=0.047
[train] epoch=3/8 step=6/100 loss=0.724082 grad_norm=0.630 action_cls=3.298833 action_acc=0.016
[train] epoch=3/8 step=7/100 loss=0.697277 grad_norm=0.328 action_cls=3.281530 action_acc=0.016
[train] epoch=3/8 step=8/100 loss=0.684970 grad_norm=0.343 action_cls=3.304936 action_acc=0.078
[train] epoch=3/8 step=9/100 loss=0.683740 grad_norm=0.327 action_cls=3.290321 action_acc=0.031
[train] epoch=3/8 step=10/100 loss=0.681404 grad_norm=0.359 action_cls=3.296603 action_acc=0.016
[train] epoch=3/8 step=11/100 loss=0.727563 grad_norm=0.530 action_cls=3.292780 action_acc=0.078
[train] epoch=3/8 step=12/100 loss=0.684350 grad_norm=0.485 action_cls=3.286011 action_acc=0.047
[train] epoch=3/8 step=13/100 loss=0.681029 grad_norm=0.491 action_cls=3.288343 action_acc=0.031
[train] epoch=3/8 step=14/100 loss=0.722846 grad_norm=0.385 action_cls=3.296330 action_acc=0.078
[train] epoch=3/8 step=15/100 loss=0.686499 grad_norm=0.330 action_cls=3.301177 action_acc=0.016
[train] epoch=3/8 step=16/100 loss=0.683944 grad_norm=0.297 action_cls=3.290404 action_acc=0.062
[train] epoch=3/8 step=17/100 loss=0.679647 grad_norm=0.327 action_cls=3.305568 action_acc=0.031
[train] epoch=3/8 step=18/100 loss=0.711444 grad_norm=0.279 action_cls=3.309211 action_acc=0.000
[train] epoch=3/8 step=19/100 loss=0.671637 grad_norm=0.317 action_cls=3.299617 action_acc=0.000
[train] epoch=3/8 step=20/100 loss=0.697253 grad_norm=0.652 action_cls=3.294813 action_acc=0.047
[train] epoch=3/8 step=21/100 loss=0.693235 grad_norm=0.539 action_cls=3.289040 action_acc=0.016
[train] epoch=3/8 step=22/100 loss=0.700057 grad_norm=0.313 action_cls=3.296126 action_acc=0.062
[train] epoch=3/8 step=23/100 loss=0.679721 grad_norm=0.313 action_cls=3.290034 action_acc=0.094
[train] epoch=3/8 step=24/100 loss=0.645605 grad_norm=0.420 action_cls=3.305331 action_acc=0.000
[train] epoch=3/8 step=25/100 loss=0.715690 grad_norm=0.365 action_cls=3.284531 action_acc=0.047
[train] epoch=3/8 step=26/100 loss=0.692313 grad_norm=0.310 action_cls=3.298054 action_acc=0.047
[train] epoch=3/8 step=27/100 loss=0.683553 grad_norm=0.416 action_cls=3.293689 action_acc=0.047
[train] epoch=3/8 step=28/100 loss=0.672363 grad_norm=0.446 action_cls=3.301060 action_acc=0.000
[train] epoch=3/8 step=29/100 loss=0.706240 grad_norm=0.597 action_cls=3.301990 action_acc=0.031
[train] epoch=3/8 step=30/100 loss=0.680059 grad_norm=0.330 action_cls=3.296727 action_acc=0.016
[train] epoch=3/8 step=31/100 loss=0.693620 grad_norm=0.408 action_cls=3.294892 action_acc=0.031
[train] epoch=3/8 step=32/100 loss=0.705049 grad_norm=0.403 action_cls=3.287662 action_acc=0.062
[train] epoch=3/8 step=33/100 loss=0.724286 grad_norm=0.393 action_cls=3.289653 action_acc=0.078
[train] epoch=3/8 step=34/100 loss=0.676881 grad_norm=0.251 action_cls=3.293477 action_acc=0.047
[train] epoch=3/8 step=35/100 loss=0.697279 grad_norm=0.396 action_cls=3.293061 action_acc=0.031
[train] epoch=3/8 step=36/100 loss=0.684205 grad_norm=0.308 action_cls=3.296329 action_acc=0.031
[train] epoch=3/8 step=37/100 loss=0.688987 grad_norm=0.360 action_cls=3.284237 action_acc=0.109
[train] epoch=3/8 step=38/100 loss=0.667072 grad_norm=0.536 action_cls=3.298871 action_acc=0.031
[train] epoch=3/8 step=39/100 loss=0.704900 grad_norm=0.331 action_cls=3.300777 action_acc=0.031
[train] epoch=3/8 step=40/100 loss=0.688462 grad_norm=0.529 action_cls=3.310884 action_acc=0.016
[train] epoch=3/8 step=41/100 loss=0.704963 grad_norm=0.343 action_cls=3.280825 action_acc=0.047
[train] epoch=3/8 step=42/100 loss=0.704998 grad_norm=0.352 action_cls=3.288527 action_acc=0.031
[train] epoch=3/8 step=43/100 loss=0.680431 grad_norm=0.264 action_cls=3.296577 action_acc=0.062
[train] epoch=3/8 step=44/100 loss=0.711838 grad_norm=0.397 action_cls=3.289779 action_acc=0.062
[train] epoch=3/8 step=45/100 loss=0.692601 grad_norm=0.349 action_cls=3.290049 action_acc=0.016
[train] epoch=3/8 step=46/100 loss=0.697899 grad_norm=0.380 action_cls=3.300509 action_acc=0.031
[train] epoch=3/8 step=47/100 loss=0.673289 grad_norm=0.388 action_cls=3.294052 action_acc=0.016
[train] epoch=3/8 step=48/100 loss=0.678643 grad_norm=0.325 action_cls=3.296758 action_acc=0.031
[train] epoch=3/8 step=49/100 loss=0.687335 grad_norm=0.350 action_cls=3.291313 action_acc=0.062
[train] epoch=3/8 step=50/100 loss=0.672977 grad_norm=0.317 action_cls=3.289497 action_acc=0.047
[train] epoch=3/8 step=51/100 loss=0.691254 grad_norm=0.399 action_cls=3.286444 action_acc=0.047
[train] epoch=3/8 step=52/100 loss=0.700208 grad_norm=0.383 action_cls=3.302920 action_acc=0.047
[train] epoch=3/8 step=53/100 loss=0.640833 grad_norm=0.454 action_cls=3.299048 action_acc=0.047
[train] epoch=3/8 step=54/100 loss=0.721482 grad_norm=0.310 action_cls=3.288239 action_acc=0.031
[train] epoch=3/8 step=55/100 loss=0.699637 grad_norm=0.352 action_cls=3.298524 action_acc=0.047
[train] epoch=3/8 step=56/100 loss=0.661511 grad_norm=0.341 action_cls=3.292301 action_acc=0.062
[train] epoch=3/8 step=57/100 loss=0.712156 grad_norm=0.402 action_cls=3.285600 action_acc=0.047
[train] epoch=3/8 step=58/100 loss=0.673466 grad_norm=0.288 action_cls=3.300200 action_acc=0.031
[train] epoch=3/8 step=59/100 loss=0.676751 grad_norm=0.311 action_cls=3.280076 action_acc=0.078
[train] epoch=3/8 step=60/100 loss=0.661313 grad_norm=0.382 action_cls=3.290477 action_acc=0.031
[train] epoch=3/8 step=61/100 loss=0.712263 grad_norm=0.350 action_cls=3.286133 action_acc=0.047
[train] epoch=3/8 step=62/100 loss=0.692906 grad_norm=0.562 action_cls=3.295091 action_acc=0.047
[train] epoch=3/8 step=63/100 loss=0.678023 grad_norm=0.333 action_cls=3.305793 action_acc=0.047
[train] epoch=3/8 step=64/100 loss=0.694558 grad_norm=0.380 action_cls=3.295968 action_acc=0.000
[train] epoch=3/8 step=65/100 loss=0.692590 grad_norm=0.367 action_cls=3.300658 action_acc=0.031
[train] epoch=3/8 step=66/100 loss=0.694220 grad_norm=0.350 action_cls=3.288895 action_acc=0.000
[train] epoch=3/8 step=67/100 loss=0.654089 grad_norm=0.494 action_cls=3.291034 action_acc=0.047
[train] epoch=3/8 step=68/100 loss=0.689224 grad_norm=0.452 action_cls=3.301841 action_acc=0.031
[train] epoch=3/8 step=69/100 loss=0.693243 grad_norm=0.394 action_cls=3.298085 action_acc=0.078
[train] epoch=3/8 step=70/100 loss=0.705420 grad_norm=0.447 action_cls=3.297531 action_acc=0.031
[train] epoch=3/8 step=71/100 loss=0.698978 grad_norm=0.689 action_cls=3.283781 action_acc=0.094
[train] epoch=3/8 step=72/100 loss=0.719134 grad_norm=0.594 action_cls=3.304862 action_acc=0.031
[train] epoch=3/8 step=73/100 loss=0.662462 grad_norm=0.311 action_cls=3.299269 action_acc=0.000
[train] epoch=3/8 step=74/100 loss=0.714090 grad_norm=0.577 action_cls=3.295036 action_acc=0.016
[train] epoch=3/8 step=75/100 loss=0.671669 grad_norm=0.475 action_cls=3.293023 action_acc=0.016
[train] epoch=3/8 step=76/100 loss=0.728786 grad_norm=0.390 action_cls=3.294068 action_acc=0.031
[train] epoch=3/8 step=77/100 loss=0.697036 grad_norm=0.387 action_cls=3.294569 action_acc=0.031
[train] epoch=3/8 step=78/100 loss=0.675330 grad_norm=0.320 action_cls=3.290367 action_acc=0.047
[train] epoch=3/8 step=79/100 loss=0.673270 grad_norm=0.465 action_cls=3.291071 action_acc=0.078
[train] epoch=3/8 step=80/100 loss=0.686813 grad_norm=0.596 action_cls=3.300568 action_acc=0.016
[train] epoch=3/8 step=81/100 loss=0.655265 grad_norm=0.300 action_cls=3.296846 action_acc=0.047
[train] epoch=3/8 step=82/100 loss=0.657997 grad_norm=0.434 action_cls=3.294794 action_acc=0.047
[train] epoch=3/8 step=83/100 loss=0.690149 grad_norm=0.366 action_cls=3.297377 action_acc=0.031
[train] epoch=3/8 step=84/100 loss=0.692617 grad_norm=0.522 action_cls=3.284154 action_acc=0.062
[train] epoch=3/8 step=85/100 loss=0.669683 grad_norm=0.436 action_cls=3.281386 action_acc=0.031
[train] epoch=3/8 step=86/100 loss=0.672272 grad_norm=0.294 action_cls=3.290276 action_acc=0.078
[train] epoch=3/8 step=87/100 loss=0.726680 grad_norm=0.325 action_cls=3.295512 action_acc=0.016
[train] epoch=3/8 step=88/100 loss=0.677082 grad_norm=0.384 action_cls=3.298144 action_acc=0.047
[train] epoch=3/8 step=89/100 loss=0.678446 grad_norm=0.320 action_cls=3.295934 action_acc=0.031
[train] epoch=3/8 step=90/100 loss=0.676429 grad_norm=0.282 action_cls=3.295406 action_acc=0.031
[train] epoch=3/8 step=91/100 loss=0.713804 grad_norm=0.428 action_cls=3.291097 action_acc=0.078
[train] epoch=3/8 step=92/100 loss=0.700289 grad_norm=0.258 action_cls=3.299052 action_acc=0.031
[train] epoch=3/8 step=93/100 loss=0.655885 grad_norm=0.588 action_cls=3.293806 action_acc=0.047
[train] epoch=3/8 step=94/100 loss=0.674523 grad_norm=0.491 action_cls=3.282043 action_acc=0.062
[train] epoch=3/8 step=95/100 loss=0.659074 grad_norm=0.329 action_cls=3.315525 action_acc=0.016
[train] epoch=3/8 step=96/100 loss=0.691253 grad_norm=0.344 action_cls=3.295685 action_acc=0.031
[train] epoch=3/8 step=97/100 loss=0.673373 grad_norm=0.491 action_cls=3.283866 action_acc=0.031
[train] epoch=3/8 step=98/100 loss=0.662380 grad_norm=0.336 action_cls=3.305332 action_acc=0.016
[train] epoch=3/8 step=99/100 loss=0.679577 grad_norm=0.336 action_cls=3.309914 action_acc=0.016
[train] epoch=3/8 step=100/100 loss=0.683388 grad_norm=0.364 action_cls=3.298426 action_acc=0.047
[epoch_summary] epoch=3/8 time_epoch=56.1s elapsed=281.7s eta=469.5s lambda_batch_div=0.000 lambda_inter_div=0.250 lambda_intra_div=0.000 selection_mode=diversity_first selection_score=0.859614 train_loss=0.689166 val_loss=0.601067 val_nmpjpe=0.234117 train_pose=0.028916 train_rel=0.051362 train_dist=0.198440 train_dir=0.067174 train_var=0.019629 train_batch_div=0.159859 train_inter_div=0.157926 train_intra_div=0.231838 val_pose=0.024370 val_rel=0.040464 val_dist=0.168263 val_dir=0.056476 val_var=0.024068 val_batch_div=0.439418 val_inter_div=0.006781 val_intra_div=0.440423 train_std=0.117895/0.167500 train_std_ratio=0.707761 val_std=0.057908/0.086730 val_std_ratio=0.792094 train_pair_dist=0.980027/1.552943 train_pair_ratio=0.633239 val_pair_dist=0.437729/0.881006 val_pair_ratio=0.585991 train_inter_pair=0.980251/1.573509 train_inter_ratio=0.625149 val_inter_pair=0.010714/0.033503 val_inter_ratio=0.007153 train_intra_pair=0.973970/1.019900 train_intra_ratio=0.965742 val_intra_pair=0.436822/0.875789 val_intra_ratio=0.587812 train_action_cls=3.294731 train_action_acc=0.040 val_action_cls=3.300311 val_action_acc=0.026 grad_norm_mean=0.400 nan_loss=False nan_grad=False actions_covered=27 envs_covered=2
[ckpt] saved_last path=C:\Users\LuvRene\OneDrive\PythonProjects\Positioning\pose_estimationV2\checkpoints\ablation_meanrms_interdiv_divsel_actionaux010_last.pth epoch=3
[ckpt] saved path=C:\Users\LuvRene\OneDrive\PythonProjects\Positioning\pose_estimationV2\checkpoints\ablation_meanrms_interdiv_divsel_actionaux010.pth epoch=3 best_selection_score=0.859614 val_nmpjpe=0.234117
[epoch_start] epoch=4/8 train_size=160380 val_size=80190 test_size=80190 lr=3.000e-04 lambda_batch_div=0.000 lambda_inter_div=0.250 lambda_intra_div=0.000
[train] epoch=4/8 step=1/100 loss=0.653358 grad_norm=0.271 action_cls=3.281847 action_acc=0.031
[train] epoch=4/8 step=2/100 loss=0.709771 grad_norm=0.376 action_cls=3.288950 action_acc=0.031
[train] epoch=4/8 step=3/100 loss=0.679412 grad_norm=0.483 action_cls=3.289345 action_acc=0.031
[train] epoch=4/8 step=4/100 loss=0.677939 grad_norm=0.293 action_cls=3.292460 action_acc=0.031
[train] epoch=4/8 step=5/100 loss=0.677135 grad_norm=0.365 action_cls=3.286121 action_acc=0.062
[train] epoch=4/8 step=6/100 loss=0.666318 grad_norm=0.384 action_cls=3.289642 action_acc=0.062
[train] epoch=4/8 step=7/100 loss=0.692736 grad_norm=0.368 action_cls=3.291200 action_acc=0.078
[train] epoch=4/8 step=8/100 loss=0.688424 grad_norm=0.452 action_cls=3.273397 action_acc=0.109
[train] epoch=4/8 step=9/100 loss=0.681380 grad_norm=0.513 action_cls=3.308784 action_acc=0.031
[train] epoch=4/8 step=10/100 loss=0.701200 grad_norm=0.218 action_cls=3.288394 action_acc=0.078
[train] epoch=4/8 step=11/100 loss=0.689368 grad_norm=0.351 action_cls=3.285550 action_acc=0.047
[train] epoch=4/8 step=12/100 loss=0.668296 grad_norm=0.434 action_cls=3.296673 action_acc=0.078
[train] epoch=4/8 step=13/100 loss=0.672077 grad_norm=0.295 action_cls=3.266841 action_acc=0.062
[train] epoch=4/8 step=14/100 loss=0.679563 grad_norm=0.324 action_cls=3.299670 action_acc=0.016
[train] epoch=4/8 step=15/100 loss=0.698114 grad_norm=0.285 action_cls=3.298693 action_acc=0.031
[train] epoch=4/8 step=16/100 loss=0.665935 grad_norm=0.223 action_cls=3.282498 action_acc=0.016
[train] epoch=4/8 step=17/100 loss=0.670842 grad_norm=0.543 action_cls=3.307009 action_acc=0.031
[train] epoch=4/8 step=18/100 loss=0.660574 grad_norm=0.751 action_cls=3.288569 action_acc=0.031
[train] epoch=4/8 step=19/100 loss=0.720683 grad_norm=0.487 action_cls=3.298331 action_acc=0.031
[train] epoch=4/8 step=20/100 loss=0.664129 grad_norm=0.289 action_cls=3.309748 action_acc=0.016
[train] epoch=4/8 step=21/100 loss=0.672423 grad_norm=0.375 action_cls=3.298709 action_acc=0.016
[train] epoch=4/8 step=22/100 loss=0.706300 grad_norm=0.546 action_cls=3.283221 action_acc=0.000
[train] epoch=4/8 step=23/100 loss=0.734451 grad_norm=0.408 action_cls=3.277769 action_acc=0.016
[train] epoch=4/8 step=24/100 loss=0.675399 grad_norm=0.350 action_cls=3.299589 action_acc=0.047
[train] epoch=4/8 step=25/100 loss=0.657193 grad_norm=0.421 action_cls=3.283230 action_acc=0.047
[train] epoch=4/8 step=26/100 loss=0.668640 grad_norm=0.474 action_cls=3.289395 action_acc=0.094
[train] epoch=4/8 step=27/100 loss=0.688032 grad_norm=0.272 action_cls=3.289388 action_acc=0.000
[train] epoch=4/8 step=28/100 loss=0.658506 grad_norm=0.369 action_cls=3.295543 action_acc=0.016
[train] epoch=4/8 step=29/100 loss=0.661234 grad_norm=0.457 action_cls=3.282076 action_acc=0.078
[train] epoch=4/8 step=30/100 loss=0.697144 grad_norm=0.525 action_cls=3.295002 action_acc=0.047
[train] epoch=4/8 step=31/100 loss=0.701594 grad_norm=0.306 action_cls=3.291793 action_acc=0.047
[train] epoch=4/8 step=32/100 loss=0.680751 grad_norm=0.307 action_cls=3.287788 action_acc=0.062
[train] epoch=4/8 step=33/100 loss=0.705155 grad_norm=0.425 action_cls=3.273335 action_acc=0.047
[train] epoch=4/8 step=34/100 loss=0.670785 grad_norm=0.344 action_cls=3.282509 action_acc=0.047
[train] epoch=4/8 step=35/100 loss=0.650607 grad_norm=0.527 action_cls=3.284571 action_acc=0.031
[train] epoch=4/8 step=36/100 loss=0.692861 grad_norm=0.468 action_cls=3.272365 action_acc=0.062
[train] epoch=4/8 step=37/100 loss=0.689252 grad_norm=0.478 action_cls=3.293648 action_acc=0.016
[train] epoch=4/8 step=38/100 loss=0.668747 grad_norm=0.534 action_cls=3.285459 action_acc=0.031
[train] epoch=4/8 step=39/100 loss=0.672539 grad_norm=0.619 action_cls=3.301896 action_acc=0.031
[train] epoch=4/8 step=40/100 loss=0.720556 grad_norm=0.323 action_cls=3.285513 action_acc=0.000
[train] epoch=4/8 step=41/100 loss=0.718462 grad_norm=0.408 action_cls=3.287704 action_acc=0.016
[train] epoch=4/8 step=42/100 loss=0.676604 grad_norm=0.573 action_cls=3.295201 action_acc=0.016
[train] epoch=4/8 step=43/100 loss=0.689034 grad_norm=0.573 action_cls=3.304027 action_acc=0.031
[train] epoch=4/8 step=44/100 loss=0.690659 grad_norm=0.287 action_cls=3.310798 action_acc=0.031
[train] epoch=4/8 step=45/100 loss=0.667028 grad_norm=0.359 action_cls=3.307820 action_acc=0.047
[train] epoch=4/8 step=46/100 loss=0.644723 grad_norm=0.521 action_cls=3.282883 action_acc=0.094
[train] epoch=4/8 step=47/100 loss=0.686013 grad_norm=0.375 action_cls=3.294369 action_acc=0.031
[train] epoch=4/8 step=48/100 loss=0.685340 grad_norm=0.324 action_cls=3.305301 action_acc=0.000
[train] epoch=4/8 step=49/100 loss=0.691294 grad_norm=0.363 action_cls=3.309026 action_acc=0.016
[train] epoch=4/8 step=50/100 loss=0.686543 grad_norm=0.267 action_cls=3.283096 action_acc=0.031
[train] epoch=4/8 step=51/100 loss=0.637467 grad_norm=0.396 action_cls=3.268096 action_acc=0.062
[train] epoch=4/8 step=52/100 loss=0.683695 grad_norm=0.371 action_cls=3.295312 action_acc=0.047
[train] epoch=4/8 step=53/100 loss=0.696412 grad_norm=0.307 action_cls=3.299410 action_acc=0.016
[train] epoch=4/8 step=54/100 loss=0.670630 grad_norm=0.421 action_cls=3.291512 action_acc=0.031
[train] epoch=4/8 step=55/100 loss=0.644100 grad_norm=0.408 action_cls=3.284197 action_acc=0.062
[train] epoch=4/8 step=56/100 loss=0.665342 grad_norm=0.328 action_cls=3.283931 action_acc=0.078
[train] epoch=4/8 step=57/100 loss=0.661759 grad_norm=0.269 action_cls=3.302288 action_acc=0.016
[train] epoch=4/8 step=58/100 loss=0.674817 grad_norm=0.253 action_cls=3.304919 action_acc=0.031
[train] epoch=4/8 step=59/100 loss=0.686774 grad_norm=0.333 action_cls=3.279310 action_acc=0.031
[train] epoch=4/8 step=60/100 loss=0.676168 grad_norm=0.415 action_cls=3.298618 action_acc=0.062
[train] epoch=4/8 step=61/100 loss=0.671836 grad_norm=0.300 action_cls=3.294666 action_acc=0.031
[train] epoch=4/8 step=62/100 loss=0.724088 grad_norm=0.446 action_cls=3.287067 action_acc=0.031
[train] epoch=4/8 step=63/100 loss=0.663030 grad_norm=0.489 action_cls=3.302699 action_acc=0.031
[train] epoch=4/8 step=64/100 loss=0.695953 grad_norm=0.376 action_cls=3.292953 action_acc=0.047
[train] epoch=4/8 step=65/100 loss=0.664776 grad_norm=0.334 action_cls=3.279111 action_acc=0.047
[train] epoch=4/8 step=66/100 loss=0.651822 grad_norm=0.507 action_cls=3.301497 action_acc=0.062
[train] epoch=4/8 step=67/100 loss=0.651753 grad_norm=0.373 action_cls=3.289356 action_acc=0.016
[train] epoch=4/8 step=68/100 loss=0.681976 grad_norm=0.416 action_cls=3.285931 action_acc=0.016
[train] epoch=4/8 step=69/100 loss=0.697820 grad_norm=0.511 action_cls=3.297230 action_acc=0.047
[train] epoch=4/8 step=70/100 loss=0.661299 grad_norm=0.301 action_cls=3.286246 action_acc=0.031
[train] epoch=4/8 step=71/100 loss=0.656870 grad_norm=0.299 action_cls=3.299489 action_acc=0.000
[train] epoch=4/8 step=72/100 loss=0.655267 grad_norm=0.295 action_cls=3.293750 action_acc=0.062
[train] epoch=4/8 step=73/100 loss=0.699832 grad_norm=0.512 action_cls=3.297590 action_acc=0.047
[train] epoch=4/8 step=74/100 loss=0.695787 grad_norm=0.458 action_cls=3.299091 action_acc=0.031
[train] epoch=4/8 step=75/100 loss=0.656692 grad_norm=0.318 action_cls=3.314295 action_acc=0.016
[train] epoch=4/8 step=76/100 loss=0.702666 grad_norm=0.454 action_cls=3.294394 action_acc=0.016
[train] epoch=4/8 step=77/100 loss=0.698539 grad_norm=0.454 action_cls=3.297443 action_acc=0.016
[train] epoch=4/8 step=78/100 loss=0.671803 grad_norm=0.470 action_cls=3.305681 action_acc=0.031
[train] epoch=4/8 step=79/100 loss=0.645819 grad_norm=0.502 action_cls=3.308214 action_acc=0.016
[train] epoch=4/8 step=80/100 loss=0.654016 grad_norm=0.447 action_cls=3.299510 action_acc=0.094
[train] epoch=4/8 step=81/100 loss=0.677007 grad_norm=0.346 action_cls=3.281235 action_acc=0.047
[train] epoch=4/8 step=82/100 loss=0.665637 grad_norm=0.532 action_cls=3.298569 action_acc=0.031
[train] epoch=4/8 step=83/100 loss=0.678110 grad_norm=0.524 action_cls=3.290379 action_acc=0.094
[train] epoch=4/8 step=84/100 loss=0.678548 grad_norm=0.318 action_cls=3.283638 action_acc=0.062
[train] epoch=4/8 step=85/100 loss=0.662261 grad_norm=0.310 action_cls=3.293440 action_acc=0.031
[train] epoch=4/8 step=86/100 loss=0.730809 grad_norm=0.444 action_cls=3.313200 action_acc=0.000
[train] epoch=4/8 step=87/100 loss=0.669675 grad_norm=0.264 action_cls=3.294378 action_acc=0.031
[train] epoch=4/8 step=88/100 loss=0.649076 grad_norm=0.243 action_cls=3.267800 action_acc=0.062
[train] epoch=4/8 step=89/100 loss=0.683092 grad_norm=0.270 action_cls=3.295378 action_acc=0.016
[train] epoch=4/8 step=90/100 loss=0.692784 grad_norm=0.460 action_cls=3.289209 action_acc=0.062
[train] epoch=4/8 step=91/100 loss=0.679926 grad_norm=0.240 action_cls=3.298163 action_acc=0.062
[train] epoch=4/8 step=92/100 loss=0.672666 grad_norm=0.418 action_cls=3.297856 action_acc=0.031
[train] epoch=4/8 step=93/100 loss=0.645921 grad_norm=0.436 action_cls=3.297393 action_acc=0.031
[train] epoch=4/8 step=94/100 loss=0.679794 grad_norm=0.612 action_cls=3.306452 action_acc=0.016
[train] epoch=4/8 step=95/100 loss=0.648068 grad_norm=0.300 action_cls=3.285445 action_acc=0.031
[train] epoch=4/8 step=96/100 loss=0.681303 grad_norm=0.431 action_cls=3.296344 action_acc=0.016
[train] epoch=4/8 step=97/100 loss=0.673519 grad_norm=0.336 action_cls=3.282272 action_acc=0.062
[train] epoch=4/8 step=98/100 loss=0.643671 grad_norm=0.347 action_cls=3.296526 action_acc=0.016
[train] epoch=4/8 step=99/100 loss=0.672786 grad_norm=0.365 action_cls=3.276770 action_acc=0.047
[train] epoch=4/8 step=100/100 loss=0.673196 grad_norm=0.272 action_cls=3.316790 action_acc=0.047
[epoch_summary] epoch=4/8 time_epoch=58.2s elapsed=339.9s eta=339.9s lambda_batch_div=0.000 lambda_inter_div=0.250 lambda_intra_div=0.000 selection_mode=diversity_first selection_score=0.853479 train_loss=0.677818 val_loss=0.597726 val_nmpjpe=0.234034 train_pose=0.029209 train_rel=0.048831 train_dist=0.190834 train_dir=0.064557 train_var=0.021200 train_batch_div=0.160234 train_inter_div=0.158204 train_intra_div=0.242286 val_pose=0.024727 val_rel=0.040494 val_dist=0.164464 val_dir=0.056477 val_var=0.025147 val_batch_div=0.444866 val_inter_div=0.006780 val_intra_div=0.445907 train_std=0.120337/0.166136 train_std_ratio=0.728208 val_std=0.056773/0.086730 val_std_ratio=0.779049 train_pair_dist=1.006237/1.540222 train_pair_ratio=0.655472 val_pair_dist=0.435458/0.881006 val_pair_ratio=0.584416 train_inter_pair=1.006363/1.560150 train_inter_ratio=0.647171 val_inter_pair=0.010742/0.033503 val_inter_ratio=0.007178 train_intra_pair=1.002373/1.022686 train_intra_ratio=0.997089 val_intra_pair=0.434598/0.875789 val_intra_ratio=0.586345 train_action_cls=3.292518 train_action_acc=0.039 val_action_cls=3.301166 val_action_acc=0.036 grad_norm_mean=0.395 nan_loss=False nan_grad=False actions_covered=27 envs_covered=2
[ckpt] saved_last path=C:\Users\LuvRene\OneDrive\PythonProjects\Positioning\pose_estimationV2\checkpoints\ablation_meanrms_interdiv_divsel_actionaux010_last.pth epoch=4
[ckpt] no_improve best_epoch=3 best_selection_score=0.859614 best_val_nmpjpe=0.234117
[epoch_start] epoch=5/8 train_size=160380 val_size=80190 test_size=80190 lr=3.000e-04 lambda_batch_div=0.000 lambda_inter_div=0.250 lambda_intra_div=0.000
[train] epoch=5/8 step=1/100 loss=0.634850 grad_norm=0.380 action_cls=3.286538 action_acc=0.094
[train] epoch=5/8 step=2/100 loss=0.650984 grad_norm=0.286 action_cls=3.292406 action_acc=0.047
[train] epoch=5/8 step=3/100 loss=0.682494 grad_norm=0.241 action_cls=3.291896 action_acc=0.094
[train] epoch=5/8 step=4/100 loss=0.672274 grad_norm=0.291 action_cls=3.296550 action_acc=0.062
[train] epoch=5/8 step=5/100 loss=0.655826 grad_norm=0.262 action_cls=3.301441 action_acc=0.016
[train] epoch=5/8 step=6/100 loss=0.697828 grad_norm=0.411 action_cls=3.297850 action_acc=0.016
[train] epoch=5/8 step=7/100 loss=0.692174 grad_norm=0.395 action_cls=3.293136 action_acc=0.031
[train] epoch=5/8 step=8/100 loss=0.681174 grad_norm=0.261 action_cls=3.289616 action_acc=0.016
[train] epoch=5/8 step=9/100 loss=0.667582 grad_norm=0.411 action_cls=3.284204 action_acc=0.062
[train] epoch=5/8 step=10/100 loss=0.649410 grad_norm=0.228 action_cls=3.288178 action_acc=0.047
[train] epoch=5/8 step=11/100 loss=0.646716 grad_norm=0.257 action_cls=3.289137 action_acc=0.000
[train] epoch=5/8 step=12/100 loss=0.681274 grad_norm=0.313 action_cls=3.289470 action_acc=0.078
[train] epoch=5/8 step=13/100 loss=0.656138 grad_norm=0.301 action_cls=3.297493 action_acc=0.062
[train] epoch=5/8 step=14/100 loss=0.674778 grad_norm=0.278 action_cls=3.285954 action_acc=0.031
[train] epoch=5/8 step=15/100 loss=0.660317 grad_norm=0.420 action_cls=3.307065 action_acc=0.016
[train] epoch=5/8 step=16/100 loss=0.753575 grad_norm=0.359 action_cls=3.282723 action_acc=0.031
[train] epoch=5/8 step=17/100 loss=0.706205 grad_norm=0.284 action_cls=3.275475 action_acc=0.047
[train] epoch=5/8 step=18/100 loss=0.672576 grad_norm=0.295 action_cls=3.279061 action_acc=0.062
[train] epoch=5/8 step=19/100 loss=0.689956 grad_norm=0.323 action_cls=3.296342 action_acc=0.078
[train] epoch=5/8 step=20/100 loss=0.655118 grad_norm=0.320 action_cls=3.291502 action_acc=0.016
[train] epoch=5/8 step=21/100 loss=0.676329 grad_norm=0.424 action_cls=3.294023 action_acc=0.047
[train] epoch=5/8 step=22/100 loss=0.678232 grad_norm=0.246 action_cls=3.291589 action_acc=0.047
[train] epoch=5/8 step=23/100 loss=0.686906 grad_norm=0.467 action_cls=3.284308 action_acc=0.047
[train] epoch=5/8 step=24/100 loss=0.663370 grad_norm=0.304 action_cls=3.286881 action_acc=0.047
[train] epoch=5/8 step=25/100 loss=0.656785 grad_norm=0.456 action_cls=3.279026 action_acc=0.109
[train] epoch=5/8 step=26/100 loss=0.653275 grad_norm=0.393 action_cls=3.288614 action_acc=0.031
[train] epoch=5/8 step=27/100 loss=0.675694 grad_norm=0.522 action_cls=3.294492 action_acc=0.016
[train] epoch=5/8 step=28/100 loss=0.676494 grad_norm=0.448 action_cls=3.287373 action_acc=0.016
[train] epoch=5/8 step=29/100 loss=0.703938 grad_norm=0.401 action_cls=3.293426 action_acc=0.078
[train] epoch=5/8 step=30/100 loss=0.677541 grad_norm=0.246 action_cls=3.294333 action_acc=0.031
[train] epoch=5/8 step=31/100 loss=0.684794 grad_norm=0.266 action_cls=3.306090 action_acc=0.000
[train] epoch=5/8 step=32/100 loss=0.682998 grad_norm=0.305 action_cls=3.310953 action_acc=0.016
[train] epoch=5/8 step=33/100 loss=0.658992 grad_norm=0.395 action_cls=3.306010 action_acc=0.000
[train] epoch=5/8 step=34/100 loss=0.665780 grad_norm=0.312 action_cls=3.282186 action_acc=0.062
[train] epoch=5/8 step=35/100 loss=0.685571 grad_norm=0.282 action_cls=3.298330 action_acc=0.016
[train] epoch=5/8 step=36/100 loss=0.695403 grad_norm=0.248 action_cls=3.294149 action_acc=0.016
[train] epoch=5/8 step=37/100 loss=0.666410 grad_norm=0.277 action_cls=3.288130 action_acc=0.016
[train] epoch=5/8 step=38/100 loss=0.650586 grad_norm=0.268 action_cls=3.278291 action_acc=0.031
[train] epoch=5/8 step=39/100 loss=0.683112 grad_norm=0.281 action_cls=3.271421 action_acc=0.062
[train] epoch=5/8 step=40/100 loss=0.658829 grad_norm=0.360 action_cls=3.305155 action_acc=0.047
[train] epoch=5/8 step=41/100 loss=0.656160 grad_norm=0.256 action_cls=3.323036 action_acc=0.031
[train] epoch=5/8 step=42/100 loss=0.677511 grad_norm=0.335 action_cls=3.301966 action_acc=0.047
[train] epoch=5/8 step=43/100 loss=0.637647 grad_norm=0.242 action_cls=3.291728 action_acc=0.078
[train] epoch=5/8 step=44/100 loss=0.691144 grad_norm=0.332 action_cls=3.293641 action_acc=0.047
[train] epoch=5/8 step=45/100 loss=0.671476 grad_norm=0.467 action_cls=3.295545 action_acc=0.062
[train] epoch=5/8 step=46/100 loss=0.696659 grad_norm=0.346 action_cls=3.296693 action_acc=0.062
[train] epoch=5/8 step=47/100 loss=0.673249 grad_norm=0.271 action_cls=3.285131 action_acc=0.047
[train] epoch=5/8 step=48/100 loss=0.640668 grad_norm=0.277 action_cls=3.289447 action_acc=0.031
[train] epoch=5/8 step=49/100 loss=0.686217 grad_norm=0.370 action_cls=3.295892 action_acc=0.031
[train] epoch=5/8 step=50/100 loss=0.649045 grad_norm=0.340 action_cls=3.297956 action_acc=0.078
[train] epoch=5/8 step=51/100 loss=0.672313 grad_norm=0.257 action_cls=3.291359 action_acc=0.016
[train] epoch=5/8 step=52/100 loss=0.695390 grad_norm=0.217 action_cls=3.307042 action_acc=0.016
[train] epoch=5/8 step=53/100 loss=0.696773 grad_norm=0.271 action_cls=3.297397 action_acc=0.000
[train] epoch=5/8 step=54/100 loss=0.660138 grad_norm=0.333 action_cls=3.280069 action_acc=0.125
[train] epoch=5/8 step=55/100 loss=0.649824 grad_norm=0.538 action_cls=3.302190 action_acc=0.000
[train] epoch=5/8 step=56/100 loss=0.694333 grad_norm=0.253 action_cls=3.308494 action_acc=0.016
[train] epoch=5/8 step=57/100 loss=0.704525 grad_norm=0.336 action_cls=3.287453 action_acc=0.078
[train] epoch=5/8 step=58/100 loss=0.656966 grad_norm=0.233 action_cls=3.297138 action_acc=0.031
[train] epoch=5/8 step=59/100 loss=0.658529 grad_norm=0.287 action_cls=3.265673 action_acc=0.047
[train] epoch=5/8 step=60/100 loss=0.715622 grad_norm=0.522 action_cls=3.273954 action_acc=0.031
[train] epoch=5/8 step=61/100 loss=0.686756 grad_norm=0.348 action_cls=3.293857 action_acc=0.016
[train] epoch=5/8 step=62/100 loss=0.663157 grad_norm=0.356 action_cls=3.286765 action_acc=0.016
[train] epoch=5/8 step=63/100 loss=0.662816 grad_norm=0.468 action_cls=3.281179 action_acc=0.062
[train] epoch=5/8 step=64/100 loss=0.677056 grad_norm=0.266 action_cls=3.288557 action_acc=0.000
[train] epoch=5/8 step=65/100 loss=0.626456 grad_norm=0.379 action_cls=3.271010 action_acc=0.062
[train] epoch=5/8 step=66/100 loss=0.646357 grad_norm=0.289 action_cls=3.299392 action_acc=0.047
[train] epoch=5/8 step=67/100 loss=0.688026 grad_norm=0.326 action_cls=3.286698 action_acc=0.031
[train] epoch=5/8 step=68/100 loss=0.666759 grad_norm=0.300 action_cls=3.285803 action_acc=0.016
[train] epoch=5/8 step=69/100 loss=0.668201 grad_norm=0.449 action_cls=3.286435 action_acc=0.031
[train] epoch=5/8 step=70/100 loss=0.630926 grad_norm=0.415 action_cls=3.286117 action_acc=0.062
[train] epoch=5/8 step=71/100 loss=0.678224 grad_norm=0.372 action_cls=3.293596 action_acc=0.047
[train] epoch=5/8 step=72/100 loss=0.686603 grad_norm=0.247 action_cls=3.285322 action_acc=0.016
[train] epoch=5/8 step=73/100 loss=0.670212 grad_norm=0.411 action_cls=3.282109 action_acc=0.047
[train] epoch=5/8 step=74/100 loss=0.673367 grad_norm=0.277 action_cls=3.312904 action_acc=0.000
[train] epoch=5/8 step=75/100 loss=0.668753 grad_norm=0.213 action_cls=3.290903 action_acc=0.062
[train] epoch=5/8 step=76/100 loss=0.689548 grad_norm=0.488 action_cls=3.292413 action_acc=0.000
[train] epoch=5/8 step=77/100 loss=0.689071 grad_norm=0.296 action_cls=3.284689 action_acc=0.016
[train] epoch=5/8 step=78/100 loss=0.650669 grad_norm=0.215 action_cls=3.305685 action_acc=0.016
[train] epoch=5/8 step=79/100 loss=0.683295 grad_norm=0.315 action_cls=3.286137 action_acc=0.016
[train] epoch=5/8 step=80/100 loss=0.657929 grad_norm=0.389 action_cls=3.310631 action_acc=0.031
[train] epoch=5/8 step=81/100 loss=0.674018 grad_norm=0.312 action_cls=3.299448 action_acc=0.047
[train] epoch=5/8 step=82/100 loss=0.673496 grad_norm=0.246 action_cls=3.283444 action_acc=0.094
[train] epoch=5/8 step=83/100 loss=0.723405 grad_norm=0.391 action_cls=3.300633 action_acc=0.047
[train] epoch=5/8 step=84/100 loss=0.693698 grad_norm=0.282 action_cls=3.308560 action_acc=0.016
[train] epoch=5/8 step=85/100 loss=0.643945 grad_norm=0.449 action_cls=3.268770 action_acc=0.078
[train] epoch=5/8 step=86/100 loss=0.660764 grad_norm=0.223 action_cls=3.299331 action_acc=0.031
[train] epoch=5/8 step=87/100 loss=0.665786 grad_norm=0.238 action_cls=3.276981 action_acc=0.094
[train] epoch=5/8 step=88/100 loss=0.672986 grad_norm=0.279 action_cls=3.290070 action_acc=0.047
[train] epoch=5/8 step=89/100 loss=0.682963 grad_norm=0.281 action_cls=3.284873 action_acc=0.078
[train] epoch=5/8 step=90/100 loss=0.649463 grad_norm=0.290 action_cls=3.288522 action_acc=0.062
[train] epoch=5/8 step=91/100 loss=0.684292 grad_norm=0.399 action_cls=3.299981 action_acc=0.000
[train] epoch=5/8 step=92/100 loss=0.621137 grad_norm=0.322 action_cls=3.297028 action_acc=0.062
[train] epoch=5/8 step=93/100 loss=0.676935 grad_norm=0.431 action_cls=3.304720 action_acc=0.047
[train] epoch=5/8 step=94/100 loss=0.663126 grad_norm=0.398 action_cls=3.275862 action_acc=0.109
[train] epoch=5/8 step=95/100 loss=0.660093 grad_norm=0.569 action_cls=3.271528 action_acc=0.031
[train] epoch=5/8 step=96/100 loss=0.666447 grad_norm=0.235 action_cls=3.272131 action_acc=0.062
[train] epoch=5/8 step=97/100 loss=0.649782 grad_norm=0.379 action_cls=3.294882 action_acc=0.047
[train] epoch=5/8 step=98/100 loss=0.708717 grad_norm=0.913 action_cls=3.291194 action_acc=0.031
[train] epoch=5/8 step=99/100 loss=0.635725 grad_norm=0.369 action_cls=3.297462 action_acc=0.016
[train] epoch=5/8 step=100/100 loss=0.666192 grad_norm=0.259 action_cls=3.303771 action_acc=0.016
[epoch_summary] epoch=5/8 time_epoch=56.2s elapsed=396.0s eta=237.6s lambda_batch_div=0.000 lambda_inter_div=0.250 lambda_intra_div=0.000 selection_mode=diversity_first selection_score=0.941642 train_loss=0.671836 val_loss=0.603074 val_nmpjpe=0.245133 train_pose=0.029337 train_rel=0.047944 train_dist=0.186858 train_dir=0.062549 train_var=0.021802 train_batch_div=0.161930 train_inter_div=0.159872 train_intra_div=0.242936 val_pose=0.025889 val_rel=0.040773 val_dist=0.168759 val_dir=0.056330 val_var=0.023622 val_batch_div=0.443734 val_inter_div=0.006365 val_intra_div=0.445019 train_std=0.119616/0.164542 train_std_ratio=0.730208 val_std=0.062274/0.086730 val_std_ratio=0.852892 train_pair_dist=1.001078/1.541204 train_pair_ratio=0.651227 val_pair_dist=0.483333/0.881006 val_pair_ratio=0.646810 train_inter_pair=1.001259/1.561408 train_inter_ratio=0.642919 val_inter_pair=0.012224/0.033503 val_inter_ratio=0.008149 train_intra_pair=0.996309/1.015692 train_intra_ratio=0.991897 val_intra_pair=0.482280/0.875789 val_intra_ratio=0.648869 train_action_cls=3.291520 train_action_acc=0.041 val_action_cls=3.301182 val_action_acc=0.030 grad_norm_mean=0.338 nan_loss=False nan_grad=False actions_covered=27 envs_covered=2
[ckpt] saved_last path=C:\Users\LuvRene\OneDrive\PythonProjects\Positioning\pose_estimationV2\checkpoints\ablation_meanrms_interdiv_divsel_actionaux010_last.pth epoch=5
[ckpt] saved path=C:\Users\LuvRene\OneDrive\PythonProjects\Positioning\pose_estimationV2\checkpoints\ablation_meanrms_interdiv_divsel_actionaux010.pth epoch=5 best_selection_score=0.941642 val_nmpjpe=0.245133
[epoch_start] epoch=6/8 train_size=160380 val_size=80190 test_size=80190 lr=3.000e-04 lambda_batch_div=0.000 lambda_inter_div=0.250 lambda_intra_div=0.000
[train] epoch=6/8 step=1/100 loss=0.651974 grad_norm=0.549 action_cls=3.308424 action_acc=0.078
[train] epoch=6/8 step=2/100 loss=0.664547 grad_norm=0.429 action_cls=3.278363 action_acc=0.016
[train] epoch=6/8 step=3/100 loss=0.680815 grad_norm=0.404 action_cls=3.284186 action_acc=0.047
[train] epoch=6/8 step=4/100 loss=0.662914 grad_norm=0.289 action_cls=3.284762 action_acc=0.000
[train] epoch=6/8 step=5/100 loss=0.657668 grad_norm=0.415 action_cls=3.292984 action_acc=0.031
[train] epoch=6/8 step=6/100 loss=0.712194 grad_norm=0.458 action_cls=3.291738 action_acc=0.031
[train] epoch=6/8 step=7/100 loss=0.686359 grad_norm=0.550 action_cls=3.302377 action_acc=0.047
[train] epoch=6/8 step=8/100 loss=0.654299 grad_norm=0.277 action_cls=3.301452 action_acc=0.031
[train] epoch=6/8 step=9/100 loss=0.645412 grad_norm=0.478 action_cls=3.289440 action_acc=0.016
[train] epoch=6/8 step=10/100 loss=0.685413 grad_norm=0.393 action_cls=3.285767 action_acc=0.016
[train] epoch=6/8 step=11/100 loss=0.664829 grad_norm=0.301 action_cls=3.302369 action_acc=0.031
[train] epoch=6/8 step=12/100 loss=0.659643 grad_norm=0.303 action_cls=3.269999 action_acc=0.062
[train] epoch=6/8 step=13/100 loss=0.707211 grad_norm=0.276 action_cls=3.297186 action_acc=0.031
[train] epoch=6/8 step=14/100 loss=0.661222 grad_norm=0.404 action_cls=3.290757 action_acc=0.047
[train] epoch=6/8 step=15/100 loss=0.649119 grad_norm=0.212 action_cls=3.276647 action_acc=0.016
[train] epoch=6/8 step=16/100 loss=0.639174 grad_norm=0.256 action_cls=3.293420 action_acc=0.016
[train] epoch=6/8 step=17/100 loss=0.679666 grad_norm=0.352 action_cls=3.283326 action_acc=0.047
[train] epoch=6/8 step=18/100 loss=0.675034 grad_norm=0.237 action_cls=3.285905 action_acc=0.047
[train] epoch=6/8 step=19/100 loss=0.636270 grad_norm=0.313 action_cls=3.265469 action_acc=0.062
[train] epoch=6/8 step=20/100 loss=0.714052 grad_norm=0.244 action_cls=3.281367 action_acc=0.000
[train] epoch=6/8 step=21/100 loss=0.682456 grad_norm=0.286 action_cls=3.290818 action_acc=0.016
[train] epoch=6/8 step=22/100 loss=0.659183 grad_norm=0.282 action_cls=3.279592 action_acc=0.031
[train] epoch=6/8 step=23/100 loss=0.710309 grad_norm=0.236 action_cls=3.291310 action_acc=0.047
[train] epoch=6/8 step=24/100 loss=0.665872 grad_norm=0.250 action_cls=3.293544 action_acc=0.047
[train] epoch=6/8 step=25/100 loss=0.668016 grad_norm=0.335 action_cls=3.276887 action_acc=0.047
[train] epoch=6/8 step=26/100 loss=0.680893 grad_norm=0.263 action_cls=3.278625 action_acc=0.016
[train] epoch=6/8 step=27/100 loss=0.650450 grad_norm=0.254 action_cls=3.289010 action_acc=0.016
[train] epoch=6/8 step=28/100 loss=0.666242 grad_norm=0.279 action_cls=3.300319 action_acc=0.031
[train] epoch=6/8 step=29/100 loss=0.648122 grad_norm=0.249 action_cls=3.297421 action_acc=0.016
[train] epoch=6/8 step=30/100 loss=0.680488 grad_norm=0.351 action_cls=3.293646 action_acc=0.031
[train] epoch=6/8 step=31/100 loss=0.647224 grad_norm=0.326 action_cls=3.285204 action_acc=0.031
[train] epoch=6/8 step=32/100 loss=0.656869 grad_norm=0.211 action_cls=3.286687 action_acc=0.062
[train] epoch=6/8 step=33/100 loss=0.649973 grad_norm=0.373 action_cls=3.304604 action_acc=0.000
[train] epoch=6/8 step=34/100 loss=0.670155 grad_norm=0.359 action_cls=3.281717 action_acc=0.047
[train] epoch=6/8 step=35/100 loss=0.689288 grad_norm=0.331 action_cls=3.292803 action_acc=0.047
[train] epoch=6/8 step=36/100 loss=0.658672 grad_norm=0.283 action_cls=3.293858 action_acc=0.062
[train] epoch=6/8 step=37/100 loss=0.658944 grad_norm=0.219 action_cls=3.281406 action_acc=0.031
[train] epoch=6/8 step=38/100 loss=0.640474 grad_norm=0.307 action_cls=3.299483 action_acc=0.016
[train] epoch=6/8 step=39/100 loss=0.674919 grad_norm=0.247 action_cls=3.280004 action_acc=0.078
[train] epoch=6/8 step=40/100 loss=0.695066 grad_norm=0.319 action_cls=3.291705 action_acc=0.031
[train] epoch=6/8 step=41/100 loss=0.662909 grad_norm=0.244 action_cls=3.291561 action_acc=0.031
[train] epoch=6/8 step=42/100 loss=0.674132 grad_norm=0.256 action_cls=3.290544 action_acc=0.031
[train] epoch=6/8 step=43/100 loss=0.661903 grad_norm=0.310 action_cls=3.284636 action_acc=0.031
[train] epoch=6/8 step=44/100 loss=0.642454 grad_norm=0.286 action_cls=3.295176 action_acc=0.031
[train] epoch=6/8 step=45/100 loss=0.678828 grad_norm=0.364 action_cls=3.311109 action_acc=0.047
[train] epoch=6/8 step=46/100 loss=0.683557 grad_norm=0.209 action_cls=3.290608 action_acc=0.047
[train] epoch=6/8 step=47/100 loss=0.648536 grad_norm=0.229 action_cls=3.288181 action_acc=0.016
[train] epoch=6/8 step=48/100 loss=0.695261 grad_norm=0.513 action_cls=3.300093 action_acc=0.000
[train] epoch=6/8 step=49/100 loss=0.648802 grad_norm=0.384 action_cls=3.272630 action_acc=0.047
[train] epoch=6/8 step=50/100 loss=0.657466 grad_norm=0.219 action_cls=3.307663 action_acc=0.016
[train] epoch=6/8 step=51/100 loss=0.656020 grad_norm=0.320 action_cls=3.294641 action_acc=0.031
[train] epoch=6/8 step=52/100 loss=0.646842 grad_norm=0.295 action_cls=3.293982 action_acc=0.078
[train] epoch=6/8 step=53/100 loss=0.641482 grad_norm=0.225 action_cls=3.271927 action_acc=0.047
[train] epoch=6/8 step=54/100 loss=0.681485 grad_norm=0.409 action_cls=3.307424 action_acc=0.016
[train] epoch=6/8 step=55/100 loss=0.678469 grad_norm=0.332 action_cls=3.282629 action_acc=0.016
[train] epoch=6/8 step=56/100 loss=0.653425 grad_norm=0.393 action_cls=3.289958 action_acc=0.031
[train] epoch=6/8 step=57/100 loss=0.672018 grad_norm=0.434 action_cls=3.286324 action_acc=0.047
[train] epoch=6/8 step=58/100 loss=0.668438 grad_norm=0.222 action_cls=3.282638 action_acc=0.078
[train] epoch=6/8 step=59/100 loss=0.639173 grad_norm=0.353 action_cls=3.278398 action_acc=0.031
[train] epoch=6/8 step=60/100 loss=0.633184 grad_norm=0.347 action_cls=3.292123 action_acc=0.078
[train] epoch=6/8 step=61/100 loss=0.688250 grad_norm=0.302 action_cls=3.285331 action_acc=0.031
[train] epoch=6/8 step=62/100 loss=0.660576 grad_norm=0.193 action_cls=3.292913 action_acc=0.016
[train] epoch=6/8 step=63/100 loss=0.686172 grad_norm=0.336 action_cls=3.295659 action_acc=0.047
[train] epoch=6/8 step=64/100 loss=0.671182 grad_norm=0.308 action_cls=3.297471 action_acc=0.062
[train] epoch=6/8 step=65/100 loss=0.686389 grad_norm=0.297 action_cls=3.295689 action_acc=0.094
[train] epoch=6/8 step=66/100 loss=0.637946 grad_norm=0.270 action_cls=3.278164 action_acc=0.047
[train] epoch=6/8 step=67/100 loss=0.694159 grad_norm=0.328 action_cls=3.301757 action_acc=0.031
[train] epoch=6/8 step=68/100 loss=0.669704 grad_norm=0.666 action_cls=3.303802 action_acc=0.000
[train] epoch=6/8 step=69/100 loss=0.668641 grad_norm=0.240 action_cls=3.284983 action_acc=0.031
[train] epoch=6/8 step=70/100 loss=0.640004 grad_norm=0.307 action_cls=3.278039 action_acc=0.031
[train] epoch=6/8 step=71/100 loss=0.673445 grad_norm=0.380 action_cls=3.269128 action_acc=0.094
[train] epoch=6/8 step=72/100 loss=0.690658 grad_norm=0.279 action_cls=3.300424 action_acc=0.047
[train] epoch=6/8 step=73/100 loss=0.694328 grad_norm=0.237 action_cls=3.290195 action_acc=0.078
[train] epoch=6/8 step=74/100 loss=0.627285 grad_norm=0.245 action_cls=3.276244 action_acc=0.078
[train] epoch=6/8 step=75/100 loss=0.660197 grad_norm=0.396 action_cls=3.277882 action_acc=0.047
[train] epoch=6/8 step=76/100 loss=0.642332 grad_norm=0.404 action_cls=3.278801 action_acc=0.062
[train] epoch=6/8 step=77/100 loss=0.717501 grad_norm=0.297 action_cls=3.287197 action_acc=0.031
[train] epoch=6/8 step=78/100 loss=0.673180 grad_norm=0.394 action_cls=3.293547 action_acc=0.062
[train] epoch=6/8 step=79/100 loss=0.665737 grad_norm=0.332 action_cls=3.306791 action_acc=0.031
[train] epoch=6/8 step=80/100 loss=0.702929 grad_norm=0.404 action_cls=3.288624 action_acc=0.047
[train] epoch=6/8 step=81/100 loss=0.673716 grad_norm=0.312 action_cls=3.297846 action_acc=0.016
[train] epoch=6/8 step=82/100 loss=0.638606 grad_norm=0.374 action_cls=3.285061 action_acc=0.031
[train] epoch=6/8 step=83/100 loss=0.676765 grad_norm=0.581 action_cls=3.295724 action_acc=0.000
[train] epoch=6/8 step=84/100 loss=0.673026 grad_norm=0.333 action_cls=3.274105 action_acc=0.031
[train] epoch=6/8 step=85/100 loss=0.661024 grad_norm=0.254 action_cls=3.315784 action_acc=0.047
[train] epoch=6/8 step=86/100 loss=0.673956 grad_norm=0.345 action_cls=3.303256 action_acc=0.031
[train] epoch=6/8 step=87/100 loss=0.661765 grad_norm=0.556 action_cls=3.277022 action_acc=0.047
[train] epoch=6/8 step=88/100 loss=0.660741 grad_norm=0.494 action_cls=3.278404 action_acc=0.000
[train] epoch=6/8 step=89/100 loss=0.689252 grad_norm=0.239 action_cls=3.299072 action_acc=0.031
[train] epoch=6/8 step=90/100 loss=0.631787 grad_norm=0.278 action_cls=3.284444 action_acc=0.047
[train] epoch=6/8 step=91/100 loss=0.716917 grad_norm=0.291 action_cls=3.291114 action_acc=0.094
[train] epoch=6/8 step=92/100 loss=0.693845 grad_norm=0.443 action_cls=3.288150 action_acc=0.016
[train] epoch=6/8 step=93/100 loss=0.709849 grad_norm=0.284 action_cls=3.305058 action_acc=0.016
[train] epoch=6/8 step=94/100 loss=0.636783 grad_norm=0.255 action_cls=3.292392 action_acc=0.031
[train] epoch=6/8 step=95/100 loss=0.707939 grad_norm=0.400 action_cls=3.289700 action_acc=0.047
[train] epoch=6/8 step=96/100 loss=0.653558 grad_norm=0.206 action_cls=3.252645 action_acc=0.047
[train] epoch=6/8 step=97/100 loss=0.640364 grad_norm=0.377 action_cls=3.286917 action_acc=0.031
[train] epoch=6/8 step=98/100 loss=0.669380 grad_norm=0.389 action_cls=3.305897 action_acc=0.031
[train] epoch=6/8 step=99/100 loss=0.689343 grad_norm=0.224 action_cls=3.289438 action_acc=0.000
[train] epoch=6/8 step=100/100 loss=0.681528 grad_norm=0.283 action_cls=3.296438 action_acc=0.031
[epoch_summary] epoch=6/8 time_epoch=55.1s elapsed=451.1s eta=150.4s lambda_batch_div=0.000 lambda_inter_div=0.250 lambda_intra_div=0.000 selection_mode=diversity_first selection_score=0.959329 train_loss=0.668566 val_loss=0.594420 val_nmpjpe=0.238543 train_pose=0.029175 train_rel=0.046957 train_dist=0.183638 train_dir=0.062106 train_var=0.021257 train_batch_div=0.167125 train_inter_div=0.164843 train_intra_div=0.259024 val_pose=0.025006 val_rel=0.039771 val_dist=0.161880 val_dir=0.055869 val_var=0.021277 val_batch_div=0.432010 val_inter_div=0.006296 val_intra_div=0.433108 train_std=0.119051/0.164488 train_std_ratio=0.728044 val_std=0.064632/0.086730 val_std_ratio=0.885747 train_pair_dist=0.993845/1.533202 train_pair_ratio=0.650660 val_pair_dist=0.487073/0.881006 val_pair_ratio=0.652876 train_inter_pair=0.994177/1.553788 train_inter_ratio=0.642253 val_inter_pair=0.012104/0.033503 val_inter_ratio=0.008085 train_intra_pair=0.986684/1.003960 train_intra_ratio=0.995829 val_intra_pair=0.486128/0.875789 val_intra_ratio=0.655112 train_action_cls=3.289579 train_action_acc=0.037 val_action_cls=3.302067 val_action_acc=0.038 grad_norm_mean=0.328 nan_loss=False nan_grad=False actions_covered=27 envs_covered=2
[ckpt] saved_last path=C:\Users\LuvRene\OneDrive\PythonProjects\Positioning\pose_estimationV2\checkpoints\ablation_meanrms_interdiv_divsel_actionaux010_last.pth epoch=6
[ckpt] saved path=C:\Users\LuvRene\OneDrive\PythonProjects\Positioning\pose_estimationV2\checkpoints\ablation_meanrms_interdiv_divsel_actionaux010.pth epoch=6 best_selection_score=0.959329 val_nmpjpe=0.238543
[epoch_start] epoch=7/8 train_size=160380 val_size=80190 test_size=80190 lr=3.000e-04 lambda_batch_div=0.000 lambda_inter_div=0.250 lambda_intra_div=0.000
[train] epoch=7/8 step=1/100 loss=0.639523 grad_norm=0.371 action_cls=3.278264 action_acc=0.078
[train] epoch=7/8 step=2/100 loss=0.671507 grad_norm=0.260 action_cls=3.318051 action_acc=0.016
[train] epoch=7/8 step=3/100 loss=0.686859 grad_norm=0.273 action_cls=3.300654 action_acc=0.031
[train] epoch=7/8 step=4/100 loss=0.670039 grad_norm=0.205 action_cls=3.250215 action_acc=0.094
[train] epoch=7/8 step=5/100 loss=0.680931 grad_norm=0.286 action_cls=3.284432 action_acc=0.047
[train] epoch=7/8 step=6/100 loss=0.690238 grad_norm=0.395 action_cls=3.281538 action_acc=0.016
[train] epoch=7/8 step=7/100 loss=0.637171 grad_norm=0.523 action_cls=3.289253 action_acc=0.031
[train] epoch=7/8 step=8/100 loss=0.679776 grad_norm=0.285 action_cls=3.288720 action_acc=0.031
[train] epoch=7/8 step=9/100 loss=0.679364 grad_norm=0.420 action_cls=3.305589 action_acc=0.016
[train] epoch=7/8 step=10/100 loss=0.673937 grad_norm=0.653 action_cls=3.277436 action_acc=0.141
[train] epoch=7/8 step=11/100 loss=0.703089 grad_norm=0.519 action_cls=3.267598 action_acc=0.078
[train] epoch=7/8 step=12/100 loss=0.701666 grad_norm=0.226 action_cls=3.289111 action_acc=0.000
[train] epoch=7/8 step=13/100 loss=0.660522 grad_norm=0.281 action_cls=3.305049 action_acc=0.031
[train] epoch=7/8 step=14/100 loss=0.693295 grad_norm=0.504 action_cls=3.286202 action_acc=0.062
[train] epoch=7/8 step=15/100 loss=0.671984 grad_norm=0.337 action_cls=3.285344 action_acc=0.062
[train] epoch=7/8 step=16/100 loss=0.688616 grad_norm=0.359 action_cls=3.292331 action_acc=0.031
[train] epoch=7/8 step=17/100 loss=0.651867 grad_norm=0.222 action_cls=3.291527 action_acc=0.031
[train] epoch=7/8 step=18/100 loss=0.700758 grad_norm=0.391 action_cls=3.320947 action_acc=0.000
[train] epoch=7/8 step=19/100 loss=0.656104 grad_norm=0.448 action_cls=3.310038 action_acc=0.016
[train] epoch=7/8 step=20/100 loss=0.671212 grad_norm=0.529 action_cls=3.304046 action_acc=0.078
[train] epoch=7/8 step=21/100 loss=0.662388 grad_norm=0.363 action_cls=3.297022 action_acc=0.078
[train] epoch=7/8 step=22/100 loss=0.657783 grad_norm=0.279 action_cls=3.285363 action_acc=0.047
[train] epoch=7/8 step=23/100 loss=0.674306 grad_norm=0.393 action_cls=3.277035 action_acc=0.062
[train] epoch=7/8 step=24/100 loss=0.682969 grad_norm=0.500 action_cls=3.297722 action_acc=0.047
[train] epoch=7/8 step=25/100 loss=0.638456 grad_norm=0.418 action_cls=3.268948 action_acc=0.047
[train] epoch=7/8 step=26/100 loss=0.646162 grad_norm=0.273 action_cls=3.280541 action_acc=0.047
[train] epoch=7/8 step=27/100 loss=0.683930 grad_norm=0.314 action_cls=3.290568 action_acc=0.047
[train] epoch=7/8 step=28/100 loss=0.651795 grad_norm=0.319 action_cls=3.299219 action_acc=0.031
[train] epoch=7/8 step=29/100 loss=0.684569 grad_norm=0.418 action_cls=3.302812 action_acc=0.016
[train] epoch=7/8 step=30/100 loss=0.647475 grad_norm=0.256 action_cls=3.301823 action_acc=0.016
[train] epoch=7/8 step=31/100 loss=0.640929 grad_norm=0.260 action_cls=3.287090 action_acc=0.047
[train] epoch=7/8 step=32/100 loss=0.680582 grad_norm=0.308 action_cls=3.287087 action_acc=0.016
[train] epoch=7/8 step=33/100 loss=0.720801 grad_norm=0.402 action_cls=3.282220 action_acc=0.016
[train] epoch=7/8 step=34/100 loss=0.634951 grad_norm=0.410 action_cls=3.277111 action_acc=0.031
[train] epoch=7/8 step=35/100 loss=0.668770 grad_norm=0.234 action_cls=3.287205 action_acc=0.062
[train] epoch=7/8 step=36/100 loss=0.698880 grad_norm=0.329 action_cls=3.303625 action_acc=0.031
[train] epoch=7/8 step=37/100 loss=0.667560 grad_norm=0.306 action_cls=3.276051 action_acc=0.031
[train] epoch=7/8 step=38/100 loss=0.653275 grad_norm=0.306 action_cls=3.282055 action_acc=0.031
[train] epoch=7/8 step=39/100 loss=0.666214 grad_norm=0.281 action_cls=3.302157 action_acc=0.016
[train] epoch=7/8 step=40/100 loss=0.690844 grad_norm=0.388 action_cls=3.306543 action_acc=0.078
[train] epoch=7/8 step=41/100 loss=0.670753 grad_norm=0.282 action_cls=3.275613 action_acc=0.016
[train] epoch=7/8 step=42/100 loss=0.682472 grad_norm=0.278 action_cls=3.275887 action_acc=0.062
[train] epoch=7/8 step=43/100 loss=0.648133 grad_norm=0.434 action_cls=3.292160 action_acc=0.047
[train] epoch=7/8 step=44/100 loss=0.642362 grad_norm=0.369 action_cls=3.282748 action_acc=0.016
[train] epoch=7/8 step=45/100 loss=0.650333 grad_norm=0.408 action_cls=3.276507 action_acc=0.031
[train] epoch=7/8 step=46/100 loss=0.655110 grad_norm=0.214 action_cls=3.284422 action_acc=0.000
[train] epoch=7/8 step=47/100 loss=0.665459 grad_norm=0.356 action_cls=3.296779 action_acc=0.000
[train] epoch=7/8 step=48/100 loss=0.704649 grad_norm=0.369 action_cls=3.304400 action_acc=0.031
[train] epoch=7/8 step=49/100 loss=0.684550 grad_norm=0.251 action_cls=3.285295 action_acc=0.062
[train] epoch=7/8 step=50/100 loss=0.644335 grad_norm=0.297 action_cls=3.288019 action_acc=0.047
[train] epoch=7/8 step=51/100 loss=0.698756 grad_norm=0.453 action_cls=3.302408 action_acc=0.031
[train] epoch=7/8 step=52/100 loss=0.658707 grad_norm=0.250 action_cls=3.275308 action_acc=0.047
[train] epoch=7/8 step=53/100 loss=0.680207 grad_norm=0.362 action_cls=3.298954 action_acc=0.031
[train] epoch=7/8 step=54/100 loss=0.641593 grad_norm=0.431 action_cls=3.286406 action_acc=0.016
[train] epoch=7/8 step=55/100 loss=0.653816 grad_norm=0.240 action_cls=3.304338 action_acc=0.031
[train] epoch=7/8 step=56/100 loss=0.685060 grad_norm=0.347 action_cls=3.294204 action_acc=0.031
[train] epoch=7/8 step=57/100 loss=0.645182 grad_norm=0.452 action_cls=3.278287 action_acc=0.031
[train] epoch=7/8 step=58/100 loss=0.653093 grad_norm=0.368 action_cls=3.280298 action_acc=0.047
[train] epoch=7/8 step=59/100 loss=0.627358 grad_norm=0.349 action_cls=3.284405 action_acc=0.078
[train] epoch=7/8 step=60/100 loss=0.679092 grad_norm=0.321 action_cls=3.277262 action_acc=0.109
[train] epoch=7/8 step=61/100 loss=0.694278 grad_norm=0.257 action_cls=3.291378 action_acc=0.016
[train] epoch=7/8 step=62/100 loss=0.696978 grad_norm=0.249 action_cls=3.278669 action_acc=0.078
[train] epoch=7/8 step=63/100 loss=0.697265 grad_norm=0.242 action_cls=3.270354 action_acc=0.047
[train] epoch=7/8 step=64/100 loss=0.641601 grad_norm=0.280 action_cls=3.296690 action_acc=0.016
[train] epoch=7/8 step=65/100 loss=0.647336 grad_norm=0.230 action_cls=3.251508 action_acc=0.094
[train] epoch=7/8 step=66/100 loss=0.665986 grad_norm=0.430 action_cls=3.286760 action_acc=0.031
[train] epoch=7/8 step=67/100 loss=0.684073 grad_norm=0.349 action_cls=3.301833 action_acc=0.000
[train] epoch=7/8 step=68/100 loss=0.649781 grad_norm=0.309 action_cls=3.285439 action_acc=0.062
[train] epoch=7/8 step=69/100 loss=0.648952 grad_norm=0.311 action_cls=3.293958 action_acc=0.031
[train] epoch=7/8 step=70/100 loss=0.663073 grad_norm=0.263 action_cls=3.270654 action_acc=0.062
[train] epoch=7/8 step=71/100 loss=0.641709 grad_norm=0.403 action_cls=3.280144 action_acc=0.031
[train] epoch=7/8 step=72/100 loss=0.654021 grad_norm=0.357 action_cls=3.291946 action_acc=0.078
[train] epoch=7/8 step=73/100 loss=0.650578 grad_norm=0.384 action_cls=3.308247 action_acc=0.031
[train] epoch=7/8 step=74/100 loss=0.690275 grad_norm=0.632 action_cls=3.283791 action_acc=0.016
[train] epoch=7/8 step=75/100 loss=0.675869 grad_norm=0.333 action_cls=3.302030 action_acc=0.062
[train] epoch=7/8 step=76/100 loss=0.638055 grad_norm=0.319 action_cls=3.283351 action_acc=0.031
[train] epoch=7/8 step=77/100 loss=0.665946 grad_norm=0.225 action_cls=3.297370 action_acc=0.031
[train] epoch=7/8 step=78/100 loss=0.641135 grad_norm=0.284 action_cls=3.292882 action_acc=0.062
[train] epoch=7/8 step=79/100 loss=0.672224 grad_norm=0.266 action_cls=3.293188 action_acc=0.047
[train] epoch=7/8 step=80/100 loss=0.643995 grad_norm=0.263 action_cls=3.295101 action_acc=0.047
[train] epoch=7/8 step=81/100 loss=0.630020 grad_norm=0.316 action_cls=3.286888 action_acc=0.047
[train] epoch=7/8 step=82/100 loss=0.675168 grad_norm=0.431 action_cls=3.282872 action_acc=0.000
[train] epoch=7/8 step=83/100 loss=0.643019 grad_norm=0.228 action_cls=3.274371 action_acc=0.047
[train] epoch=7/8 step=84/100 loss=0.630958 grad_norm=0.318 action_cls=3.272639 action_acc=0.031
[train] epoch=7/8 step=85/100 loss=0.679563 grad_norm=0.330 action_cls=3.294505 action_acc=0.047
[train] epoch=7/8 step=86/100 loss=0.637315 grad_norm=0.296 action_cls=3.289251 action_acc=0.016
[train] epoch=7/8 step=87/100 loss=0.647967 grad_norm=0.349 action_cls=3.297213 action_acc=0.047
[train] epoch=7/8 step=88/100 loss=0.653451 grad_norm=0.280 action_cls=3.293092 action_acc=0.031
[train] epoch=7/8 step=89/100 loss=0.693828 grad_norm=0.477 action_cls=3.277562 action_acc=0.062
[train] epoch=7/8 step=90/100 loss=0.664950 grad_norm=0.281 action_cls=3.294142 action_acc=0.078
[train] epoch=7/8 step=91/100 loss=0.653765 grad_norm=0.360 action_cls=3.280934 action_acc=0.109
[train] epoch=7/8 step=92/100 loss=0.638952 grad_norm=0.328 action_cls=3.286010 action_acc=0.031
[train] epoch=7/8 step=93/100 loss=0.651411 grad_norm=0.425 action_cls=3.286589 action_acc=0.031
[train] epoch=7/8 step=94/100 loss=0.653497 grad_norm=0.327 action_cls=3.292639 action_acc=0.031
[train] epoch=7/8 step=95/100 loss=0.634007 grad_norm=0.259 action_cls=3.285349 action_acc=0.047
[train] epoch=7/8 step=96/100 loss=0.679276 grad_norm=0.344 action_cls=3.278876 action_acc=0.047
[train] epoch=7/8 step=97/100 loss=0.651301 grad_norm=0.371 action_cls=3.301142 action_acc=0.062
[train] epoch=7/8 step=98/100 loss=0.632468 grad_norm=0.290 action_cls=3.294452 action_acc=0.031
[train] epoch=7/8 step=99/100 loss=0.667686 grad_norm=0.266 action_cls=3.299258 action_acc=0.062
[train] epoch=7/8 step=100/100 loss=0.661288 grad_norm=0.375 action_cls=3.324545 action_acc=0.016
[epoch_summary] epoch=7/8 time_epoch=57.3s elapsed=508.4s eta=72.6s lambda_batch_div=0.000 lambda_inter_div=0.250 lambda_intra_div=0.000 selection_mode=diversity_first selection_score=1.281338 train_loss=0.664751 val_loss=0.604610 val_nmpjpe=0.254310 train_pose=0.029667 train_rel=0.046848 train_dist=0.181194 train_dir=0.061632 train_var=0.018924 train_batch_div=0.162022 train_inter_div=0.159698 train_intra_div=0.261265 val_pose=0.026237 val_rel=0.040329 val_dist=0.170718 val_dir=0.056135 val_var=0.012954 val_batch_div=0.401730 val_inter_div=0.004612 val_intra_div=0.403606 train_std=0.124960/0.165085 train_std_ratio=0.761627 val_std=0.087792/0.086730 val_std_ratio=1.209212 train_pair_dist=1.024109/1.538282 train_pair_ratio=0.667898 val_pair_dist=0.641020/0.881006 val_pair_ratio=0.861544 train_inter_pair=1.024342/1.558991 train_inter_ratio=0.659169 val_inter_pair=0.016542/0.033503 val_inter_ratio=0.011040 train_intra_pair=1.018262/1.000246 train_intra_ratio=1.032539 val_intra_pair=0.640110/0.875789 val_intra_ratio=0.865294 train_action_cls=3.289099 train_action_acc=0.042 val_action_cls=3.302018 val_action_acc=0.037 grad_norm_mean=0.341 nan_loss=False nan_grad=False actions_covered=27 envs_covered=2
[ckpt] saved_last path=C:\Users\LuvRene\OneDrive\PythonProjects\Positioning\pose_estimationV2\checkpoints\ablation_meanrms_interdiv_divsel_actionaux010_last.pth epoch=7
[ckpt] saved path=C:\Users\LuvRene\OneDrive\PythonProjects\Positioning\pose_estimationV2\checkpoints\ablation_meanrms_interdiv_divsel_actionaux010.pth epoch=7 best_selection_score=1.281338 val_nmpjpe=0.254310
[epoch_start] epoch=8/8 train_size=160380 val_size=80190 test_size=80190 lr=3.000e-04 lambda_batch_div=0.000 lambda_inter_div=0.250 lambda_intra_div=0.000
[train] epoch=8/8 step=1/100 loss=0.623061 grad_norm=0.251 action_cls=3.281966 action_acc=0.031
[train] epoch=8/8 step=2/100 loss=0.686676 grad_norm=0.266 action_cls=3.275452 action_acc=0.016
[train] epoch=8/8 step=3/100 loss=0.651197 grad_norm=0.341 action_cls=3.304248 action_acc=0.016
[train] epoch=8/8 step=4/100 loss=0.656865 grad_norm=0.302 action_cls=3.290150 action_acc=0.016
[train] epoch=8/8 step=5/100 loss=0.652607 grad_norm=0.213 action_cls=3.299109 action_acc=0.047
[train] epoch=8/8 step=6/100 loss=0.683403 grad_norm=0.277 action_cls=3.301213 action_acc=0.016
[train] epoch=8/8 step=7/100 loss=0.637449 grad_norm=0.336 action_cls=3.281333 action_acc=0.078
[train] epoch=8/8 step=8/100 loss=0.675439 grad_norm=0.232 action_cls=3.276929 action_acc=0.047
[train] epoch=8/8 step=9/100 loss=0.664755 grad_norm=0.279 action_cls=3.268949 action_acc=0.109
[train] epoch=8/8 step=10/100 loss=0.649439 grad_norm=0.304 action_cls=3.283841 action_acc=0.078
[train] epoch=8/8 step=11/100 loss=0.654376 grad_norm=0.323 action_cls=3.272649 action_acc=0.062
[train] epoch=8/8 step=12/100 loss=0.642064 grad_norm=0.267 action_cls=3.258011 action_acc=0.141
[train] epoch=8/8 step=13/100 loss=0.670943 grad_norm=0.308 action_cls=3.282333 action_acc=0.062
[train] epoch=8/8 step=14/100 loss=0.658736 grad_norm=0.378 action_cls=3.280167 action_acc=0.016
[train] epoch=8/8 step=15/100 loss=0.645608 grad_norm=0.455 action_cls=3.284055 action_acc=0.047
[train] epoch=8/8 step=16/100 loss=0.703576 grad_norm=0.278 action_cls=3.311339 action_acc=0.031
[train] epoch=8/8 step=17/100 loss=0.645758 grad_norm=0.294 action_cls=3.296511 action_acc=0.062
[train] epoch=8/8 step=18/100 loss=0.627383 grad_norm=0.440 action_cls=3.291469 action_acc=0.016
[train] epoch=8/8 step=19/100 loss=0.675481 grad_norm=0.252 action_cls=3.271855 action_acc=0.109
[train] epoch=8/8 step=20/100 loss=0.661693 grad_norm=0.315 action_cls=3.271916 action_acc=0.047
[train] epoch=8/8 step=21/100 loss=0.666982 grad_norm=0.367 action_cls=3.281843 action_acc=0.016
[train] epoch=8/8 step=22/100 loss=0.636564 grad_norm=0.285 action_cls=3.284769 action_acc=0.078
[train] epoch=8/8 step=23/100 loss=0.655808 grad_norm=0.566 action_cls=3.274293 action_acc=0.031
[train] epoch=8/8 step=24/100 loss=0.665131 grad_norm=0.439 action_cls=3.291317 action_acc=0.047
[train] epoch=8/8 step=25/100 loss=0.668377 grad_norm=0.446 action_cls=3.292554 action_acc=0.062
[train] epoch=8/8 step=26/100 loss=0.643706 grad_norm=0.420 action_cls=3.293301 action_acc=0.047
[train] epoch=8/8 step=27/100 loss=0.645408 grad_norm=0.344 action_cls=3.269438 action_acc=0.078
[train] epoch=8/8 step=28/100 loss=0.688202 grad_norm=0.243 action_cls=3.304355 action_acc=0.047
[train] epoch=8/8 step=29/100 loss=0.631991 grad_norm=0.249 action_cls=3.308424 action_acc=0.016
[train] epoch=8/8 step=30/100 loss=0.651270 grad_norm=0.592 action_cls=3.295628 action_acc=0.109
[train] epoch=8/8 step=31/100 loss=0.687088 grad_norm=0.404 action_cls=3.316874 action_acc=0.062
[train] epoch=8/8 step=32/100 loss=0.646431 grad_norm=0.236 action_cls=3.274750 action_acc=0.047
[train] epoch=8/8 step=33/100 loss=0.657063 grad_norm=0.335 action_cls=3.291198 action_acc=0.047
[train] epoch=8/8 step=34/100 loss=0.647220 grad_norm=0.274 action_cls=3.299688 action_acc=0.078
[train] epoch=8/8 step=35/100 loss=0.659304 grad_norm=0.263 action_cls=3.313310 action_acc=0.016
[train] epoch=8/8 step=36/100 loss=0.692276 grad_norm=0.287 action_cls=3.292508 action_acc=0.062
[train] epoch=8/8 step=37/100 loss=0.652814 grad_norm=0.285 action_cls=3.300117 action_acc=0.031
[train] epoch=8/8 step=38/100 loss=0.657264 grad_norm=0.215 action_cls=3.309572 action_acc=0.031
[train] epoch=8/8 step=39/100 loss=0.667958 grad_norm=0.339 action_cls=3.266162 action_acc=0.047
[train] epoch=8/8 step=40/100 loss=0.668475 grad_norm=0.289 action_cls=3.269026 action_acc=0.094
[train] epoch=8/8 step=41/100 loss=0.681338 grad_norm=0.315 action_cls=3.307675 action_acc=0.062
[train] epoch=8/8 step=42/100 loss=0.659046 grad_norm=0.317 action_cls=3.293374 action_acc=0.062
[train] epoch=8/8 step=43/100 loss=0.658978 grad_norm=0.238 action_cls=3.283208 action_acc=0.031
[train] epoch=8/8 step=44/100 loss=0.628463 grad_norm=0.348 action_cls=3.294455 action_acc=0.078
[train] epoch=8/8 step=45/100 loss=0.634693 grad_norm=0.322 action_cls=3.326783 action_acc=0.016
[train] epoch=8/8 step=46/100 loss=0.676273 grad_norm=0.219 action_cls=3.296206 action_acc=0.031
[train] epoch=8/8 step=47/100 loss=0.667370 grad_norm=0.504 action_cls=3.273898 action_acc=0.031
[train] epoch=8/8 step=48/100 loss=0.674312 grad_norm=0.288 action_cls=3.288185 action_acc=0.031
[train] epoch=8/8 step=49/100 loss=0.682586 grad_norm=0.276 action_cls=3.299330 action_acc=0.031
[train] epoch=8/8 step=50/100 loss=0.703292 grad_norm=0.424 action_cls=3.287837 action_acc=0.047
[train] epoch=8/8 step=51/100 loss=0.629721 grad_norm=0.281 action_cls=3.295402 action_acc=0.031
[train] epoch=8/8 step=52/100 loss=0.669820 grad_norm=0.252 action_cls=3.304793 action_acc=0.031
[train] epoch=8/8 step=53/100 loss=0.694423 grad_norm=0.270 action_cls=3.283215 action_acc=0.047
[train] epoch=8/8 step=54/100 loss=0.640732 grad_norm=0.519 action_cls=3.291545 action_acc=0.047
[train] epoch=8/8 step=55/100 loss=0.669937 grad_norm=0.294 action_cls=3.310426 action_acc=0.016
[train] epoch=8/8 step=56/100 loss=0.675318 grad_norm=0.269 action_cls=3.311475 action_acc=0.047
[train] epoch=8/8 step=57/100 loss=0.637284 grad_norm=0.274 action_cls=3.268131 action_acc=0.109
[train] epoch=8/8 step=58/100 loss=0.641862 grad_norm=0.296 action_cls=3.301589 action_acc=0.062
[train] epoch=8/8 step=59/100 loss=0.670885 grad_norm=0.201 action_cls=3.265995 action_acc=0.031
[train] epoch=8/8 step=60/100 loss=0.658451 grad_norm=0.240 action_cls=3.299801 action_acc=0.094
[train] epoch=8/8 step=61/100 loss=0.676367 grad_norm=0.282 action_cls=3.280556 action_acc=0.047
[train] epoch=8/8 step=62/100 loss=0.644680 grad_norm=0.284 action_cls=3.259827 action_acc=0.094
[train] epoch=8/8 step=63/100 loss=0.646016 grad_norm=0.265 action_cls=3.284092 action_acc=0.078
[train] epoch=8/8 step=64/100 loss=0.681292 grad_norm=0.246 action_cls=3.280888 action_acc=0.031
[train] epoch=8/8 step=65/100 loss=0.685043 grad_norm=0.322 action_cls=3.277649 action_acc=0.047
[train] epoch=8/8 step=66/100 loss=0.680295 grad_norm=0.248 action_cls=3.297462 action_acc=0.047
[train] epoch=8/8 step=67/100 loss=0.637235 grad_norm=0.311 action_cls=3.286018 action_acc=0.047
[train] epoch=8/8 step=68/100 loss=0.631994 grad_norm=0.312 action_cls=3.293218 action_acc=0.047
[train] epoch=8/8 step=69/100 loss=0.670981 grad_norm=0.287 action_cls=3.310972 action_acc=0.047
[train] epoch=8/8 step=70/100 loss=0.668441 grad_norm=0.282 action_cls=3.291061 action_acc=0.062
[train] epoch=8/8 step=71/100 loss=0.679519 grad_norm=0.260 action_cls=3.279068 action_acc=0.000
[train] epoch=8/8 step=72/100 loss=0.650604 grad_norm=0.200 action_cls=3.291465 action_acc=0.047
[train] epoch=8/8 step=73/100 loss=0.649823 grad_norm=0.218 action_cls=3.270777 action_acc=0.078
[train] epoch=8/8 step=74/100 loss=0.694212 grad_norm=0.246 action_cls=3.272275 action_acc=0.047
[train] epoch=8/8 step=75/100 loss=0.671603 grad_norm=0.306 action_cls=3.297892 action_acc=0.031
[train] epoch=8/8 step=76/100 loss=0.656286 grad_norm=0.235 action_cls=3.298078 action_acc=0.078
[train] epoch=8/8 step=77/100 loss=0.626623 grad_norm=0.380 action_cls=3.295361 action_acc=0.031
[train] epoch=8/8 step=78/100 loss=0.650603 grad_norm=0.273 action_cls=3.286515 action_acc=0.031
[train] epoch=8/8 step=79/100 loss=0.636680 grad_norm=0.224 action_cls=3.271636 action_acc=0.062
[train] epoch=8/8 step=80/100 loss=0.683703 grad_norm=0.544 action_cls=3.273962 action_acc=0.078
[train] epoch=8/8 step=81/100 loss=0.670125 grad_norm=0.265 action_cls=3.272270 action_acc=0.062
[train] epoch=8/8 step=82/100 loss=0.658194 grad_norm=0.336 action_cls=3.300478 action_acc=0.047
[train] epoch=8/8 step=83/100 loss=0.629182 grad_norm=0.393 action_cls=3.261764 action_acc=0.094
[train] epoch=8/8 step=84/100 loss=0.619303 grad_norm=0.343 action_cls=3.286952 action_acc=0.031
[train] epoch=8/8 step=85/100 loss=0.638976 grad_norm=0.336 action_cls=3.267426 action_acc=0.062
[train] epoch=8/8 step=86/100 loss=0.657627 grad_norm=0.281 action_cls=3.258239 action_acc=0.047
[train] epoch=8/8 step=87/100 loss=0.647757 grad_norm=0.324 action_cls=3.296771 action_acc=0.047
[train] epoch=8/8 step=88/100 loss=0.641608 grad_norm=0.416 action_cls=3.285314 action_acc=0.062
[train] epoch=8/8 step=89/100 loss=0.656697 grad_norm=0.574 action_cls=3.272335 action_acc=0.109
[train] epoch=8/8 step=90/100 loss=0.646977 grad_norm=0.328 action_cls=3.287342 action_acc=0.031
[train] epoch=8/8 step=91/100 loss=0.641505 grad_norm=0.218 action_cls=3.289965 action_acc=0.016
[train] epoch=8/8 step=92/100 loss=0.640538 grad_norm=0.404 action_cls=3.309141 action_acc=0.031
[train] epoch=8/8 step=93/100 loss=0.642676 grad_norm=0.322 action_cls=3.289769 action_acc=0.047
[train] epoch=8/8 step=94/100 loss=0.668857 grad_norm=0.415 action_cls=3.294852 action_acc=0.000
[train] epoch=8/8 step=95/100 loss=0.668085 grad_norm=0.306 action_cls=3.300614 action_acc=0.031
[train] epoch=8/8 step=96/100 loss=0.642780 grad_norm=0.300 action_cls=3.307856 action_acc=0.047
[train] epoch=8/8 step=97/100 loss=0.652972 grad_norm=0.210 action_cls=3.281584 action_acc=0.031
[train] epoch=8/8 step=98/100 loss=0.653539 grad_norm=0.358 action_cls=3.297265 action_acc=0.031
[train] epoch=8/8 step=99/100 loss=0.634303 grad_norm=0.363 action_cls=3.292793 action_acc=0.016
[train] epoch=8/8 step=100/100 loss=0.659428 grad_norm=0.222 action_cls=3.307505 action_acc=0.031
[epoch_summary] epoch=8/8 time_epoch=56.6s elapsed=565.0s eta=0.0s lambda_batch_div=0.000 lambda_inter_div=0.250 lambda_intra_div=0.000 selection_mode=diversity_first selection_score=1.411858 train_loss=0.658037 val_loss=0.592191 val_nmpjpe=0.261494 train_pose=0.030604 train_rel=0.046050 train_dist=0.178958 train_dir=0.061518 train_var=0.015054 train_batch_div=0.142871 train_inter_div=0.140312 train_intra_div=0.260744 val_pose=0.027552 val_rel=0.040029 val_dist=0.156884 val_dir=0.056217 val_var=0.011811 val_batch_div=0.423384 val_inter_div=0.004403 val_intra_div=0.425685 train_std=0.138236/0.164166 train_std_ratio=0.846742 val_std=0.096946/0.086730 val_std_ratio=1.338923 train_pair_dist=1.104109/1.533564 train_pair_ratio=0.722348 val_pair_dist=0.703398/0.881006 val_pair_ratio=0.946662 train_inter_pair=1.104361/1.553345 train_inter_ratio=0.713297 val_inter_pair=0.018026/0.033503 val_inter_ratio=0.012022 train_intra_pair=1.097151/1.014886 train_intra_ratio=1.096632 val_intra_pair=0.702456/0.875789 val_intra_ratio=0.950836 train_action_cls=3.288549 train_action_acc=0.049 val_action_cls=3.304239 val_action_acc=0.037 grad_norm_mean=0.316 nan_loss=False nan_grad=False actions_covered=27 envs_covered=2
[ckpt] saved_last path=C:\Users\LuvRene\OneDrive\PythonProjects\Positioning\pose_estimationV2\checkpoints\ablation_meanrms_interdiv_divsel_actionaux010_last.pth epoch=8
[ckpt] saved path=C:\Users\LuvRene\OneDrive\PythonProjects\Positioning\pose_estimationV2\checkpoints\ablation_meanrms_interdiv_divsel_actionaux010.pth epoch=8 best_selection_score=1.411858 val_nmpjpe=0.261494
[plot] saved path=C:\Users\LuvRene\OneDrive\PythonProjects\Positioning\pose_estimationV2\logs\train\ablation_meanrms_interdiv_divsel_actionaux010_resnet1d_20260327-171409_curves.png
[history] saved path=C:\Users\LuvRene\OneDrive\PythonProjects\Positioning\pose_estimationV2\logs\train\ablation_meanrms_interdiv_divsel_actionaux010_resnet1d_20260327-171409_history.csv
[test_summary] best_epoch=8 test_loss=0.594350 test_nmpjpe=0.259084 test_pose=0.026727 test_rel=0.040040 test_dist=0.156161 test_dir=0.059904 test_var=0.012624 test_batch_div=0.409450 test_inter_div=0.004216 test_intra_div=0.411755 test_std=0.095616/0.089078 test_std_ratio=1.279135 test_pair_dist=0.697811/0.899707 test_pair_ratio=0.916458 test_inter_pair=0.017642/0.031090 test_inter_ratio=0.012984 test_intra_pair=0.696933/0.895100 test_intra_ratio=0.920294 test_action_cls=3.304845 test_action_acc=0.033
[assessment] status=usable reason=Validation stayed close to the best point (0.2005) and final test nMPJPE is 0.2591.
