[run] config=configs/default.yaml device=cuda:0
[run] model=resnet1d
[run] window_size=1
[run] normalize_mode=mean_rms
[run] aoa_cache_root=D:\Files\WiFi_Pose\WiFiPoseV3\data\aoa_cache
[run] labels_root=D:\Files\WiFi_Pose\WiFiPoseV3\data\dataset
[run] val_env=env3 test_env=env4
[run] logs_file=C:\Users\LuvRene\OneDrive\PythonProjects\Positioning\pose_estimationV2\logs\train\ablation_meanrms_base_resnet1d_20260327-153234.log
[run] selection_mode=accuracy lambda_var=0.000 lambda_batch_div=0.000 lambda_inter_div=0.000 lambda_intra_div=0.000
[data] dataset_size=320760 train_size=160380 val_size=80190 test_size=80190 batch_size=64 window_size=1
[run] action_aux enabled=False
[epoch_start] epoch=1/8 train_size=160380 val_size=80190 test_size=80190 lr=3.000e-04 lambda_batch_div=0.000 lambda_inter_div=0.000 lambda_intra_div=0.000
[train] epoch=1/8 step=1/100 loss=2.109395 grad_norm=5.462
[train] epoch=1/8 step=2/100 loss=1.863892 grad_norm=5.528
[train] epoch=1/8 step=3/100 loss=1.628179 grad_norm=4.576
[train] epoch=1/8 step=4/100 loss=1.399162 grad_norm=4.871
[train] epoch=1/8 step=5/100 loss=1.225916 grad_norm=4.148
[train] epoch=1/8 step=6/100 loss=1.083497 grad_norm=3.502
[train] epoch=1/8 step=7/100 loss=0.959046 grad_norm=3.115
[train] epoch=1/8 step=8/100 loss=0.870222 grad_norm=2.885
[train] epoch=1/8 step=9/100 loss=0.766784 grad_norm=2.689
[train] epoch=1/8 step=10/100 loss=0.718244 grad_norm=2.470
[train] epoch=1/8 step=11/100 loss=0.694782 grad_norm=2.303
[train] epoch=1/8 step=12/100 loss=0.640871 grad_norm=2.290
[train] epoch=1/8 step=13/100 loss=0.623908 grad_norm=2.344
[train] epoch=1/8 step=14/100 loss=0.582521 grad_norm=2.239
[train] epoch=1/8 step=15/100 loss=0.550449 grad_norm=1.942
[train] epoch=1/8 step=16/100 loss=0.527467 grad_norm=1.621
[train] epoch=1/8 step=17/100 loss=0.490945 grad_norm=1.544
[train] epoch=1/8 step=18/100 loss=0.474086 grad_norm=1.412
[train] epoch=1/8 step=19/100 loss=0.454373 grad_norm=1.261
[train] epoch=1/8 step=20/100 loss=0.472694 grad_norm=1.193
[train] epoch=1/8 step=21/100 loss=0.439450 grad_norm=1.420
[train] epoch=1/8 step=22/100 loss=0.466230 grad_norm=1.261
[train] epoch=1/8 step=23/100 loss=0.415239 grad_norm=1.315
[train] epoch=1/8 step=24/100 loss=0.436905 grad_norm=1.532
[train] epoch=1/8 step=25/100 loss=0.450036 grad_norm=0.869
[train] epoch=1/8 step=26/100 loss=0.429511 grad_norm=0.906
[train] epoch=1/8 step=27/100 loss=0.397633 grad_norm=2.189
[train] epoch=1/8 step=28/100 loss=0.433929 grad_norm=0.890
[train] epoch=1/8 step=29/100 loss=0.411813 grad_norm=0.741
[train] epoch=1/8 step=30/100 loss=0.375638 grad_norm=0.866
[train] epoch=1/8 step=31/100 loss=0.406889 grad_norm=0.667
[train] epoch=1/8 step=32/100 loss=0.369844 grad_norm=0.780
[train] epoch=1/8 step=33/100 loss=0.345759 grad_norm=0.722
[train] epoch=1/8 step=34/100 loss=0.382765 grad_norm=0.790
[train] epoch=1/8 step=35/100 loss=0.353909 grad_norm=0.734
[train] epoch=1/8 step=36/100 loss=0.388453 grad_norm=0.695
[train] epoch=1/8 step=37/100 loss=0.392073 grad_norm=0.750
[train] epoch=1/8 step=38/100 loss=0.367267 grad_norm=0.563
[train] epoch=1/8 step=39/100 loss=0.402113 grad_norm=0.727
[train] epoch=1/8 step=40/100 loss=0.377897 grad_norm=0.697
[train] epoch=1/8 step=41/100 loss=0.346173 grad_norm=0.518
[train] epoch=1/8 step=42/100 loss=0.336825 grad_norm=0.652
[train] epoch=1/8 step=43/100 loss=0.359619 grad_norm=0.598
[train] epoch=1/8 step=44/100 loss=0.363694 grad_norm=0.559
[train] epoch=1/8 step=45/100 loss=0.384829 grad_norm=0.666
[train] epoch=1/8 step=46/100 loss=0.360489 grad_norm=0.547
[train] epoch=1/8 step=47/100 loss=0.341657 grad_norm=0.543
[train] epoch=1/8 step=48/100 loss=0.358087 grad_norm=0.526
[train] epoch=1/8 step=49/100 loss=0.378106 grad_norm=0.561
[train] epoch=1/8 step=50/100 loss=0.358078 grad_norm=0.702
[train] epoch=1/8 step=51/100 loss=0.360113 grad_norm=0.457
[train] epoch=1/8 step=52/100 loss=0.343245 grad_norm=0.513
[train] epoch=1/8 step=53/100 loss=0.364553 grad_norm=0.767
[train] epoch=1/8 step=54/100 loss=0.346128 grad_norm=0.471
[train] epoch=1/8 step=55/100 loss=0.383843 grad_norm=0.478
[train] epoch=1/8 step=56/100 loss=0.337363 grad_norm=0.557
[train] epoch=1/8 step=57/100 loss=0.334487 grad_norm=0.576
[train] epoch=1/8 step=58/100 loss=0.346206 grad_norm=0.589
[train] epoch=1/8 step=59/100 loss=0.387850 grad_norm=0.455
[train] epoch=1/8 step=60/100 loss=0.353863 grad_norm=0.541
[train] epoch=1/8 step=61/100 loss=0.344837 grad_norm=0.661
[train] epoch=1/8 step=62/100 loss=0.356446 grad_norm=0.491
[train] epoch=1/8 step=63/100 loss=0.369272 grad_norm=0.443
[train] epoch=1/8 step=64/100 loss=0.363049 grad_norm=0.504
[train] epoch=1/8 step=65/100 loss=0.342841 grad_norm=0.411
[train] epoch=1/8 step=66/100 loss=0.312423 grad_norm=0.482
[train] epoch=1/8 step=67/100 loss=0.360963 grad_norm=0.544
[train] epoch=1/8 step=68/100 loss=0.330103 grad_norm=0.486
[train] epoch=1/8 step=69/100 loss=0.327117 grad_norm=0.371
[train] epoch=1/8 step=70/100 loss=0.326833 grad_norm=0.368
[train] epoch=1/8 step=71/100 loss=0.347088 grad_norm=0.532
[train] epoch=1/8 step=72/100 loss=0.333954 grad_norm=0.466
[train] epoch=1/8 step=73/100 loss=0.331008 grad_norm=0.600
[train] epoch=1/8 step=74/100 loss=0.362626 grad_norm=0.653
[train] epoch=1/8 step=75/100 loss=0.352916 grad_norm=0.371
[train] epoch=1/8 step=76/100 loss=0.340699 grad_norm=0.386
[train] epoch=1/8 step=77/100 loss=0.350604 grad_norm=0.446
[train] epoch=1/8 step=78/100 loss=0.336469 grad_norm=0.429
[train] epoch=1/8 step=79/100 loss=0.298042 grad_norm=0.516
[train] epoch=1/8 step=80/100 loss=0.344595 grad_norm=0.412
[train] epoch=1/8 step=81/100 loss=0.332903 grad_norm=0.383
[train] epoch=1/8 step=82/100 loss=0.364511 grad_norm=0.480
[train] epoch=1/8 step=83/100 loss=0.319020 grad_norm=0.426
[train] epoch=1/8 step=84/100 loss=0.343376 grad_norm=0.388
[train] epoch=1/8 step=85/100 loss=0.330310 grad_norm=0.408
[train] epoch=1/8 step=86/100 loss=0.347886 grad_norm=0.476
[train] epoch=1/8 step=87/100 loss=0.347110 grad_norm=0.585
[train] epoch=1/8 step=88/100 loss=0.349756 grad_norm=0.486
[train] epoch=1/8 step=89/100 loss=0.308953 grad_norm=0.598
[train] epoch=1/8 step=90/100 loss=0.361702 grad_norm=0.402
[train] epoch=1/8 step=91/100 loss=0.321002 grad_norm=0.343
[train] epoch=1/8 step=92/100 loss=0.367457 grad_norm=0.447
[train] epoch=1/8 step=93/100 loss=0.351944 grad_norm=0.645
[train] epoch=1/8 step=94/100 loss=0.350927 grad_norm=0.459
[train] epoch=1/8 step=95/100 loss=0.322922 grad_norm=0.523
[train] epoch=1/8 step=96/100 loss=0.346053 grad_norm=0.463
[train] epoch=1/8 step=97/100 loss=0.311304 grad_norm=0.633
[train] epoch=1/8 step=98/100 loss=0.325547 grad_norm=0.493
[train] epoch=1/8 step=99/100 loss=0.375395 grad_norm=0.405
[train] epoch=1/8 step=100/100 loss=0.354150 grad_norm=0.334
[epoch_summary] epoch=1/8 time_epoch=173.5s elapsed=173.5s eta=1214.3s lambda_batch_div=0.000 lambda_inter_div=0.000 lambda_intra_div=0.000 selection_mode=accuracy selection_score=-0.198804 train_loss=0.469891 val_loss=0.268123 val_nmpjpe=0.198804 train_pose=0.045374 train_rel=0.084651 train_dist=0.275191 train_dir=0.107000 train_var=0.014916 train_batch_div=0.126619 train_inter_div=0.123693 train_intra_div=0.270350 val_pose=0.020539 val_rel=0.040411 val_dist=0.171400 val_dir=0.055978 val_var=0.043506 val_batch_div=0.517502 val_inter_div=0.009933 val_intra_div=0.517513 train_std=0.146460/0.163555 train_std_ratio=0.901777 val_std=0.009002/0.086730 val_std_ratio=0.123364 train_pair_dist=1.207996/1.528672 train_pair_ratio=0.793704 val_pair_dist=0.074960/0.881006 val_pair_ratio=0.100227 train_inter_pair=1.208025/1.548795 train_inter_ratio=0.783403 val_inter_pair=0.001843/0.033503 val_inter_ratio=0.001239 train_intra_pair=1.207485/0.997829 train_intra_ratio=1.225950 val_intra_pair=0.074836/0.875789 val_intra_ratio=0.100591 train_action_cls=0.000000 train_action_acc=0.000 val_action_cls=0.000000 val_action_acc=0.000 grad_norm_mean=1.067 nan_loss=False nan_grad=False actions_covered=27 envs_covered=2
[ckpt] saved_last path=C:\Users\LuvRene\OneDrive\PythonProjects\Positioning\pose_estimationV2\checkpoints\ablation_meanrms_base_last.pth epoch=1
[ckpt] saved path=C:\Users\LuvRene\OneDrive\PythonProjects\Positioning\pose_estimationV2\checkpoints\ablation_meanrms_base.pth epoch=1 best_selection_score=-0.198804 val_nmpjpe=0.198804
[epoch_start] epoch=2/8 train_size=160380 val_size=80190 test_size=80190 lr=3.000e-04 lambda_batch_div=0.000 lambda_inter_div=0.000 lambda_intra_div=0.000
[train] epoch=2/8 step=1/100 loss=0.331626 grad_norm=0.453
[train] epoch=2/8 step=2/100 loss=0.294504 grad_norm=0.299
[train] epoch=2/8 step=3/100 loss=0.326655 grad_norm=0.519
[train] epoch=2/8 step=4/100 loss=0.367417 grad_norm=0.465
[train] epoch=2/8 step=5/100 loss=0.348558 grad_norm=0.390
[train] epoch=2/8 step=6/100 loss=0.360455 grad_norm=0.356
[train] epoch=2/8 step=7/100 loss=0.331572 grad_norm=0.426
[train] epoch=2/8 step=8/100 loss=0.306222 grad_norm=0.642
[train] epoch=2/8 step=9/100 loss=0.345232 grad_norm=0.400
[train] epoch=2/8 step=10/100 loss=0.304706 grad_norm=0.506
[train] epoch=2/8 step=11/100 loss=0.306794 grad_norm=0.454
[train] epoch=2/8 step=12/100 loss=0.338442 grad_norm=0.490
[train] epoch=2/8 step=13/100 loss=0.332144 grad_norm=0.383
[train] epoch=2/8 step=14/100 loss=0.327444 grad_norm=0.446
[train] epoch=2/8 step=15/100 loss=0.321245 grad_norm=0.378
[train] epoch=2/8 step=16/100 loss=0.320873 grad_norm=0.360
[train] epoch=2/8 step=17/100 loss=0.331255 grad_norm=0.412
[train] epoch=2/8 step=18/100 loss=0.339553 grad_norm=0.327
[train] epoch=2/8 step=19/100 loss=0.309176 grad_norm=0.352
[train] epoch=2/8 step=20/100 loss=0.339704 grad_norm=0.462
[train] epoch=2/8 step=21/100 loss=0.345403 grad_norm=0.448
[train] epoch=2/8 step=22/100 loss=0.324806 grad_norm=0.375
[train] epoch=2/8 step=23/100 loss=0.318673 grad_norm=0.390
[train] epoch=2/8 step=24/100 loss=0.317606 grad_norm=0.327
[train] epoch=2/8 step=25/100 loss=0.297863 grad_norm=0.371
[train] epoch=2/8 step=26/100 loss=0.314808 grad_norm=0.350
[train] epoch=2/8 step=27/100 loss=0.302733 grad_norm=0.402
[train] epoch=2/8 step=28/100 loss=0.320672 grad_norm=0.490
[train] epoch=2/8 step=29/100 loss=0.331485 grad_norm=0.316
[train] epoch=2/8 step=30/100 loss=0.306171 grad_norm=0.334
[train] epoch=2/8 step=31/100 loss=0.293900 grad_norm=0.512
[train] epoch=2/8 step=32/100 loss=0.343558 grad_norm=0.365
[train] epoch=2/8 step=33/100 loss=0.335382 grad_norm=0.390
[train] epoch=2/8 step=34/100 loss=0.304017 grad_norm=0.330
[train] epoch=2/8 step=35/100 loss=0.306464 grad_norm=0.296
[train] epoch=2/8 step=36/100 loss=0.315173 grad_norm=0.318
[train] epoch=2/8 step=37/100 loss=0.349325 grad_norm=0.339
[train] epoch=2/8 step=38/100 loss=0.307506 grad_norm=0.285
[train] epoch=2/8 step=39/100 loss=0.327061 grad_norm=0.484
[train] epoch=2/8 step=40/100 loss=0.306764 grad_norm=0.382
[train] epoch=2/8 step=41/100 loss=0.335829 grad_norm=0.319
[train] epoch=2/8 step=42/100 loss=0.337704 grad_norm=0.398
[train] epoch=2/8 step=43/100 loss=0.333385 grad_norm=0.347
[train] epoch=2/8 step=44/100 loss=0.301028 grad_norm=0.312
[train] epoch=2/8 step=45/100 loss=0.301143 grad_norm=0.318
[train] epoch=2/8 step=46/100 loss=0.316026 grad_norm=0.280
[train] epoch=2/8 step=47/100 loss=0.329306 grad_norm=0.551
[train] epoch=2/8 step=48/100 loss=0.343541 grad_norm=0.334
[train] epoch=2/8 step=49/100 loss=0.356453 grad_norm=0.349
[train] epoch=2/8 step=50/100 loss=0.320007 grad_norm=0.342
[train] epoch=2/8 step=51/100 loss=0.307478 grad_norm=0.395
[train] epoch=2/8 step=52/100 loss=0.351258 grad_norm=0.398
[train] epoch=2/8 step=53/100 loss=0.307940 grad_norm=0.352
[train] epoch=2/8 step=54/100 loss=0.312866 grad_norm=0.285
[train] epoch=2/8 step=55/100 loss=0.328068 grad_norm=0.375
[train] epoch=2/8 step=56/100 loss=0.325787 grad_norm=0.401
[train] epoch=2/8 step=57/100 loss=0.337793 grad_norm=0.393
[train] epoch=2/8 step=58/100 loss=0.304669 grad_norm=0.371
[train] epoch=2/8 step=59/100 loss=0.307716 grad_norm=0.401
[train] epoch=2/8 step=60/100 loss=0.320201 grad_norm=0.499
[train] epoch=2/8 step=61/100 loss=0.293836 grad_norm=0.416
[train] epoch=2/8 step=62/100 loss=0.311819 grad_norm=0.295
[train] epoch=2/8 step=63/100 loss=0.330828 grad_norm=0.361
[train] epoch=2/8 step=64/100 loss=0.311935 grad_norm=0.384
[train] epoch=2/8 step=65/100 loss=0.303182 grad_norm=0.350
[train] epoch=2/8 step=66/100 loss=0.295956 grad_norm=0.314
[train] epoch=2/8 step=67/100 loss=0.294911 grad_norm=0.322
[train] epoch=2/8 step=68/100 loss=0.348031 grad_norm=0.328
[train] epoch=2/8 step=69/100 loss=0.335033 grad_norm=0.446
[train] epoch=2/8 step=70/100 loss=0.353144 grad_norm=0.296
[train] epoch=2/8 step=71/100 loss=0.324709 grad_norm=0.248
[train] epoch=2/8 step=72/100 loss=0.300443 grad_norm=0.280
[train] epoch=2/8 step=73/100 loss=0.308844 grad_norm=0.391
[train] epoch=2/8 step=74/100 loss=0.316148 grad_norm=0.317
[train] epoch=2/8 step=75/100 loss=0.287761 grad_norm=0.297
[train] epoch=2/8 step=76/100 loss=0.321544 grad_norm=0.374
[train] epoch=2/8 step=77/100 loss=0.318978 grad_norm=0.353
[train] epoch=2/8 step=78/100 loss=0.313605 grad_norm=0.492
[train] epoch=2/8 step=79/100 loss=0.297190 grad_norm=0.354
[train] epoch=2/8 step=80/100 loss=0.344414 grad_norm=0.428
[train] epoch=2/8 step=81/100 loss=0.321367 grad_norm=0.434
[train] epoch=2/8 step=82/100 loss=0.298384 grad_norm=0.366
[train] epoch=2/8 step=83/100 loss=0.302183 grad_norm=0.458
[train] epoch=2/8 step=84/100 loss=0.288462 grad_norm=0.304
[train] epoch=2/8 step=85/100 loss=0.310632 grad_norm=0.461
[train] epoch=2/8 step=86/100 loss=0.316183 grad_norm=0.410
[train] epoch=2/8 step=87/100 loss=0.322774 grad_norm=0.472
[train] epoch=2/8 step=88/100 loss=0.320681 grad_norm=0.351
[train] epoch=2/8 step=89/100 loss=0.293571 grad_norm=0.285
[train] epoch=2/8 step=90/100 loss=0.309304 grad_norm=0.297
[train] epoch=2/8 step=91/100 loss=0.312565 grad_norm=0.394
[train] epoch=2/8 step=92/100 loss=0.300660 grad_norm=0.359
[train] epoch=2/8 step=93/100 loss=0.336880 grad_norm=0.404
[train] epoch=2/8 step=94/100 loss=0.327345 grad_norm=0.383
[train] epoch=2/8 step=95/100 loss=0.337222 grad_norm=0.421
[train] epoch=2/8 step=96/100 loss=0.311647 grad_norm=0.314
[train] epoch=2/8 step=97/100 loss=0.292065 grad_norm=0.256
[train] epoch=2/8 step=98/100 loss=0.290009 grad_norm=0.339
[train] epoch=2/8 step=99/100 loss=0.278033 grad_norm=0.345
[train] epoch=2/8 step=100/100 loss=0.312069 grad_norm=0.340
[epoch_summary] epoch=2/8 time_epoch=59.0s elapsed=232.5s eta=697.5s lambda_batch_div=0.000 lambda_inter_div=0.000 lambda_intra_div=0.000 selection_mode=accuracy selection_score=-0.198071 train_loss=0.319255 val_loss=0.288114 val_nmpjpe=0.198071 train_pose=0.026217 train_rel=0.050921 train_dist=0.200979 train_dir=0.066598 train_var=0.027327 train_batch_div=0.199150 train_inter_div=0.197954 train_intra_div=0.216695 val_pose=0.021230 val_rel=0.041833 val_dist=0.189818 val_dir=0.056149 val_var=0.047756 val_batch_div=0.552946 val_inter_div=0.010482 val_intra_div=0.553023 train_std=0.095829/0.167053 train_std_ratio=0.576797 val_std=0.004308/0.086730 val_std_ratio=0.059137 train_pair_dist=0.796537/1.551489 train_pair_ratio=0.515155 val_pair_dist=0.035604/0.881006 val_pair_ratio=0.047762 train_inter_pair=0.796491/1.572310 train_inter_ratio=0.508304 val_inter_pair=0.000875/0.033503 val_inter_ratio=0.000590 train_intra_pair=0.797960/1.019661 train_intra_ratio=0.791725 val_intra_pair=0.035555/0.875789 val_intra_ratio=0.047958 train_action_cls=0.000000 train_action_acc=0.000 val_action_cls=0.000000 val_action_acc=0.000 grad_norm_mean=0.379 nan_loss=False nan_grad=False actions_covered=27 envs_covered=2
[ckpt] saved_last path=C:\Users\LuvRene\OneDrive\PythonProjects\Positioning\pose_estimationV2\checkpoints\ablation_meanrms_base_last.pth epoch=2
[ckpt] saved path=C:\Users\LuvRene\OneDrive\PythonProjects\Positioning\pose_estimationV2\checkpoints\ablation_meanrms_base.pth epoch=2 best_selection_score=-0.198071 val_nmpjpe=0.198071
[epoch_start] epoch=3/8 train_size=160380 val_size=80190 test_size=80190 lr=3.000e-04 lambda_batch_div=0.000 lambda_inter_div=0.000 lambda_intra_div=0.000
[train] epoch=3/8 step=1/100 loss=0.321111 grad_norm=0.400
[train] epoch=3/8 step=2/100 loss=0.318515 grad_norm=0.345
[train] epoch=3/8 step=3/100 loss=0.294443 grad_norm=0.492
[train] epoch=3/8 step=4/100 loss=0.282097 grad_norm=0.295
[train] epoch=3/8 step=5/100 loss=0.277588 grad_norm=0.321
[train] epoch=3/8 step=6/100 loss=0.291230 grad_norm=0.347
[train] epoch=3/8 step=7/100 loss=0.324236 grad_norm=0.362
[train] epoch=3/8 step=8/100 loss=0.294607 grad_norm=0.359
[train] epoch=3/8 step=9/100 loss=0.303203 grad_norm=0.257
[train] epoch=3/8 step=10/100 loss=0.313003 grad_norm=0.495
[train] epoch=3/8 step=11/100 loss=0.318575 grad_norm=0.403
[train] epoch=3/8 step=12/100 loss=0.301533 grad_norm=0.287
[train] epoch=3/8 step=13/100 loss=0.311074 grad_norm=0.386
[train] epoch=3/8 step=14/100 loss=0.362379 grad_norm=0.321
[train] epoch=3/8 step=15/100 loss=0.312665 grad_norm=0.281
[train] epoch=3/8 step=16/100 loss=0.304683 grad_norm=0.319
[train] epoch=3/8 step=17/100 loss=0.299995 grad_norm=0.303
[train] epoch=3/8 step=18/100 loss=0.312303 grad_norm=0.245
[train] epoch=3/8 step=19/100 loss=0.289798 grad_norm=0.273
[train] epoch=3/8 step=20/100 loss=0.305440 grad_norm=0.219
[train] epoch=3/8 step=21/100 loss=0.306748 grad_norm=0.305
[train] epoch=3/8 step=22/100 loss=0.269267 grad_norm=0.223
[train] epoch=3/8 step=23/100 loss=0.316818 grad_norm=0.364
[train] epoch=3/8 step=24/100 loss=0.296360 grad_norm=0.331
[train] epoch=3/8 step=25/100 loss=0.321528 grad_norm=0.313
[train] epoch=3/8 step=26/100 loss=0.284256 grad_norm=0.327
[train] epoch=3/8 step=27/100 loss=0.295633 grad_norm=0.341
[train] epoch=3/8 step=28/100 loss=0.315339 grad_norm=0.304
[train] epoch=3/8 step=29/100 loss=0.284333 grad_norm=0.230
[train] epoch=3/8 step=30/100 loss=0.302163 grad_norm=0.262
[train] epoch=3/8 step=31/100 loss=0.348400 grad_norm=0.391
[train] epoch=3/8 step=32/100 loss=0.306136 grad_norm=0.472
[train] epoch=3/8 step=33/100 loss=0.302736 grad_norm=0.422
[train] epoch=3/8 step=34/100 loss=0.324779 grad_norm=0.286
[train] epoch=3/8 step=35/100 loss=0.344190 grad_norm=0.263
[train] epoch=3/8 step=36/100 loss=0.352000 grad_norm=0.676
[train] epoch=3/8 step=37/100 loss=0.319308 grad_norm=0.499
[train] epoch=3/8 step=38/100 loss=0.322502 grad_norm=0.275
[train] epoch=3/8 step=39/100 loss=0.305303 grad_norm=0.246
[train] epoch=3/8 step=40/100 loss=0.335330 grad_norm=0.806
[train] epoch=3/8 step=41/100 loss=0.305742 grad_norm=0.654
[train] epoch=3/8 step=42/100 loss=0.305349 grad_norm=0.259
[train] epoch=3/8 step=43/100 loss=0.314112 grad_norm=0.241
[train] epoch=3/8 step=44/100 loss=0.296482 grad_norm=0.313
[train] epoch=3/8 step=45/100 loss=0.316461 grad_norm=0.390
[train] epoch=3/8 step=46/100 loss=0.305559 grad_norm=0.640
[train] epoch=3/8 step=47/100 loss=0.300438 grad_norm=0.339
[train] epoch=3/8 step=48/100 loss=0.301418 grad_norm=0.259
[train] epoch=3/8 step=49/100 loss=0.300245 grad_norm=0.478
[train] epoch=3/8 step=50/100 loss=0.289333 grad_norm=0.411
[train] epoch=3/8 step=51/100 loss=0.303965 grad_norm=0.322
[train] epoch=3/8 step=52/100 loss=0.355005 grad_norm=0.345
[train] epoch=3/8 step=53/100 loss=0.320632 grad_norm=0.276
[train] epoch=3/8 step=54/100 loss=0.285899 grad_norm=0.266
[train] epoch=3/8 step=55/100 loss=0.283628 grad_norm=0.368
[train] epoch=3/8 step=56/100 loss=0.260724 grad_norm=0.449
[train] epoch=3/8 step=57/100 loss=0.321857 grad_norm=0.294
[train] epoch=3/8 step=58/100 loss=0.296996 grad_norm=0.517
[train] epoch=3/8 step=59/100 loss=0.279618 grad_norm=0.295
[train] epoch=3/8 step=60/100 loss=0.333588 grad_norm=0.280
[train] epoch=3/8 step=61/100 loss=0.291187 grad_norm=0.327
[train] epoch=3/8 step=62/100 loss=0.308700 grad_norm=0.354
[train] epoch=3/8 step=63/100 loss=0.300988 grad_norm=0.256
[train] epoch=3/8 step=64/100 loss=0.306412 grad_norm=0.292
[train] epoch=3/8 step=65/100 loss=0.298042 grad_norm=0.262
[train] epoch=3/8 step=66/100 loss=0.303946 grad_norm=0.414
[train] epoch=3/8 step=67/100 loss=0.274145 grad_norm=0.334
[train] epoch=3/8 step=68/100 loss=0.271288 grad_norm=0.256
[train] epoch=3/8 step=69/100 loss=0.274981 grad_norm=0.261
[train] epoch=3/8 step=70/100 loss=0.282570 grad_norm=0.315
[train] epoch=3/8 step=71/100 loss=0.306914 grad_norm=0.306
[train] epoch=3/8 step=72/100 loss=0.297248 grad_norm=0.245
[train] epoch=3/8 step=73/100 loss=0.305249 grad_norm=0.252
[train] epoch=3/8 step=74/100 loss=0.304722 grad_norm=0.322
[train] epoch=3/8 step=75/100 loss=0.308633 grad_norm=0.291
[train] epoch=3/8 step=76/100 loss=0.304444 grad_norm=0.242
[train] epoch=3/8 step=77/100 loss=0.285812 grad_norm=0.256
[train] epoch=3/8 step=78/100 loss=0.273152 grad_norm=0.375
[train] epoch=3/8 step=79/100 loss=0.333969 grad_norm=0.296
[train] epoch=3/8 step=80/100 loss=0.296623 grad_norm=0.240
[train] epoch=3/8 step=81/100 loss=0.318227 grad_norm=0.227
[train] epoch=3/8 step=82/100 loss=0.296701 grad_norm=0.485
[train] epoch=3/8 step=83/100 loss=0.275923 grad_norm=0.269
[train] epoch=3/8 step=84/100 loss=0.313427 grad_norm=0.319
[train] epoch=3/8 step=85/100 loss=0.313403 grad_norm=0.262
[train] epoch=3/8 step=86/100 loss=0.282179 grad_norm=0.261
[train] epoch=3/8 step=87/100 loss=0.293396 grad_norm=0.318
[train] epoch=3/8 step=88/100 loss=0.299396 grad_norm=0.278
[train] epoch=3/8 step=89/100 loss=0.309536 grad_norm=0.329
[train] epoch=3/8 step=90/100 loss=0.289233 grad_norm=0.233
[train] epoch=3/8 step=91/100 loss=0.296154 grad_norm=0.254
[train] epoch=3/8 step=92/100 loss=0.332320 grad_norm=0.281
[train] epoch=3/8 step=93/100 loss=0.317371 grad_norm=0.221
[train] epoch=3/8 step=94/100 loss=0.252790 grad_norm=0.341
[train] epoch=3/8 step=95/100 loss=0.303911 grad_norm=0.356
[train] epoch=3/8 step=96/100 loss=0.313722 grad_norm=0.299
[train] epoch=3/8 step=97/100 loss=0.316003 grad_norm=0.252
[train] epoch=3/8 step=98/100 loss=0.325910 grad_norm=0.241
[train] epoch=3/8 step=99/100 loss=0.290432 grad_norm=0.267
[train] epoch=3/8 step=100/100 loss=0.295639 grad_norm=0.286
[epoch_summary] epoch=3/8 time_epoch=58.2s elapsed=290.7s eta=484.4s lambda_batch_div=0.000 lambda_inter_div=0.000 lambda_intra_div=0.000 selection_mode=accuracy selection_score=-0.197305 train_loss=0.304334 val_loss=0.286075 val_nmpjpe=0.197305 train_pose=0.024805 train_rel=0.048291 train_dist=0.190861 train_dir=0.064522 train_var=0.034367 train_batch_div=0.242074 train_inter_div=0.240908 train_intra_div=0.242349 val_pose=0.021393 val_rel=0.042136 val_dist=0.187645 val_dir=0.055969 val_var=0.046051 val_batch_div=0.538157 val_inter_div=0.010279 val_intra_div=0.538217 train_std=0.078584/0.166493 train_std_ratio=0.475748 val_std=0.006185/0.086730 val_std_ratio=0.084397 train_pair_dist=0.657489/1.550550 train_pair_ratio=0.426001 val_pair_dist=0.051951/0.881006 val_pair_ratio=0.069305 train_inter_pair=0.657408/1.571606 train_inter_ratio=0.420210 val_inter_pair=0.001244/0.033503 val_inter_ratio=0.000834 train_intra_pair=0.659212/1.003298 train_intra_ratio=0.668699 val_intra_pair=0.051863/0.875789 val_intra_ratio=0.069550 train_action_cls=0.000000 train_action_acc=0.000 val_action_cls=0.000000 val_action_acc=0.000 grad_norm_mean=0.331 nan_loss=False nan_grad=False actions_covered=27 envs_covered=2
[ckpt] saved_last path=C:\Users\LuvRene\OneDrive\PythonProjects\Positioning\pose_estimationV2\checkpoints\ablation_meanrms_base_last.pth epoch=3
[ckpt] saved path=C:\Users\LuvRene\OneDrive\PythonProjects\Positioning\pose_estimationV2\checkpoints\ablation_meanrms_base.pth epoch=3 best_selection_score=-0.197305 val_nmpjpe=0.197305
[epoch_start] epoch=4/8 train_size=160380 val_size=80190 test_size=80190 lr=3.000e-04 lambda_batch_div=0.000 lambda_inter_div=0.000 lambda_intra_div=0.000
[train] epoch=4/8 step=1/100 loss=0.312507 grad_norm=0.292
[train] epoch=4/8 step=2/100 loss=0.313518 grad_norm=0.215
[train] epoch=4/8 step=3/100 loss=0.294060 grad_norm=0.219
[train] epoch=4/8 step=4/100 loss=0.293735 grad_norm=0.234
[train] epoch=4/8 step=5/100 loss=0.292387 grad_norm=0.470
[train] epoch=4/8 step=6/100 loss=0.299576 grad_norm=0.406
[train] epoch=4/8 step=7/100 loss=0.320113 grad_norm=0.231
[train] epoch=4/8 step=8/100 loss=0.292272 grad_norm=0.237
[train] epoch=4/8 step=9/100 loss=0.275607 grad_norm=0.280
[train] epoch=4/8 step=10/100 loss=0.291448 grad_norm=0.365
[train] epoch=4/8 step=11/100 loss=0.327180 grad_norm=0.394
[train] epoch=4/8 step=12/100 loss=0.297402 grad_norm=0.369
[train] epoch=4/8 step=13/100 loss=0.305306 grad_norm=0.434
[train] epoch=4/8 step=14/100 loss=0.294029 grad_norm=0.254
[train] epoch=4/8 step=15/100 loss=0.290894 grad_norm=0.341
[train] epoch=4/8 step=16/100 loss=0.310452 grad_norm=0.285
[train] epoch=4/8 step=17/100 loss=0.258576 grad_norm=0.370
[train] epoch=4/8 step=18/100 loss=0.271735 grad_norm=0.237
[train] epoch=4/8 step=19/100 loss=0.280082 grad_norm=0.227
[train] epoch=4/8 step=20/100 loss=0.321785 grad_norm=0.387
[train] epoch=4/8 step=21/100 loss=0.331395 grad_norm=0.304
[train] epoch=4/8 step=22/100 loss=0.263986 grad_norm=0.250
[train] epoch=4/8 step=23/100 loss=0.307076 grad_norm=0.292
[train] epoch=4/8 step=24/100 loss=0.281985 grad_norm=0.237
[train] epoch=4/8 step=25/100 loss=0.312378 grad_norm=0.231
[train] epoch=4/8 step=26/100 loss=0.299934 grad_norm=0.307
[train] epoch=4/8 step=27/100 loss=0.289868 grad_norm=0.355
[train] epoch=4/8 step=28/100 loss=0.274130 grad_norm=0.387
[train] epoch=4/8 step=29/100 loss=0.275152 grad_norm=0.204
[train] epoch=4/8 step=30/100 loss=0.317291 grad_norm=0.526
[train] epoch=4/8 step=31/100 loss=0.299448 grad_norm=0.379
[train] epoch=4/8 step=32/100 loss=0.314902 grad_norm=0.224
[train] epoch=4/8 step=33/100 loss=0.307388 grad_norm=0.325
[train] epoch=4/8 step=34/100 loss=0.277136 grad_norm=0.351
[train] epoch=4/8 step=35/100 loss=0.308031 grad_norm=0.311
[train] epoch=4/8 step=36/100 loss=0.295227 grad_norm=0.269
[train] epoch=4/8 step=37/100 loss=0.307537 grad_norm=0.229
[train] epoch=4/8 step=38/100 loss=0.313582 grad_norm=0.422
[train] epoch=4/8 step=39/100 loss=0.282620 grad_norm=0.471
[train] epoch=4/8 step=40/100 loss=0.288367 grad_norm=0.339
[train] epoch=4/8 step=41/100 loss=0.287686 grad_norm=0.180
[train] epoch=4/8 step=42/100 loss=0.280619 grad_norm=0.480
[train] epoch=4/8 step=43/100 loss=0.305557 grad_norm=0.445
[train] epoch=4/8 step=44/100 loss=0.298169 grad_norm=0.445
[train] epoch=4/8 step=45/100 loss=0.275954 grad_norm=0.258
[train] epoch=4/8 step=46/100 loss=0.339052 grad_norm=0.434
[train] epoch=4/8 step=47/100 loss=0.305235 grad_norm=0.602
[train] epoch=4/8 step=48/100 loss=0.311463 grad_norm=0.333
[train] epoch=4/8 step=49/100 loss=0.281189 grad_norm=0.486
[train] epoch=4/8 step=50/100 loss=0.283051 grad_norm=0.406
[train] epoch=4/8 step=51/100 loss=0.310231 grad_norm=0.359
[train] epoch=4/8 step=52/100 loss=0.295583 grad_norm=0.237
[train] epoch=4/8 step=53/100 loss=0.344204 grad_norm=0.463
[train] epoch=4/8 step=54/100 loss=0.272070 grad_norm=0.372
[train] epoch=4/8 step=55/100 loss=0.321034 grad_norm=0.250
[train] epoch=4/8 step=56/100 loss=0.276117 grad_norm=0.453
[train] epoch=4/8 step=57/100 loss=0.303209 grad_norm=0.394
[train] epoch=4/8 step=58/100 loss=0.270049 grad_norm=0.563
[train] epoch=4/8 step=59/100 loss=0.287919 grad_norm=0.321
[train] epoch=4/8 step=60/100 loss=0.298098 grad_norm=0.247
[train] epoch=4/8 step=61/100 loss=0.265308 grad_norm=0.284
[train] epoch=4/8 step=62/100 loss=0.259405 grad_norm=0.288
[train] epoch=4/8 step=63/100 loss=0.297252 grad_norm=0.434
[train] epoch=4/8 step=64/100 loss=0.331405 grad_norm=0.566
[train] epoch=4/8 step=65/100 loss=0.286341 grad_norm=0.313
[train] epoch=4/8 step=66/100 loss=0.278040 grad_norm=0.457
[train] epoch=4/8 step=67/100 loss=0.296605 grad_norm=0.288
[train] epoch=4/8 step=68/100 loss=0.249502 grad_norm=0.396
[train] epoch=4/8 step=69/100 loss=0.301648 grad_norm=0.282
[train] epoch=4/8 step=70/100 loss=0.258610 grad_norm=0.391
[train] epoch=4/8 step=71/100 loss=0.275747 grad_norm=0.347
[train] epoch=4/8 step=72/100 loss=0.300163 grad_norm=0.493
[train] epoch=4/8 step=73/100 loss=0.311221 grad_norm=0.513
[train] epoch=4/8 step=74/100 loss=0.298681 grad_norm=0.507
[train] epoch=4/8 step=75/100 loss=0.282904 grad_norm=0.301
[train] epoch=4/8 step=76/100 loss=0.302003 grad_norm=0.568
[train] epoch=4/8 step=77/100 loss=0.278555 grad_norm=0.479
[train] epoch=4/8 step=78/100 loss=0.315037 grad_norm=0.429
[train] epoch=4/8 step=79/100 loss=0.298332 grad_norm=0.236
[train] epoch=4/8 step=80/100 loss=0.260324 grad_norm=0.199
[train] epoch=4/8 step=81/100 loss=0.308080 grad_norm=0.464
[train] epoch=4/8 step=82/100 loss=0.308379 grad_norm=0.562
[train] epoch=4/8 step=83/100 loss=0.279259 grad_norm=0.251
[train] epoch=4/8 step=84/100 loss=0.305148 grad_norm=0.336
[train] epoch=4/8 step=85/100 loss=0.289168 grad_norm=0.259
[train] epoch=4/8 step=86/100 loss=0.332084 grad_norm=0.318
[train] epoch=4/8 step=87/100 loss=0.279161 grad_norm=0.295
[train] epoch=4/8 step=88/100 loss=0.297814 grad_norm=0.253
[train] epoch=4/8 step=89/100 loss=0.298048 grad_norm=0.193
[train] epoch=4/8 step=90/100 loss=0.269415 grad_norm=0.224
[train] epoch=4/8 step=91/100 loss=0.283775 grad_norm=0.330
[train] epoch=4/8 step=92/100 loss=0.296030 grad_norm=0.308
[train] epoch=4/8 step=93/100 loss=0.307089 grad_norm=0.214
[train] epoch=4/8 step=94/100 loss=0.310841 grad_norm=0.221
[train] epoch=4/8 step=95/100 loss=0.294586 grad_norm=0.376
[train] epoch=4/8 step=96/100 loss=0.302008 grad_norm=0.250
[train] epoch=4/8 step=97/100 loss=0.263178 grad_norm=0.414
[train] epoch=4/8 step=98/100 loss=0.290676 grad_norm=0.408
[train] epoch=4/8 step=99/100 loss=0.316834 grad_norm=0.216
[train] epoch=4/8 step=100/100 loss=0.298470 grad_norm=0.244
[epoch_summary] epoch=4/8 time_epoch=56.9s elapsed=347.6s eta=347.6s lambda_batch_div=0.000 lambda_inter_div=0.000 lambda_intra_div=0.000 selection_mode=accuracy selection_score=-0.195969 train_loss=0.295137 val_loss=0.265432 val_nmpjpe=0.195969 train_pose=0.024046 train_rel=0.046879 train_dist=0.184327 train_dir=0.063325 train_var=0.039017 train_batch_div=0.268896 train_inter_div=0.267706 train_intra_div=0.264263 val_pose=0.020398 val_rel=0.040152 val_dist=0.168996 val_dir=0.055962 val_var=0.048840 val_batch_div=0.561386 val_inter_div=0.010547 val_intra_div=0.561526 train_std=0.069355/0.166824 train_std_ratio=0.418119 val_std=0.003211/0.086730 val_std_ratio=0.043618 train_pair_dist=0.583357/1.547775 train_pair_ratio=0.378260 val_pair_dist=0.026819/0.881006 val_pair_ratio=0.035820 train_inter_pair=0.583282/1.568699 train_inter_ratio=0.373161 val_inter_pair=0.000772/0.033503 val_inter_ratio=0.000521 train_intra_pair=0.584960/1.012850 train_intra_ratio=0.586900 val_intra_pair=0.026733/0.875789 val_intra_ratio=0.035923 train_action_cls=0.000000 train_action_acc=0.000 val_action_cls=0.000000 val_action_acc=0.000 grad_norm_mean=0.343 nan_loss=False nan_grad=False actions_covered=27 envs_covered=2
[ckpt] saved_last path=C:\Users\LuvRene\OneDrive\PythonProjects\Positioning\pose_estimationV2\checkpoints\ablation_meanrms_base_last.pth epoch=4
[ckpt] saved path=C:\Users\LuvRene\OneDrive\PythonProjects\Positioning\pose_estimationV2\checkpoints\ablation_meanrms_base.pth epoch=4 best_selection_score=-0.195969 val_nmpjpe=0.195969
[epoch_start] epoch=5/8 train_size=160380 val_size=80190 test_size=80190 lr=3.000e-04 lambda_batch_div=0.000 lambda_inter_div=0.000 lambda_intra_div=0.000
[train] epoch=5/8 step=1/100 loss=0.276537 grad_norm=0.298
[train] epoch=5/8 step=2/100 loss=0.280781 grad_norm=0.190
[train] epoch=5/8 step=3/100 loss=0.299197 grad_norm=0.323
[train] epoch=5/8 step=4/100 loss=0.295605 grad_norm=0.403
[train] epoch=5/8 step=5/100 loss=0.291382 grad_norm=0.220
[train] epoch=5/8 step=6/100 loss=0.278851 grad_norm=0.316
[train] epoch=5/8 step=7/100 loss=0.299404 grad_norm=0.245
[train] epoch=5/8 step=8/100 loss=0.284033 grad_norm=0.224
[train] epoch=5/8 step=9/100 loss=0.291544 grad_norm=0.438
[train] epoch=5/8 step=10/100 loss=0.281093 grad_norm=0.307
[train] epoch=5/8 step=11/100 loss=0.271434 grad_norm=0.225
[train] epoch=5/8 step=12/100 loss=0.336085 grad_norm=0.346
[train] epoch=5/8 step=13/100 loss=0.323466 grad_norm=0.383
[train] epoch=5/8 step=14/100 loss=0.310486 grad_norm=0.280
[train] epoch=5/8 step=15/100 loss=0.293952 grad_norm=0.432
[train] epoch=5/8 step=16/100 loss=0.300891 grad_norm=0.332
[train] epoch=5/8 step=17/100 loss=0.330229 grad_norm=0.213
[train] epoch=5/8 step=18/100 loss=0.318273 grad_norm=0.196
[train] epoch=5/8 step=19/100 loss=0.309546 grad_norm=0.407
[train] epoch=5/8 step=20/100 loss=0.293768 grad_norm=0.635
[train] epoch=5/8 step=21/100 loss=0.279803 grad_norm=0.433
[train] epoch=5/8 step=22/100 loss=0.294611 grad_norm=0.267
[train] epoch=5/8 step=23/100 loss=0.271913 grad_norm=0.610
[train] epoch=5/8 step=24/100 loss=0.278631 grad_norm=0.498
[train] epoch=5/8 step=25/100 loss=0.258523 grad_norm=0.522
[train] epoch=5/8 step=26/100 loss=0.284878 grad_norm=0.205
[train] epoch=5/8 step=27/100 loss=0.255641 grad_norm=0.243
[train] epoch=5/8 step=28/100 loss=0.286408 grad_norm=0.359
[train] epoch=5/8 step=29/100 loss=0.319042 grad_norm=0.828
[train] epoch=5/8 step=30/100 loss=0.283925 grad_norm=0.493
[train] epoch=5/8 step=31/100 loss=0.327456 grad_norm=0.190
[train] epoch=5/8 step=32/100 loss=0.296065 grad_norm=0.247
[train] epoch=5/8 step=33/100 loss=0.291837 grad_norm=0.628
[train] epoch=5/8 step=34/100 loss=0.331629 grad_norm=0.643
[train] epoch=5/8 step=35/100 loss=0.299221 grad_norm=0.422
[train] epoch=5/8 step=36/100 loss=0.299856 grad_norm=0.227
[train] epoch=5/8 step=37/100 loss=0.295172 grad_norm=0.395
[train] epoch=5/8 step=38/100 loss=0.254392 grad_norm=0.546
[train] epoch=5/8 step=39/100 loss=0.340629 grad_norm=0.493
[train] epoch=5/8 step=40/100 loss=0.286723 grad_norm=0.252
[train] epoch=5/8 step=41/100 loss=0.276464 grad_norm=0.199
[train] epoch=5/8 step=42/100 loss=0.282369 grad_norm=0.226
[train] epoch=5/8 step=43/100 loss=0.299946 grad_norm=0.511
[train] epoch=5/8 step=44/100 loss=0.289152 grad_norm=0.381
[train] epoch=5/8 step=45/100 loss=0.285632 grad_norm=0.253
[train] epoch=5/8 step=46/100 loss=0.299978 grad_norm=0.297
[train] epoch=5/8 step=47/100 loss=0.333911 grad_norm=0.306
[train] epoch=5/8 step=48/100 loss=0.261182 grad_norm=0.250
[train] epoch=5/8 step=49/100 loss=0.304658 grad_norm=0.214
[train] epoch=5/8 step=50/100 loss=0.283270 grad_norm=0.251
[train] epoch=5/8 step=51/100 loss=0.278604 grad_norm=0.275
[train] epoch=5/8 step=52/100 loss=0.270794 grad_norm=0.268
[train] epoch=5/8 step=53/100 loss=0.258194 grad_norm=0.222
[train] epoch=5/8 step=54/100 loss=0.289243 grad_norm=0.370
[train] epoch=5/8 step=55/100 loss=0.278792 grad_norm=0.247
[train] epoch=5/8 step=56/100 loss=0.280144 grad_norm=0.230
[train] epoch=5/8 step=57/100 loss=0.331948 grad_norm=0.232
[train] epoch=5/8 step=58/100 loss=0.239342 grad_norm=0.301
[train] epoch=5/8 step=59/100 loss=0.298112 grad_norm=0.316
[train] epoch=5/8 step=60/100 loss=0.284239 grad_norm=0.268
[train] epoch=5/8 step=61/100 loss=0.304147 grad_norm=0.301
[train] epoch=5/8 step=62/100 loss=0.279957 grad_norm=0.228
[train] epoch=5/8 step=63/100 loss=0.264769 grad_norm=0.307
[train] epoch=5/8 step=64/100 loss=0.304105 grad_norm=0.493
[train] epoch=5/8 step=65/100 loss=0.302159 grad_norm=0.224
[train] epoch=5/8 step=66/100 loss=0.293554 grad_norm=0.184
[train] epoch=5/8 step=67/100 loss=0.287394 grad_norm=0.357
[train] epoch=5/8 step=68/100 loss=0.281042 grad_norm=0.300
[train] epoch=5/8 step=69/100 loss=0.271210 grad_norm=0.242
[train] epoch=5/8 step=70/100 loss=0.286483 grad_norm=0.225
[train] epoch=5/8 step=71/100 loss=0.285551 grad_norm=0.187
[train] epoch=5/8 step=72/100 loss=0.285169 grad_norm=0.423
[train] epoch=5/8 step=73/100 loss=0.284432 grad_norm=0.257
[train] epoch=5/8 step=74/100 loss=0.320154 grad_norm=0.213
[train] epoch=5/8 step=75/100 loss=0.274408 grad_norm=0.215
[train] epoch=5/8 step=76/100 loss=0.281092 grad_norm=0.382
[train] epoch=5/8 step=77/100 loss=0.287667 grad_norm=0.263
[train] epoch=5/8 step=78/100 loss=0.304543 grad_norm=0.362
[train] epoch=5/8 step=79/100 loss=0.304291 grad_norm=0.233
[train] epoch=5/8 step=80/100 loss=0.270101 grad_norm=0.232
[train] epoch=5/8 step=81/100 loss=0.254176 grad_norm=0.414
[train] epoch=5/8 step=82/100 loss=0.301870 grad_norm=0.397
[train] epoch=5/8 step=83/100 loss=0.293917 grad_norm=0.201
[train] epoch=5/8 step=84/100 loss=0.324857 grad_norm=0.219
[train] epoch=5/8 step=85/100 loss=0.328472 grad_norm=0.252
[train] epoch=5/8 step=86/100 loss=0.277209 grad_norm=0.490
[train] epoch=5/8 step=87/100 loss=0.288877 grad_norm=0.292
[train] epoch=5/8 step=88/100 loss=0.275121 grad_norm=0.284
[train] epoch=5/8 step=89/100 loss=0.289405 grad_norm=0.203
[train] epoch=5/8 step=90/100 loss=0.270561 grad_norm=0.183
[train] epoch=5/8 step=91/100 loss=0.281635 grad_norm=0.230
[train] epoch=5/8 step=92/100 loss=0.285522 grad_norm=0.458
[train] epoch=5/8 step=93/100 loss=0.262954 grad_norm=0.228
[train] epoch=5/8 step=94/100 loss=0.301227 grad_norm=0.212
[train] epoch=5/8 step=95/100 loss=0.321188 grad_norm=0.258
[train] epoch=5/8 step=96/100 loss=0.287775 grad_norm=0.218
[train] epoch=5/8 step=97/100 loss=0.288877 grad_norm=0.156
[train] epoch=5/8 step=98/100 loss=0.286151 grad_norm=0.370
[train] epoch=5/8 step=99/100 loss=0.295593 grad_norm=0.318
[train] epoch=5/8 step=100/100 loss=0.278210 grad_norm=0.248
[epoch_summary] epoch=5/8 time_epoch=56.3s elapsed=403.9s eta=242.4s lambda_batch_div=0.000 lambda_inter_div=0.000 lambda_intra_div=0.000 selection_mode=accuracy selection_score=-0.194903 train_loss=0.290947 val_loss=0.269472 val_nmpjpe=0.194903 train_pose=0.023453 train_rel=0.045790 train_dist=0.182080 train_dir=0.062519 train_var=0.042344 train_batch_div=0.285164 train_inter_div=0.283845 train_intra_div=0.282257 val_pose=0.020459 val_rel=0.040290 val_dist=0.172989 val_dir=0.055880 val_var=0.049546 val_batch_div=0.567856 val_inter_div=0.010688 val_intra_div=0.567990 train_std=0.063347/0.165038 train_std_ratio=0.386597 val_std=0.002495/0.086730 val_std_ratio=0.033837 train_pair_dist=0.535719/1.541229 train_pair_ratio=0.349061 val_pair_dist=0.020137/0.881006 val_pair_ratio=0.026805 train_inter_pair=0.535762/1.561947 train_inter_ratio=0.344456 val_inter_pair=0.000515/0.033503 val_inter_ratio=0.000350 train_intra_pair=0.534448/1.008197 train_intra_ratio=0.537475 val_intra_pair=0.020094/0.875789 val_intra_ratio=0.026901 train_action_cls=0.000000 train_action_acc=0.000 val_action_cls=0.000000 val_action_acc=0.000 grad_norm_mean=0.318 nan_loss=False nan_grad=False actions_covered=27 envs_covered=2
[ckpt] saved_last path=C:\Users\LuvRene\OneDrive\PythonProjects\Positioning\pose_estimationV2\checkpoints\ablation_meanrms_base_last.pth epoch=5
[ckpt] saved path=C:\Users\LuvRene\OneDrive\PythonProjects\Positioning\pose_estimationV2\checkpoints\ablation_meanrms_base.pth epoch=5 best_selection_score=-0.194903 val_nmpjpe=0.194903
[epoch_start] epoch=6/8 train_size=160380 val_size=80190 test_size=80190 lr=3.000e-04 lambda_batch_div=0.000 lambda_inter_div=0.000 lambda_intra_div=0.000
[train] epoch=6/8 step=1/100 loss=0.292770 grad_norm=0.301
[train] epoch=6/8 step=2/100 loss=0.293819 grad_norm=0.291
[train] epoch=6/8 step=3/100 loss=0.288508 grad_norm=0.204
[train] epoch=6/8 step=4/100 loss=0.300892 grad_norm=0.329
[train] epoch=6/8 step=5/100 loss=0.266856 grad_norm=0.182
[train] epoch=6/8 step=6/100 loss=0.298170 grad_norm=0.369
[train] epoch=6/8 step=7/100 loss=0.305101 grad_norm=0.207
[train] epoch=6/8 step=8/100 loss=0.298446 grad_norm=0.259
[train] epoch=6/8 step=9/100 loss=0.301517 grad_norm=0.330
[train] epoch=6/8 step=10/100 loss=0.269018 grad_norm=0.238
[train] epoch=6/8 step=11/100 loss=0.255693 grad_norm=0.198
[train] epoch=6/8 step=12/100 loss=0.307966 grad_norm=0.199
[train] epoch=6/8 step=13/100 loss=0.317352 grad_norm=0.162
[train] epoch=6/8 step=14/100 loss=0.300242 grad_norm=0.251
[train] epoch=6/8 step=15/100 loss=0.295335 grad_norm=0.401
[train] epoch=6/8 step=16/100 loss=0.260655 grad_norm=0.401
[train] epoch=6/8 step=17/100 loss=0.296112 grad_norm=0.232
[train] epoch=6/8 step=18/100 loss=0.306158 grad_norm=0.202
[train] epoch=6/8 step=19/100 loss=0.269050 grad_norm=0.377
[train] epoch=6/8 step=20/100 loss=0.279216 grad_norm=0.324
[train] epoch=6/8 step=21/100 loss=0.282334 grad_norm=0.209
[train] epoch=6/8 step=22/100 loss=0.258284 grad_norm=0.233
[train] epoch=6/8 step=23/100 loss=0.288104 grad_norm=0.322
[train] epoch=6/8 step=24/100 loss=0.288907 grad_norm=0.153
[train] epoch=6/8 step=25/100 loss=0.287919 grad_norm=0.305
[train] epoch=6/8 step=26/100 loss=0.287405 grad_norm=0.408
[train] epoch=6/8 step=27/100 loss=0.300034 grad_norm=0.200
[train] epoch=6/8 step=28/100 loss=0.311201 grad_norm=0.362
[train] epoch=6/8 step=29/100 loss=0.269565 grad_norm=0.306
[train] epoch=6/8 step=30/100 loss=0.286133 grad_norm=0.221
[train] epoch=6/8 step=31/100 loss=0.302014 grad_norm=0.184
[train] epoch=6/8 step=32/100 loss=0.299221 grad_norm=0.207
[train] epoch=6/8 step=33/100 loss=0.275718 grad_norm=0.237
[train] epoch=6/8 step=34/100 loss=0.282749 grad_norm=0.217
[train] epoch=6/8 step=35/100 loss=0.276899 grad_norm=0.227
[train] epoch=6/8 step=36/100 loss=0.279268 grad_norm=0.254
[train] epoch=6/8 step=37/100 loss=0.288527 grad_norm=0.202
[train] epoch=6/8 step=38/100 loss=0.286436 grad_norm=0.223
[train] epoch=6/8 step=39/100 loss=0.276622 grad_norm=0.201
[train] epoch=6/8 step=40/100 loss=0.309860 grad_norm=0.192
[train] epoch=6/8 step=41/100 loss=0.279768 grad_norm=0.213
[train] epoch=6/8 step=42/100 loss=0.283138 grad_norm=0.299
[train] epoch=6/8 step=43/100 loss=0.289344 grad_norm=0.279
[train] epoch=6/8 step=44/100 loss=0.286320 grad_norm=0.204
[train] epoch=6/8 step=45/100 loss=0.258622 grad_norm=0.284
[train] epoch=6/8 step=46/100 loss=0.304482 grad_norm=0.347
[train] epoch=6/8 step=47/100 loss=0.318818 grad_norm=0.250
[train] epoch=6/8 step=48/100 loss=0.300382 grad_norm=0.358
[train] epoch=6/8 step=49/100 loss=0.300913 grad_norm=0.259
[train] epoch=6/8 step=50/100 loss=0.252992 grad_norm=0.402
[train] epoch=6/8 step=51/100 loss=0.303241 grad_norm=0.246
[train] epoch=6/8 step=52/100 loss=0.281940 grad_norm=0.638
[train] epoch=6/8 step=53/100 loss=0.287284 grad_norm=0.287
[train] epoch=6/8 step=54/100 loss=0.330414 grad_norm=0.219
[train] epoch=6/8 step=55/100 loss=0.251286 grad_norm=0.499
[train] epoch=6/8 step=56/100 loss=0.272426 grad_norm=0.340
[train] epoch=6/8 step=57/100 loss=0.281534 grad_norm=0.329
[train] epoch=6/8 step=58/100 loss=0.290306 grad_norm=0.221
[train] epoch=6/8 step=59/100 loss=0.315702 grad_norm=0.246
[train] epoch=6/8 step=60/100 loss=0.267699 grad_norm=0.292
[train] epoch=6/8 step=61/100 loss=0.281492 grad_norm=0.351
[train] epoch=6/8 step=62/100 loss=0.251894 grad_norm=0.244
[train] epoch=6/8 step=63/100 loss=0.291538 grad_norm=0.239
[train] epoch=6/8 step=64/100 loss=0.286862 grad_norm=0.200
[train] epoch=6/8 step=65/100 loss=0.271220 grad_norm=0.270
[train] epoch=6/8 step=66/100 loss=0.263634 grad_norm=0.372
[train] epoch=6/8 step=67/100 loss=0.261440 grad_norm=0.193
[train] epoch=6/8 step=68/100 loss=0.282658 grad_norm=0.216
[train] epoch=6/8 step=69/100 loss=0.297255 grad_norm=0.248
[train] epoch=6/8 step=70/100 loss=0.283853 grad_norm=0.171
[train] epoch=6/8 step=71/100 loss=0.310862 grad_norm=0.237
[train] epoch=6/8 step=72/100 loss=0.283248 grad_norm=0.197
[train] epoch=6/8 step=73/100 loss=0.290542 grad_norm=0.217
[train] epoch=6/8 step=74/100 loss=0.310650 grad_norm=0.212
[train] epoch=6/8 step=75/100 loss=0.288888 grad_norm=0.357
[train] epoch=6/8 step=76/100 loss=0.312545 grad_norm=0.189
[train] epoch=6/8 step=77/100 loss=0.272268 grad_norm=0.171
[train] epoch=6/8 step=78/100 loss=0.236276 grad_norm=0.265
[train] epoch=6/8 step=79/100 loss=0.290845 grad_norm=0.227
[train] epoch=6/8 step=80/100 loss=0.276974 grad_norm=0.204
[train] epoch=6/8 step=81/100 loss=0.291500 grad_norm=0.389
[train] epoch=6/8 step=82/100 loss=0.275071 grad_norm=0.267
[train] epoch=6/8 step=83/100 loss=0.282733 grad_norm=0.240
[train] epoch=6/8 step=84/100 loss=0.283169 grad_norm=0.491
[train] epoch=6/8 step=85/100 loss=0.282301 grad_norm=0.351
[train] epoch=6/8 step=86/100 loss=0.275387 grad_norm=0.213
[train] epoch=6/8 step=87/100 loss=0.299279 grad_norm=0.265
[train] epoch=6/8 step=88/100 loss=0.256939 grad_norm=0.318
[train] epoch=6/8 step=89/100 loss=0.274356 grad_norm=0.254
[train] epoch=6/8 step=90/100 loss=0.292898 grad_norm=0.318
[train] epoch=6/8 step=91/100 loss=0.279951 grad_norm=0.227
[train] epoch=6/8 step=92/100 loss=0.336551 grad_norm=0.230
[train] epoch=6/8 step=93/100 loss=0.300767 grad_norm=0.216
[train] epoch=6/8 step=94/100 loss=0.261561 grad_norm=0.252
[train] epoch=6/8 step=95/100 loss=0.306780 grad_norm=0.250
[train] epoch=6/8 step=96/100 loss=0.258544 grad_norm=0.234
[train] epoch=6/8 step=97/100 loss=0.282505 grad_norm=0.194
[train] epoch=6/8 step=98/100 loss=0.265871 grad_norm=0.211
[train] epoch=6/8 step=99/100 loss=0.290455 grad_norm=0.366
[train] epoch=6/8 step=100/100 loss=0.304607 grad_norm=0.196
[epoch_summary] epoch=6/8 time_epoch=55.7s elapsed=459.6s eta=153.2s lambda_batch_div=0.000 lambda_inter_div=0.000 lambda_intra_div=0.000 selection_mode=accuracy selection_score=-0.194853 train_loss=0.286429 val_loss=0.268617 val_nmpjpe=0.194853 train_pose=0.023344 train_rel=0.045587 train_dist=0.178479 train_dir=0.061812 train_var=0.046294 train_batch_div=0.301569 train_inter_div=0.300371 train_intra_div=0.287705 val_pose=0.020572 val_rel=0.040498 val_dist=0.171937 val_dir=0.055860 val_var=0.049288 val_batch_div=0.564443 val_inter_div=0.010648 val_intra_div=0.564567 train_std=0.058679/0.166801 train_std_ratio=0.353390 val_std=0.002754/0.086730 val_std_ratio=0.037620 train_pair_dist=0.497619/1.548715 train_pair_ratio=0.322364 val_pair_dist=0.023666/0.881006 val_pair_ratio=0.031612 train_inter_pair=0.497495/1.569729 train_inter_ratio=0.317970 val_inter_pair=0.000592/0.033503 val_inter_ratio=0.000397 train_intra_pair=0.500456/1.005721 train_intra_ratio=0.505094 val_intra_pair=0.023623/0.875789 val_intra_ratio=0.031726 train_action_cls=0.000000 train_action_acc=0.000 val_action_cls=0.000000 val_action_acc=0.000 grad_norm_mean=0.268 nan_loss=False nan_grad=False actions_covered=27 envs_covered=2
[ckpt] saved_last path=C:\Users\LuvRene\OneDrive\PythonProjects\Positioning\pose_estimationV2\checkpoints\ablation_meanrms_base_last.pth epoch=6
[ckpt] saved path=C:\Users\LuvRene\OneDrive\PythonProjects\Positioning\pose_estimationV2\checkpoints\ablation_meanrms_base.pth epoch=6 best_selection_score=-0.194853 val_nmpjpe=0.194853
[epoch_start] epoch=7/8 train_size=160380 val_size=80190 test_size=80190 lr=3.000e-04 lambda_batch_div=0.000 lambda_inter_div=0.000 lambda_intra_div=0.000
[train] epoch=7/8 step=1/100 loss=0.279093 grad_norm=0.415
[train] epoch=7/8 step=2/100 loss=0.305566 grad_norm=0.198
[train] epoch=7/8 step=3/100 loss=0.320543 grad_norm=0.256
[train] epoch=7/8 step=4/100 loss=0.257779 grad_norm=0.253
[train] epoch=7/8 step=5/100 loss=0.274828 grad_norm=0.231
[train] epoch=7/8 step=6/100 loss=0.267406 grad_norm=0.218
[train] epoch=7/8 step=7/100 loss=0.285961 grad_norm=0.314
[train] epoch=7/8 step=8/100 loss=0.252968 grad_norm=0.238
[train] epoch=7/8 step=9/100 loss=0.286273 grad_norm=0.360
[train] epoch=7/8 step=10/100 loss=0.305929 grad_norm=0.400
[train] epoch=7/8 step=11/100 loss=0.310552 grad_norm=0.312
[train] epoch=7/8 step=12/100 loss=0.287799 grad_norm=0.219
[train] epoch=7/8 step=13/100 loss=0.278962 grad_norm=0.352
[train] epoch=7/8 step=14/100 loss=0.298216 grad_norm=0.694
[train] epoch=7/8 step=15/100 loss=0.292321 grad_norm=0.205
[train] epoch=7/8 step=16/100 loss=0.265287 grad_norm=0.417
[train] epoch=7/8 step=17/100 loss=0.279075 grad_norm=0.184
[train] epoch=7/8 step=18/100 loss=0.273638 grad_norm=0.426
[train] epoch=7/8 step=19/100 loss=0.290176 grad_norm=0.264
[train] epoch=7/8 step=20/100 loss=0.306993 grad_norm=0.316
[train] epoch=7/8 step=21/100 loss=0.291730 grad_norm=0.341
[train] epoch=7/8 step=22/100 loss=0.287603 grad_norm=0.237
[train] epoch=7/8 step=23/100 loss=0.277627 grad_norm=0.235
[train] epoch=7/8 step=24/100 loss=0.279539 grad_norm=0.374
[train] epoch=7/8 step=25/100 loss=0.288906 grad_norm=0.211
[train] epoch=7/8 step=26/100 loss=0.254822 grad_norm=0.265
[train] epoch=7/8 step=27/100 loss=0.265553 grad_norm=0.243
[train] epoch=7/8 step=28/100 loss=0.280290 grad_norm=0.161
[train] epoch=7/8 step=29/100 loss=0.277912 grad_norm=0.249
[train] epoch=7/8 step=30/100 loss=0.266142 grad_norm=0.305
[train] epoch=7/8 step=31/100 loss=0.264065 grad_norm=0.181
[train] epoch=7/8 step=32/100 loss=0.304731 grad_norm=0.181
[train] epoch=7/8 step=33/100 loss=0.283684 grad_norm=0.219
[train] epoch=7/8 step=34/100 loss=0.271947 grad_norm=0.269
[train] epoch=7/8 step=35/100 loss=0.291132 grad_norm=0.172
[train] epoch=7/8 step=36/100 loss=0.293983 grad_norm=0.205
[train] epoch=7/8 step=37/100 loss=0.276657 grad_norm=0.222
[train] epoch=7/8 step=38/100 loss=0.269593 grad_norm=0.200
[train] epoch=7/8 step=39/100 loss=0.283480 grad_norm=0.266
[train] epoch=7/8 step=40/100 loss=0.253818 grad_norm=0.229
[train] epoch=7/8 step=41/100 loss=0.294829 grad_norm=0.217
[train] epoch=7/8 step=42/100 loss=0.265989 grad_norm=0.238
[train] epoch=7/8 step=43/100 loss=0.274062 grad_norm=0.302
[train] epoch=7/8 step=44/100 loss=0.292583 grad_norm=0.253
[train] epoch=7/8 step=45/100 loss=0.243875 grad_norm=0.201
[train] epoch=7/8 step=46/100 loss=0.249419 grad_norm=0.220
[train] epoch=7/8 step=47/100 loss=0.259628 grad_norm=0.321
[train] epoch=7/8 step=48/100 loss=0.260931 grad_norm=0.399
[train] epoch=7/8 step=49/100 loss=0.303322 grad_norm=0.269
[train] epoch=7/8 step=50/100 loss=0.286733 grad_norm=0.257
[train] epoch=7/8 step=51/100 loss=0.278850 grad_norm=0.214
[train] epoch=7/8 step=52/100 loss=0.268364 grad_norm=0.172
[train] epoch=7/8 step=53/100 loss=0.302407 grad_norm=0.268
[train] epoch=7/8 step=54/100 loss=0.257479 grad_norm=0.221
[train] epoch=7/8 step=55/100 loss=0.290773 grad_norm=0.210
[train] epoch=7/8 step=56/100 loss=0.267328 grad_norm=0.282
[train] epoch=7/8 step=57/100 loss=0.276814 grad_norm=0.347
[train] epoch=7/8 step=58/100 loss=0.288381 grad_norm=0.207
[train] epoch=7/8 step=59/100 loss=0.285282 grad_norm=0.257
[train] epoch=7/8 step=60/100 loss=0.282137 grad_norm=0.409
[train] epoch=7/8 step=61/100 loss=0.298233 grad_norm=0.300
[train] epoch=7/8 step=62/100 loss=0.286104 grad_norm=0.215
[train] epoch=7/8 step=63/100 loss=0.243850 grad_norm=0.237
[train] epoch=7/8 step=64/100 loss=0.260500 grad_norm=0.275
[train] epoch=7/8 step=65/100 loss=0.314972 grad_norm=0.203
[train] epoch=7/8 step=66/100 loss=0.296647 grad_norm=0.246
[train] epoch=7/8 step=67/100 loss=0.270821 grad_norm=0.226
[train] epoch=7/8 step=68/100 loss=0.248283 grad_norm=0.178
[train] epoch=7/8 step=69/100 loss=0.257359 grad_norm=0.245
[train] epoch=7/8 step=70/100 loss=0.279041 grad_norm=0.200
[train] epoch=7/8 step=71/100 loss=0.285958 grad_norm=0.160
[train] epoch=7/8 step=72/100 loss=0.281410 grad_norm=0.242
[train] epoch=7/8 step=73/100 loss=0.266096 grad_norm=0.217
[train] epoch=7/8 step=74/100 loss=0.273332 grad_norm=0.412
[train] epoch=7/8 step=75/100 loss=0.288011 grad_norm=0.188
[train] epoch=7/8 step=76/100 loss=0.303359 grad_norm=0.289
[train] epoch=7/8 step=77/100 loss=0.283699 grad_norm=0.289
[train] epoch=7/8 step=78/100 loss=0.288178 grad_norm=0.361
[train] epoch=7/8 step=79/100 loss=0.270236 grad_norm=0.398
[train] epoch=7/8 step=80/100 loss=0.286190 grad_norm=0.284
[train] epoch=7/8 step=81/100 loss=0.293290 grad_norm=0.329
[train] epoch=7/8 step=82/100 loss=0.272622 grad_norm=0.373
[train] epoch=7/8 step=83/100 loss=0.265462 grad_norm=0.170
[train] epoch=7/8 step=84/100 loss=0.272827 grad_norm=0.305
[train] epoch=7/8 step=85/100 loss=0.272829 grad_norm=0.149
[train] epoch=7/8 step=86/100 loss=0.291781 grad_norm=0.197
[train] epoch=7/8 step=87/100 loss=0.312253 grad_norm=0.199
[train] epoch=7/8 step=88/100 loss=0.254676 grad_norm=0.211
[train] epoch=7/8 step=89/100 loss=0.285423 grad_norm=0.171
[train] epoch=7/8 step=90/100 loss=0.299718 grad_norm=0.221
[train] epoch=7/8 step=91/100 loss=0.290331 grad_norm=0.207
[train] epoch=7/8 step=92/100 loss=0.277710 grad_norm=0.174
[train] epoch=7/8 step=93/100 loss=0.266664 grad_norm=0.253
[train] epoch=7/8 step=94/100 loss=0.272041 grad_norm=0.249
[train] epoch=7/8 step=95/100 loss=0.274408 grad_norm=0.215
[train] epoch=7/8 step=96/100 loss=0.277731 grad_norm=0.372
[train] epoch=7/8 step=97/100 loss=0.279828 grad_norm=0.196
[train] epoch=7/8 step=98/100 loss=0.272991 grad_norm=0.213
[train] epoch=7/8 step=99/100 loss=0.296657 grad_norm=0.249
[train] epoch=7/8 step=100/100 loss=0.291226 grad_norm=0.163
[epoch_summary] epoch=7/8 time_epoch=56.8s elapsed=516.4s eta=73.8s lambda_batch_div=0.000 lambda_inter_div=0.000 lambda_intra_div=0.000 selection_mode=accuracy selection_score=-0.195959 train_loss=0.280145 val_loss=0.269236 val_nmpjpe=0.195959 train_pose=0.022644 train_rel=0.044271 train_dist=0.175207 train_dir=0.060159 train_var=0.047535 train_batch_div=0.308765 train_inter_div=0.307535 train_intra_div=0.298457 val_pose=0.020770 val_rel=0.040877 val_dist=0.171950 val_dir=0.056078 val_var=0.048897 val_batch_div=0.562329 val_inter_div=0.010599 val_intra_div=0.562434 train_std=0.055430/0.163787 train_std_ratio=0.340088 val_std=0.003151/0.086730 val_std_ratio=0.042741 train_pair_dist=0.472843/1.528262 train_pair_ratio=0.310378 val_pair_dist=0.025978/0.881006 val_pair_ratio=0.034539 train_inter_pair=0.472775/1.548197 train_inter_ratio=0.306328 val_inter_pair=0.000671/0.033503 val_inter_ratio=0.000451 train_intra_pair=0.474519/1.003117 train_intra_ratio=0.479966 val_intra_pair=0.025938/0.875789 val_intra_ratio=0.034684 train_action_cls=0.000000 train_action_acc=0.000 val_action_cls=0.000000 val_action_acc=0.000 grad_norm_mean=0.261 nan_loss=False nan_grad=False actions_covered=27 envs_covered=2
[ckpt] saved_last path=C:\Users\LuvRene\OneDrive\PythonProjects\Positioning\pose_estimationV2\checkpoints\ablation_meanrms_base_last.pth epoch=7
[ckpt] no_improve best_epoch=6 best_selection_score=-0.194853 best_val_nmpjpe=0.194853
[epoch_start] epoch=8/8 train_size=160380 val_size=80190 test_size=80190 lr=3.000e-04 lambda_batch_div=0.000 lambda_inter_div=0.000 lambda_intra_div=0.000
[train] epoch=8/8 step=1/100 loss=0.270021 grad_norm=0.222
[train] epoch=8/8 step=2/100 loss=0.294696 grad_norm=0.178
[train] epoch=8/8 step=3/100 loss=0.304543 grad_norm=0.207
[train] epoch=8/8 step=4/100 loss=0.299710 grad_norm=0.203
[train] epoch=8/8 step=5/100 loss=0.262625 grad_norm=0.236
[train] epoch=8/8 step=6/100 loss=0.268767 grad_norm=0.244
[train] epoch=8/8 step=7/100 loss=0.271744 grad_norm=0.204
[train] epoch=8/8 step=8/100 loss=0.305219 grad_norm=0.241
[train] epoch=8/8 step=9/100 loss=0.276995 grad_norm=0.201
[train] epoch=8/8 step=10/100 loss=0.262291 grad_norm=0.281
[train] epoch=8/8 step=11/100 loss=0.271735 grad_norm=0.161
[train] epoch=8/8 step=12/100 loss=0.283762 grad_norm=0.188
[train] epoch=8/8 step=13/100 loss=0.312199 grad_norm=0.178
[train] epoch=8/8 step=14/100 loss=0.260646 grad_norm=0.257
[train] epoch=8/8 step=15/100 loss=0.262462 grad_norm=0.213
[train] epoch=8/8 step=16/100 loss=0.292124 grad_norm=0.216
[train] epoch=8/8 step=17/100 loss=0.257704 grad_norm=0.351
[train] epoch=8/8 step=18/100 loss=0.257954 grad_norm=0.207
[train] epoch=8/8 step=19/100 loss=0.280931 grad_norm=0.281
[train] epoch=8/8 step=20/100 loss=0.265444 grad_norm=0.370
[train] epoch=8/8 step=21/100 loss=0.281226 grad_norm=0.221
[train] epoch=8/8 step=22/100 loss=0.283166 grad_norm=0.217
[train] epoch=8/8 step=23/100 loss=0.271648 grad_norm=0.210
[train] epoch=8/8 step=24/100 loss=0.296475 grad_norm=0.421
[train] epoch=8/8 step=25/100 loss=0.292076 grad_norm=0.222
[train] epoch=8/8 step=26/100 loss=0.271603 grad_norm=0.160
[train] epoch=8/8 step=27/100 loss=0.259230 grad_norm=0.242
[train] epoch=8/8 step=28/100 loss=0.266555 grad_norm=0.206
[train] epoch=8/8 step=29/100 loss=0.296813 grad_norm=0.260
[train] epoch=8/8 step=30/100 loss=0.264344 grad_norm=0.226
[train] epoch=8/8 step=31/100 loss=0.281754 grad_norm=0.203
[train] epoch=8/8 step=32/100 loss=0.275968 grad_norm=0.458
[train] epoch=8/8 step=33/100 loss=0.315165 grad_norm=0.308
[train] epoch=8/8 step=34/100 loss=0.280995 grad_norm=0.300
[train] epoch=8/8 step=35/100 loss=0.266422 grad_norm=0.209
[train] epoch=8/8 step=36/100 loss=0.284075 grad_norm=0.289
[train] epoch=8/8 step=37/100 loss=0.272949 grad_norm=0.230
[train] epoch=8/8 step=38/100 loss=0.261140 grad_norm=0.363
[train] epoch=8/8 step=39/100 loss=0.306688 grad_norm=0.187
[train] epoch=8/8 step=40/100 loss=0.302307 grad_norm=0.168
[train] epoch=8/8 step=41/100 loss=0.316683 grad_norm=0.287
[train] epoch=8/8 step=42/100 loss=0.289323 grad_norm=0.229
[train] epoch=8/8 step=43/100 loss=0.284229 grad_norm=0.225
[train] epoch=8/8 step=44/100 loss=0.266686 grad_norm=0.301
[train] epoch=8/8 step=45/100 loss=0.253452 grad_norm=0.281
[train] epoch=8/8 step=46/100 loss=0.265228 grad_norm=0.339
[train] epoch=8/8 step=47/100 loss=0.319943 grad_norm=0.420
[train] epoch=8/8 step=48/100 loss=0.298750 grad_norm=0.223
[train] epoch=8/8 step=49/100 loss=0.240699 grad_norm=0.312
[train] epoch=8/8 step=50/100 loss=0.295837 grad_norm=0.189
[train] epoch=8/8 step=51/100 loss=0.294719 grad_norm=0.312
[train] epoch=8/8 step=52/100 loss=0.279289 grad_norm=0.259
[train] epoch=8/8 step=53/100 loss=0.277014 grad_norm=0.174
[train] epoch=8/8 step=54/100 loss=0.284162 grad_norm=0.477
[train] epoch=8/8 step=55/100 loss=0.281945 grad_norm=0.279
[train] epoch=8/8 step=56/100 loss=0.289736 grad_norm=0.212
[train] epoch=8/8 step=57/100 loss=0.264707 grad_norm=0.238
[train] epoch=8/8 step=58/100 loss=0.299199 grad_norm=0.289
[train] epoch=8/8 step=59/100 loss=0.306996 grad_norm=0.161
[train] epoch=8/8 step=60/100 loss=0.300667 grad_norm=0.360
[train] epoch=8/8 step=61/100 loss=0.302594 grad_norm=0.201
[train] epoch=8/8 step=62/100 loss=0.282282 grad_norm=0.229
[train] epoch=8/8 step=63/100 loss=0.278395 grad_norm=0.185
[train] epoch=8/8 step=64/100 loss=0.279527 grad_norm=0.216
[train] epoch=8/8 step=65/100 loss=0.291521 grad_norm=0.231
[train] epoch=8/8 step=66/100 loss=0.296645 grad_norm=0.227
[train] epoch=8/8 step=67/100 loss=0.287880 grad_norm=0.207
[train] epoch=8/8 step=68/100 loss=0.273593 grad_norm=0.283
[train] epoch=8/8 step=69/100 loss=0.285384 grad_norm=0.163
[train] epoch=8/8 step=70/100 loss=0.268592 grad_norm=0.210
[train] epoch=8/8 step=71/100 loss=0.285060 grad_norm=0.176
[train] epoch=8/8 step=72/100 loss=0.265911 grad_norm=0.204
[train] epoch=8/8 step=73/100 loss=0.293393 grad_norm=0.239
[train] epoch=8/8 step=74/100 loss=0.276858 grad_norm=0.172
[train] epoch=8/8 step=75/100 loss=0.269819 grad_norm=0.202
[train] epoch=8/8 step=76/100 loss=0.263013 grad_norm=0.206
[train] epoch=8/8 step=77/100 loss=0.280874 grad_norm=0.201
[train] epoch=8/8 step=78/100 loss=0.269460 grad_norm=0.180
[train] epoch=8/8 step=79/100 loss=0.252974 grad_norm=0.231
[train] epoch=8/8 step=80/100 loss=0.284844 grad_norm=0.255
[train] epoch=8/8 step=81/100 loss=0.305591 grad_norm=0.178
[train] epoch=8/8 step=82/100 loss=0.282619 grad_norm=0.227
[train] epoch=8/8 step=83/100 loss=0.282296 grad_norm=0.170
[train] epoch=8/8 step=84/100 loss=0.268349 grad_norm=0.283
[train] epoch=8/8 step=85/100 loss=0.265935 grad_norm=0.161
[train] epoch=8/8 step=86/100 loss=0.267001 grad_norm=0.207
[train] epoch=8/8 step=87/100 loss=0.278669 grad_norm=0.353
[train] epoch=8/8 step=88/100 loss=0.273883 grad_norm=0.150
[train] epoch=8/8 step=89/100 loss=0.285217 grad_norm=0.239
[train] epoch=8/8 step=90/100 loss=0.290061 grad_norm=0.199
[train] epoch=8/8 step=91/100 loss=0.284133 grad_norm=0.163
[train] epoch=8/8 step=92/100 loss=0.284039 grad_norm=0.183
[train] epoch=8/8 step=93/100 loss=0.297836 grad_norm=0.186
[train] epoch=8/8 step=94/100 loss=0.305280 grad_norm=0.179
[train] epoch=8/8 step=95/100 loss=0.266523 grad_norm=0.197
[train] epoch=8/8 step=96/100 loss=0.290962 grad_norm=0.215
[train] epoch=8/8 step=97/100 loss=0.265837 grad_norm=0.282
[train] epoch=8/8 step=98/100 loss=0.252191 grad_norm=0.209
[train] epoch=8/8 step=99/100 loss=0.284477 grad_norm=0.154
[train] epoch=8/8 step=100/100 loss=0.290925 grad_norm=0.200
[epoch_summary] epoch=8/8 time_epoch=55.2s elapsed=571.6s eta=0.0s lambda_batch_div=0.000 lambda_inter_div=0.000 lambda_intra_div=0.000 selection_mode=accuracy selection_score=-0.196352 train_loss=0.281119 val_loss=0.257855 val_nmpjpe=0.196352 train_pose=0.022977 train_rel=0.044906 train_dist=0.174705 train_dir=0.060984 train_var=0.050895 train_batch_div=0.320790 train_inter_div=0.319539 train_intra_div=0.313020 val_pose=0.020385 val_rel=0.040095 val_dist=0.161231 val_dir=0.056191 val_var=0.050055 val_batch_div=0.570766 val_inter_div=0.010719 val_intra_div=0.570913 train_std=0.052669/0.166061 train_std_ratio=0.318778 val_std=0.001983/0.086730 val_std_ratio=0.026985 train_pair_dist=0.450622/1.544160 train_pair_ratio=0.292584 val_pair_dist=0.017114/0.881006 val_pair_ratio=0.022812 train_inter_pair=0.450671/1.563998 train_inter_ratio=0.288889 val_inter_pair=0.000466/0.033503 val_inter_ratio=0.000314 train_intra_pair=0.449262/1.023691 train_intra_ratio=0.443371 val_intra_pair=0.017072/0.875789 val_intra_ratio=0.022889 train_action_cls=0.000000 train_action_acc=0.000 val_action_cls=0.000000 val_action_acc=0.000 grad_norm_mean=0.237 nan_loss=False nan_grad=False actions_covered=27 envs_covered=2
[ckpt] saved_last path=C:\Users\LuvRene\OneDrive\PythonProjects\Positioning\pose_estimationV2\checkpoints\ablation_meanrms_base_last.pth epoch=8
[ckpt] no_improve best_epoch=6 best_selection_score=-0.194853 best_val_nmpjpe=0.194853
[plot] saved path=C:\Users\LuvRene\OneDrive\PythonProjects\Positioning\pose_estimationV2\logs\train\ablation_meanrms_base_resnet1d_20260327-153234_curves.png
[history] saved path=C:\Users\LuvRene\OneDrive\PythonProjects\Positioning\pose_estimationV2\logs\train\ablation_meanrms_base_resnet1d_20260327-153234_history.csv
[test_summary] best_epoch=6 test_loss=0.274731 test_nmpjpe=0.194687 test_pose=0.020583 test_rel=0.040502 test_dist=0.174290 test_dir=0.059608 test_var=0.050876 test_batch_div=0.565764 test_inter_div=0.010645 test_intra_div=0.565933 test_std=0.002575/0.089078 test_std_ratio=0.033957 test_pair_dist=0.021550/0.899707 test_pair_ratio=0.027958 test_inter_pair=0.000494/0.031090 test_inter_ratio=0.000363 test_intra_pair=0.021519/0.895100 test_intra_ratio=0.028059 test_action_cls=0.000000 test_action_acc=0.000
[assessment] status=usable reason=Validation stayed close to the best point (0.1949) and final test nMPJPE is 0.1947.
