[run] config=configs/default.yaml device=cuda:0
[run] model=resnet1d
[run] window_size=1
[run] normalize_mode=pelvis_torso
[run] aoa_cache_root=D:\Files\WiFi_Pose\WiFiPoseV3\data\aoa_cache
[run] labels_root=D:\Files\WiFi_Pose\WiFiPoseV3\data\dataset
[run] val_env=env3 test_env=env4
[run] logs_file=C:\Users\LuvRene\OneDrive\PythonProjects\Positioning\pose_estimationV2\logs\train\ablation_pelvis_base_resnet1d_20260327-151659.log
[run] selection_mode=accuracy lambda_var=0.000 lambda_batch_div=0.000 lambda_inter_div=0.000 lambda_intra_div=0.000
[data] dataset_size=320760 train_size=160380 val_size=80190 test_size=80190 batch_size=64 window_size=1
[run] action_aux enabled=False
[epoch_start] epoch=1/8 train_size=160380 val_size=80190 test_size=80190 lr=3.000e-04 lambda_batch_div=0.000 lambda_inter_div=0.000 lambda_intra_div=0.000
[train] epoch=1/8 step=1/100 loss=2.300353 grad_norm=5.500
[train] epoch=1/8 step=2/100 loss=2.096160 grad_norm=5.835
[train] epoch=1/8 step=3/100 loss=1.819993 grad_norm=4.951
[train] epoch=1/8 step=4/100 loss=1.577161 grad_norm=4.359
[train] epoch=1/8 step=5/100 loss=1.389038 grad_norm=4.511
[train] epoch=1/8 step=6/100 loss=1.247638 grad_norm=3.772
[train] epoch=1/8 step=7/100 loss=1.087618 grad_norm=3.421
[train] epoch=1/8 step=8/100 loss=0.997661 grad_norm=3.124
[train] epoch=1/8 step=9/100 loss=0.884141 grad_norm=2.960
[train] epoch=1/8 step=10/100 loss=0.847960 grad_norm=2.711
[train] epoch=1/8 step=11/100 loss=1.299735 grad_norm=2.497
[train] epoch=1/8 step=12/100 loss=0.727131 grad_norm=2.486
[train] epoch=1/8 step=13/100 loss=0.722470 grad_norm=2.467
[train] epoch=1/8 step=14/100 loss=0.684629 grad_norm=2.442
[train] epoch=1/8 step=15/100 loss=0.634347 grad_norm=2.218
[train] epoch=1/8 step=16/100 loss=0.611978 grad_norm=1.845
[train] epoch=1/8 step=17/100 loss=0.570588 grad_norm=1.875
[train] epoch=1/8 step=18/100 loss=0.554036 grad_norm=1.566
[train] epoch=1/8 step=19/100 loss=0.521685 grad_norm=1.303
[train] epoch=1/8 step=20/100 loss=0.536998 grad_norm=1.254
[train] epoch=1/8 step=21/100 loss=0.508924 grad_norm=2.103
[train] epoch=1/8 step=22/100 loss=0.529620 grad_norm=1.121
[train] epoch=1/8 step=23/100 loss=0.494877 grad_norm=1.298
[train] epoch=1/8 step=24/100 loss=0.499440 grad_norm=1.609
[train] epoch=1/8 step=25/100 loss=0.754537 grad_norm=0.996
[train] epoch=1/8 step=26/100 loss=0.486396 grad_norm=1.071
[train] epoch=1/8 step=27/100 loss=0.453076 grad_norm=1.274
[train] epoch=1/8 step=28/100 loss=0.502216 grad_norm=0.956
[train] epoch=1/8 step=29/100 loss=0.456051 grad_norm=0.798
[train] epoch=1/8 step=30/100 loss=0.420402 grad_norm=0.997
[train] epoch=1/8 step=31/100 loss=0.453493 grad_norm=0.725
[train] epoch=1/8 step=32/100 loss=0.408464 grad_norm=0.844
[train] epoch=1/8 step=33/100 loss=0.391468 grad_norm=0.724
[train] epoch=1/8 step=34/100 loss=0.429758 grad_norm=0.881
[train] epoch=1/8 step=35/100 loss=0.391967 grad_norm=0.706
[train] epoch=1/8 step=36/100 loss=0.433888 grad_norm=0.684
[train] epoch=1/8 step=37/100 loss=0.441055 grad_norm=0.841
[train] epoch=1/8 step=38/100 loss=0.413681 grad_norm=0.657
[train] epoch=1/8 step=39/100 loss=0.445032 grad_norm=0.780
[train] epoch=1/8 step=40/100 loss=0.425486 grad_norm=0.677
[train] epoch=1/8 step=41/100 loss=0.401824 grad_norm=0.589
[train] epoch=1/8 step=42/100 loss=0.389799 grad_norm=0.621
[train] epoch=1/8 step=43/100 loss=0.387381 grad_norm=0.625
[train] epoch=1/8 step=44/100 loss=0.411441 grad_norm=0.633
[train] epoch=1/8 step=45/100 loss=0.427152 grad_norm=0.560
[train] epoch=1/8 step=46/100 loss=0.401004 grad_norm=0.508
[train] epoch=1/8 step=47/100 loss=0.389322 grad_norm=0.579
[train] epoch=1/8 step=48/100 loss=0.408484 grad_norm=0.580
[train] epoch=1/8 step=49/100 loss=0.419080 grad_norm=0.607
[train] epoch=1/8 step=50/100 loss=0.394931 grad_norm=0.721
[train] epoch=1/8 step=51/100 loss=0.398338 grad_norm=0.462
[train] epoch=1/8 step=52/100 loss=0.395002 grad_norm=0.481
[train] epoch=1/8 step=53/100 loss=0.406813 grad_norm=0.822
[train] epoch=1/8 step=54/100 loss=0.398583 grad_norm=0.479
[train] epoch=1/8 step=55/100 loss=0.423091 grad_norm=0.514
[train] epoch=1/8 step=56/100 loss=0.375712 grad_norm=0.557
[train] epoch=1/8 step=57/100 loss=0.381229 grad_norm=0.611
[train] epoch=1/8 step=58/100 loss=0.383394 grad_norm=0.628
[train] epoch=1/8 step=59/100 loss=0.444117 grad_norm=0.520
[train] epoch=1/8 step=60/100 loss=0.396496 grad_norm=0.514
[train] epoch=1/8 step=61/100 loss=0.370020 grad_norm=0.652
[train] epoch=1/8 step=62/100 loss=0.399216 grad_norm=0.484
[train] epoch=1/8 step=63/100 loss=0.418391 grad_norm=0.423
[train] epoch=1/8 step=64/100 loss=0.406408 grad_norm=0.628
[train] epoch=1/8 step=65/100 loss=0.391547 grad_norm=0.450
[train] epoch=1/8 step=66/100 loss=0.358327 grad_norm=0.650
[train] epoch=1/8 step=67/100 loss=0.403794 grad_norm=0.504
[train] epoch=1/8 step=68/100 loss=0.375306 grad_norm=0.645
[train] epoch=1/8 step=69/100 loss=0.373305 grad_norm=0.411
[train] epoch=1/8 step=70/100 loss=0.368758 grad_norm=0.397
[train] epoch=1/8 step=71/100 loss=0.402081 grad_norm=0.512
[train] epoch=1/8 step=72/100 loss=0.374697 grad_norm=0.473
[train] epoch=1/8 step=73/100 loss=0.363520 grad_norm=0.607
[train] epoch=1/8 step=74/100 loss=0.417093 grad_norm=0.685
[train] epoch=1/8 step=75/100 loss=0.392541 grad_norm=0.397
[train] epoch=1/8 step=76/100 loss=0.431334 grad_norm=0.397
[train] epoch=1/8 step=77/100 loss=0.390191 grad_norm=0.417
[train] epoch=1/8 step=78/100 loss=0.390248 grad_norm=0.669
[train] epoch=1/8 step=79/100 loss=0.342516 grad_norm=0.562
[train] epoch=1/8 step=80/100 loss=0.382839 grad_norm=0.508
[train] epoch=1/8 step=81/100 loss=0.386012 grad_norm=0.426
[train] epoch=1/8 step=82/100 loss=0.409290 grad_norm=0.608
[train] epoch=1/8 step=83/100 loss=0.348290 grad_norm=0.463
[train] epoch=1/8 step=84/100 loss=0.381475 grad_norm=0.589
[train] epoch=1/8 step=85/100 loss=0.372901 grad_norm=0.481
[train] epoch=1/8 step=86/100 loss=0.392109 grad_norm=0.668
[train] epoch=1/8 step=87/100 loss=0.393095 grad_norm=0.755
[train] epoch=1/8 step=88/100 loss=0.409242 grad_norm=0.784
[train] epoch=1/8 step=89/100 loss=0.341069 grad_norm=0.687
[train] epoch=1/8 step=90/100 loss=0.420744 grad_norm=0.420
[train] epoch=1/8 step=91/100 loss=0.407222 grad_norm=0.379
[train] epoch=1/8 step=92/100 loss=0.421016 grad_norm=0.605
[train] epoch=1/8 step=93/100 loss=0.398336 grad_norm=0.911
[train] epoch=1/8 step=94/100 loss=0.395057 grad_norm=0.488
[train] epoch=1/8 step=95/100 loss=0.359353 grad_norm=0.510
[train] epoch=1/8 step=96/100 loss=0.393722 grad_norm=0.388
[train] epoch=1/8 step=97/100 loss=0.365213 grad_norm=0.731
[train] epoch=1/8 step=98/100 loss=0.363929 grad_norm=0.534
[train] epoch=1/8 step=99/100 loss=2.324771 grad_norm=0.630
[train] epoch=1/8 step=100/100 loss=0.403758 grad_norm=0.366
[epoch_summary] epoch=1/8 time_epoch=171.1s elapsed=171.1s eta=1197.9s lambda_batch_div=0.000 lambda_inter_div=0.000 lambda_intra_div=0.000 selection_mode=accuracy selection_score=-0.224042 train_loss=0.559231 val_loss=0.305455 val_nmpjpe=0.224042 train_pose=0.072784 train_rel=0.109613 train_dist=0.323577 train_dir=0.108063 train_var=0.053767 train_batch_div=0.156364 train_inter_div=0.154528 train_intra_div=0.228888 val_pose=0.031262 val_rel=0.050983 val_dist=0.192500 val_dir=0.056201 val_var=0.049405 val_batch_div=0.518668 val_inter_div=0.010089 val_intra_div=0.518640 train_std=0.157652/0.244081 train_std_ratio=0.829330 val_std=0.009972/0.097486 val_std_ratio=0.131881 train_pair_dist=1.299691/1.951945 train_pair_ratio=0.702019 val_pair_dist=0.079699/1.075181 val_pair_ratio=0.089833 train_inter_pair=1.299687/1.973053 train_inter_ratio=0.693707 val_inter_pair=0.001967/0.044053 val_inter_ratio=0.001146 train_intra_pair=1.300069/1.396464 train_intra_ratio=1.036068 val_intra_pair=0.079560/1.069875 val_intra_ratio=0.090156 train_action_cls=0.000000 train_action_acc=0.000 val_action_cls=0.000000 val_action_acc=0.000 grad_norm_mean=1.143 nan_loss=False nan_grad=False actions_covered=27 envs_covered=2
[ckpt] saved_last path=C:\Users\LuvRene\OneDrive\PythonProjects\Positioning\pose_estimationV2\checkpoints\ablation_pelvis_base_last.pth epoch=1
[ckpt] saved path=C:\Users\LuvRene\OneDrive\PythonProjects\Positioning\pose_estimationV2\checkpoints\ablation_pelvis_base.pth epoch=1 best_selection_score=-0.224042 val_nmpjpe=0.224042
[epoch_start] epoch=2/8 train_size=160380 val_size=80190 test_size=80190 lr=3.000e-04 lambda_batch_div=0.000 lambda_inter_div=0.000 lambda_intra_div=0.000
[train] epoch=2/8 step=1/100 loss=0.368992 grad_norm=0.629
[train] epoch=2/8 step=2/100 loss=0.331481 grad_norm=0.340
[train] epoch=2/8 step=3/100 loss=0.362624 grad_norm=0.551
[train] epoch=2/8 step=4/100 loss=0.418679 grad_norm=0.448
[train] epoch=2/8 step=5/100 loss=0.390000 grad_norm=0.380
[train] epoch=2/8 step=6/100 loss=0.403414 grad_norm=0.382
[train] epoch=2/8 step=7/100 loss=0.365561 grad_norm=0.421
[train] epoch=2/8 step=8/100 loss=0.355399 grad_norm=0.817
[train] epoch=2/8 step=9/100 loss=0.380207 grad_norm=0.396
[train] epoch=2/8 step=10/100 loss=0.335936 grad_norm=0.470
[train] epoch=2/8 step=11/100 loss=0.353996 grad_norm=0.475
[train] epoch=2/8 step=12/100 loss=0.376992 grad_norm=0.466
[train] epoch=2/8 step=13/100 loss=0.364542 grad_norm=0.517
[train] epoch=2/8 step=14/100 loss=0.363494 grad_norm=0.460
[train] epoch=2/8 step=15/100 loss=0.358869 grad_norm=0.498
[train] epoch=2/8 step=16/100 loss=0.360040 grad_norm=0.352
[train] epoch=2/8 step=17/100 loss=0.371629 grad_norm=0.380
[train] epoch=2/8 step=18/100 loss=0.444958 grad_norm=0.395
[train] epoch=2/8 step=19/100 loss=0.363896 grad_norm=0.495
[train] epoch=2/8 step=20/100 loss=0.380808 grad_norm=0.474
[train] epoch=2/8 step=21/100 loss=0.393046 grad_norm=0.451
[train] epoch=2/8 step=22/100 loss=0.362831 grad_norm=0.495
[train] epoch=2/8 step=23/100 loss=0.371061 grad_norm=0.455
[train] epoch=2/8 step=24/100 loss=0.348754 grad_norm=0.405
[train] epoch=2/8 step=25/100 loss=0.333600 grad_norm=0.400
[train] epoch=2/8 step=26/100 loss=0.352224 grad_norm=0.311
[train] epoch=2/8 step=27/100 loss=0.441268 grad_norm=0.374
[train] epoch=2/8 step=28/100 loss=0.372657 grad_norm=0.553
[train] epoch=2/8 step=29/100 loss=0.365615 grad_norm=0.423
[train] epoch=2/8 step=30/100 loss=0.346078 grad_norm=0.444
[train] epoch=2/8 step=31/100 loss=0.322054 grad_norm=0.458
[train] epoch=2/8 step=32/100 loss=0.414620 grad_norm=0.382
[train] epoch=2/8 step=33/100 loss=0.382835 grad_norm=0.445
[train] epoch=2/8 step=34/100 loss=0.352138 grad_norm=0.358
[train] epoch=2/8 step=35/100 loss=0.351679 grad_norm=0.615
[train] epoch=2/8 step=36/100 loss=0.350778 grad_norm=0.745
[train] epoch=2/8 step=37/100 loss=0.488343 grad_norm=0.347
[train] epoch=2/8 step=38/100 loss=0.347783 grad_norm=0.330
[train] epoch=2/8 step=39/100 loss=0.365171 grad_norm=0.565
[train] epoch=2/8 step=40/100 loss=0.344885 grad_norm=0.702
[train] epoch=2/8 step=41/100 loss=0.401300 grad_norm=0.451
[train] epoch=2/8 step=42/100 loss=0.379581 grad_norm=0.386
[train] epoch=2/8 step=43/100 loss=0.374974 grad_norm=0.276
[train] epoch=2/8 step=44/100 loss=0.342900 grad_norm=0.361
[train] epoch=2/8 step=45/100 loss=0.331587 grad_norm=0.354
[train] epoch=2/8 step=46/100 loss=0.364214 grad_norm=0.306
[train] epoch=2/8 step=47/100 loss=0.374236 grad_norm=0.476
[train] epoch=2/8 step=48/100 loss=0.398215 grad_norm=0.454
[train] epoch=2/8 step=49/100 loss=0.399427 grad_norm=0.412
[train] epoch=2/8 step=50/100 loss=0.414502 grad_norm=0.493
[train] epoch=2/8 step=51/100 loss=0.355198 grad_norm=0.488
[train] epoch=2/8 step=52/100 loss=0.412964 grad_norm=0.469
[train] epoch=2/8 step=53/100 loss=0.350952 grad_norm=0.417
[train] epoch=2/8 step=54/100 loss=0.360097 grad_norm=0.314
[train] epoch=2/8 step=55/100 loss=0.363123 grad_norm=0.411
[train] epoch=2/8 step=56/100 loss=0.377818 grad_norm=0.336
[train] epoch=2/8 step=57/100 loss=0.374994 grad_norm=0.397
[train] epoch=2/8 step=58/100 loss=0.347773 grad_norm=0.363
[train] epoch=2/8 step=59/100 loss=0.347321 grad_norm=0.425
[train] epoch=2/8 step=60/100 loss=0.367251 grad_norm=0.490
[train] epoch=2/8 step=61/100 loss=0.320647 grad_norm=0.315
[train] epoch=2/8 step=62/100 loss=0.346656 grad_norm=0.421
[train] epoch=2/8 step=63/100 loss=0.399841 grad_norm=0.322
[train] epoch=2/8 step=64/100 loss=0.579172 grad_norm=0.350
[train] epoch=2/8 step=65/100 loss=0.350694 grad_norm=0.337
[train] epoch=2/8 step=66/100 loss=0.332165 grad_norm=0.302
[train] epoch=2/8 step=67/100 loss=0.323955 grad_norm=0.286
[train] epoch=2/8 step=68/100 loss=0.442257 grad_norm=0.376
[train] epoch=2/8 step=69/100 loss=0.917349 grad_norm=0.383
[train] epoch=2/8 step=70/100 loss=0.424765 grad_norm=0.344
[train] epoch=2/8 step=71/100 loss=0.363540 grad_norm=0.291
[train] epoch=2/8 step=72/100 loss=0.351308 grad_norm=0.309
[train] epoch=2/8 step=73/100 loss=0.361404 grad_norm=0.328
[train] epoch=2/8 step=74/100 loss=0.357739 grad_norm=0.343
[train] epoch=2/8 step=75/100 loss=0.326000 grad_norm=0.250
[train] epoch=2/8 step=76/100 loss=0.356535 grad_norm=0.340
[train] epoch=2/8 step=77/100 loss=0.360055 grad_norm=0.366
[train] epoch=2/8 step=78/100 loss=0.369814 grad_norm=0.347
[train] epoch=2/8 step=79/100 loss=0.331863 grad_norm=0.296
[train] epoch=2/8 step=80/100 loss=0.379338 grad_norm=0.403
[train] epoch=2/8 step=81/100 loss=0.363048 grad_norm=0.374
[train] epoch=2/8 step=82/100 loss=0.350198 grad_norm=0.487
[train] epoch=2/8 step=83/100 loss=0.334195 grad_norm=0.420
[train] epoch=2/8 step=84/100 loss=0.473249 grad_norm=0.336
[train] epoch=2/8 step=85/100 loss=0.353907 grad_norm=0.420
[train] epoch=2/8 step=86/100 loss=0.360567 grad_norm=0.388
[train] epoch=2/8 step=87/100 loss=0.350639 grad_norm=0.298
[train] epoch=2/8 step=88/100 loss=0.368400 grad_norm=0.327
[train] epoch=2/8 step=89/100 loss=0.334385 grad_norm=0.625
[train] epoch=2/8 step=90/100 loss=0.394931 grad_norm=0.301
[train] epoch=2/8 step=91/100 loss=0.362433 grad_norm=0.334
[train] epoch=2/8 step=92/100 loss=0.340887 grad_norm=0.561
[train] epoch=2/8 step=93/100 loss=0.449874 grad_norm=0.561
[train] epoch=2/8 step=94/100 loss=0.465154 grad_norm=0.586
[train] epoch=2/8 step=95/100 loss=0.382872 grad_norm=0.444
[train] epoch=2/8 step=96/100 loss=0.356620 grad_norm=0.592
[train] epoch=2/8 step=97/100 loss=0.331005 grad_norm=0.438
[train] epoch=2/8 step=98/100 loss=0.338087 grad_norm=0.426
[train] epoch=2/8 step=99/100 loss=0.318148 grad_norm=0.359
[train] epoch=2/8 step=100/100 loss=0.351326 grad_norm=0.536
[epoch_summary] epoch=2/8 time_epoch=169.2s elapsed=340.3s eta=1020.8s lambda_batch_div=0.000 lambda_inter_div=0.000 lambda_intra_div=0.000 selection_mode=accuracy selection_score=-0.218087 train_loss=0.376724 val_loss=0.308909 val_nmpjpe=0.218087 train_pose=0.040413 train_rel=0.066795 train_dist=0.236015 train_dir=0.066898 train_var=0.054120 train_batch_div=0.234893 train_inter_div=0.234162 train_intra_div=0.230028 val_pose=0.031140 val_rel=0.051500 val_dist=0.195963 val_dir=0.056057 val_var=0.051816 val_batch_div=0.536235 val_inter_div=0.010317 val_intra_div=0.536249 train_std=0.105156/0.221377 train_std_ratio=0.530318 val_std=0.007086/0.097486 val_std_ratio=0.093480 train_pair_dist=0.871859/1.926794 train_pair_ratio=0.461556 val_pair_dist=0.056866/1.075181 val_pair_ratio=0.064286 train_inter_pair=0.871814/1.949957 train_inter_ratio=0.455966 val_inter_pair=0.001518/0.044053 val_inter_ratio=0.000884 train_intra_pair=0.873370/1.336127 train_intra_ratio=0.678785 val_intra_pair=0.056742/1.069875 val_intra_ratio=0.064523 train_action_cls=0.000000 train_action_acc=0.000 val_action_cls=0.000000 val_action_acc=0.000 grad_norm_mean=0.422 nan_loss=False nan_grad=False actions_covered=27 envs_covered=2
[ckpt] saved_last path=C:\Users\LuvRene\OneDrive\PythonProjects\Positioning\pose_estimationV2\checkpoints\ablation_pelvis_base_last.pth epoch=2
[ckpt] saved path=C:\Users\LuvRene\OneDrive\PythonProjects\Positioning\pose_estimationV2\checkpoints\ablation_pelvis_base.pth epoch=2 best_selection_score=-0.218087 val_nmpjpe=0.218087
[epoch_start] epoch=3/8 train_size=160380 val_size=80190 test_size=80190 lr=3.000e-04 lambda_batch_div=0.000 lambda_inter_div=0.000 lambda_intra_div=0.000
[train] epoch=3/8 step=1/100 loss=0.360826 grad_norm=0.493
[train] epoch=3/8 step=2/100 loss=0.346838 grad_norm=0.525
[train] epoch=3/8 step=3/100 loss=0.347803 grad_norm=0.795
[train] epoch=3/8 step=4/100 loss=0.320691 grad_norm=0.508
[train] epoch=3/8 step=5/100 loss=0.318142 grad_norm=0.354
[train] epoch=3/8 step=6/100 loss=0.332484 grad_norm=0.383
[train] epoch=3/8 step=7/100 loss=0.364775 grad_norm=0.414
[train] epoch=3/8 step=8/100 loss=0.337756 grad_norm=0.885
[train] epoch=3/8 step=9/100 loss=0.342928 grad_norm=0.384
[train] epoch=3/8 step=10/100 loss=0.357353 grad_norm=0.471
[train] epoch=3/8 step=11/100 loss=0.380809 grad_norm=0.467
[train] epoch=3/8 step=12/100 loss=0.346907 grad_norm=0.336
[train] epoch=3/8 step=13/100 loss=0.347731 grad_norm=0.551
[train] epoch=3/8 step=14/100 loss=0.428716 grad_norm=0.330
[train] epoch=3/8 step=15/100 loss=0.357933 grad_norm=0.319
[train] epoch=3/8 step=16/100 loss=0.352621 grad_norm=0.437
[train] epoch=3/8 step=17/100 loss=0.348921 grad_norm=0.547
[train] epoch=3/8 step=18/100 loss=0.351454 grad_norm=0.294
[train] epoch=3/8 step=19/100 loss=0.331991 grad_norm=0.293
[train] epoch=3/8 step=20/100 loss=0.341083 grad_norm=0.259
[train] epoch=3/8 step=21/100 loss=0.351491 grad_norm=0.521
[train] epoch=3/8 step=22/100 loss=0.298523 grad_norm=0.381
[train] epoch=3/8 step=23/100 loss=0.373877 grad_norm=0.395
[train] epoch=3/8 step=24/100 loss=0.356337 grad_norm=0.346
[train] epoch=3/8 step=25/100 loss=0.361598 grad_norm=0.346
[train] epoch=3/8 step=26/100 loss=0.324772 grad_norm=0.352
[train] epoch=3/8 step=27/100 loss=0.337815 grad_norm=0.321
[train] epoch=3/8 step=28/100 loss=0.355323 grad_norm=0.466
[train] epoch=3/8 step=29/100 loss=0.314957 grad_norm=0.274
[train] epoch=3/8 step=30/100 loss=0.341314 grad_norm=0.307
[train] epoch=3/8 step=31/100 loss=0.451269 grad_norm=0.493
[train] epoch=3/8 step=32/100 loss=0.332444 grad_norm=0.439
[train] epoch=3/8 step=33/100 loss=0.349884 grad_norm=0.471
[train] epoch=3/8 step=34/100 loss=0.362812 grad_norm=0.315
[train] epoch=3/8 step=35/100 loss=0.387431 grad_norm=0.299
[train] epoch=3/8 step=36/100 loss=0.434233 grad_norm=0.419
[train] epoch=3/8 step=37/100 loss=0.351287 grad_norm=0.765
[train] epoch=3/8 step=38/100 loss=0.395863 grad_norm=0.258
[train] epoch=3/8 step=39/100 loss=0.334158 grad_norm=0.289
[train] epoch=3/8 step=40/100 loss=0.373394 grad_norm=0.445
[train] epoch=3/8 step=41/100 loss=0.334274 grad_norm=0.373
[train] epoch=3/8 step=42/100 loss=0.335871 grad_norm=0.382
[train] epoch=3/8 step=43/100 loss=0.354243 grad_norm=0.266
[train] epoch=3/8 step=44/100 loss=0.337631 grad_norm=0.494
[train] epoch=3/8 step=45/100 loss=0.362555 grad_norm=0.397
[train] epoch=3/8 step=46/100 loss=0.348749 grad_norm=0.404
[train] epoch=3/8 step=47/100 loss=0.336389 grad_norm=0.414
[train] epoch=3/8 step=48/100 loss=0.347207 grad_norm=0.590
[train] epoch=3/8 step=49/100 loss=0.363353 grad_norm=0.322
[train] epoch=3/8 step=50/100 loss=0.321449 grad_norm=0.263
[train] epoch=3/8 step=51/100 loss=0.358315 grad_norm=0.341
[train] epoch=3/8 step=52/100 loss=0.408387 grad_norm=0.334
[train] epoch=3/8 step=53/100 loss=0.592931 grad_norm=0.342
[train] epoch=3/8 step=54/100 loss=0.321128 grad_norm=0.335
[train] epoch=3/8 step=55/100 loss=0.316166 grad_norm=0.383
[train] epoch=3/8 step=56/100 loss=0.288481 grad_norm=0.345
[train] epoch=3/8 step=57/100 loss=0.398090 grad_norm=0.316
[train] epoch=3/8 step=58/100 loss=0.329659 grad_norm=0.560
[train] epoch=3/8 step=59/100 loss=0.328872 grad_norm=0.264
[train] epoch=3/8 step=60/100 loss=0.362744 grad_norm=0.328
[train] epoch=3/8 step=61/100 loss=0.320204 grad_norm=0.410
[train] epoch=3/8 step=62/100 loss=0.344066 grad_norm=0.314
[train] epoch=3/8 step=63/100 loss=0.380171 grad_norm=0.288
[train] epoch=3/8 step=64/100 loss=0.346032 grad_norm=0.310
[train] epoch=3/8 step=65/100 loss=0.329218 grad_norm=0.301
[train] epoch=3/8 step=66/100 loss=0.357742 grad_norm=0.339
[train] epoch=3/8 step=67/100 loss=0.316503 grad_norm=0.298
[train] epoch=3/8 step=68/100 loss=0.298919 grad_norm=0.339
[train] epoch=3/8 step=69/100 loss=0.302054 grad_norm=0.286
[train] epoch=3/8 step=70/100 loss=0.325536 grad_norm=0.277
[train] epoch=3/8 step=71/100 loss=0.338818 grad_norm=0.308
[train] epoch=3/8 step=72/100 loss=0.330693 grad_norm=0.263
[train] epoch=3/8 step=73/100 loss=0.341329 grad_norm=0.288
[train] epoch=3/8 step=74/100 loss=0.441626 grad_norm=0.537
[train] epoch=3/8 step=75/100 loss=0.345335 grad_norm=0.303
[train] epoch=3/8 step=76/100 loss=0.347979 grad_norm=0.281
[train] epoch=3/8 step=77/100 loss=0.325620 grad_norm=0.237
[train] epoch=3/8 step=78/100 loss=0.310564 grad_norm=0.234
[train] epoch=3/8 step=79/100 loss=0.374954 grad_norm=0.325
[train] epoch=3/8 step=80/100 loss=0.343750 grad_norm=0.560
[train] epoch=3/8 step=81/100 loss=0.367072 grad_norm=0.281
[train] epoch=3/8 step=82/100 loss=0.323852 grad_norm=0.381
[train] epoch=3/8 step=83/100 loss=0.311472 grad_norm=0.324
[train] epoch=3/8 step=84/100 loss=0.375844 grad_norm=0.578
[train] epoch=3/8 step=85/100 loss=0.453632 grad_norm=0.318
[train] epoch=3/8 step=86/100 loss=0.315878 grad_norm=0.294
[train] epoch=3/8 step=87/100 loss=0.369139 grad_norm=0.229
[train] epoch=3/8 step=88/100 loss=0.357802 grad_norm=0.231
[train] epoch=3/8 step=89/100 loss=0.389005 grad_norm=0.344
[train] epoch=3/8 step=90/100 loss=0.323452 grad_norm=0.502
[train] epoch=3/8 step=91/100 loss=0.339595 grad_norm=0.291
[train] epoch=3/8 step=92/100 loss=0.377756 grad_norm=0.245
[train] epoch=3/8 step=93/100 loss=0.374584 grad_norm=0.274
[train] epoch=3/8 step=94/100 loss=0.295726 grad_norm=0.490
[train] epoch=3/8 step=95/100 loss=0.390064 grad_norm=0.612
[train] epoch=3/8 step=96/100 loss=0.468487 grad_norm=0.300
[train] epoch=3/8 step=97/100 loss=0.382895 grad_norm=0.325
[train] epoch=3/8 step=98/100 loss=0.385045 grad_norm=0.406
[train] epoch=3/8 step=99/100 loss=0.332188 grad_norm=0.540
[train] epoch=3/8 step=100/100 loss=0.336343 grad_norm=0.328
[epoch_summary] epoch=3/8 time_epoch=154.6s elapsed=494.9s eta=824.9s lambda_batch_div=0.000 lambda_inter_div=0.000 lambda_intra_div=0.000 selection_mode=accuracy selection_score=-0.216992 train_loss=0.354440 val_loss=0.304585 val_nmpjpe=0.216992 train_pose=0.036775 train_rel=0.061451 train_dist=0.222139 train_dir=0.064800 train_var=0.054996 train_batch_div=0.268821 train_inter_div=0.267972 train_intra_div=0.257616 val_pose=0.031107 val_rel=0.051705 val_dist=0.191585 val_dir=0.056041 val_var=0.052529 val_batch_div=0.542519 val_inter_div=0.010489 val_intra_div=0.542525 train_std=0.087096/0.205915 train_std_ratio=0.449249 val_std=0.006181/0.097486 val_std_ratio=0.081221 train_pair_dist=0.725180/1.893498 train_pair_ratio=0.388282 val_pair_dist=0.049120/1.075181 val_pair_ratio=0.055330 train_inter_pair=0.725107/1.916293 train_inter_ratio=0.383531 val_inter_pair=0.001147/0.044053 val_inter_ratio=0.000671 train_intra_pair=0.726784/1.299789 train_intra_ratio=0.578550 val_intra_pair=0.049058/1.069875 val_intra_ratio=0.055556 train_action_cls=0.000000 train_action_acc=0.000 val_action_cls=0.000000 val_action_acc=0.000 grad_norm_mean=0.382 nan_loss=False nan_grad=False actions_covered=27 envs_covered=2
[ckpt] saved_last path=C:\Users\LuvRene\OneDrive\PythonProjects\Positioning\pose_estimationV2\checkpoints\ablation_pelvis_base_last.pth epoch=3
[ckpt] saved path=C:\Users\LuvRene\OneDrive\PythonProjects\Positioning\pose_estimationV2\checkpoints\ablation_pelvis_base.pth epoch=3 best_selection_score=-0.216992 val_nmpjpe=0.216992
[epoch_start] epoch=4/8 train_size=160380 val_size=80190 test_size=80190 lr=3.000e-04 lambda_batch_div=0.000 lambda_inter_div=0.000 lambda_intra_div=0.000
[train] epoch=4/8 step=1/100 loss=0.378055 grad_norm=0.303
[train] epoch=4/8 step=2/100 loss=0.365727 grad_norm=0.518
[train] epoch=4/8 step=3/100 loss=0.344393 grad_norm=0.485
[train] epoch=4/8 step=4/100 loss=0.350563 grad_norm=0.320
[train] epoch=4/8 step=5/100 loss=0.334708 grad_norm=0.330
[train] epoch=4/8 step=6/100 loss=0.343120 grad_norm=0.358
[train] epoch=4/8 step=7/100 loss=0.373424 grad_norm=0.352
[train] epoch=4/8 step=8/100 loss=0.364688 grad_norm=0.426
[train] epoch=4/8 step=9/100 loss=0.309693 grad_norm=0.434
[train] epoch=4/8 step=10/100 loss=0.323851 grad_norm=0.374
[train] epoch=4/8 step=11/100 loss=0.388904 grad_norm=0.315
[train] epoch=4/8 step=12/100 loss=0.345302 grad_norm=0.603
[train] epoch=4/8 step=13/100 loss=0.345774 grad_norm=0.679
[train] epoch=4/8 step=14/100 loss=0.342491 grad_norm=0.206
[train] epoch=4/8 step=15/100 loss=0.368298 grad_norm=0.380
[train] epoch=4/8 step=16/100 loss=0.388551 grad_norm=0.437
[train] epoch=4/8 step=17/100 loss=0.295002 grad_norm=0.346
[train] epoch=4/8 step=18/100 loss=0.314085 grad_norm=0.241
[train] epoch=4/8 step=19/100 loss=0.354660 grad_norm=0.230
[train] epoch=4/8 step=20/100 loss=0.413415 grad_norm=0.357
[train] epoch=4/8 step=21/100 loss=0.393524 grad_norm=0.316
[train] epoch=4/8 step=22/100 loss=0.293260 grad_norm=0.192
[train] epoch=4/8 step=23/100 loss=0.356834 grad_norm=0.344
[train] epoch=4/8 step=24/100 loss=0.305270 grad_norm=0.271
[train] epoch=4/8 step=25/100 loss=0.352012 grad_norm=0.360
[train] epoch=4/8 step=26/100 loss=0.344580 grad_norm=0.422
[train] epoch=4/8 step=27/100 loss=0.323490 grad_norm=0.322
[train] epoch=4/8 step=28/100 loss=0.319996 grad_norm=0.639
[train] epoch=4/8 step=29/100 loss=0.322634 grad_norm=0.264
[train] epoch=4/8 step=30/100 loss=0.359073 grad_norm=0.254
[train] epoch=4/8 step=31/100 loss=0.335785 grad_norm=0.259
[train] epoch=4/8 step=32/100 loss=0.444327 grad_norm=0.324
[train] epoch=4/8 step=33/100 loss=0.331905 grad_norm=0.280
[train] epoch=4/8 step=34/100 loss=0.303793 grad_norm=0.249
[train] epoch=4/8 step=35/100 loss=0.347371 grad_norm=0.302
[train] epoch=4/8 step=36/100 loss=0.360909 grad_norm=0.281
[train] epoch=4/8 step=37/100 loss=0.355009 grad_norm=0.247
[train] epoch=4/8 step=38/100 loss=0.360693 grad_norm=0.296
[train] epoch=4/8 step=39/100 loss=0.316342 grad_norm=0.226
[train] epoch=4/8 step=40/100 loss=0.323582 grad_norm=0.359
[train] epoch=4/8 step=41/100 loss=0.323675 grad_norm=0.209
[train] epoch=4/8 step=42/100 loss=0.314303 grad_norm=0.333
[train] epoch=4/8 step=43/100 loss=0.338598 grad_norm=0.255
[train] epoch=4/8 step=44/100 loss=0.324387 grad_norm=0.288
[train] epoch=4/8 step=45/100 loss=0.310379 grad_norm=0.252
[train] epoch=4/8 step=46/100 loss=0.404903 grad_norm=0.524
[train] epoch=4/8 step=47/100 loss=0.332611 grad_norm=0.326
[train] epoch=4/8 step=48/100 loss=0.447284 grad_norm=0.251
[train] epoch=4/8 step=49/100 loss=0.314348 grad_norm=0.483
[train] epoch=4/8 step=50/100 loss=0.323485 grad_norm=0.330
[train] epoch=4/8 step=51/100 loss=0.386414 grad_norm=0.454
[train] epoch=4/8 step=52/100 loss=0.333785 grad_norm=0.295
[train] epoch=4/8 step=53/100 loss=1.068841 grad_norm=0.263
[train] epoch=4/8 step=54/100 loss=0.306141 grad_norm=0.299
[train] epoch=4/8 step=55/100 loss=0.385639 grad_norm=0.229
[train] epoch=4/8 step=56/100 loss=0.317383 grad_norm=0.323
[train] epoch=4/8 step=57/100 loss=0.360916 grad_norm=0.303
[train] epoch=4/8 step=58/100 loss=0.302150 grad_norm=0.356
[train] epoch=4/8 step=59/100 loss=0.326741 grad_norm=0.444
[train] epoch=4/8 step=60/100 loss=0.346268 grad_norm=0.394
[train] epoch=4/8 step=61/100 loss=0.288406 grad_norm=0.279
[train] epoch=4/8 step=62/100 loss=0.301761 grad_norm=0.325
[train] epoch=4/8 step=63/100 loss=0.330309 grad_norm=0.390
[train] epoch=4/8 step=64/100 loss=0.368709 grad_norm=0.457
[train] epoch=4/8 step=65/100 loss=0.340790 grad_norm=0.292
[train] epoch=4/8 step=66/100 loss=0.317965 grad_norm=0.262
[train] epoch=4/8 step=67/100 loss=0.325097 grad_norm=0.210
[train] epoch=4/8 step=68/100 loss=0.275179 grad_norm=0.495
[train] epoch=4/8 step=69/100 loss=0.344765 grad_norm=0.299
[train] epoch=4/8 step=70/100 loss=0.300895 grad_norm=0.503
[train] epoch=4/8 step=71/100 loss=0.318639 grad_norm=0.216
[train] epoch=4/8 step=72/100 loss=0.338058 grad_norm=0.510
[train] epoch=4/8 step=73/100 loss=0.386565 grad_norm=0.706
[train] epoch=4/8 step=74/100 loss=0.339413 grad_norm=0.706
[train] epoch=4/8 step=75/100 loss=0.333622 grad_norm=0.281
[train] epoch=4/8 step=76/100 loss=0.338753 grad_norm=0.500
[train] epoch=4/8 step=77/100 loss=0.323119 grad_norm=0.470
[train] epoch=4/8 step=78/100 loss=0.422186 grad_norm=0.572
[train] epoch=4/8 step=79/100 loss=0.333848 grad_norm=0.262
[train] epoch=4/8 step=80/100 loss=0.280799 grad_norm=0.222
[train] epoch=4/8 step=81/100 loss=0.423348 grad_norm=0.331
[train] epoch=4/8 step=82/100 loss=0.338971 grad_norm=0.461
[train] epoch=4/8 step=83/100 loss=0.328885 grad_norm=0.293
[train] epoch=4/8 step=84/100 loss=0.341608 grad_norm=0.291
[train] epoch=4/8 step=85/100 loss=0.327369 grad_norm=0.247
[train] epoch=4/8 step=86/100 loss=0.367782 grad_norm=0.341
[train] epoch=4/8 step=87/100 loss=0.319755 grad_norm=0.389
[train] epoch=4/8 step=88/100 loss=0.344133 grad_norm=0.217
[train] epoch=4/8 step=89/100 loss=0.333191 grad_norm=0.342
[train] epoch=4/8 step=90/100 loss=0.299092 grad_norm=0.278
[train] epoch=4/8 step=91/100 loss=0.322241 grad_norm=0.333
[train] epoch=4/8 step=92/100 loss=0.332088 grad_norm=0.384
[train] epoch=4/8 step=93/100 loss=0.362761 grad_norm=0.389
[train] epoch=4/8 step=94/100 loss=0.353182 grad_norm=0.316
[train] epoch=4/8 step=95/100 loss=0.326528 grad_norm=0.432
[train] epoch=4/8 step=96/100 loss=0.337226 grad_norm=0.236
[train] epoch=4/8 step=97/100 loss=0.305014 grad_norm=0.466
[train] epoch=4/8 step=98/100 loss=0.333021 grad_norm=0.351
[train] epoch=4/8 step=99/100 loss=0.385686 grad_norm=0.222
[train] epoch=4/8 step=100/100 loss=0.369079 grad_norm=0.259
[epoch_summary] epoch=4/8 time_epoch=56.5s elapsed=551.5s eta=551.5s lambda_batch_div=0.000 lambda_inter_div=0.000 lambda_intra_div=0.000 selection_mode=accuracy selection_score=-0.215320 train_loss=0.349232 val_loss=0.297783 val_nmpjpe=0.215320 train_pose=0.037125 train_rel=0.061516 train_dist=0.217968 train_dir=0.063380 train_var=0.067762 train_batch_div=0.297747 train_inter_div=0.296760 train_intra_div=0.285938 val_pose=0.030377 val_rel=0.050637 val_dist=0.186153 val_dir=0.055934 val_var=0.055164 val_batch_div=0.560479 val_inter_div=0.010702 val_intra_div=0.560551 train_std=0.076456/0.217582 train_std_ratio=0.387007 val_std=0.003365/0.097486 val_std_ratio=0.044228 train_pair_dist=0.639164/1.913901 train_pair_ratio=0.340224 val_pair_dist=0.026951/1.075181 val_pair_ratio=0.030359 train_inter_pair=0.639090/1.934269 train_inter_ratio=0.336162 val_inter_pair=0.000723/0.044053 val_inter_ratio=0.000424 train_intra_pair=0.640737/1.384591 train_intra_ratio=0.499778 val_intra_pair=0.026898/1.069875 val_intra_ratio=0.030476 train_action_cls=0.000000 train_action_acc=0.000 val_action_cls=0.000000 val_action_acc=0.000 grad_norm_mean=0.351 nan_loss=False nan_grad=False actions_covered=27 envs_covered=2
[ckpt] saved_last path=C:\Users\LuvRene\OneDrive\PythonProjects\Positioning\pose_estimationV2\checkpoints\ablation_pelvis_base_last.pth epoch=4
[ckpt] saved path=C:\Users\LuvRene\OneDrive\PythonProjects\Positioning\pose_estimationV2\checkpoints\ablation_pelvis_base.pth epoch=4 best_selection_score=-0.215320 val_nmpjpe=0.215320
[epoch_start] epoch=5/8 train_size=160380 val_size=80190 test_size=80190 lr=3.000e-04 lambda_batch_div=0.000 lambda_inter_div=0.000 lambda_intra_div=0.000
[train] epoch=5/8 step=1/100 loss=0.305500 grad_norm=0.315
[train] epoch=5/8 step=2/100 loss=0.321128 grad_norm=0.227
[train] epoch=5/8 step=3/100 loss=0.363150 grad_norm=0.324
[train] epoch=5/8 step=4/100 loss=0.331081 grad_norm=0.262
[train] epoch=5/8 step=5/100 loss=0.341062 grad_norm=0.210
[train] epoch=5/8 step=6/100 loss=0.309018 grad_norm=0.362
[train] epoch=5/8 step=7/100 loss=0.784548 grad_norm=0.295
[train] epoch=5/8 step=8/100 loss=0.317118 grad_norm=0.208
[train] epoch=5/8 step=9/100 loss=0.330102 grad_norm=0.281
[train] epoch=5/8 step=10/100 loss=0.317417 grad_norm=0.194
[train] epoch=5/8 step=11/100 loss=0.300088 grad_norm=0.253
[train] epoch=5/8 step=12/100 loss=0.382261 grad_norm=0.467
[train] epoch=5/8 step=13/100 loss=0.376697 grad_norm=0.268
[train] epoch=5/8 step=14/100 loss=0.339126 grad_norm=0.254
[train] epoch=5/8 step=15/100 loss=0.335732 grad_norm=0.411
[train] epoch=5/8 step=16/100 loss=0.333669 grad_norm=0.315
[train] epoch=5/8 step=17/100 loss=0.370605 grad_norm=0.306
[train] epoch=5/8 step=18/100 loss=0.366860 grad_norm=0.266
[train] epoch=5/8 step=19/100 loss=0.352404 grad_norm=0.307
[train] epoch=5/8 step=20/100 loss=0.318182 grad_norm=0.609
[train] epoch=5/8 step=21/100 loss=0.317421 grad_norm=0.295
[train] epoch=5/8 step=22/100 loss=0.326029 grad_norm=0.260
[train] epoch=5/8 step=23/100 loss=0.304469 grad_norm=0.472
[train] epoch=5/8 step=24/100 loss=0.309523 grad_norm=0.404
[train] epoch=5/8 step=25/100 loss=0.288757 grad_norm=0.417
[train] epoch=5/8 step=26/100 loss=0.322279 grad_norm=0.228
[train] epoch=5/8 step=27/100 loss=0.288210 grad_norm=0.292
[train] epoch=5/8 step=28/100 loss=0.328866 grad_norm=0.394
[train] epoch=5/8 step=29/100 loss=0.446700 grad_norm=0.866
[train] epoch=5/8 step=30/100 loss=0.324271 grad_norm=0.555
[train] epoch=5/8 step=31/100 loss=0.402115 grad_norm=0.210
[train] epoch=5/8 step=32/100 loss=0.332573 grad_norm=0.427
[train] epoch=5/8 step=33/100 loss=0.328141 grad_norm=0.602
[train] epoch=5/8 step=34/100 loss=0.427638 grad_norm=0.680
[train] epoch=5/8 step=35/100 loss=0.331700 grad_norm=0.297
[train] epoch=5/8 step=36/100 loss=0.341770 grad_norm=0.235
[train] epoch=5/8 step=37/100 loss=0.333029 grad_norm=0.579
[train] epoch=5/8 step=38/100 loss=0.289475 grad_norm=0.462
[train] epoch=5/8 step=39/100 loss=0.434446 grad_norm=0.512
[train] epoch=5/8 step=40/100 loss=0.332327 grad_norm=0.210
[train] epoch=5/8 step=41/100 loss=0.320344 grad_norm=0.280
[train] epoch=5/8 step=42/100 loss=0.317356 grad_norm=0.267
[train] epoch=5/8 step=43/100 loss=0.381203 grad_norm=0.527
[train] epoch=5/8 step=44/100 loss=0.336679 grad_norm=0.487
[train] epoch=5/8 step=45/100 loss=0.351124 grad_norm=0.450
[train] epoch=5/8 step=46/100 loss=0.352752 grad_norm=0.325
[train] epoch=5/8 step=47/100 loss=0.360797 grad_norm=0.404
[train] epoch=5/8 step=48/100 loss=0.300578 grad_norm=0.456
[train] epoch=5/8 step=49/100 loss=0.394056 grad_norm=0.262
[train] epoch=5/8 step=50/100 loss=0.329425 grad_norm=0.398
[train] epoch=5/8 step=51/100 loss=0.321945 grad_norm=0.435
[train] epoch=5/8 step=52/100 loss=0.314822 grad_norm=0.257
[train] epoch=5/8 step=53/100 loss=0.285165 grad_norm=0.234
[train] epoch=5/8 step=54/100 loss=0.333460 grad_norm=0.348
[train] epoch=5/8 step=55/100 loss=0.319849 grad_norm=0.228
[train] epoch=5/8 step=56/100 loss=0.320987 grad_norm=0.296
[train] epoch=5/8 step=57/100 loss=0.424667 grad_norm=0.339
[train] epoch=5/8 step=58/100 loss=0.282937 grad_norm=0.241
[train] epoch=5/8 step=59/100 loss=0.332806 grad_norm=0.241
[train] epoch=5/8 step=60/100 loss=0.314568 grad_norm=0.201
[train] epoch=5/8 step=61/100 loss=0.453672 grad_norm=0.291
[train] epoch=5/8 step=62/100 loss=0.325907 grad_norm=0.256
[train] epoch=5/8 step=63/100 loss=0.300722 grad_norm=0.455
[train] epoch=5/8 step=64/100 loss=0.334080 grad_norm=0.510
[train] epoch=5/8 step=65/100 loss=0.346763 grad_norm=0.229
[train] epoch=5/8 step=66/100 loss=0.333904 grad_norm=0.292
[train] epoch=5/8 step=67/100 loss=0.336602 grad_norm=0.271
[train] epoch=5/8 step=68/100 loss=0.315306 grad_norm=0.180
[train] epoch=5/8 step=69/100 loss=0.317535 grad_norm=0.391
[train] epoch=5/8 step=70/100 loss=0.315786 grad_norm=0.290
[train] epoch=5/8 step=71/100 loss=0.333562 grad_norm=0.211
[train] epoch=5/8 step=72/100 loss=0.316612 grad_norm=0.266
[train] epoch=5/8 step=73/100 loss=0.343755 grad_norm=0.205
[train] epoch=5/8 step=74/100 loss=0.454715 grad_norm=0.223
[train] epoch=5/8 step=75/100 loss=0.326320 grad_norm=0.239
[train] epoch=5/8 step=76/100 loss=0.317815 grad_norm=0.265
[train] epoch=5/8 step=77/100 loss=0.312767 grad_norm=0.213
[train] epoch=5/8 step=78/100 loss=0.332434 grad_norm=0.209
[train] epoch=5/8 step=79/100 loss=0.364375 grad_norm=0.306
[train] epoch=5/8 step=80/100 loss=0.309760 grad_norm=0.207
[train] epoch=5/8 step=81/100 loss=0.292277 grad_norm=0.296
[train] epoch=5/8 step=82/100 loss=0.361212 grad_norm=0.298
[train] epoch=5/8 step=83/100 loss=0.343827 grad_norm=0.202
[train] epoch=5/8 step=84/100 loss=0.471296 grad_norm=0.232
[train] epoch=5/8 step=85/100 loss=0.379479 grad_norm=0.282
[train] epoch=5/8 step=86/100 loss=0.306391 grad_norm=0.220
[train] epoch=5/8 step=87/100 loss=0.319883 grad_norm=0.266
[train] epoch=5/8 step=88/100 loss=0.311782 grad_norm=0.211
[train] epoch=5/8 step=89/100 loss=0.328369 grad_norm=0.215
[train] epoch=5/8 step=90/100 loss=0.303995 grad_norm=0.193
[train] epoch=5/8 step=91/100 loss=0.320324 grad_norm=0.218
[train] epoch=5/8 step=92/100 loss=0.327137 grad_norm=0.206
[train] epoch=5/8 step=93/100 loss=0.294876 grad_norm=0.221
[train] epoch=5/8 step=94/100 loss=0.332245 grad_norm=0.327
[train] epoch=5/8 step=95/100 loss=0.782312 grad_norm=0.280
[train] epoch=5/8 step=96/100 loss=0.357753 grad_norm=0.239
[train] epoch=5/8 step=97/100 loss=0.351614 grad_norm=0.231
[train] epoch=5/8 step=98/100 loss=0.340941 grad_norm=0.297
[train] epoch=5/8 step=99/100 loss=0.329400 grad_norm=0.436
[train] epoch=5/8 step=100/100 loss=0.318647 grad_norm=0.257
[epoch_summary] epoch=5/8 time_epoch=55.8s elapsed=607.2s eta=364.3s lambda_batch_div=0.000 lambda_inter_div=0.000 lambda_intra_div=0.000 selection_mode=accuracy selection_score=-0.213704 train_loss=0.346672 val_loss=0.293688 val_nmpjpe=0.213704 train_pose=0.037215 train_rel=0.061142 train_dist=0.216338 train_dir=0.062548 train_var=0.074257 train_batch_div=0.315657 train_inter_div=0.314727 train_intra_div=0.302215 val_pose=0.030111 val_rel=0.050246 val_dist=0.182618 val_dir=0.055836 val_var=0.054834 val_batch_div=0.557902 val_inter_div=0.010667 val_intra_div=0.557971 train_std=0.069767/0.219950 train_std_ratio=0.356154 val_std=0.003715/0.097486 val_std_ratio=0.048886 train_pair_dist=0.586442/1.921152 train_pair_ratio=0.311905 val_pair_dist=0.030095/1.075181 val_pair_ratio=0.033942 train_inter_pair=0.586427/1.944373 train_inter_ratio=0.308165 val_inter_pair=0.000799/0.044053 val_inter_ratio=0.000468 train_intra_pair=0.586912/1.325122 train_intra_ratio=0.459464 val_intra_pair=0.030031/1.069875 val_intra_ratio=0.034067 train_action_cls=0.000000 train_action_acc=0.000 val_action_cls=0.000000 val_action_acc=0.000 grad_norm_mean=0.318 nan_loss=False nan_grad=False actions_covered=27 envs_covered=2
[ckpt] saved_last path=C:\Users\LuvRene\OneDrive\PythonProjects\Positioning\pose_estimationV2\checkpoints\ablation_pelvis_base_last.pth epoch=5
[ckpt] saved path=C:\Users\LuvRene\OneDrive\PythonProjects\Positioning\pose_estimationV2\checkpoints\ablation_pelvis_base.pth epoch=5 best_selection_score=-0.213704 val_nmpjpe=0.213704
[epoch_start] epoch=6/8 train_size=160380 val_size=80190 test_size=80190 lr=3.000e-04 lambda_batch_div=0.000 lambda_inter_div=0.000 lambda_intra_div=0.000
[train] epoch=6/8 step=1/100 loss=0.344587 grad_norm=0.508
[train] epoch=6/8 step=2/100 loss=0.328855 grad_norm=0.458
[train] epoch=6/8 step=3/100 loss=0.331708 grad_norm=0.225
[train] epoch=6/8 step=4/100 loss=0.336980 grad_norm=0.378
[train] epoch=6/8 step=5/100 loss=0.304938 grad_norm=0.480
[train] epoch=6/8 step=6/100 loss=0.357018 grad_norm=0.511
[train] epoch=6/8 step=7/100 loss=0.345347 grad_norm=0.218
[train] epoch=6/8 step=8/100 loss=0.339351 grad_norm=0.414
[train] epoch=6/8 step=9/100 loss=0.356054 grad_norm=0.437
[train] epoch=6/8 step=10/100 loss=0.308903 grad_norm=0.636
[train] epoch=6/8 step=11/100 loss=0.292411 grad_norm=0.282
[train] epoch=6/8 step=12/100 loss=0.356326 grad_norm=0.440
[train] epoch=6/8 step=13/100 loss=0.401481 grad_norm=0.520
[train] epoch=6/8 step=14/100 loss=0.347884 grad_norm=0.450
[train] epoch=6/8 step=15/100 loss=0.347580 grad_norm=0.492
[train] epoch=6/8 step=16/100 loss=0.306570 grad_norm=0.231
[train] epoch=6/8 step=17/100 loss=0.335559 grad_norm=0.794
[train] epoch=6/8 step=18/100 loss=0.352241 grad_norm=0.456
[train] epoch=6/8 step=19/100 loss=0.303870 grad_norm=0.440
[train] epoch=6/8 step=20/100 loss=0.308526 grad_norm=0.200
[train] epoch=6/8 step=21/100 loss=0.329799 grad_norm=0.324
[train] epoch=6/8 step=22/100 loss=0.292593 grad_norm=0.370
[train] epoch=6/8 step=23/100 loss=0.321136 grad_norm=0.328
[train] epoch=6/8 step=24/100 loss=0.319080 grad_norm=0.193
[train] epoch=6/8 step=25/100 loss=0.337160 grad_norm=0.397
[train] epoch=6/8 step=26/100 loss=0.334024 grad_norm=0.327
[train] epoch=6/8 step=27/100 loss=0.351373 grad_norm=0.400
[train] epoch=6/8 step=28/100 loss=0.348984 grad_norm=0.545
[train] epoch=6/8 step=29/100 loss=0.317773 grad_norm=0.252
[train] epoch=6/8 step=30/100 loss=0.337577 grad_norm=0.228
[train] epoch=6/8 step=31/100 loss=0.405639 grad_norm=0.189
[train] epoch=6/8 step=32/100 loss=0.408944 grad_norm=0.242
[train] epoch=6/8 step=33/100 loss=0.334822 grad_norm=0.379
[train] epoch=6/8 step=34/100 loss=0.324589 grad_norm=0.212
[train] epoch=6/8 step=35/100 loss=0.309529 grad_norm=0.226
[train] epoch=6/8 step=36/100 loss=0.316357 grad_norm=0.232
[train] epoch=6/8 step=37/100 loss=0.335567 grad_norm=0.219
[train] epoch=6/8 step=38/100 loss=0.319481 grad_norm=0.244
[train] epoch=6/8 step=39/100 loss=0.303622 grad_norm=0.248
[train] epoch=6/8 step=40/100 loss=0.423351 grad_norm=0.218
[train] epoch=6/8 step=41/100 loss=0.311616 grad_norm=0.451
[train] epoch=6/8 step=42/100 loss=0.319092 grad_norm=0.356
[train] epoch=6/8 step=43/100 loss=0.431800 grad_norm=0.541
[train] epoch=6/8 step=44/100 loss=1.023679 grad_norm=0.417
[train] epoch=6/8 step=45/100 loss=0.279058 grad_norm=0.240
[train] epoch=6/8 step=46/100 loss=0.344757 grad_norm=0.478
[train] epoch=6/8 step=47/100 loss=0.363515 grad_norm=0.379
[train] epoch=6/8 step=48/100 loss=0.349654 grad_norm=0.269
[train] epoch=6/8 step=49/100 loss=0.344061 grad_norm=0.174
[train] epoch=6/8 step=50/100 loss=0.284458 grad_norm=0.298
[train] epoch=6/8 step=51/100 loss=0.336519 grad_norm=0.217
[train] epoch=6/8 step=52/100 loss=0.304141 grad_norm=0.306
[train] epoch=6/8 step=53/100 loss=0.364209 grad_norm=0.311
[train] epoch=6/8 step=54/100 loss=0.362680 grad_norm=0.200
[train] epoch=6/8 step=55/100 loss=0.284395 grad_norm=0.307
[train] epoch=6/8 step=56/100 loss=0.312009 grad_norm=0.343
[train] epoch=6/8 step=57/100 loss=0.333519 grad_norm=0.236
[train] epoch=6/8 step=58/100 loss=0.358469 grad_norm=0.208
[train] epoch=6/8 step=59/100 loss=0.385450 grad_norm=0.200
[train] epoch=6/8 step=60/100 loss=0.308227 grad_norm=0.285
[train] epoch=6/8 step=61/100 loss=0.330068 grad_norm=0.332
[train] epoch=6/8 step=62/100 loss=0.284970 grad_norm=0.320
[train] epoch=6/8 step=63/100 loss=0.335429 grad_norm=0.191
[train] epoch=6/8 step=64/100 loss=0.334518 grad_norm=0.195
[train] epoch=6/8 step=65/100 loss=0.306645 grad_norm=0.321
[train] epoch=6/8 step=66/100 loss=0.295923 grad_norm=0.430
[train] epoch=6/8 step=67/100 loss=0.291408 grad_norm=0.262
[train] epoch=6/8 step=68/100 loss=0.326001 grad_norm=0.229
[train] epoch=6/8 step=69/100 loss=0.339613 grad_norm=0.215
[train] epoch=6/8 step=70/100 loss=0.342141 grad_norm=0.182
[train] epoch=6/8 step=71/100 loss=0.365310 grad_norm=0.378
[train] epoch=6/8 step=72/100 loss=0.330160 grad_norm=0.208
[train] epoch=6/8 step=73/100 loss=0.326506 grad_norm=0.319
[train] epoch=6/8 step=74/100 loss=0.392134 grad_norm=0.232
[train] epoch=6/8 step=75/100 loss=0.326859 grad_norm=0.307
[train] epoch=6/8 step=76/100 loss=0.365289 grad_norm=0.295
[train] epoch=6/8 step=77/100 loss=0.308743 grad_norm=0.211
[train] epoch=6/8 step=78/100 loss=0.260454 grad_norm=0.276
[train] epoch=6/8 step=79/100 loss=0.344603 grad_norm=0.233
[train] epoch=6/8 step=80/100 loss=0.325111 grad_norm=0.341
[train] epoch=6/8 step=81/100 loss=0.327113 grad_norm=0.199
[train] epoch=6/8 step=82/100 loss=0.315738 grad_norm=0.202
[train] epoch=6/8 step=83/100 loss=0.342401 grad_norm=0.230
[train] epoch=6/8 step=84/100 loss=0.318120 grad_norm=0.264
[train] epoch=6/8 step=85/100 loss=0.301680 grad_norm=0.236
[train] epoch=6/8 step=86/100 loss=0.312652 grad_norm=0.474
[train] epoch=6/8 step=87/100 loss=0.364710 grad_norm=0.214
[train] epoch=6/8 step=88/100 loss=0.296406 grad_norm=0.201
[train] epoch=6/8 step=89/100 loss=0.308180 grad_norm=0.391
[train] epoch=6/8 step=90/100 loss=0.324043 grad_norm=0.300
[train] epoch=6/8 step=91/100 loss=0.311743 grad_norm=0.279
[train] epoch=6/8 step=92/100 loss=0.411470 grad_norm=0.219
[train] epoch=6/8 step=93/100 loss=0.362299 grad_norm=0.197
[train] epoch=6/8 step=94/100 loss=0.291057 grad_norm=0.396
[train] epoch=6/8 step=95/100 loss=0.353849 grad_norm=0.220
[train] epoch=6/8 step=96/100 loss=0.291918 grad_norm=0.258
[train] epoch=6/8 step=97/100 loss=0.364542 grad_norm=0.251
[train] epoch=6/8 step=98/100 loss=0.294756 grad_norm=0.277
[train] epoch=6/8 step=99/100 loss=0.354433 grad_norm=0.208
[train] epoch=6/8 step=100/100 loss=0.364242 grad_norm=0.219
[epoch_summary] epoch=6/8 time_epoch=55.5s elapsed=662.7s eta=220.9s lambda_batch_div=0.000 lambda_inter_div=0.000 lambda_intra_div=0.000 selection_mode=accuracy selection_score=-0.213735 train_loss=0.340221 val_loss=0.299851 val_nmpjpe=0.213735 train_pose=0.036828 train_rel=0.059959 train_dist=0.211585 train_dir=0.061829 train_var=0.076751 train_batch_div=0.328977 train_inter_div=0.328145 train_intra_div=0.310580 val_pose=0.030639 val_rel=0.050991 val_dist=0.187836 val_dir=0.055881 val_var=0.053670 val_batch_div=0.550935 val_inter_div=0.010595 val_intra_div=0.550959 train_std=0.064713/0.219558 train_std_ratio=0.324907 val_std=0.004964/0.097486 val_std_ratio=0.064617 train_pair_dist=0.546058/1.925000 train_pair_ratio=0.289124 val_pair_dist=0.038826/1.075181 val_pair_ratio=0.043549 train_inter_pair=0.545997/1.948380 train_inter_ratio=0.285567 val_inter_pair=0.000935/0.044053 val_inter_ratio=0.000549 train_intra_pair=0.547369/1.320052 train_intra_ratio=0.429582 val_intra_pair=0.038778/1.069875 val_intra_ratio=0.043739 train_action_cls=0.000000 train_action_acc=0.000 val_action_cls=0.000000 val_action_acc=0.000 grad_norm_mean=0.313 nan_loss=False nan_grad=False actions_covered=27 envs_covered=2
[ckpt] saved_last path=C:\Users\LuvRene\OneDrive\PythonProjects\Positioning\pose_estimationV2\checkpoints\ablation_pelvis_base_last.pth epoch=6
[ckpt] no_improve best_epoch=5 best_selection_score=-0.213704 best_val_nmpjpe=0.213704
[epoch_start] epoch=7/8 train_size=160380 val_size=80190 test_size=80190 lr=3.000e-04 lambda_batch_div=0.000 lambda_inter_div=0.000 lambda_intra_div=0.000
[train] epoch=7/8 step=1/100 loss=0.307773 grad_norm=0.324
[train] epoch=7/8 step=2/100 loss=0.343164 grad_norm=0.185
[train] epoch=7/8 step=3/100 loss=0.372489 grad_norm=0.198
[train] epoch=7/8 step=4/100 loss=0.294499 grad_norm=0.468
[train] epoch=7/8 step=5/100 loss=0.315701 grad_norm=0.212
[train] epoch=7/8 step=6/100 loss=0.307653 grad_norm=0.233
[train] epoch=7/8 step=7/100 loss=0.336107 grad_norm=0.229
[train] epoch=7/8 step=8/100 loss=0.280241 grad_norm=0.304
[train] epoch=7/8 step=9/100 loss=0.336149 grad_norm=0.457
[train] epoch=7/8 step=10/100 loss=0.377839 grad_norm=0.408
[train] epoch=7/8 step=11/100 loss=0.354780 grad_norm=0.187
[train] epoch=7/8 step=12/100 loss=0.319057 grad_norm=0.222
[train] epoch=7/8 step=13/100 loss=0.315575 grad_norm=0.418
[train] epoch=7/8 step=14/100 loss=0.340269 grad_norm=0.571
[train] epoch=7/8 step=15/100 loss=0.324259 grad_norm=0.204
[train] epoch=7/8 step=16/100 loss=0.288852 grad_norm=0.379
[train] epoch=7/8 step=17/100 loss=0.300487 grad_norm=0.194
[train] epoch=7/8 step=18/100 loss=0.312631 grad_norm=0.505
[train] epoch=7/8 step=19/100 loss=0.332328 grad_norm=0.340
[train] epoch=7/8 step=20/100 loss=0.344132 grad_norm=0.294
[train] epoch=7/8 step=21/100 loss=0.379633 grad_norm=0.278
[train] epoch=7/8 step=22/100 loss=0.323921 grad_norm=0.260
[train] epoch=7/8 step=23/100 loss=0.309138 grad_norm=0.244
[train] epoch=7/8 step=24/100 loss=0.312256 grad_norm=0.325
[train] epoch=7/8 step=25/100 loss=0.322713 grad_norm=0.266
[train] epoch=7/8 step=26/100 loss=0.294342 grad_norm=0.223
[train] epoch=7/8 step=27/100 loss=0.293823 grad_norm=0.351
[train] epoch=7/8 step=28/100 loss=0.328282 grad_norm=0.233
[train] epoch=7/8 step=29/100 loss=0.323290 grad_norm=0.270
[train] epoch=7/8 step=30/100 loss=0.296781 grad_norm=0.287
[train] epoch=7/8 step=31/100 loss=0.294286 grad_norm=0.227
[train] epoch=7/8 step=32/100 loss=0.356599 grad_norm=0.292
[train] epoch=7/8 step=33/100 loss=0.321123 grad_norm=0.324
[train] epoch=7/8 step=34/100 loss=0.315289 grad_norm=0.207
[train] epoch=7/8 step=35/100 loss=0.332403 grad_norm=0.289
[train] epoch=7/8 step=36/100 loss=0.337195 grad_norm=0.343
[train] epoch=7/8 step=37/100 loss=0.314897 grad_norm=0.208
[train] epoch=7/8 step=38/100 loss=0.310877 grad_norm=0.270
[train] epoch=7/8 step=39/100 loss=0.315073 grad_norm=0.303
[train] epoch=7/8 step=40/100 loss=0.292613 grad_norm=0.261
[train] epoch=7/8 step=41/100 loss=0.337995 grad_norm=0.312
[train] epoch=7/8 step=42/100 loss=0.318883 grad_norm=0.426
[train] epoch=7/8 step=43/100 loss=0.312159 grad_norm=0.207
[train] epoch=7/8 step=44/100 loss=0.348179 grad_norm=0.199
[train] epoch=7/8 step=45/100 loss=0.286947 grad_norm=0.249
[train] epoch=7/8 step=46/100 loss=0.288883 grad_norm=0.559
[train] epoch=7/8 step=47/100 loss=0.289042 grad_norm=0.307
[train] epoch=7/8 step=48/100 loss=0.278191 grad_norm=0.224
[train] epoch=7/8 step=49/100 loss=0.330418 grad_norm=0.227
[train] epoch=7/8 step=50/100 loss=0.325729 grad_norm=0.455
[train] epoch=7/8 step=51/100 loss=0.313266 grad_norm=0.520
[train] epoch=7/8 step=52/100 loss=0.327005 grad_norm=0.215
[train] epoch=7/8 step=53/100 loss=0.365531 grad_norm=0.298
[train] epoch=7/8 step=54/100 loss=0.280856 grad_norm=0.240
[train] epoch=7/8 step=55/100 loss=0.337791 grad_norm=0.258
[train] epoch=7/8 step=56/100 loss=0.316147 grad_norm=0.401
[train] epoch=7/8 step=57/100 loss=0.303626 grad_norm=0.265
[train] epoch=7/8 step=58/100 loss=0.318743 grad_norm=0.251
[train] epoch=7/8 step=59/100 loss=0.319276 grad_norm=0.277
[train] epoch=7/8 step=60/100 loss=0.317039 grad_norm=0.324
[train] epoch=7/8 step=61/100 loss=0.342937 grad_norm=0.210
[train] epoch=7/8 step=62/100 loss=0.363918 grad_norm=0.331
[train] epoch=7/8 step=63/100 loss=0.277674 grad_norm=0.247
[train] epoch=7/8 step=64/100 loss=0.310693 grad_norm=0.246
[train] epoch=7/8 step=65/100 loss=0.418695 grad_norm=0.271
[train] epoch=7/8 step=66/100 loss=0.336949 grad_norm=0.309
[train] epoch=7/8 step=67/100 loss=0.305328 grad_norm=0.280
[train] epoch=7/8 step=68/100 loss=0.282916 grad_norm=0.291
[train] epoch=7/8 step=69/100 loss=0.294343 grad_norm=0.305
[train] epoch=7/8 step=70/100 loss=0.312590 grad_norm=0.301
[train] epoch=7/8 step=71/100 loss=0.337690 grad_norm=0.435
[train] epoch=7/8 step=72/100 loss=0.318300 grad_norm=0.241
[train] epoch=7/8 step=73/100 loss=0.304435 grad_norm=0.255
[train] epoch=7/8 step=74/100 loss=0.314718 grad_norm=0.528
[train] epoch=7/8 step=75/100 loss=0.336702 grad_norm=0.309
[train] epoch=7/8 step=76/100 loss=0.363895 grad_norm=0.272
[train] epoch=7/8 step=77/100 loss=0.317564 grad_norm=0.308
[train] epoch=7/8 step=78/100 loss=0.325027 grad_norm=0.351
[train] epoch=7/8 step=79/100 loss=0.314356 grad_norm=0.484
[train] epoch=7/8 step=80/100 loss=0.328417 grad_norm=0.235
[train] epoch=7/8 step=81/100 loss=0.322221 grad_norm=0.229
[train] epoch=7/8 step=82/100 loss=0.309951 grad_norm=0.293
[train] epoch=7/8 step=83/100 loss=0.313823 grad_norm=0.179
[train] epoch=7/8 step=84/100 loss=0.310084 grad_norm=0.281
[train] epoch=7/8 step=85/100 loss=0.337507 grad_norm=0.563
[train] epoch=7/8 step=86/100 loss=0.327102 grad_norm=0.362
[train] epoch=7/8 step=87/100 loss=0.352888 grad_norm=0.390
[train] epoch=7/8 step=88/100 loss=0.301324 grad_norm=0.187
[train] epoch=7/8 step=89/100 loss=0.320230 grad_norm=0.494
[train] epoch=7/8 step=90/100 loss=0.342087 grad_norm=0.648
[train] epoch=7/8 step=91/100 loss=0.356213 grad_norm=0.545
[train] epoch=7/8 step=92/100 loss=0.392484 grad_norm=0.208
[train] epoch=7/8 step=93/100 loss=0.310052 grad_norm=0.383
[train] epoch=7/8 step=94/100 loss=0.314471 grad_norm=0.637
[train] epoch=7/8 step=95/100 loss=0.319729 grad_norm=0.329
[train] epoch=7/8 step=96/100 loss=0.313217 grad_norm=0.254
[train] epoch=7/8 step=97/100 loss=0.505824 grad_norm=0.191
[train] epoch=7/8 step=98/100 loss=0.354216 grad_norm=0.228
[train] epoch=7/8 step=99/100 loss=0.327159 grad_norm=0.222
[train] epoch=7/8 step=100/100 loss=0.390794 grad_norm=0.480
[epoch_summary] epoch=7/8 time_epoch=55.0s elapsed=717.7s eta=102.5s lambda_batch_div=0.000 lambda_inter_div=0.000 lambda_intra_div=0.000 selection_mode=accuracy selection_score=-0.215879 train_loss=0.325228 val_loss=0.299836 val_nmpjpe=0.215879 train_pose=0.033140 train_rel=0.055771 train_dist=0.204107 train_dir=0.060094 train_var=0.067700 train_batch_div=0.329743 train_inter_div=0.328862 train_intra_div=0.312914 val_pose=0.030647 val_rel=0.051301 val_dist=0.187447 val_dir=0.056091 val_var=0.054161 val_batch_div=0.553444 val_inter_div=0.010632 val_intra_div=0.553472 train_std=0.061194/0.198291 train_std_ratio=0.321017 val_std=0.004423/0.097486 val_std_ratio=0.057780 train_pair_dist=0.518283/1.854900 train_pair_ratio=0.281600 val_pair_dist=0.035684/1.075181 val_pair_ratio=0.040036 train_inter_pair=0.518177/1.876868 train_inter_ratio=0.278209 val_inter_pair=0.000858/0.044053 val_inter_ratio=0.000503 train_intra_pair=0.520877/1.276772 train_intra_ratio=0.417377 val_intra_pair=0.035646/1.069875 val_intra_ratio=0.040217 train_action_cls=0.000000 train_action_acc=0.000 val_action_cls=0.000000 val_action_acc=0.000 grad_norm_mean=0.313 nan_loss=False nan_grad=False actions_covered=27 envs_covered=2
[ckpt] saved_last path=C:\Users\LuvRene\OneDrive\PythonProjects\Positioning\pose_estimationV2\checkpoints\ablation_pelvis_base_last.pth epoch=7
[ckpt] no_improve best_epoch=5 best_selection_score=-0.213704 best_val_nmpjpe=0.213704
[epoch_start] epoch=8/8 train_size=160380 val_size=80190 test_size=80190 lr=3.000e-04 lambda_batch_div=0.000 lambda_inter_div=0.000 lambda_intra_div=0.000
[train] epoch=8/8 step=1/100 loss=0.311009 grad_norm=0.280
[train] epoch=8/8 step=2/100 loss=0.377905 grad_norm=0.265
[train] epoch=8/8 step=3/100 loss=0.372701 grad_norm=0.205
[train] epoch=8/8 step=4/100 loss=0.593008 grad_norm=0.262
[train] epoch=8/8 step=5/100 loss=0.306904 grad_norm=0.434
[train] epoch=8/8 step=6/100 loss=0.306043 grad_norm=0.462
[train] epoch=8/8 step=7/100 loss=0.302202 grad_norm=0.354
[train] epoch=8/8 step=8/100 loss=0.342998 grad_norm=0.261
[train] epoch=8/8 step=9/100 loss=0.319748 grad_norm=0.352
[train] epoch=8/8 step=10/100 loss=0.308213 grad_norm=0.557
[train] epoch=8/8 step=11/100 loss=0.306559 grad_norm=0.383
[train] epoch=8/8 step=12/100 loss=0.323409 grad_norm=0.354
[train] epoch=8/8 step=13/100 loss=0.357823 grad_norm=0.176
[train] epoch=8/8 step=14/100 loss=0.297522 grad_norm=0.397
[train] epoch=8/8 step=15/100 loss=0.297839 grad_norm=0.557
[train] epoch=8/8 step=16/100 loss=0.775772 grad_norm=0.229
[train] epoch=8/8 step=17/100 loss=0.287809 grad_norm=0.252
[train] epoch=8/8 step=18/100 loss=0.306772 grad_norm=0.232
[train] epoch=8/8 step=19/100 loss=0.329347 grad_norm=0.242
[train] epoch=8/8 step=20/100 loss=0.297214 grad_norm=0.216
[train] epoch=8/8 step=21/100 loss=0.318203 grad_norm=0.313
[train] epoch=8/8 step=22/100 loss=0.336913 grad_norm=0.177
[train] epoch=8/8 step=23/100 loss=0.304861 grad_norm=0.239
[train] epoch=8/8 step=24/100 loss=0.323227 grad_norm=0.250
[train] epoch=8/8 step=25/100 loss=0.321582 grad_norm=0.265
[train] epoch=8/8 step=26/100 loss=0.312739 grad_norm=0.305
[train] epoch=8/8 step=27/100 loss=0.293191 grad_norm=0.232
[train] epoch=8/8 step=28/100 loss=0.300690 grad_norm=0.253
[train] epoch=8/8 step=29/100 loss=0.337429 grad_norm=0.193
[train] epoch=8/8 step=30/100 loss=0.305490 grad_norm=0.238
[train] epoch=8/8 step=31/100 loss=0.324893 grad_norm=0.237
[train] epoch=8/8 step=32/100 loss=0.303603 grad_norm=0.203
[train] epoch=8/8 step=33/100 loss=0.347933 grad_norm=0.469
[train] epoch=8/8 step=34/100 loss=0.346203 grad_norm=0.265
[train] epoch=8/8 step=35/100 loss=0.303681 grad_norm=0.224
[train] epoch=8/8 step=36/100 loss=0.324769 grad_norm=0.251
[train] epoch=8/8 step=37/100 loss=0.322627 grad_norm=0.228
[train] epoch=8/8 step=38/100 loss=0.303049 grad_norm=0.211
[train] epoch=8/8 step=39/100 loss=0.355031 grad_norm=0.227
[train] epoch=8/8 step=40/100 loss=0.437314 grad_norm=0.162
[train] epoch=8/8 step=41/100 loss=0.355824 grad_norm=0.213
[train] epoch=8/8 step=42/100 loss=0.339468 grad_norm=0.218
[train] epoch=8/8 step=43/100 loss=0.320647 grad_norm=0.240
[train] epoch=8/8 step=44/100 loss=0.310328 grad_norm=0.202
[train] epoch=8/8 step=45/100 loss=0.273746 grad_norm=0.288
[train] epoch=8/8 step=46/100 loss=0.300519 grad_norm=0.294
[train] epoch=8/8 step=47/100 loss=0.399098 grad_norm=0.185
[train] epoch=8/8 step=48/100 loss=0.355908 grad_norm=0.165
[train] epoch=8/8 step=49/100 loss=0.283222 grad_norm=0.370
[train] epoch=8/8 step=50/100 loss=0.332065 grad_norm=0.175
[train] epoch=8/8 step=51/100 loss=0.326486 grad_norm=0.210
[train] epoch=8/8 step=52/100 loss=0.322583 grad_norm=0.172
[train] epoch=8/8 step=53/100 loss=0.311774 grad_norm=0.165
[train] epoch=8/8 step=54/100 loss=0.320035 grad_norm=0.383
[train] epoch=8/8 step=55/100 loss=0.360341 grad_norm=0.295
[train] epoch=8/8 step=56/100 loss=0.327630 grad_norm=0.196
[train] epoch=8/8 step=57/100 loss=0.299575 grad_norm=0.211
[train] epoch=8/8 step=58/100 loss=0.360084 grad_norm=0.195
[train] epoch=8/8 step=59/100 loss=0.361778 grad_norm=0.173
[train] epoch=8/8 step=60/100 loss=0.334094 grad_norm=0.174
[train] epoch=8/8 step=61/100 loss=0.411526 grad_norm=0.269
[train] epoch=8/8 step=62/100 loss=0.305401 grad_norm=0.231
[train] epoch=8/8 step=63/100 loss=0.314493 grad_norm=0.245
[train] epoch=8/8 step=64/100 loss=0.320556 grad_norm=0.223
[train] epoch=8/8 step=65/100 loss=0.328199 grad_norm=0.311
[train] epoch=8/8 step=66/100 loss=0.517330 grad_norm=0.302
[train] epoch=8/8 step=67/100 loss=0.325180 grad_norm=0.196
[train] epoch=8/8 step=68/100 loss=0.305232 grad_norm=0.334
[train] epoch=8/8 step=69/100 loss=0.318612 grad_norm=0.180
[train] epoch=8/8 step=70/100 loss=0.293072 grad_norm=0.210
[train] epoch=8/8 step=71/100 loss=0.312793 grad_norm=0.209
[train] epoch=8/8 step=72/100 loss=0.297713 grad_norm=0.231
[train] epoch=8/8 step=73/100 loss=0.336817 grad_norm=0.277
[train] epoch=8/8 step=74/100 loss=0.314182 grad_norm=0.228
[train] epoch=8/8 step=75/100 loss=0.311081 grad_norm=0.219
[train] epoch=8/8 step=76/100 loss=0.297222 grad_norm=0.218
[train] epoch=8/8 step=77/100 loss=0.312309 grad_norm=0.196
[train] epoch=8/8 step=78/100 loss=0.291266 grad_norm=0.277
[train] epoch=8/8 step=79/100 loss=0.288168 grad_norm=0.233
[train] epoch=8/8 step=80/100 loss=0.304891 grad_norm=0.294
[train] epoch=8/8 step=81/100 loss=0.418157 grad_norm=0.238
[train] epoch=8/8 step=82/100 loss=0.322675 grad_norm=0.262
[train] epoch=8/8 step=83/100 loss=0.317524 grad_norm=0.220
[train] epoch=8/8 step=84/100 loss=0.309434 grad_norm=0.309
[train] epoch=8/8 step=85/100 loss=0.307264 grad_norm=0.279
[train] epoch=8/8 step=86/100 loss=0.307140 grad_norm=0.268
[train] epoch=8/8 step=87/100 loss=0.317868 grad_norm=0.283
[train] epoch=8/8 step=88/100 loss=0.320714 grad_norm=0.310
[train] epoch=8/8 step=89/100 loss=0.419532 grad_norm=0.242
[train] epoch=8/8 step=90/100 loss=0.327262 grad_norm=0.295
[train] epoch=8/8 step=91/100 loss=0.344936 grad_norm=0.191
[train] epoch=8/8 step=92/100 loss=0.337559 grad_norm=0.213
[train] epoch=8/8 step=93/100 loss=0.336663 grad_norm=0.232
[train] epoch=8/8 step=94/100 loss=0.470286 grad_norm=0.192
[train] epoch=8/8 step=95/100 loss=0.299649 grad_norm=0.169
[train] epoch=8/8 step=96/100 loss=0.331280 grad_norm=0.244
[train] epoch=8/8 step=97/100 loss=0.301925 grad_norm=0.336
[train] epoch=8/8 step=98/100 loss=0.290486 grad_norm=0.217
[train] epoch=8/8 step=99/100 loss=0.323494 grad_norm=0.177
[train] epoch=8/8 step=100/100 loss=0.333546 grad_norm=0.333
[epoch_summary] epoch=8/8 time_epoch=57.2s elapsed=774.9s eta=0.0s lambda_batch_div=0.000 lambda_inter_div=0.000 lambda_intra_div=0.000 selection_mode=accuracy selection_score=-0.215488 train_loss=0.334829 val_loss=0.293253 val_nmpjpe=0.215488 train_pose=0.036143 train_rel=0.059459 train_dist=0.207998 train_dir=0.060959 train_var=0.081072 train_batch_div=0.346486 train_inter_div=0.345569 train_intra_div=0.333885 val_pose=0.030282 val_rel=0.050812 val_dist=0.181404 val_dir=0.056160 val_var=0.054247 val_batch_div=0.554214 val_inter_div=0.010650 val_intra_div=0.554265 train_std=0.058383/0.218119 train_std_ratio=0.295463 val_std=0.004329/0.097486 val_std_ratio=0.056267 train_pair_dist=0.495436/1.919574 train_pair_ratio=0.262554 val_pair_dist=0.034799/1.075181 val_pair_ratio=0.038917 train_inter_pair=0.495404/1.941464 train_inter_ratio=0.259493 val_inter_pair=0.000827/0.044053 val_inter_ratio=0.000484 train_intra_pair=0.495836/1.346381 train_intra_ratio=0.382316 val_intra_pair=0.034749/1.069875 val_intra_ratio=0.039066 train_action_cls=0.000000 train_action_acc=0.000 val_action_cls=0.000000 val_action_acc=0.000 grad_norm_mean=0.258 nan_loss=False nan_grad=False actions_covered=27 envs_covered=2
[ckpt] saved_last path=C:\Users\LuvRene\OneDrive\PythonProjects\Positioning\pose_estimationV2\checkpoints\ablation_pelvis_base_last.pth epoch=8
[ckpt] no_improve best_epoch=5 best_selection_score=-0.213704 best_val_nmpjpe=0.213704
[plot] saved path=C:\Users\LuvRene\OneDrive\PythonProjects\Positioning\pose_estimationV2\logs\train\ablation_pelvis_base_resnet1d_20260327-151659_curves.png
[history] saved path=C:\Users\LuvRene\OneDrive\PythonProjects\Positioning\pose_estimationV2\logs\train\ablation_pelvis_base_resnet1d_20260327-151659_history.csv
[test_summary] best_epoch=5 test_loss=0.322663 test_nmpjpe=0.224012 test_pose=0.033830 test_rel=0.054615 test_dist=0.201942 test_dir=0.059583 test_var=0.060673 test_batch_div=0.556616 test_inter_div=0.010361 test_intra_div=0.556736 test_std=0.003734/0.107264 test_std_ratio=0.046606 test_pair_dist=0.030787/1.147155 test_pair_ratio=0.033153 test_inter_pair=0.000791/0.040340 test_inter_ratio=0.000438 test_intra_pair=0.030738/1.140678 test_intra_ratio=0.033296 test_action_cls=0.000000 test_action_acc=0.000
[assessment] status=usable reason=Validation stayed close to the best point (0.2137) and final test nMPJPE is 0.2240.
