[run] config=configs/default.yaml device=cuda:0
[run] model=resnet1d
[run] window_size=1
[run] normalize_mode=pelvis_torso
[run] aoa_cache_root=D:\Files\WiFi_Pose\WiFiPoseV3\data\aoa_cache
[run] labels_root=D:\Files\WiFi_Pose\WiFiPoseV3\data\dataset
[run] val_env=env3 test_env=env4
[run] logs_file=C:\Users\LuvRene\OneDrive\PythonProjects\Positioning\pose_estimationV2\logs\train\ablation_pelvis_interdiv_resnet1d_20260327-155037.log
[run] selection_mode=accuracy lambda_var=0.000 lambda_batch_div=0.000 lambda_inter_div=0.250 lambda_intra_div=0.000
[data] dataset_size=320760 train_size=160380 val_size=80190 test_size=80190 batch_size=64 window_size=1
[run] action_aux enabled=False
[epoch_start] epoch=1/8 train_size=160380 val_size=80190 test_size=80190 lr=3.000e-04 lambda_batch_div=0.000 lambda_inter_div=0.250 lambda_intra_div=0.000
[train] epoch=1/8 step=1/100 loss=2.333929 grad_norm=5.509
[train] epoch=1/8 step=2/100 loss=2.160898 grad_norm=6.997
[train] epoch=1/8 step=3/100 loss=1.866063 grad_norm=4.812
[train] epoch=1/8 step=4/100 loss=1.621583 grad_norm=4.418
[train] epoch=1/8 step=5/100 loss=1.438628 grad_norm=4.148
[train] epoch=1/8 step=6/100 loss=1.288688 grad_norm=3.740
[train] epoch=1/8 step=7/100 loss=1.124316 grad_norm=3.372
[train] epoch=1/8 step=8/100 loss=1.030227 grad_norm=3.190
[train] epoch=1/8 step=9/100 loss=0.909694 grad_norm=2.966
[train] epoch=1/8 step=10/100 loss=0.881370 grad_norm=2.733
[train] epoch=1/8 step=11/100 loss=1.441024 grad_norm=2.481
[train] epoch=1/8 step=12/100 loss=0.757942 grad_norm=2.521
[train] epoch=1/8 step=13/100 loss=0.752147 grad_norm=2.513
[train] epoch=1/8 step=14/100 loss=0.724159 grad_norm=2.534
[train] epoch=1/8 step=15/100 loss=0.674139 grad_norm=2.303
[train] epoch=1/8 step=16/100 loss=0.641610 grad_norm=1.954
[train] epoch=1/8 step=17/100 loss=0.604806 grad_norm=2.044
[train] epoch=1/8 step=18/100 loss=0.591741 grad_norm=1.699
[train] epoch=1/8 step=19/100 loss=0.552325 grad_norm=1.426
[train] epoch=1/8 step=20/100 loss=0.565088 grad_norm=1.260
[train] epoch=1/8 step=21/100 loss=0.527560 grad_norm=2.189
[train] epoch=1/8 step=22/100 loss=0.567660 grad_norm=1.104
[train] epoch=1/8 step=23/100 loss=0.531901 grad_norm=1.302
[train] epoch=1/8 step=24/100 loss=0.527776 grad_norm=1.520
[train] epoch=1/8 step=25/100 loss=0.865379 grad_norm=1.092
[train] epoch=1/8 step=26/100 loss=0.521621 grad_norm=1.200
[train] epoch=1/8 step=27/100 loss=0.482490 grad_norm=1.285
[train] epoch=1/8 step=28/100 loss=0.535091 grad_norm=1.106
[train] epoch=1/8 step=29/100 loss=0.489525 grad_norm=1.007
[train] epoch=1/8 step=30/100 loss=0.452106 grad_norm=1.040
[train] epoch=1/8 step=31/100 loss=0.488121 grad_norm=0.774
[train] epoch=1/8 step=32/100 loss=0.433022 grad_norm=0.837
[train] epoch=1/8 step=33/100 loss=0.420684 grad_norm=0.732
[train] epoch=1/8 step=34/100 loss=0.459885 grad_norm=0.837
[train] epoch=1/8 step=35/100 loss=0.418712 grad_norm=0.728
[train] epoch=1/8 step=36/100 loss=0.469115 grad_norm=0.690
[train] epoch=1/8 step=37/100 loss=0.482572 grad_norm=0.921
[train] epoch=1/8 step=38/100 loss=0.442001 grad_norm=0.671
[train] epoch=1/8 step=39/100 loss=0.478023 grad_norm=0.809
[train] epoch=1/8 step=40/100 loss=0.458665 grad_norm=0.714
[train] epoch=1/8 step=41/100 loss=0.430243 grad_norm=0.595
[train] epoch=1/8 step=42/100 loss=0.415010 grad_norm=0.624
[train] epoch=1/8 step=43/100 loss=0.419801 grad_norm=0.612
[train] epoch=1/8 step=44/100 loss=0.449988 grad_norm=0.668
[train] epoch=1/8 step=45/100 loss=0.471063 grad_norm=0.591
[train] epoch=1/8 step=46/100 loss=0.447073 grad_norm=0.481
[train] epoch=1/8 step=47/100 loss=0.431341 grad_norm=0.576
[train] epoch=1/8 step=48/100 loss=0.447231 grad_norm=0.603
[train] epoch=1/8 step=49/100 loss=0.453623 grad_norm=0.599
[train] epoch=1/8 step=50/100 loss=0.429252 grad_norm=0.761
[train] epoch=1/8 step=51/100 loss=0.437278 grad_norm=0.467
[train] epoch=1/8 step=52/100 loss=0.431219 grad_norm=0.511
[train] epoch=1/8 step=53/100 loss=0.441960 grad_norm=0.841
[train] epoch=1/8 step=54/100 loss=0.434953 grad_norm=0.650
[train] epoch=1/8 step=55/100 loss=0.469865 grad_norm=0.524
[train] epoch=1/8 step=56/100 loss=0.413635 grad_norm=0.596
[train] epoch=1/8 step=57/100 loss=0.410685 grad_norm=0.591
[train] epoch=1/8 step=58/100 loss=0.419667 grad_norm=0.649
[train] epoch=1/8 step=59/100 loss=0.487896 grad_norm=0.479
[train] epoch=1/8 step=60/100 loss=0.438019 grad_norm=0.505
[train] epoch=1/8 step=61/100 loss=0.415693 grad_norm=0.662
[train] epoch=1/8 step=62/100 loss=0.447475 grad_norm=0.484
[train] epoch=1/8 step=63/100 loss=0.470644 grad_norm=0.436
[train] epoch=1/8 step=64/100 loss=0.455134 grad_norm=0.690
[train] epoch=1/8 step=65/100 loss=0.435238 grad_norm=0.481
[train] epoch=1/8 step=66/100 loss=0.397301 grad_norm=0.734
[train] epoch=1/8 step=67/100 loss=0.446934 grad_norm=0.538
[train] epoch=1/8 step=68/100 loss=0.414145 grad_norm=0.677
[train] epoch=1/8 step=69/100 loss=0.413136 grad_norm=0.431
[train] epoch=1/8 step=70/100 loss=0.407693 grad_norm=0.466
[train] epoch=1/8 step=71/100 loss=0.461182 grad_norm=0.533
[train] epoch=1/8 step=72/100 loss=0.415754 grad_norm=0.455
[train] epoch=1/8 step=73/100 loss=0.409792 grad_norm=0.605
[train] epoch=1/8 step=74/100 loss=0.461443 grad_norm=0.678
[train] epoch=1/8 step=75/100 loss=0.447886 grad_norm=0.406
[train] epoch=1/8 step=76/100 loss=0.500211 grad_norm=0.404
[train] epoch=1/8 step=77/100 loss=0.433801 grad_norm=0.427
[train] epoch=1/8 step=78/100 loss=0.437041 grad_norm=0.712
[train] epoch=1/8 step=79/100 loss=0.382988 grad_norm=0.564
[train] epoch=1/8 step=80/100 loss=0.431784 grad_norm=0.543
[train] epoch=1/8 step=81/100 loss=0.446663 grad_norm=0.425
[train] epoch=1/8 step=82/100 loss=0.455137 grad_norm=0.616
[train] epoch=1/8 step=83/100 loss=0.383673 grad_norm=0.507
[train] epoch=1/8 step=84/100 loss=0.428008 grad_norm=0.638
[train] epoch=1/8 step=85/100 loss=0.418298 grad_norm=0.524
[train] epoch=1/8 step=86/100 loss=0.441758 grad_norm=0.648
[train] epoch=1/8 step=87/100 loss=0.441268 grad_norm=0.737
[train] epoch=1/8 step=88/100 loss=0.464384 grad_norm=0.768
[train] epoch=1/8 step=89/100 loss=0.384427 grad_norm=0.708
[train] epoch=1/8 step=90/100 loss=0.486465 grad_norm=0.478
[train] epoch=1/8 step=91/100 loss=0.472756 grad_norm=0.405
[train] epoch=1/8 step=92/100 loss=0.479236 grad_norm=0.560
[train] epoch=1/8 step=93/100 loss=0.442243 grad_norm=0.869
[train] epoch=1/8 step=94/100 loss=0.448064 grad_norm=0.511
[train] epoch=1/8 step=95/100 loss=0.399751 grad_norm=0.582
[train] epoch=1/8 step=96/100 loss=0.453534 grad_norm=0.459
[train] epoch=1/8 step=97/100 loss=0.413138 grad_norm=0.664
[train] epoch=1/8 step=98/100 loss=0.408691 grad_norm=0.511
[train] epoch=1/8 step=99/100 loss=2.529202 grad_norm=0.631
[train] epoch=1/8 step=100/100 loss=0.460888 grad_norm=0.372
[epoch_summary] epoch=1/8 time_epoch=169.0s elapsed=169.0s eta=1182.7s lambda_batch_div=0.000 lambda_inter_div=0.250 lambda_intra_div=0.000 selection_mode=accuracy selection_score=-0.222882 train_loss=0.603349 val_loss=0.312665 val_nmpjpe=0.222882 train_pose=0.073771 train_rel=0.111456 train_dist=0.327350 train_dir=0.109909 train_var=0.052143 train_batch_div=0.148299 train_inter_div=0.146370 train_intra_div=0.229034 val_pose=0.031273 val_rel=0.051270 val_dist=0.197221 val_dir=0.056139 val_var=0.046123 val_batch_div=0.488872 val_inter_div=0.009589 val_intra_div=0.488745 train_std=0.162539/0.244081 train_std_ratio=0.855480 val_std=0.015380/0.097486 val_std_ratio=0.201401 train_pair_dist=1.341207/1.951945 train_pair_ratio=0.724677 val_pair_dist=0.121016/1.075181 val_pair_ratio=0.136148 train_inter_pair=1.341285/1.973053 train_inter_ratio=0.716133 val_inter_pair=0.003030/0.044053 val_inter_ratio=0.001778 train_intra_pair=1.339514/1.396464 train_intra_ratio=1.068305 val_intra_pair=0.120816/1.069875 val_intra_ratio=0.136698 train_action_cls=0.000000 train_action_acc=0.000 val_action_cls=0.000000 val_action_acc=0.000 grad_norm_mean=1.176 nan_loss=False nan_grad=False actions_covered=27 envs_covered=2
[ckpt] saved_last path=C:\Users\LuvRene\OneDrive\PythonProjects\Positioning\pose_estimationV2\checkpoints\ablation_pelvis_interdiv_last.pth epoch=1
[ckpt] saved path=C:\Users\LuvRene\OneDrive\PythonProjects\Positioning\pose_estimationV2\checkpoints\ablation_pelvis_interdiv.pth epoch=1 best_selection_score=-0.222882 val_nmpjpe=0.222882
[epoch_start] epoch=2/8 train_size=160380 val_size=80190 test_size=80190 lr=3.000e-04 lambda_batch_div=0.000 lambda_inter_div=0.250 lambda_intra_div=0.000
[train] epoch=2/8 step=1/100 loss=0.422889 grad_norm=0.720
[train] epoch=2/8 step=2/100 loss=0.367054 grad_norm=0.331
[train] epoch=2/8 step=3/100 loss=0.406560 grad_norm=0.504
[train] epoch=2/8 step=4/100 loss=0.478878 grad_norm=0.411
[train] epoch=2/8 step=5/100 loss=0.441954 grad_norm=0.378
[train] epoch=2/8 step=6/100 loss=0.459044 grad_norm=0.449
[train] epoch=2/8 step=7/100 loss=0.414803 grad_norm=0.378
[train] epoch=2/8 step=8/100 loss=0.399228 grad_norm=0.706
[train] epoch=2/8 step=9/100 loss=0.435845 grad_norm=0.441
[train] epoch=2/8 step=10/100 loss=0.385164 grad_norm=0.506
[train] epoch=2/8 step=11/100 loss=0.407396 grad_norm=0.503
[train] epoch=2/8 step=12/100 loss=0.423909 grad_norm=0.473
[train] epoch=2/8 step=13/100 loss=0.415061 grad_norm=0.576
[train] epoch=2/8 step=14/100 loss=0.430711 grad_norm=0.500
[train] epoch=2/8 step=15/100 loss=0.405778 grad_norm=0.469
[train] epoch=2/8 step=16/100 loss=0.414116 grad_norm=0.365
[train] epoch=2/8 step=17/100 loss=0.431465 grad_norm=0.448
[train] epoch=2/8 step=18/100 loss=0.532946 grad_norm=0.365
[train] epoch=2/8 step=19/100 loss=0.415833 grad_norm=0.444
[train] epoch=2/8 step=20/100 loss=0.437516 grad_norm=0.424
[train] epoch=2/8 step=21/100 loss=0.444994 grad_norm=0.494
[train] epoch=2/8 step=22/100 loss=0.416933 grad_norm=0.529
[train] epoch=2/8 step=23/100 loss=0.426965 grad_norm=0.530
[train] epoch=2/8 step=24/100 loss=0.399974 grad_norm=0.400
[train] epoch=2/8 step=25/100 loss=0.385924 grad_norm=0.397
[train] epoch=2/8 step=26/100 loss=0.406669 grad_norm=0.312
[train] epoch=2/8 step=27/100 loss=0.533344 grad_norm=0.404
[train] epoch=2/8 step=28/100 loss=0.436714 grad_norm=0.497
[train] epoch=2/8 step=29/100 loss=0.416056 grad_norm=0.400
[train] epoch=2/8 step=30/100 loss=0.399894 grad_norm=0.423
[train] epoch=2/8 step=31/100 loss=0.366106 grad_norm=0.478
[train] epoch=2/8 step=32/100 loss=0.481511 grad_norm=0.440
[train] epoch=2/8 step=33/100 loss=0.443713 grad_norm=0.476
[train] epoch=2/8 step=34/100 loss=0.401343 grad_norm=0.405
[train] epoch=2/8 step=35/100 loss=0.398482 grad_norm=0.588
[train] epoch=2/8 step=36/100 loss=0.405246 grad_norm=0.794
[train] epoch=2/8 step=37/100 loss=0.580955 grad_norm=0.404
[train] epoch=2/8 step=38/100 loss=0.403612 grad_norm=0.387
[train] epoch=2/8 step=39/100 loss=0.415216 grad_norm=0.536
[train] epoch=2/8 step=40/100 loss=0.395891 grad_norm=0.700
[train] epoch=2/8 step=41/100 loss=0.467472 grad_norm=0.447
[train] epoch=2/8 step=42/100 loss=0.444378 grad_norm=0.422
[train] epoch=2/8 step=43/100 loss=0.436508 grad_norm=0.286
[train] epoch=2/8 step=44/100 loss=0.395723 grad_norm=0.395
[train] epoch=2/8 step=45/100 loss=0.381152 grad_norm=0.360
[train] epoch=2/8 step=46/100 loss=0.429558 grad_norm=0.312
[train] epoch=2/8 step=47/100 loss=0.441473 grad_norm=0.545
[train] epoch=2/8 step=48/100 loss=0.456825 grad_norm=0.453
[train] epoch=2/8 step=49/100 loss=0.462552 grad_norm=0.471
[train] epoch=2/8 step=50/100 loss=0.494264 grad_norm=0.457
[train] epoch=2/8 step=51/100 loss=0.413092 grad_norm=0.490
[train] epoch=2/8 step=52/100 loss=0.497742 grad_norm=0.463
[train] epoch=2/8 step=53/100 loss=0.407022 grad_norm=0.477
[train] epoch=2/8 step=54/100 loss=0.423589 grad_norm=0.346
[train] epoch=2/8 step=55/100 loss=0.411478 grad_norm=0.453
[train] epoch=2/8 step=56/100 loss=0.438501 grad_norm=0.339
[train] epoch=2/8 step=57/100 loss=0.437401 grad_norm=0.435
[train] epoch=2/8 step=58/100 loss=0.406548 grad_norm=0.346
[train] epoch=2/8 step=59/100 loss=0.405045 grad_norm=0.431
[train] epoch=2/8 step=60/100 loss=0.436951 grad_norm=0.546
[train] epoch=2/8 step=61/100 loss=0.373478 grad_norm=0.359
[train] epoch=2/8 step=62/100 loss=0.407058 grad_norm=0.429
[train] epoch=2/8 step=63/100 loss=0.473239 grad_norm=0.352
[train] epoch=2/8 step=64/100 loss=0.707167 grad_norm=0.372
[train] epoch=2/8 step=65/100 loss=0.401983 grad_norm=0.355
[train] epoch=2/8 step=66/100 loss=0.383661 grad_norm=0.332
[train] epoch=2/8 step=67/100 loss=0.381064 grad_norm=0.324
[train] epoch=2/8 step=68/100 loss=0.520838 grad_norm=0.407
[train] epoch=2/8 step=69/100 loss=1.082920 grad_norm=0.440
[train] epoch=2/8 step=70/100 loss=0.501122 grad_norm=0.414
[train] epoch=2/8 step=71/100 loss=0.426736 grad_norm=0.330
[train] epoch=2/8 step=72/100 loss=0.412374 grad_norm=0.312
[train] epoch=2/8 step=73/100 loss=0.417582 grad_norm=0.342
[train] epoch=2/8 step=74/100 loss=0.415132 grad_norm=0.376
[train] epoch=2/8 step=75/100 loss=0.382994 grad_norm=0.303
[train] epoch=2/8 step=76/100 loss=0.415441 grad_norm=0.330
[train] epoch=2/8 step=77/100 loss=0.416314 grad_norm=0.402
[train] epoch=2/8 step=78/100 loss=0.435343 grad_norm=0.374
[train] epoch=2/8 step=79/100 loss=0.389010 grad_norm=0.359
[train] epoch=2/8 step=80/100 loss=0.441881 grad_norm=0.454
[train] epoch=2/8 step=81/100 loss=0.424275 grad_norm=0.431
[train] epoch=2/8 step=82/100 loss=0.416417 grad_norm=0.477
[train] epoch=2/8 step=83/100 loss=0.390878 grad_norm=0.456
[train] epoch=2/8 step=84/100 loss=0.584653 grad_norm=0.384
[train] epoch=2/8 step=85/100 loss=0.413611 grad_norm=0.433
[train] epoch=2/8 step=86/100 loss=0.426164 grad_norm=0.417
[train] epoch=2/8 step=87/100 loss=0.401635 grad_norm=0.363
[train] epoch=2/8 step=88/100 loss=0.430782 grad_norm=0.387
[train] epoch=2/8 step=89/100 loss=0.397174 grad_norm=0.650
[train] epoch=2/8 step=90/100 loss=0.478047 grad_norm=0.334
[train] epoch=2/8 step=91/100 loss=0.429571 grad_norm=0.375
[train] epoch=2/8 step=92/100 loss=0.399585 grad_norm=0.536
[train] epoch=2/8 step=93/100 loss=0.536443 grad_norm=0.581
[train] epoch=2/8 step=94/100 loss=0.555646 grad_norm=0.610
[train] epoch=2/8 step=95/100 loss=0.445689 grad_norm=0.466
[train] epoch=2/8 step=96/100 loss=0.413781 grad_norm=0.597
[train] epoch=2/8 step=97/100 loss=0.388957 grad_norm=0.457
[train] epoch=2/8 step=98/100 loss=0.396066 grad_norm=0.454
[train] epoch=2/8 step=99/100 loss=0.369443 grad_norm=0.427
[train] epoch=2/8 step=100/100 loss=0.410400 grad_norm=0.567
[epoch_summary] epoch=2/8 time_epoch=56.6s elapsed=225.6s eta=676.8s lambda_batch_div=0.000 lambda_inter_div=0.250 lambda_intra_div=0.000 selection_mode=accuracy selection_score=-0.240198 train_loss=0.438675 val_loss=0.311914 val_nmpjpe=0.240198 train_pose=0.042108 train_rel=0.069286 train_dist=0.242435 train_dir=0.068969 train_var=0.046382 train_batch_div=0.202935 train_inter_div=0.202082 train_intra_div=0.211758 val_pose=0.033355 val_rel=0.052316 val_dist=0.194210 val_dir=0.056308 val_var=0.038032 val_batch_div=0.397375 val_inter_div=0.007536 val_intra_div=0.397446 train_std=0.122083/0.221377 train_std_ratio=0.614830 val_std=0.040471/0.097486 val_std_ratio=0.528851 train_pair_dist=1.010914/1.926794 train_pair_ratio=0.534768 val_pair_dist=0.325911/1.075181 val_pair_ratio=0.365955 train_inter_pair=1.010859/1.949957 train_inter_ratio=0.528292 val_inter_pair=0.008350/0.044053 val_inter_ratio=0.004852 train_intra_pair=1.012470/1.336127 train_intra_ratio=0.786078 val_intra_pair=0.325224/1.069875 val_intra_ratio=0.367224 train_action_cls=0.000000 train_action_acc=0.000 val_action_cls=0.000000 val_action_acc=0.000 grad_norm_mean=0.442 nan_loss=False nan_grad=False actions_covered=27 envs_covered=2
[ckpt] saved_last path=C:\Users\LuvRene\OneDrive\PythonProjects\Positioning\pose_estimationV2\checkpoints\ablation_pelvis_interdiv_last.pth epoch=2
[ckpt] no_improve best_epoch=1 best_selection_score=-0.222882 best_val_nmpjpe=0.222882
[epoch_start] epoch=3/8 train_size=160380 val_size=80190 test_size=80190 lr=3.000e-04 lambda_batch_div=0.000 lambda_inter_div=0.250 lambda_intra_div=0.000
[train] epoch=3/8 step=1/100 loss=0.428341 grad_norm=0.480
[train] epoch=3/8 step=2/100 loss=0.401868 grad_norm=0.501
[train] epoch=3/8 step=3/100 loss=0.399788 grad_norm=0.842
[train] epoch=3/8 step=4/100 loss=0.373297 grad_norm=0.519
[train] epoch=3/8 step=5/100 loss=0.365016 grad_norm=0.386
[train] epoch=3/8 step=6/100 loss=0.381059 grad_norm=0.418
[train] epoch=3/8 step=7/100 loss=0.419342 grad_norm=0.515
[train] epoch=3/8 step=8/100 loss=0.385560 grad_norm=0.962
[train] epoch=3/8 step=9/100 loss=0.393810 grad_norm=0.444
[train] epoch=3/8 step=10/100 loss=0.422410 grad_norm=0.558
[train] epoch=3/8 step=11/100 loss=0.445750 grad_norm=0.560
[train] epoch=3/8 step=12/100 loss=0.401091 grad_norm=0.408
[train] epoch=3/8 step=13/100 loss=0.403928 grad_norm=0.603
[train] epoch=3/8 step=14/100 loss=0.499463 grad_norm=0.385
[train] epoch=3/8 step=15/100 loss=0.423815 grad_norm=0.376
[train] epoch=3/8 step=16/100 loss=0.410665 grad_norm=0.557
[train] epoch=3/8 step=17/100 loss=0.416273 grad_norm=0.691
[train] epoch=3/8 step=18/100 loss=0.410483 grad_norm=0.400
[train] epoch=3/8 step=19/100 loss=0.386349 grad_norm=0.330
[train] epoch=3/8 step=20/100 loss=0.411371 grad_norm=0.296
[train] epoch=3/8 step=21/100 loss=0.411813 grad_norm=0.676
[train] epoch=3/8 step=22/100 loss=0.352104 grad_norm=0.568
[train] epoch=3/8 step=23/100 loss=0.438322 grad_norm=0.466
[train] epoch=3/8 step=24/100 loss=0.415601 grad_norm=0.376
[train] epoch=3/8 step=25/100 loss=0.428425 grad_norm=0.491
[train] epoch=3/8 step=26/100 loss=0.385672 grad_norm=0.399
[train] epoch=3/8 step=27/100 loss=0.402656 grad_norm=0.478
[train] epoch=3/8 step=28/100 loss=0.427946 grad_norm=0.539
[train] epoch=3/8 step=29/100 loss=0.363928 grad_norm=0.320
[train] epoch=3/8 step=30/100 loss=0.392934 grad_norm=0.307
[train] epoch=3/8 step=31/100 loss=0.533207 grad_norm=0.599
[train] epoch=3/8 step=32/100 loss=0.393790 grad_norm=0.622
[train] epoch=3/8 step=33/100 loss=0.423891 grad_norm=0.547
[train] epoch=3/8 step=34/100 loss=0.430252 grad_norm=0.355
[train] epoch=3/8 step=35/100 loss=0.458183 grad_norm=0.327
[train] epoch=3/8 step=36/100 loss=0.521691 grad_norm=0.506
[train] epoch=3/8 step=37/100 loss=0.410336 grad_norm=0.890
[train] epoch=3/8 step=38/100 loss=0.480532 grad_norm=0.331
[train] epoch=3/8 step=39/100 loss=0.388789 grad_norm=0.355
[train] epoch=3/8 step=40/100 loss=0.439614 grad_norm=0.463
[train] epoch=3/8 step=41/100 loss=0.392291 grad_norm=0.452
[train] epoch=3/8 step=42/100 loss=0.393699 grad_norm=0.445
[train] epoch=3/8 step=43/100 loss=0.422191 grad_norm=0.316
[train] epoch=3/8 step=44/100 loss=0.400915 grad_norm=0.663
[train] epoch=3/8 step=45/100 loss=0.432313 grad_norm=0.545
[train] epoch=3/8 step=46/100 loss=0.415264 grad_norm=0.425
[train] epoch=3/8 step=47/100 loss=0.400943 grad_norm=0.519
[train] epoch=3/8 step=48/100 loss=0.413199 grad_norm=0.716
[train] epoch=3/8 step=49/100 loss=0.436413 grad_norm=0.402
[train] epoch=3/8 step=50/100 loss=0.376598 grad_norm=0.363
[train] epoch=3/8 step=51/100 loss=0.426016 grad_norm=0.434
[train] epoch=3/8 step=52/100 loss=0.484714 grad_norm=0.333
[train] epoch=3/8 step=53/100 loss=0.721668 grad_norm=0.413
[train] epoch=3/8 step=54/100 loss=0.383137 grad_norm=0.491
[train] epoch=3/8 step=55/100 loss=0.373826 grad_norm=0.437
[train] epoch=3/8 step=56/100 loss=0.349394 grad_norm=0.481
[train] epoch=3/8 step=57/100 loss=0.479249 grad_norm=0.421
[train] epoch=3/8 step=58/100 loss=0.395190 grad_norm=0.636
[train] epoch=3/8 step=59/100 loss=0.384153 grad_norm=0.342
[train] epoch=3/8 step=60/100 loss=0.430190 grad_norm=0.359
[train] epoch=3/8 step=61/100 loss=0.380882 grad_norm=0.311
[train] epoch=3/8 step=62/100 loss=0.409310 grad_norm=0.386
[train] epoch=3/8 step=63/100 loss=0.451465 grad_norm=0.336
[train] epoch=3/8 step=64/100 loss=0.407302 grad_norm=0.305
[train] epoch=3/8 step=65/100 loss=0.379462 grad_norm=0.366
[train] epoch=3/8 step=66/100 loss=0.424868 grad_norm=0.347
[train] epoch=3/8 step=67/100 loss=0.368832 grad_norm=0.365
[train] epoch=3/8 step=68/100 loss=0.359094 grad_norm=0.411
[train] epoch=3/8 step=69/100 loss=0.363174 grad_norm=0.342
[train] epoch=3/8 step=70/100 loss=0.377611 grad_norm=0.335
[train] epoch=3/8 step=71/100 loss=0.397867 grad_norm=0.331
[train] epoch=3/8 step=72/100 loss=0.386286 grad_norm=0.292
[train] epoch=3/8 step=73/100 loss=0.407226 grad_norm=0.343
[train] epoch=3/8 step=74/100 loss=0.536439 grad_norm=0.565
[train] epoch=3/8 step=75/100 loss=0.398561 grad_norm=0.322
[train] epoch=3/8 step=76/100 loss=0.404900 grad_norm=0.307
[train] epoch=3/8 step=77/100 loss=0.380413 grad_norm=0.280
[train] epoch=3/8 step=78/100 loss=0.366782 grad_norm=0.325
[train] epoch=3/8 step=79/100 loss=0.435368 grad_norm=0.369
[train] epoch=3/8 step=80/100 loss=0.412095 grad_norm=0.593
[train] epoch=3/8 step=81/100 loss=0.425717 grad_norm=0.276
[train] epoch=3/8 step=82/100 loss=0.379117 grad_norm=0.533
[train] epoch=3/8 step=83/100 loss=0.376192 grad_norm=0.302
[train] epoch=3/8 step=84/100 loss=0.449258 grad_norm=0.627
[train] epoch=3/8 step=85/100 loss=0.556968 grad_norm=0.392
[train] epoch=3/8 step=86/100 loss=0.367369 grad_norm=0.270
[train] epoch=3/8 step=87/100 loss=0.445457 grad_norm=0.299
[train] epoch=3/8 step=88/100 loss=0.431088 grad_norm=0.286
[train] epoch=3/8 step=89/100 loss=0.456994 grad_norm=0.424
[train] epoch=3/8 step=90/100 loss=0.385629 grad_norm=0.501
[train] epoch=3/8 step=91/100 loss=0.402824 grad_norm=0.325
[train] epoch=3/8 step=92/100 loss=0.444776 grad_norm=0.276
[train] epoch=3/8 step=93/100 loss=0.447315 grad_norm=0.281
[train] epoch=3/8 step=94/100 loss=0.344170 grad_norm=0.486
[train] epoch=3/8 step=95/100 loss=0.468448 grad_norm=0.671
[train] epoch=3/8 step=96/100 loss=0.565036 grad_norm=0.383
[train] epoch=3/8 step=97/100 loss=0.458830 grad_norm=0.335
[train] epoch=3/8 step=98/100 loss=0.455348 grad_norm=0.390
[train] epoch=3/8 step=99/100 loss=0.390698 grad_norm=0.563
[train] epoch=3/8 step=100/100 loss=0.393493 grad_norm=0.414
[epoch_summary] epoch=3/8 time_epoch=56.6s elapsed=282.2s eta=470.4s lambda_batch_div=0.000 lambda_inter_div=0.250 lambda_intra_div=0.000 selection_mode=accuracy selection_score=-0.265644 train_loss=0.418834 val_loss=0.313594 val_nmpjpe=0.265644 train_pose=0.041567 train_rel=0.064565 train_dist=0.230749 train_dir=0.067031 train_var=0.036867 train_batch_div=0.190084 train_inter_div=0.188815 train_intra_div=0.222111 val_pose=0.036090 val_rel=0.052337 val_dist=0.193393 val_dir=0.056259 val_var=0.033701 val_batch_div=0.401421 val_inter_div=0.006734 val_intra_div=0.402150 train_std=0.128922/0.205915 train_std_ratio=0.663382 val_std=0.059059/0.097486 val_std_ratio=0.776463 train_pair_dist=1.071438/1.893498 train_pair_ratio=0.572895 val_pair_dist=0.453625/1.075181 val_pair_ratio=0.509773 train_inter_pair=1.071639/1.916293 train_inter_ratio=0.566049 val_inter_pair=0.011671/0.044053 val_inter_ratio=0.006758 train_intra_pair=1.065480/1.299789 train_intra_ratio=0.847193 val_intra_pair=0.452600/1.069875 val_intra_ratio=0.511407 train_action_cls=0.000000 train_action_acc=0.000 val_action_cls=0.000000 val_action_acc=0.000 grad_norm_mean=0.443 nan_loss=False nan_grad=False actions_covered=27 envs_covered=2
[ckpt] saved_last path=C:\Users\LuvRene\OneDrive\PythonProjects\Positioning\pose_estimationV2\checkpoints\ablation_pelvis_interdiv_last.pth epoch=3
[ckpt] no_improve best_epoch=1 best_selection_score=-0.222882 best_val_nmpjpe=0.222882
[epoch_start] epoch=4/8 train_size=160380 val_size=80190 test_size=80190 lr=3.000e-04 lambda_batch_div=0.000 lambda_inter_div=0.250 lambda_intra_div=0.000
[train] epoch=4/8 step=1/100 loss=0.445276 grad_norm=0.368
[train] epoch=4/8 step=2/100 loss=0.430957 grad_norm=0.525
[train] epoch=4/8 step=3/100 loss=0.401869 grad_norm=0.436
[train] epoch=4/8 step=4/100 loss=0.420947 grad_norm=0.319
[train] epoch=4/8 step=5/100 loss=0.397209 grad_norm=0.348
[train] epoch=4/8 step=6/100 loss=0.421794 grad_norm=0.432
[train] epoch=4/8 step=7/100 loss=0.442852 grad_norm=0.375
[train] epoch=4/8 step=8/100 loss=0.436230 grad_norm=0.462
[train] epoch=4/8 step=9/100 loss=0.366350 grad_norm=0.536
[train] epoch=4/8 step=10/100 loss=0.378550 grad_norm=0.331
[train] epoch=4/8 step=11/100 loss=0.464307 grad_norm=0.382
[train] epoch=4/8 step=12/100 loss=0.397774 grad_norm=0.568
[train] epoch=4/8 step=13/100 loss=0.403161 grad_norm=0.732
[train] epoch=4/8 step=14/100 loss=0.416825 grad_norm=0.268
[train] epoch=4/8 step=15/100 loss=0.440666 grad_norm=0.451
[train] epoch=4/8 step=16/100 loss=0.469243 grad_norm=0.551
[train] epoch=4/8 step=17/100 loss=0.351295 grad_norm=0.391
[train] epoch=4/8 step=18/100 loss=0.363726 grad_norm=0.302
[train] epoch=4/8 step=19/100 loss=0.436366 grad_norm=0.278
[train] epoch=4/8 step=20/100 loss=0.496385 grad_norm=0.404
[train] epoch=4/8 step=21/100 loss=0.466434 grad_norm=0.361
[train] epoch=4/8 step=22/100 loss=0.346195 grad_norm=0.272
[train] epoch=4/8 step=23/100 loss=0.433493 grad_norm=0.361
[train] epoch=4/8 step=24/100 loss=0.362852 grad_norm=0.296
[train] epoch=4/8 step=25/100 loss=0.417545 grad_norm=0.353
[train] epoch=4/8 step=26/100 loss=0.414562 grad_norm=0.510
[train] epoch=4/8 step=27/100 loss=0.383372 grad_norm=0.323
[train] epoch=4/8 step=28/100 loss=0.373551 grad_norm=0.568
[train] epoch=4/8 step=29/100 loss=0.380502 grad_norm=0.309
[train] epoch=4/8 step=30/100 loss=0.431004 grad_norm=0.418
[train] epoch=4/8 step=31/100 loss=0.397086 grad_norm=0.320
[train] epoch=4/8 step=32/100 loss=0.542121 grad_norm=0.296
[train] epoch=4/8 step=33/100 loss=0.399005 grad_norm=0.319
[train] epoch=4/8 step=34/100 loss=0.358542 grad_norm=0.283
[train] epoch=4/8 step=35/100 loss=0.410930 grad_norm=0.488
[train] epoch=4/8 step=36/100 loss=0.428889 grad_norm=0.381
[train] epoch=4/8 step=37/100 loss=0.418602 grad_norm=0.288
[train] epoch=4/8 step=38/100 loss=0.419817 grad_norm=0.320
[train] epoch=4/8 step=39/100 loss=0.375729 grad_norm=0.297
[train] epoch=4/8 step=40/100 loss=0.392391 grad_norm=0.397
[train] epoch=4/8 step=41/100 loss=0.387371 grad_norm=0.293
[train] epoch=4/8 step=42/100 loss=0.366682 grad_norm=0.390
[train] epoch=4/8 step=43/100 loss=0.396734 grad_norm=0.332
[train] epoch=4/8 step=44/100 loss=0.385681 grad_norm=0.400
[train] epoch=4/8 step=45/100 loss=0.366841 grad_norm=0.328
[train] epoch=4/8 step=46/100 loss=0.476943 grad_norm=0.669
[train] epoch=4/8 step=47/100 loss=0.395218 grad_norm=0.422
[train] epoch=4/8 step=48/100 loss=0.552522 grad_norm=0.317
[train] epoch=4/8 step=49/100 loss=0.367359 grad_norm=0.444
[train] epoch=4/8 step=50/100 loss=0.387086 grad_norm=0.441
[train] epoch=4/8 step=51/100 loss=0.482201 grad_norm=0.587
[train] epoch=4/8 step=52/100 loss=0.395122 grad_norm=0.403
[train] epoch=4/8 step=53/100 loss=1.238454 grad_norm=0.385
[train] epoch=4/8 step=54/100 loss=0.359788 grad_norm=0.275
[train] epoch=4/8 step=55/100 loss=0.458171 grad_norm=0.263
[train] epoch=4/8 step=56/100 loss=0.385327 grad_norm=0.385
[train] epoch=4/8 step=57/100 loss=0.431088 grad_norm=0.436
[train] epoch=4/8 step=58/100 loss=0.362988 grad_norm=0.393
[train] epoch=4/8 step=59/100 loss=0.383494 grad_norm=0.414
[train] epoch=4/8 step=60/100 loss=0.411213 grad_norm=0.479
[train] epoch=4/8 step=61/100 loss=0.350375 grad_norm=0.406
[train] epoch=4/8 step=62/100 loss=0.359953 grad_norm=0.328
[train] epoch=4/8 step=63/100 loss=0.386717 grad_norm=0.341
[train] epoch=4/8 step=64/100 loss=0.431371 grad_norm=0.610
[train] epoch=4/8 step=65/100 loss=0.406272 grad_norm=0.424
[train] epoch=4/8 step=66/100 loss=0.379957 grad_norm=0.283
[train] epoch=4/8 step=67/100 loss=0.386926 grad_norm=0.280
[train] epoch=4/8 step=68/100 loss=0.323749 grad_norm=0.435
[train] epoch=4/8 step=69/100 loss=0.404237 grad_norm=0.467
[train] epoch=4/8 step=70/100 loss=0.366061 grad_norm=0.655
[train] epoch=4/8 step=71/100 loss=0.380409 grad_norm=0.285
[train] epoch=4/8 step=72/100 loss=0.397123 grad_norm=0.484
[train] epoch=4/8 step=73/100 loss=0.449577 grad_norm=0.754
[train] epoch=4/8 step=74/100 loss=0.391938 grad_norm=0.824
[train] epoch=4/8 step=75/100 loss=0.397652 grad_norm=0.253
[train] epoch=4/8 step=76/100 loss=0.398805 grad_norm=0.431
[train] epoch=4/8 step=77/100 loss=0.382723 grad_norm=0.412
[train] epoch=4/8 step=78/100 loss=0.508592 grad_norm=0.588
[train] epoch=4/8 step=79/100 loss=0.392371 grad_norm=0.338
[train] epoch=4/8 step=80/100 loss=0.335960 grad_norm=0.352
[train] epoch=4/8 step=81/100 loss=0.516746 grad_norm=0.353
[train] epoch=4/8 step=82/100 loss=0.400626 grad_norm=0.363
[train] epoch=4/8 step=83/100 loss=0.397395 grad_norm=0.310
[train] epoch=4/8 step=84/100 loss=0.394976 grad_norm=0.426
[train] epoch=4/8 step=85/100 loss=0.394388 grad_norm=0.291
[train] epoch=4/8 step=86/100 loss=0.435260 grad_norm=0.547
[train] epoch=4/8 step=87/100 loss=0.380916 grad_norm=0.339
[train] epoch=4/8 step=88/100 loss=0.421534 grad_norm=0.285
[train] epoch=4/8 step=89/100 loss=0.388928 grad_norm=0.425
[train] epoch=4/8 step=90/100 loss=0.355550 grad_norm=0.445
[train] epoch=4/8 step=91/100 loss=0.377241 grad_norm=0.296
[train] epoch=4/8 step=92/100 loss=0.390299 grad_norm=0.309
[train] epoch=4/8 step=93/100 loss=0.434829 grad_norm=0.374
[train] epoch=4/8 step=94/100 loss=0.413023 grad_norm=0.339
[train] epoch=4/8 step=95/100 loss=0.386584 grad_norm=0.391
[train] epoch=4/8 step=96/100 loss=0.390470 grad_norm=0.311
[train] epoch=4/8 step=97/100 loss=0.368676 grad_norm=0.478
[train] epoch=4/8 step=98/100 loss=0.400953 grad_norm=0.449
[train] epoch=4/8 step=99/100 loss=0.453544 grad_norm=0.273
[train] epoch=4/8 step=100/100 loss=0.448976 grad_norm=0.352
[epoch_summary] epoch=4/8 time_epoch=56.7s elapsed=339.0s eta=339.0s lambda_batch_div=0.000 lambda_inter_div=0.250 lambda_intra_div=0.000 selection_mode=accuracy selection_score=-0.278197 train_loss=0.415064 val_loss=0.313900 val_nmpjpe=0.278197 train_pose=0.043310 train_rel=0.064131 train_dist=0.225802 train_dir=0.065225 train_var=0.042694 train_batch_div=0.196177 train_inter_div=0.194643 train_intra_div=0.235458 val_pose=0.038068 val_rel=0.051729 val_dist=0.192089 val_dir=0.056238 val_var=0.029770 val_batch_div=0.413886 val_inter_div=0.006562 val_intra_div=0.414888 train_std=0.131008/0.217582 train_std_ratio=0.663415 val_std=0.070092/0.097486 val_std_ratio=0.919708 train_pair_dist=1.088612/1.913901 train_pair_ratio=0.579594 val_pair_dist=0.522023/1.075181 val_pair_ratio=0.586396 train_inter_pair=1.088707/1.934269 train_inter_ratio=0.572794 val_inter_pair=0.013160/0.044053 val_inter_ratio=0.007616 train_intra_pair=1.086068/1.384591 train_intra_ratio=0.846920 val_intra_pair=0.520855/1.069875 val_intra_ratio=0.588212 train_action_cls=0.000000 train_action_acc=0.000 val_action_cls=0.000000 val_action_acc=0.000 grad_norm_mean=0.400 nan_loss=False nan_grad=False actions_covered=27 envs_covered=2
[ckpt] saved_last path=C:\Users\LuvRene\OneDrive\PythonProjects\Positioning\pose_estimationV2\checkpoints\ablation_pelvis_interdiv_last.pth epoch=4
[ckpt] no_improve best_epoch=1 best_selection_score=-0.222882 best_val_nmpjpe=0.222882
[epoch_start] epoch=5/8 train_size=160380 val_size=80190 test_size=80190 lr=3.000e-04 lambda_batch_div=0.000 lambda_inter_div=0.250 lambda_intra_div=0.000
[train] epoch=5/8 step=1/100 loss=0.369214 grad_norm=0.344
[train] epoch=5/8 step=2/100 loss=0.376803 grad_norm=0.288
[train] epoch=5/8 step=3/100 loss=0.445853 grad_norm=0.414
[train] epoch=5/8 step=4/100 loss=0.388065 grad_norm=0.397
[train] epoch=5/8 step=5/100 loss=0.405367 grad_norm=0.318
[train] epoch=5/8 step=6/100 loss=0.364793 grad_norm=0.294
[train] epoch=5/8 step=7/100 loss=0.944080 grad_norm=0.332
[train] epoch=5/8 step=8/100 loss=0.383884 grad_norm=0.266
[train] epoch=5/8 step=9/100 loss=0.391483 grad_norm=0.304
[train] epoch=5/8 step=10/100 loss=0.371723 grad_norm=0.312
[train] epoch=5/8 step=11/100 loss=0.352509 grad_norm=0.269
[train] epoch=5/8 step=12/100 loss=0.439820 grad_norm=0.497
[train] epoch=5/8 step=13/100 loss=0.457342 grad_norm=0.364
[train] epoch=5/8 step=14/100 loss=0.402820 grad_norm=0.378
[train] epoch=5/8 step=15/100 loss=0.401368 grad_norm=0.360
[train] epoch=5/8 step=16/100 loss=0.397992 grad_norm=0.285
[train] epoch=5/8 step=17/100 loss=0.439600 grad_norm=0.381
[train] epoch=5/8 step=18/100 loss=0.444524 grad_norm=0.356
[train] epoch=5/8 step=19/100 loss=0.416389 grad_norm=0.291
[train] epoch=5/8 step=20/100 loss=0.374335 grad_norm=0.599
[train] epoch=5/8 step=21/100 loss=0.365775 grad_norm=0.415
[train] epoch=5/8 step=22/100 loss=0.384662 grad_norm=0.378
[train] epoch=5/8 step=23/100 loss=0.364495 grad_norm=0.553
[train] epoch=5/8 step=24/100 loss=0.366245 grad_norm=0.341
[train] epoch=5/8 step=25/100 loss=0.344539 grad_norm=0.421
[train] epoch=5/8 step=26/100 loss=0.378377 grad_norm=0.296
[train] epoch=5/8 step=27/100 loss=0.342962 grad_norm=0.354
[train] epoch=5/8 step=28/100 loss=0.387792 grad_norm=0.402
[train] epoch=5/8 step=29/100 loss=0.535973 grad_norm=0.878
[train] epoch=5/8 step=30/100 loss=0.384689 grad_norm=0.713
[train] epoch=5/8 step=31/100 loss=0.481957 grad_norm=0.282
[train] epoch=5/8 step=32/100 loss=0.393086 grad_norm=0.447
[train] epoch=5/8 step=33/100 loss=0.393505 grad_norm=0.625
[train] epoch=5/8 step=34/100 loss=0.511749 grad_norm=0.747
[train] epoch=5/8 step=35/100 loss=0.405629 grad_norm=0.309
[train] epoch=5/8 step=36/100 loss=0.411910 grad_norm=0.276
[train] epoch=5/8 step=37/100 loss=0.395688 grad_norm=0.628
[train] epoch=5/8 step=38/100 loss=0.339800 grad_norm=0.453
[train] epoch=5/8 step=39/100 loss=0.541465 grad_norm=0.662
[train] epoch=5/8 step=40/100 loss=0.391564 grad_norm=0.272
[train] epoch=5/8 step=41/100 loss=0.373120 grad_norm=0.247
[train] epoch=5/8 step=42/100 loss=0.381243 grad_norm=0.312
[train] epoch=5/8 step=43/100 loss=0.458442 grad_norm=0.597
[train] epoch=5/8 step=44/100 loss=0.400125 grad_norm=0.552
[train] epoch=5/8 step=45/100 loss=0.422479 grad_norm=0.427
[train] epoch=5/8 step=46/100 loss=0.420140 grad_norm=0.437
[train] epoch=5/8 step=47/100 loss=0.423931 grad_norm=0.504
[train] epoch=5/8 step=48/100 loss=0.353399 grad_norm=0.547
[train] epoch=5/8 step=49/100 loss=0.471827 grad_norm=0.290
[train] epoch=5/8 step=50/100 loss=0.394845 grad_norm=0.444
[train] epoch=5/8 step=51/100 loss=0.385706 grad_norm=0.441
[train] epoch=5/8 step=52/100 loss=0.375442 grad_norm=0.322
[train] epoch=5/8 step=53/100 loss=0.342349 grad_norm=0.320
[train] epoch=5/8 step=54/100 loss=0.390634 grad_norm=0.414
[train] epoch=5/8 step=55/100 loss=0.379378 grad_norm=0.263
[train] epoch=5/8 step=56/100 loss=0.376193 grad_norm=0.309
[train] epoch=5/8 step=57/100 loss=0.512477 grad_norm=0.470
[train] epoch=5/8 step=58/100 loss=0.333776 grad_norm=0.284
[train] epoch=5/8 step=59/100 loss=0.390878 grad_norm=0.305
[train] epoch=5/8 step=60/100 loss=0.374270 grad_norm=0.281
[train] epoch=5/8 step=61/100 loss=0.557837 grad_norm=0.338
[train] epoch=5/8 step=62/100 loss=0.386559 grad_norm=0.329
[train] epoch=5/8 step=63/100 loss=0.365490 grad_norm=0.499
[train] epoch=5/8 step=64/100 loss=0.384644 grad_norm=0.495
[train] epoch=5/8 step=65/100 loss=0.418034 grad_norm=0.296
[train] epoch=5/8 step=66/100 loss=0.397401 grad_norm=0.383
[train] epoch=5/8 step=67/100 loss=0.399820 grad_norm=0.440
[train] epoch=5/8 step=68/100 loss=0.379058 grad_norm=0.250
[train] epoch=5/8 step=69/100 loss=0.375569 grad_norm=0.433
[train] epoch=5/8 step=70/100 loss=0.367251 grad_norm=0.325
[train] epoch=5/8 step=71/100 loss=0.390576 grad_norm=0.278
[train] epoch=5/8 step=72/100 loss=0.376897 grad_norm=0.322
[train] epoch=5/8 step=73/100 loss=0.418260 grad_norm=0.237
[train] epoch=5/8 step=74/100 loss=0.558785 grad_norm=0.296
[train] epoch=5/8 step=75/100 loss=0.393670 grad_norm=0.277
[train] epoch=5/8 step=76/100 loss=0.370024 grad_norm=0.321
[train] epoch=5/8 step=77/100 loss=0.373014 grad_norm=0.267
[train] epoch=5/8 step=78/100 loss=0.400220 grad_norm=0.255
[train] epoch=5/8 step=79/100 loss=0.432978 grad_norm=0.372
[train] epoch=5/8 step=80/100 loss=0.370827 grad_norm=0.282
[train] epoch=5/8 step=81/100 loss=0.343625 grad_norm=0.344
[train] epoch=5/8 step=82/100 loss=0.436889 grad_norm=0.441
[train] epoch=5/8 step=83/100 loss=0.409318 grad_norm=0.265
[train] epoch=5/8 step=84/100 loss=0.575736 grad_norm=0.299
[train] epoch=5/8 step=85/100 loss=0.449341 grad_norm=0.364
[train] epoch=5/8 step=86/100 loss=0.364091 grad_norm=0.284
[train] epoch=5/8 step=87/100 loss=0.374374 grad_norm=0.325
[train] epoch=5/8 step=88/100 loss=0.369026 grad_norm=0.324
[train] epoch=5/8 step=89/100 loss=0.391121 grad_norm=0.245
[train] epoch=5/8 step=90/100 loss=0.367233 grad_norm=0.267
[train] epoch=5/8 step=91/100 loss=0.385990 grad_norm=0.257
[train] epoch=5/8 step=92/100 loss=0.396140 grad_norm=0.279
[train] epoch=5/8 step=93/100 loss=0.352756 grad_norm=0.292
[train] epoch=5/8 step=94/100 loss=0.389548 grad_norm=0.270
[train] epoch=5/8 step=95/100 loss=0.941536 grad_norm=0.340
[train] epoch=5/8 step=96/100 loss=0.426596 grad_norm=0.322
[train] epoch=5/8 step=97/100 loss=0.426044 grad_norm=0.218
[train] epoch=5/8 step=98/100 loss=0.412653 grad_norm=0.220
[train] epoch=5/8 step=99/100 loss=0.388721 grad_norm=0.394
[train] epoch=5/8 step=100/100 loss=0.375875 grad_norm=0.283
[epoch_summary] epoch=5/8 time_epoch=55.7s elapsed=394.6s eta=236.8s lambda_batch_div=0.000 lambda_inter_div=0.250 lambda_intra_div=0.000 selection_mode=accuracy selection_score=-0.273967 train_loss=0.413440 val_loss=0.306110 val_nmpjpe=0.273967 train_pose=0.044122 train_rel=0.063585 train_dist=0.223586 train_dir=0.064163 train_var=0.045099 train_batch_div=0.200593 train_inter_div=0.199108 train_intra_div=0.241802 val_pose=0.037226 val_rel=0.050850 val_dist=0.185808 val_dir=0.056042 val_var=0.029369 val_batch_div=0.413119 val_inter_div=0.006438 val_intra_div=0.414161 train_std=0.131408/0.219950 train_std_ratio=0.670381 val_std=0.072670/0.097486 val_std_ratio=0.954225 train_pair_dist=1.089078/1.921152 train_pair_ratio=0.579013 val_pair_dist=0.535923/1.075181 val_pair_ratio=0.602015 train_inter_pair=1.089510/1.944373 train_inter_ratio=0.572318 val_inter_pair=0.013546/0.044053 val_inter_ratio=0.007843 train_intra_pair=1.077296/1.325122 train_intra_ratio=0.843613 val_intra_pair=0.534738/1.069875 val_intra_ratio=0.603923 train_action_cls=0.000000 train_action_acc=0.000 val_action_cls=0.000000 val_action_acc=0.000 grad_norm_mean=0.370 nan_loss=False nan_grad=False actions_covered=27 envs_covered=2
[ckpt] saved_last path=C:\Users\LuvRene\OneDrive\PythonProjects\Positioning\pose_estimationV2\checkpoints\ablation_pelvis_interdiv_last.pth epoch=5
[ckpt] no_improve best_epoch=1 best_selection_score=-0.222882 best_val_nmpjpe=0.222882
[epoch_start] epoch=6/8 train_size=160380 val_size=80190 test_size=80190 lr=3.000e-04 lambda_batch_div=0.000 lambda_inter_div=0.250 lambda_intra_div=0.000
[train] epoch=6/8 step=1/100 loss=0.411612 grad_norm=0.610
[train] epoch=6/8 step=2/100 loss=0.391880 grad_norm=0.382
[train] epoch=6/8 step=3/100 loss=0.397079 grad_norm=0.277
[train] epoch=6/8 step=4/100 loss=0.391639 grad_norm=0.445
[train] epoch=6/8 step=5/100 loss=0.361269 grad_norm=0.547
[train] epoch=6/8 step=6/100 loss=0.436064 grad_norm=0.531
[train] epoch=6/8 step=7/100 loss=0.411350 grad_norm=0.330
[train] epoch=6/8 step=8/100 loss=0.403948 grad_norm=0.572
[train] epoch=6/8 step=9/100 loss=0.421497 grad_norm=0.408
[train] epoch=6/8 step=10/100 loss=0.360424 grad_norm=0.649
[train] epoch=6/8 step=11/100 loss=0.350297 grad_norm=0.267
[train] epoch=6/8 step=12/100 loss=0.419393 grad_norm=0.598
[train] epoch=6/8 step=13/100 loss=0.487455 grad_norm=0.572
[train] epoch=6/8 step=14/100 loss=0.406946 grad_norm=0.438
[train] epoch=6/8 step=15/100 loss=0.413195 grad_norm=0.452
[train] epoch=6/8 step=16/100 loss=0.369939 grad_norm=0.319
[train] epoch=6/8 step=17/100 loss=0.401916 grad_norm=1.002
[train] epoch=6/8 step=18/100 loss=0.419090 grad_norm=0.369
[train] epoch=6/8 step=19/100 loss=0.361859 grad_norm=0.417
[train] epoch=6/8 step=20/100 loss=0.363013 grad_norm=0.260
[train] epoch=6/8 step=21/100 loss=0.399491 grad_norm=0.349
[train] epoch=6/8 step=22/100 loss=0.348365 grad_norm=0.504
[train] epoch=6/8 step=23/100 loss=0.374420 grad_norm=0.455
[train] epoch=6/8 step=24/100 loss=0.384425 grad_norm=0.210
[train] epoch=6/8 step=25/100 loss=0.405334 grad_norm=0.369
[train] epoch=6/8 step=26/100 loss=0.405081 grad_norm=0.322
[train] epoch=6/8 step=27/100 loss=0.415949 grad_norm=0.463
[train] epoch=6/8 step=28/100 loss=0.416576 grad_norm=0.561
[train] epoch=6/8 step=29/100 loss=0.381461 grad_norm=0.310
[train] epoch=6/8 step=30/100 loss=0.404498 grad_norm=0.273
[train] epoch=6/8 step=31/100 loss=0.496729 grad_norm=0.240
[train] epoch=6/8 step=32/100 loss=0.515571 grad_norm=0.297
[train] epoch=6/8 step=33/100 loss=0.408515 grad_norm=0.398
[train] epoch=6/8 step=34/100 loss=0.382490 grad_norm=0.239
[train] epoch=6/8 step=35/100 loss=0.376326 grad_norm=0.312
[train] epoch=6/8 step=36/100 loss=0.385722 grad_norm=0.253
[train] epoch=6/8 step=37/100 loss=0.394029 grad_norm=0.287
[train] epoch=6/8 step=38/100 loss=0.373805 grad_norm=0.304
[train] epoch=6/8 step=39/100 loss=0.373654 grad_norm=0.303
[train] epoch=6/8 step=40/100 loss=0.519193 grad_norm=0.273
[train] epoch=6/8 step=41/100 loss=0.372647 grad_norm=0.547
[train] epoch=6/8 step=42/100 loss=0.376387 grad_norm=0.537
[train] epoch=6/8 step=43/100 loss=0.528579 grad_norm=0.652
[train] epoch=6/8 step=44/100 loss=1.207574 grad_norm=0.464
[train] epoch=6/8 step=45/100 loss=0.345373 grad_norm=0.288
[train] epoch=6/8 step=46/100 loss=0.411776 grad_norm=0.552
[train] epoch=6/8 step=47/100 loss=0.434597 grad_norm=0.546
[train] epoch=6/8 step=48/100 loss=0.419693 grad_norm=0.397
[train] epoch=6/8 step=49/100 loss=0.420461 grad_norm=0.246
[train] epoch=6/8 step=50/100 loss=0.343761 grad_norm=0.388
[train] epoch=6/8 step=51/100 loss=0.395486 grad_norm=0.344
[train] epoch=6/8 step=52/100 loss=0.366474 grad_norm=0.333
[train] epoch=6/8 step=53/100 loss=0.443146 grad_norm=0.352
[train] epoch=6/8 step=54/100 loss=0.424224 grad_norm=0.244
[train] epoch=6/8 step=55/100 loss=0.332403 grad_norm=0.285
[train] epoch=6/8 step=56/100 loss=0.371376 grad_norm=0.304
[train] epoch=6/8 step=57/100 loss=0.398213 grad_norm=0.314
[train] epoch=6/8 step=58/100 loss=0.444575 grad_norm=0.293
[train] epoch=6/8 step=59/100 loss=0.468794 grad_norm=0.289
[train] epoch=6/8 step=60/100 loss=0.373636 grad_norm=0.374
[train] epoch=6/8 step=61/100 loss=0.386978 grad_norm=0.296
[train] epoch=6/8 step=62/100 loss=0.351473 grad_norm=0.384
[train] epoch=6/8 step=63/100 loss=0.402303 grad_norm=0.242
[train] epoch=6/8 step=64/100 loss=0.409105 grad_norm=0.263
[train] epoch=6/8 step=65/100 loss=0.366056 grad_norm=0.238
[train] epoch=6/8 step=66/100 loss=0.350787 grad_norm=0.432
[train] epoch=6/8 step=67/100 loss=0.348668 grad_norm=0.308
[train] epoch=6/8 step=68/100 loss=0.399904 grad_norm=0.269
[train] epoch=6/8 step=69/100 loss=0.403370 grad_norm=0.275
[train] epoch=6/8 step=70/100 loss=0.406840 grad_norm=0.231
[train] epoch=6/8 step=71/100 loss=0.434643 grad_norm=0.385
[train] epoch=6/8 step=72/100 loss=0.404808 grad_norm=0.318
[train] epoch=6/8 step=73/100 loss=0.388042 grad_norm=0.358
[train] epoch=6/8 step=74/100 loss=0.473003 grad_norm=0.289
[train] epoch=6/8 step=75/100 loss=0.393434 grad_norm=0.386
[train] epoch=6/8 step=76/100 loss=0.428037 grad_norm=0.412
[train] epoch=6/8 step=77/100 loss=0.374157 grad_norm=0.264
[train] epoch=6/8 step=78/100 loss=0.316824 grad_norm=0.310
[train] epoch=6/8 step=79/100 loss=0.406610 grad_norm=0.289
[train] epoch=6/8 step=80/100 loss=0.382489 grad_norm=0.377
[train] epoch=6/8 step=81/100 loss=0.389487 grad_norm=0.232
[train] epoch=6/8 step=82/100 loss=0.377723 grad_norm=0.245
[train] epoch=6/8 step=83/100 loss=0.408604 grad_norm=0.293
[train] epoch=6/8 step=84/100 loss=0.383306 grad_norm=0.371
[train] epoch=6/8 step=85/100 loss=0.366483 grad_norm=0.272
[train] epoch=6/8 step=86/100 loss=0.374111 grad_norm=0.472
[train] epoch=6/8 step=87/100 loss=0.437280 grad_norm=0.376
[train] epoch=6/8 step=88/100 loss=0.348520 grad_norm=0.273
[train] epoch=6/8 step=89/100 loss=0.374469 grad_norm=0.371
[train] epoch=6/8 step=90/100 loss=0.374628 grad_norm=0.352
[train] epoch=6/8 step=91/100 loss=0.377067 grad_norm=0.376
[train] epoch=6/8 step=92/100 loss=0.484166 grad_norm=0.260
[train] epoch=6/8 step=93/100 loss=0.442741 grad_norm=0.281
[train] epoch=6/8 step=94/100 loss=0.341057 grad_norm=0.411
[train] epoch=6/8 step=95/100 loss=0.423521 grad_norm=0.283
[train] epoch=6/8 step=96/100 loss=0.345238 grad_norm=0.235
[train] epoch=6/8 step=97/100 loss=0.452128 grad_norm=0.305
[train] epoch=6/8 step=98/100 loss=0.352377 grad_norm=0.302
[train] epoch=6/8 step=99/100 loss=0.441695 grad_norm=0.282
[train] epoch=6/8 step=100/100 loss=0.431882 grad_norm=0.263
[epoch_summary] epoch=6/8 time_epoch=55.2s elapsed=449.9s eta=150.0s lambda_batch_div=0.000 lambda_inter_div=0.250 lambda_intra_div=0.000 selection_mode=accuracy selection_score=-0.279209 train_loss=0.407747 val_loss=0.309632 val_nmpjpe=0.279209 train_pose=0.044588 train_rel=0.062214 train_dist=0.218271 train_dir=0.063203 train_var=0.043855 train_batch_div=0.203570 train_inter_div=0.202309 train_intra_div=0.237691 val_pose=0.037843 val_rel=0.051245 val_dist=0.188628 val_dir=0.055887 val_var=0.028190 val_batch_div=0.423517 val_inter_div=0.006604 val_intra_div=0.424630 train_std=0.132117/0.219558 train_std_ratio=0.663010 val_std=0.074013/0.097486 val_std_ratio=0.973653 train_pair_dist=1.089380/1.925000 train_pair_ratio=0.576638 val_pair_dist=0.525942/1.075181 val_pair_ratio=0.591383 train_inter_pair=1.089763/1.948380 train_inter_ratio=0.569819 val_inter_pair=0.013245/0.044053 val_inter_ratio=0.007672 train_intra_pair=1.079562/1.320052 train_intra_ratio=0.846871 val_intra_pair=0.524766/1.069875 val_intra_ratio=0.593216 train_action_cls=0.000000 train_action_acc=0.000 val_action_cls=0.000000 val_action_acc=0.000 grad_norm_mean=0.365 nan_loss=False nan_grad=False actions_covered=27 envs_covered=2
[ckpt] saved_last path=C:\Users\LuvRene\OneDrive\PythonProjects\Positioning\pose_estimationV2\checkpoints\ablation_pelvis_interdiv_last.pth epoch=6
[ckpt] no_improve best_epoch=1 best_selection_score=-0.222882 best_val_nmpjpe=0.222882
[epoch_start] epoch=7/8 train_size=160380 val_size=80190 test_size=80190 lr=3.000e-04 lambda_batch_div=0.000 lambda_inter_div=0.250 lambda_intra_div=0.000
[train] epoch=7/8 step=1/100 loss=0.365397 grad_norm=0.376
[train] epoch=7/8 step=2/100 loss=0.405782 grad_norm=0.230
[train] epoch=7/8 step=3/100 loss=0.446616 grad_norm=0.323
[train] epoch=7/8 step=4/100 loss=0.351696 grad_norm=0.463
[train] epoch=7/8 step=5/100 loss=0.380182 grad_norm=0.306
[train] epoch=7/8 step=6/100 loss=0.367487 grad_norm=0.258
[train] epoch=7/8 step=7/100 loss=0.401796 grad_norm=0.282
[train] epoch=7/8 step=8/100 loss=0.327467 grad_norm=0.316
[train] epoch=7/8 step=9/100 loss=0.399318 grad_norm=0.437
[train] epoch=7/8 step=10/100 loss=0.456098 grad_norm=0.360
[train] epoch=7/8 step=11/100 loss=0.426978 grad_norm=0.244
[train] epoch=7/8 step=12/100 loss=0.383331 grad_norm=0.336
[train] epoch=7/8 step=13/100 loss=0.370267 grad_norm=0.429
[train] epoch=7/8 step=14/100 loss=0.404509 grad_norm=0.574
[train] epoch=7/8 step=15/100 loss=0.386028 grad_norm=0.251
[train] epoch=7/8 step=16/100 loss=0.353106 grad_norm=0.464
[train] epoch=7/8 step=17/100 loss=0.358992 grad_norm=0.246
[train] epoch=7/8 step=18/100 loss=0.369134 grad_norm=0.547
[train] epoch=7/8 step=19/100 loss=0.394265 grad_norm=0.468
[train] epoch=7/8 step=20/100 loss=0.402342 grad_norm=0.355
[train] epoch=7/8 step=21/100 loss=0.456619 grad_norm=0.447
[train] epoch=7/8 step=22/100 loss=0.385955 grad_norm=0.363
[train] epoch=7/8 step=23/100 loss=0.375985 grad_norm=0.322
[train] epoch=7/8 step=24/100 loss=0.367166 grad_norm=0.398
[train] epoch=7/8 step=25/100 loss=0.387467 grad_norm=0.344
[train] epoch=7/8 step=26/100 loss=0.355431 grad_norm=0.392
[train] epoch=7/8 step=27/100 loss=0.360564 grad_norm=0.541
[train] epoch=7/8 step=28/100 loss=0.382083 grad_norm=0.470
[train] epoch=7/8 step=29/100 loss=0.384369 grad_norm=0.330
[train] epoch=7/8 step=30/100 loss=0.366069 grad_norm=0.431
[train] epoch=7/8 step=31/100 loss=0.347800 grad_norm=0.420
[train] epoch=7/8 step=32/100 loss=0.423507 grad_norm=0.273
[train] epoch=7/8 step=33/100 loss=0.380782 grad_norm=0.339
[train] epoch=7/8 step=34/100 loss=0.372430 grad_norm=0.288
[train] epoch=7/8 step=35/100 loss=0.399678 grad_norm=0.337
[train] epoch=7/8 step=36/100 loss=0.395668 grad_norm=0.363
[train] epoch=7/8 step=37/100 loss=0.374651 grad_norm=0.320
[train] epoch=7/8 step=38/100 loss=0.366907 grad_norm=0.404
[train] epoch=7/8 step=39/100 loss=0.375579 grad_norm=0.345
[train] epoch=7/8 step=40/100 loss=0.342946 grad_norm=0.393
[train] epoch=7/8 step=41/100 loss=0.402506 grad_norm=0.258
[train] epoch=7/8 step=42/100 loss=0.387420 grad_norm=0.350
[train] epoch=7/8 step=43/100 loss=0.376059 grad_norm=0.426
[train] epoch=7/8 step=44/100 loss=0.418356 grad_norm=0.276
[train] epoch=7/8 step=45/100 loss=0.346042 grad_norm=0.375
[train] epoch=7/8 step=46/100 loss=0.337647 grad_norm=0.382
[train] epoch=7/8 step=47/100 loss=0.353436 grad_norm=0.333
[train] epoch=7/8 step=48/100 loss=0.345851 grad_norm=0.514
[train] epoch=7/8 step=49/100 loss=0.397841 grad_norm=0.315
[train] epoch=7/8 step=50/100 loss=0.385908 grad_norm=0.500
[train] epoch=7/8 step=51/100 loss=0.367212 grad_norm=0.424
[train] epoch=7/8 step=52/100 loss=0.402532 grad_norm=0.361
[train] epoch=7/8 step=53/100 loss=0.441683 grad_norm=0.576
[train] epoch=7/8 step=54/100 loss=0.331538 grad_norm=0.427
[train] epoch=7/8 step=55/100 loss=0.405129 grad_norm=0.303
[train] epoch=7/8 step=56/100 loss=0.368992 grad_norm=0.282
[train] epoch=7/8 step=57/100 loss=0.358795 grad_norm=0.252
[train] epoch=7/8 step=58/100 loss=0.383884 grad_norm=0.292
[train] epoch=7/8 step=59/100 loss=0.381412 grad_norm=0.353
[train] epoch=7/8 step=60/100 loss=0.372083 grad_norm=0.411
[train] epoch=7/8 step=61/100 loss=0.407864 grad_norm=0.308
[train] epoch=7/8 step=62/100 loss=0.443989 grad_norm=0.288
[train] epoch=7/8 step=63/100 loss=0.340480 grad_norm=0.405
[train] epoch=7/8 step=64/100 loss=0.374190 grad_norm=0.384
[train] epoch=7/8 step=65/100 loss=0.498596 grad_norm=0.324
[train] epoch=7/8 step=66/100 loss=0.397582 grad_norm=0.305
[train] epoch=7/8 step=67/100 loss=0.367874 grad_norm=0.295
[train] epoch=7/8 step=68/100 loss=0.343979 grad_norm=0.242
[train] epoch=7/8 step=69/100 loss=0.348955 grad_norm=0.314
[train] epoch=7/8 step=70/100 loss=0.375766 grad_norm=0.253
[train] epoch=7/8 step=71/100 loss=0.399918 grad_norm=0.302
[train] epoch=7/8 step=72/100 loss=0.386589 grad_norm=0.323
[train] epoch=7/8 step=73/100 loss=0.365659 grad_norm=0.355
[train] epoch=7/8 step=74/100 loss=0.376460 grad_norm=0.528
[train] epoch=7/8 step=75/100 loss=0.411335 grad_norm=0.246
[train] epoch=7/8 step=76/100 loss=0.438537 grad_norm=0.375
[train] epoch=7/8 step=77/100 loss=0.380207 grad_norm=0.501
[train] epoch=7/8 step=78/100 loss=0.386973 grad_norm=0.426
[train] epoch=7/8 step=79/100 loss=0.363961 grad_norm=0.332
[train] epoch=7/8 step=80/100 loss=0.389910 grad_norm=0.434
[train] epoch=7/8 step=81/100 loss=0.384768 grad_norm=0.208
[train] epoch=7/8 step=82/100 loss=0.372035 grad_norm=0.389
[train] epoch=7/8 step=83/100 loss=0.374162 grad_norm=0.392
[train] epoch=7/8 step=84/100 loss=0.379877 grad_norm=0.332
[train] epoch=7/8 step=85/100 loss=0.392380 grad_norm=0.492
[train] epoch=7/8 step=86/100 loss=0.388367 grad_norm=0.389
[train] epoch=7/8 step=87/100 loss=0.417934 grad_norm=0.430
[train] epoch=7/8 step=88/100 loss=0.360843 grad_norm=0.244
[train] epoch=7/8 step=89/100 loss=0.374502 grad_norm=0.450
[train] epoch=7/8 step=90/100 loss=0.406943 grad_norm=0.613
[train] epoch=7/8 step=91/100 loss=0.423117 grad_norm=0.503
[train] epoch=7/8 step=92/100 loss=0.492345 grad_norm=0.263
[train] epoch=7/8 step=93/100 loss=0.378245 grad_norm=0.530
[train] epoch=7/8 step=94/100 loss=0.384854 grad_norm=0.646
[train] epoch=7/8 step=95/100 loss=0.383829 grad_norm=0.301
[train] epoch=7/8 step=96/100 loss=0.369805 grad_norm=0.334
[train] epoch=7/8 step=97/100 loss=0.634740 grad_norm=0.323
[train] epoch=7/8 step=98/100 loss=0.448080 grad_norm=0.279
[train] epoch=7/8 step=99/100 loss=0.387897 grad_norm=0.289
[train] epoch=7/8 step=100/100 loss=0.467198 grad_norm=0.473
[epoch_summary] epoch=7/8 time_epoch=55.4s elapsed=505.2s eta=72.2s lambda_batch_div=0.000 lambda_inter_div=0.250 lambda_intra_div=0.000 selection_mode=accuracy selection_score=-0.282646 train_loss=0.389375 val_loss=0.305234 val_nmpjpe=0.282646 train_pose=0.041012 train_rel=0.057957 train_dist=0.210189 train_dir=0.061352 train_var=0.031990 train_batch_div=0.192908 train_inter_div=0.191378 train_intra_div=0.242312 val_pose=0.038564 val_rel=0.051154 val_dist=0.183596 val_dir=0.055905 val_var=0.026123 val_batch_div=0.426248 val_inter_div=0.006364 val_intra_div=0.427531 train_std=0.134153/0.198291 train_std_ratio=0.702764 val_std=0.081388/0.097486 val_std_ratio=1.068492 train_pair_dist=1.095930/1.854900 train_pair_ratio=0.595250 val_pair_dist=0.570383/1.075181 val_pair_ratio=0.640358 train_inter_pair=1.096047/1.876868 train_inter_ratio=0.588290 val_inter_pair=0.014534/0.044053 val_inter_ratio=0.008408 train_intra_pair=1.093449/1.276772 train_intra_ratio=0.874679 val_intra_pair=0.569097/1.069875 val_intra_ratio=0.642372 train_action_cls=0.000000 train_action_acc=0.000 val_action_cls=0.000000 val_action_acc=0.000 grad_norm_mean=0.370 nan_loss=False nan_grad=False actions_covered=27 envs_covered=2
[ckpt] saved_last path=C:\Users\LuvRene\OneDrive\PythonProjects\Positioning\pose_estimationV2\checkpoints\ablation_pelvis_interdiv_last.pth epoch=7
[ckpt] no_improve best_epoch=1 best_selection_score=-0.222882 best_val_nmpjpe=0.222882
[epoch_start] epoch=8/8 train_size=160380 val_size=80190 test_size=80190 lr=3.000e-04 lambda_batch_div=0.000 lambda_inter_div=0.250 lambda_intra_div=0.000
[train] epoch=8/8 step=1/100 loss=0.371149 grad_norm=0.277
[train] epoch=8/8 step=2/100 loss=0.460557 grad_norm=0.266
[train] epoch=8/8 step=3/100 loss=0.448565 grad_norm=0.310
[train] epoch=8/8 step=4/100 loss=0.716588 grad_norm=0.366
[train] epoch=8/8 step=5/100 loss=0.363380 grad_norm=0.459
[train] epoch=8/8 step=6/100 loss=0.358261 grad_norm=0.305
[train] epoch=8/8 step=7/100 loss=0.360745 grad_norm=0.297
[train] epoch=8/8 step=8/100 loss=0.407283 grad_norm=0.338
[train] epoch=8/8 step=9/100 loss=0.390981 grad_norm=0.470
[train] epoch=8/8 step=10/100 loss=0.363715 grad_norm=0.693
[train] epoch=8/8 step=11/100 loss=0.366723 grad_norm=0.278
[train] epoch=8/8 step=12/100 loss=0.387610 grad_norm=0.270
[train] epoch=8/8 step=13/100 loss=0.421488 grad_norm=0.287
[train] epoch=8/8 step=14/100 loss=0.361232 grad_norm=0.551
[train] epoch=8/8 step=15/100 loss=0.356378 grad_norm=0.551
[train] epoch=8/8 step=16/100 loss=0.936125 grad_norm=0.426
[train] epoch=8/8 step=17/100 loss=0.347237 grad_norm=0.515
[train] epoch=8/8 step=18/100 loss=0.373449 grad_norm=0.394
[train] epoch=8/8 step=19/100 loss=0.396498 grad_norm=0.354
[train] epoch=8/8 step=20/100 loss=0.364970 grad_norm=0.423
[train] epoch=8/8 step=21/100 loss=0.378057 grad_norm=0.655
[train] epoch=8/8 step=22/100 loss=0.404981 grad_norm=0.250
[train] epoch=8/8 step=23/100 loss=0.365707 grad_norm=0.336
[train] epoch=8/8 step=24/100 loss=0.387428 grad_norm=0.300
[train] epoch=8/8 step=25/100 loss=0.378594 grad_norm=0.265
[train] epoch=8/8 step=26/100 loss=0.375812 grad_norm=0.419
[train] epoch=8/8 step=27/100 loss=0.360493 grad_norm=0.501
[train] epoch=8/8 step=28/100 loss=0.369694 grad_norm=0.382
[train] epoch=8/8 step=29/100 loss=0.396388 grad_norm=0.241
[train] epoch=8/8 step=30/100 loss=0.357359 grad_norm=0.328
[train] epoch=8/8 step=31/100 loss=0.396167 grad_norm=0.539
[train] epoch=8/8 step=32/100 loss=0.358080 grad_norm=0.347
[train] epoch=8/8 step=33/100 loss=0.414096 grad_norm=0.516
[train] epoch=8/8 step=34/100 loss=0.425006 grad_norm=0.589
[train] epoch=8/8 step=35/100 loss=0.356074 grad_norm=0.360
[train] epoch=8/8 step=36/100 loss=0.387989 grad_norm=0.343
[train] epoch=8/8 step=37/100 loss=0.387112 grad_norm=0.302
[train] epoch=8/8 step=38/100 loss=0.356593 grad_norm=0.238
[train] epoch=8/8 step=39/100 loss=0.431019 grad_norm=0.453
[train] epoch=8/8 step=40/100 loss=0.541636 grad_norm=0.234
[train] epoch=8/8 step=41/100 loss=0.415746 grad_norm=0.300
[train] epoch=8/8 step=42/100 loss=0.403603 grad_norm=0.282
[train] epoch=8/8 step=43/100 loss=0.381207 grad_norm=0.250
[train] epoch=8/8 step=44/100 loss=0.376098 grad_norm=0.272
[train] epoch=8/8 step=45/100 loss=0.336260 grad_norm=0.398
[train] epoch=8/8 step=46/100 loss=0.352697 grad_norm=0.291
[train] epoch=8/8 step=47/100 loss=0.477470 grad_norm=0.251
[train] epoch=8/8 step=48/100 loss=0.432828 grad_norm=0.210
[train] epoch=8/8 step=49/100 loss=0.340820 grad_norm=0.366
[train] epoch=8/8 step=50/100 loss=0.396969 grad_norm=0.267
[train] epoch=8/8 step=51/100 loss=0.390577 grad_norm=0.284
[train] epoch=8/8 step=52/100 loss=0.390418 grad_norm=0.240
[train] epoch=8/8 step=53/100 loss=0.368759 grad_norm=0.237
[train] epoch=8/8 step=54/100 loss=0.390580 grad_norm=0.504
[train] epoch=8/8 step=55/100 loss=0.439360 grad_norm=0.364
[train] epoch=8/8 step=56/100 loss=0.385519 grad_norm=0.210
[train] epoch=8/8 step=57/100 loss=0.359925 grad_norm=0.303
[train] epoch=8/8 step=58/100 loss=0.440768 grad_norm=0.265
[train] epoch=8/8 step=59/100 loss=0.433394 grad_norm=0.301
[train] epoch=8/8 step=60/100 loss=0.395953 grad_norm=0.244
[train] epoch=8/8 step=61/100 loss=0.500952 grad_norm=0.463
[train] epoch=8/8 step=62/100 loss=0.366469 grad_norm=0.317
[train] epoch=8/8 step=63/100 loss=0.373052 grad_norm=0.270
[train] epoch=8/8 step=64/100 loss=0.397208 grad_norm=0.324
[train] epoch=8/8 step=65/100 loss=0.393466 grad_norm=0.415
[train] epoch=8/8 step=66/100 loss=0.630990 grad_norm=0.431
[train] epoch=8/8 step=67/100 loss=0.385363 grad_norm=0.276
[train] epoch=8/8 step=68/100 loss=0.369260 grad_norm=0.549
[train] epoch=8/8 step=69/100 loss=0.375158 grad_norm=0.232
[train] epoch=8/8 step=70/100 loss=0.348344 grad_norm=0.268
[train] epoch=8/8 step=71/100 loss=0.378573 grad_norm=0.252
[train] epoch=8/8 step=72/100 loss=0.360076 grad_norm=0.285
[train] epoch=8/8 step=73/100 loss=0.403668 grad_norm=0.389
[train] epoch=8/8 step=74/100 loss=0.367288 grad_norm=0.252
[train] epoch=8/8 step=75/100 loss=0.373427 grad_norm=0.303
[train] epoch=8/8 step=76/100 loss=0.351737 grad_norm=0.236
[train] epoch=8/8 step=77/100 loss=0.366659 grad_norm=0.274
[train] epoch=8/8 step=78/100 loss=0.351086 grad_norm=0.354
[train] epoch=8/8 step=79/100 loss=0.343435 grad_norm=0.326
[train] epoch=8/8 step=80/100 loss=0.365978 grad_norm=0.362
[train] epoch=8/8 step=81/100 loss=0.509503 grad_norm=0.342
[train] epoch=8/8 step=82/100 loss=0.392080 grad_norm=0.372
[train] epoch=8/8 step=83/100 loss=0.375983 grad_norm=0.285
[train] epoch=8/8 step=84/100 loss=0.379793 grad_norm=0.361
[train] epoch=8/8 step=85/100 loss=0.360910 grad_norm=0.249
[train] epoch=8/8 step=86/100 loss=0.376365 grad_norm=0.350
[train] epoch=8/8 step=87/100 loss=0.386194 grad_norm=0.359
[train] epoch=8/8 step=88/100 loss=0.379031 grad_norm=0.376
[train] epoch=8/8 step=89/100 loss=0.513749 grad_norm=0.307
[train] epoch=8/8 step=90/100 loss=0.389490 grad_norm=0.428
[train] epoch=8/8 step=91/100 loss=0.408627 grad_norm=0.293
[train] epoch=8/8 step=92/100 loss=0.405784 grad_norm=0.260
[train] epoch=8/8 step=93/100 loss=0.401224 grad_norm=0.295
[train] epoch=8/8 step=94/100 loss=0.572603 grad_norm=0.316
[train] epoch=8/8 step=95/100 loss=0.359166 grad_norm=0.242
[train] epoch=8/8 step=96/100 loss=0.395692 grad_norm=0.311
[train] epoch=8/8 step=97/100 loss=0.358756 grad_norm=0.406
[train] epoch=8/8 step=98/100 loss=0.341491 grad_norm=0.282
[train] epoch=8/8 step=99/100 loss=0.380429 grad_norm=0.242
[train] epoch=8/8 step=100/100 loss=0.390651 grad_norm=0.384
[epoch_summary] epoch=8/8 time_epoch=54.8s elapsed=560.0s eta=0.0s lambda_batch_div=0.000 lambda_inter_div=0.250 lambda_intra_div=0.000 selection_mode=accuracy selection_score=-0.277358 train_loss=0.401699 val_loss=0.306608 val_nmpjpe=0.277358 train_pose=0.044441 train_rel=0.061632 train_dist=0.213950 train_dir=0.062080 train_var=0.041089 train_batch_div=0.203122 train_inter_div=0.201644 train_intra_div=0.248315 val_pose=0.037461 val_rel=0.050909 val_dist=0.186053 val_dir=0.056051 val_var=0.024565 val_batch_div=0.425138 val_inter_div=0.006354 val_intra_div=0.426397 train_std=0.136674/0.218119 train_std_ratio=0.691318 val_std=0.083206/0.097486 val_std_ratio=1.093985 train_pair_dist=1.103972/1.919574 train_pair_ratio=0.584885 val_pair_dist=0.566700/1.075181 val_pair_ratio=0.636611 train_inter_pair=1.104390/1.941464 train_inter_ratio=0.578352 val_inter_pair=0.014389/0.044053 val_inter_ratio=0.008328 train_intra_pair=1.093162/1.346381 train_intra_ratio=0.841386 val_intra_pair=0.565442/1.069875 val_intra_ratio=0.638634 train_action_cls=0.000000 train_action_acc=0.000 val_action_cls=0.000000 val_action_acc=0.000 grad_norm_mean=0.343 nan_loss=False nan_grad=False actions_covered=27 envs_covered=2
[ckpt] saved_last path=C:\Users\LuvRene\OneDrive\PythonProjects\Positioning\pose_estimationV2\checkpoints\ablation_pelvis_interdiv_last.pth epoch=8
[ckpt] no_improve best_epoch=1 best_selection_score=-0.222882 best_val_nmpjpe=0.222882
[plot] saved path=C:\Users\LuvRene\OneDrive\PythonProjects\Positioning\pose_estimationV2\logs\train\ablation_pelvis_interdiv_resnet1d_20260327-155037_curves.png
[history] saved path=C:\Users\LuvRene\OneDrive\PythonProjects\Positioning\pose_estimationV2\logs\train\ablation_pelvis_interdiv_resnet1d_20260327-155037_history.csv
[test_summary] best_epoch=1 test_loss=0.346421 test_nmpjpe=0.231594 test_pose=0.035019 test_rel=0.056552 test_dist=0.220847 test_dir=0.059901 test_var=0.052655 test_batch_div=0.501270 test_inter_div=0.009514 test_intra_div=0.501218 test_std=0.013428/0.107264 test_std_ratio=0.167378 test_pair_dist=0.106218/1.147155 test_pair_ratio=0.114119 test_inter_pair=0.002581/0.040340 test_inter_ratio=0.001431 test_intra_pair=0.106081/1.140678 test_intra_ratio=0.114636 test_action_cls=0.000000 test_action_acc=0.000
[assessment] status=usable reason=Validation stayed close to the best point (0.2229) and final test nMPJPE is 0.2316.
