[run] config=configs/default.yaml device=cuda:0
[run] model=resnet1d
[run] window_size=1
[run] aoa_cache_root=D:\Files\WiFi_Pose\WiFiPoseV3\data\aoa_cache
[run] labels_root=D:\Files\WiFi_Pose\WiFiPoseV3\data\dataset
[run] val_env=env3 test_env=env4
[run] logs_file=C:\Users\LuvRene\OneDrive\PythonProjects\Positioning\pose_estimationV2\logs\train\default_resnet1d_20260324-144405.log
[data] dataset_size=320760 train_size=160380 val_size=80190 test_size=80190 batch_size=64 window_size=1
[run] action_aux enabled=False
[epoch_start] epoch=1/8 train_size=160380 val_size=80190 test_size=80190 lr=3.000e-04 lambda_batch_div=0.000 lambda_inter_div=0.250 lambda_intra_div=0.000
[train] epoch=1/8 step=1/100 loss=2.333929 grad_norm=5.510
[train] epoch=1/8 step=2/100 loss=2.161255 grad_norm=7.041
[train] epoch=1/8 step=3/100 loss=1.868694 grad_norm=4.826
[train] epoch=1/8 step=4/100 loss=1.622149 grad_norm=4.276
[train] epoch=1/8 step=5/100 loss=1.441836 grad_norm=4.214
[train] epoch=1/8 step=6/100 loss=1.290521 grad_norm=3.813
[train] epoch=1/8 step=7/100 loss=1.132465 grad_norm=3.411
[train] epoch=1/8 step=8/100 loss=1.032022 grad_norm=3.157
[train] epoch=1/8 step=9/100 loss=0.911637 grad_norm=2.974
[train] epoch=1/8 step=10/100 loss=0.884247 grad_norm=2.742
[train] epoch=1/8 step=11/100 loss=1.444109 grad_norm=2.494
[train] epoch=1/8 step=12/100 loss=0.761038 grad_norm=2.522
[train] epoch=1/8 step=13/100 loss=0.753680 grad_norm=2.501
[train] epoch=1/8 step=14/100 loss=0.721350 grad_norm=2.513
[train] epoch=1/8 step=15/100 loss=0.668870 grad_norm=2.265
[train] epoch=1/8 step=16/100 loss=0.634021 grad_norm=1.920
[train] epoch=1/8 step=17/100 loss=0.597054 grad_norm=1.993
[train] epoch=1/8 step=18/100 loss=0.588468 grad_norm=1.654
[train] epoch=1/8 step=19/100 loss=0.546643 grad_norm=1.374
[train] epoch=1/8 step=20/100 loss=0.565463 grad_norm=1.283
[train] epoch=1/8 step=21/100 loss=0.525953 grad_norm=1.487
[train] epoch=1/8 step=22/100 loss=0.566852 grad_norm=1.111
[train] epoch=1/8 step=23/100 loss=0.530432 grad_norm=1.283
[train] epoch=1/8 step=24/100 loss=0.523182 grad_norm=1.570
[train] epoch=1/8 step=25/100 loss=0.856958 grad_norm=1.002
[train] epoch=1/8 step=26/100 loss=0.515935 grad_norm=1.209
[train] epoch=1/8 step=27/100 loss=0.477667 grad_norm=1.188
[train] epoch=1/8 step=28/100 loss=0.532012 grad_norm=0.999
[train] epoch=1/8 step=29/100 loss=0.487622 grad_norm=1.114
[train] epoch=1/8 step=30/100 loss=0.447948 grad_norm=1.034
[train] epoch=1/8 step=31/100 loss=0.482029 grad_norm=0.768
[train] epoch=1/8 step=32/100 loss=0.432096 grad_norm=0.837
[train] epoch=1/8 step=33/100 loss=0.418918 grad_norm=0.729
[train] epoch=1/8 step=34/100 loss=0.461114 grad_norm=0.839
[train] epoch=1/8 step=35/100 loss=0.416763 grad_norm=0.702
[train] epoch=1/8 step=36/100 loss=0.468575 grad_norm=0.710
[train] epoch=1/8 step=37/100 loss=0.484155 grad_norm=0.950
[train] epoch=1/8 step=38/100 loss=0.440724 grad_norm=0.670
[train] epoch=1/8 step=39/100 loss=0.479772 grad_norm=0.818
[train] epoch=1/8 step=40/100 loss=0.459690 grad_norm=0.682
[train] epoch=1/8 step=41/100 loss=0.430310 grad_norm=0.597
[train] epoch=1/8 step=42/100 loss=0.414950 grad_norm=0.608
[train] epoch=1/8 step=43/100 loss=0.420988 grad_norm=0.624
[train] epoch=1/8 step=44/100 loss=0.448494 grad_norm=0.667
[train] epoch=1/8 step=45/100 loss=0.470337 grad_norm=0.537
[train] epoch=1/8 step=46/100 loss=0.446411 grad_norm=0.483
[train] epoch=1/8 step=47/100 loss=0.431285 grad_norm=0.567
[train] epoch=1/8 step=48/100 loss=0.446090 grad_norm=0.588
[train] epoch=1/8 step=49/100 loss=0.453410 grad_norm=0.601
[train] epoch=1/8 step=50/100 loss=0.427298 grad_norm=0.758
[train] epoch=1/8 step=51/100 loss=0.435923 grad_norm=0.451
[train] epoch=1/8 step=52/100 loss=0.430792 grad_norm=0.501
[train] epoch=1/8 step=53/100 loss=0.441513 grad_norm=0.852
[train] epoch=1/8 step=54/100 loss=0.432050 grad_norm=0.529
[train] epoch=1/8 step=55/100 loss=0.469257 grad_norm=0.503
[train] epoch=1/8 step=56/100 loss=0.416546 grad_norm=0.615
[train] epoch=1/8 step=57/100 loss=0.411150 grad_norm=0.596
[train] epoch=1/8 step=58/100 loss=0.419007 grad_norm=0.629
[train] epoch=1/8 step=59/100 loss=0.487389 grad_norm=0.484
[train] epoch=1/8 step=60/100 loss=0.437545 grad_norm=0.498
[train] epoch=1/8 step=61/100 loss=0.415325 grad_norm=0.654
[train] epoch=1/8 step=62/100 loss=0.446017 grad_norm=0.456
[train] epoch=1/8 step=63/100 loss=0.471557 grad_norm=0.437
[train] epoch=1/8 step=64/100 loss=0.453687 grad_norm=0.686
[train] epoch=1/8 step=65/100 loss=0.435169 grad_norm=0.477
[train] epoch=1/8 step=66/100 loss=0.396187 grad_norm=0.693
[train] epoch=1/8 step=67/100 loss=0.446468 grad_norm=0.535
[train] epoch=1/8 step=68/100 loss=0.413695 grad_norm=0.727
[train] epoch=1/8 step=69/100 loss=0.413228 grad_norm=0.416
[train] epoch=1/8 step=70/100 loss=0.408717 grad_norm=0.467
[train] epoch=1/8 step=71/100 loss=0.459418 grad_norm=0.526
[train] epoch=1/8 step=72/100 loss=0.415253 grad_norm=0.477
[train] epoch=1/8 step=73/100 loss=0.407593 grad_norm=0.590
[train] epoch=1/8 step=74/100 loss=0.460547 grad_norm=0.676
[train] epoch=1/8 step=75/100 loss=0.448135 grad_norm=0.397
[train] epoch=1/8 step=76/100 loss=0.500135 grad_norm=0.394
[train] epoch=1/8 step=77/100 loss=0.433243 grad_norm=0.422
[train] epoch=1/8 step=78/100 loss=0.435562 grad_norm=0.690
[train] epoch=1/8 step=79/100 loss=0.381340 grad_norm=0.571
[train] epoch=1/8 step=80/100 loss=0.431822 grad_norm=0.536
[train] epoch=1/8 step=81/100 loss=0.447045 grad_norm=0.441
[train] epoch=1/8 step=82/100 loss=0.455970 grad_norm=0.627
[train] epoch=1/8 step=83/100 loss=0.383667 grad_norm=0.511
[train] epoch=1/8 step=84/100 loss=0.427350 grad_norm=0.621
[train] epoch=1/8 step=85/100 loss=0.416297 grad_norm=0.483
[train] epoch=1/8 step=86/100 loss=0.440434 grad_norm=0.662
[train] epoch=1/8 step=87/100 loss=0.440699 grad_norm=0.778
[train] epoch=1/8 step=88/100 loss=0.462890 grad_norm=0.754
[train] epoch=1/8 step=89/100 loss=0.383856 grad_norm=0.689
[train] epoch=1/8 step=90/100 loss=0.487238 grad_norm=0.475
[train] epoch=1/8 step=91/100 loss=0.471906 grad_norm=0.393
[train] epoch=1/8 step=92/100 loss=0.480424 grad_norm=0.618
[train] epoch=1/8 step=93/100 loss=0.442478 grad_norm=0.897
[train] epoch=1/8 step=94/100 loss=0.448590 grad_norm=0.515
[train] epoch=1/8 step=95/100 loss=0.399663 grad_norm=0.590
[train] epoch=1/8 step=96/100 loss=0.452397 grad_norm=0.457
[train] epoch=1/8 step=97/100 loss=0.413084 grad_norm=0.699
[train] epoch=1/8 step=98/100 loss=0.408078 grad_norm=0.550
[train] epoch=1/8 step=99/100 loss=2.529418 grad_norm=0.636
[train] epoch=1/8 step=100/100 loss=0.460297 grad_norm=0.376
[epoch_summary] epoch=1/8 time_epoch=173.5s elapsed=173.5s eta=1214.6s lambda_batch_div=0.000 lambda_inter_div=0.250 lambda_intra_div=0.000 train_loss=0.602635 val_loss=0.312264 val_nmpjpe=0.223493 train_pose=0.073752 train_rel=0.111281 train_dist=0.326635 train_dir=0.109865 train_var=0.052248 train_batch_div=0.148868 train_inter_div=0.146966 train_intra_div=0.227960 val_pose=0.031252 val_rel=0.051224 val_dist=0.196852 val_dir=0.056150 val_var=0.046409 val_batch_div=0.491386 val_inter_div=0.009592 val_intra_div=0.491273 train_std=0.161791/0.244081 train_std_ratio=0.851608 val_std=0.015077/0.097486 val_std_ratio=0.197359 train_pair_dist=1.335267/1.951945 train_pair_ratio=0.721478 val_pair_dist=0.117261/1.075181 val_pair_ratio=0.131939 train_inter_pair=1.335371/1.973053 train_inter_ratio=0.712987 val_inter_pair=0.003027/0.044053 val_inter_ratio=0.001773 train_intra_pair=1.332879/1.396464 train_intra_ratio=1.063057 val_intra_pair=0.117049/1.069875 val_intra_ratio=0.132468 train_action_cls=0.000000 train_action_acc=0.000 val_action_cls=0.000000 val_action_acc=0.000 grad_norm_mean=1.165 nan_loss=False nan_grad=False actions_covered=27 envs_covered=2
[ckpt] saved_last path=C:\Users\LuvRene\OneDrive\PythonProjects\Positioning\pose_estimationV2\checkpoints\resnet1d_interdiv_env3val_env4test_last.pth epoch=1
[ckpt] saved path=C:\Users\LuvRene\OneDrive\PythonProjects\Positioning\pose_estimationV2\checkpoints\resnet1d_interdiv_env3val_env4test.pth epoch=1 best_val_nmpjpe=0.223493
[epoch_start] epoch=2/8 train_size=160380 val_size=80190 test_size=80190 lr=3.000e-04 lambda_batch_div=0.000 lambda_inter_div=0.345 lambda_intra_div=0.000
[train] epoch=2/8 step=1/100 loss=0.439162 grad_norm=0.744
[train] epoch=2/8 step=2/100 loss=0.378075 grad_norm=0.321
[train] epoch=2/8 step=3/100 loss=0.420485 grad_norm=0.552
[train] epoch=2/8 step=4/100 loss=0.498707 grad_norm=0.436
[train] epoch=2/8 step=5/100 loss=0.458461 grad_norm=0.390
[train] epoch=2/8 step=6/100 loss=0.479101 grad_norm=0.461
[train] epoch=2/8 step=7/100 loss=0.429520 grad_norm=0.374
[train] epoch=2/8 step=8/100 loss=0.415646 grad_norm=0.703
[train] epoch=2/8 step=9/100 loss=0.453912 grad_norm=0.431
[train] epoch=2/8 step=10/100 loss=0.400101 grad_norm=0.504
[train] epoch=2/8 step=11/100 loss=0.424690 grad_norm=0.502
[train] epoch=2/8 step=12/100 loss=0.438365 grad_norm=0.490
[train] epoch=2/8 step=13/100 loss=0.431018 grad_norm=0.575
[train] epoch=2/8 step=14/100 loss=0.453448 grad_norm=0.491
[train] epoch=2/8 step=15/100 loss=0.419268 grad_norm=0.457
[train] epoch=2/8 step=16/100 loss=0.428719 grad_norm=0.355
[train] epoch=2/8 step=17/100 loss=0.450258 grad_norm=0.470
[train] epoch=2/8 step=18/100 loss=0.563806 grad_norm=0.371
[train] epoch=2/8 step=19/100 loss=0.433998 grad_norm=0.436
[train] epoch=2/8 step=20/100 loss=0.455797 grad_norm=0.397
[train] epoch=2/8 step=21/100 loss=0.461846 grad_norm=0.508
[train] epoch=2/8 step=22/100 loss=0.431814 grad_norm=0.523
[train] epoch=2/8 step=23/100 loss=0.444929 grad_norm=0.536
[train] epoch=2/8 step=24/100 loss=0.416260 grad_norm=0.404
[train] epoch=2/8 step=25/100 loss=0.400918 grad_norm=0.395
[train] epoch=2/8 step=26/100 loss=0.422832 grad_norm=0.316
[train] epoch=2/8 step=27/100 loss=0.564970 grad_norm=0.421
[train] epoch=2/8 step=28/100 loss=0.458783 grad_norm=0.515
[train] epoch=2/8 step=29/100 loss=0.430482 grad_norm=0.381
[train] epoch=2/8 step=30/100 loss=0.415035 grad_norm=0.421
[train] epoch=2/8 step=31/100 loss=0.378411 grad_norm=0.500
[train] epoch=2/8 step=32/100 loss=0.502437 grad_norm=0.419
[train] epoch=2/8 step=33/100 loss=0.459075 grad_norm=0.456
[train] epoch=2/8 step=34/100 loss=0.413710 grad_norm=0.389
[train] epoch=2/8 step=35/100 loss=0.412630 grad_norm=0.647
[train] epoch=2/8 step=36/100 loss=0.420278 grad_norm=0.821
[train] epoch=2/8 step=37/100 loss=0.613128 grad_norm=0.410
[train] epoch=2/8 step=38/100 loss=0.417368 grad_norm=0.366
[train] epoch=2/8 step=39/100 loss=0.429585 grad_norm=0.582
[train] epoch=2/8 step=40/100 loss=0.411898 grad_norm=0.761
[train] epoch=2/8 step=41/100 loss=0.488789 grad_norm=0.467
[train] epoch=2/8 step=42/100 loss=0.464159 grad_norm=0.420
[train] epoch=2/8 step=43/100 loss=0.453372 grad_norm=0.294
[train] epoch=2/8 step=44/100 loss=0.407763 grad_norm=0.390
[train] epoch=2/8 step=45/100 loss=0.394356 grad_norm=0.400
[train] epoch=2/8 step=46/100 loss=0.448526 grad_norm=0.332
[train] epoch=2/8 step=47/100 loss=0.460986 grad_norm=0.568
[train] epoch=2/8 step=48/100 loss=0.468136 grad_norm=0.449
[train] epoch=2/8 step=49/100 loss=0.476089 grad_norm=0.460
[train] epoch=2/8 step=50/100 loss=0.519958 grad_norm=0.454
[train] epoch=2/8 step=51/100 loss=0.430706 grad_norm=0.504
[train] epoch=2/8 step=52/100 loss=0.522286 grad_norm=0.463
[train] epoch=2/8 step=53/100 loss=0.420791 grad_norm=0.474
[train] epoch=2/8 step=54/100 loss=0.440645 grad_norm=0.368
[train] epoch=2/8 step=55/100 loss=0.422591 grad_norm=0.475
[train] epoch=2/8 step=56/100 loss=0.451697 grad_norm=0.334
[train] epoch=2/8 step=57/100 loss=0.454566 grad_norm=0.499
[train] epoch=2/8 step=58/100 loss=0.421708 grad_norm=0.367
[train] epoch=2/8 step=59/100 loss=0.424584 grad_norm=0.516
[train] epoch=2/8 step=60/100 loss=0.458562 grad_norm=0.574
[train] epoch=2/8 step=61/100 loss=0.387187 grad_norm=0.370
[train] epoch=2/8 step=62/100 loss=0.423017 grad_norm=0.373
[train] epoch=2/8 step=63/100 loss=0.486571 grad_norm=0.360
[train] epoch=2/8 step=64/100 loss=0.750199 grad_norm=0.357
[train] epoch=2/8 step=65/100 loss=0.413718 grad_norm=0.398
[train] epoch=2/8 step=66/100 loss=0.398731 grad_norm=0.381
[train] epoch=2/8 step=67/100 loss=0.395344 grad_norm=0.364
[train] epoch=2/8 step=68/100 loss=0.544628 grad_norm=0.404
[train] epoch=2/8 step=69/100 loss=1.144820 grad_norm=0.457
[train] epoch=2/8 step=70/100 loss=0.520672 grad_norm=0.469
[train] epoch=2/8 step=71/100 loss=0.444145 grad_norm=0.401
[train] epoch=2/8 step=72/100 loss=0.428706 grad_norm=0.339
[train] epoch=2/8 step=73/100 loss=0.430856 grad_norm=0.372
[train] epoch=2/8 step=74/100 loss=0.421664 grad_norm=0.401
[train] epoch=2/8 step=75/100 loss=0.396974 grad_norm=0.346
[train] epoch=2/8 step=76/100 loss=0.433084 grad_norm=0.362
[train] epoch=2/8 step=77/100 loss=0.424776 grad_norm=0.419
[train] epoch=2/8 step=78/100 loss=0.450885 grad_norm=0.409
[train] epoch=2/8 step=79/100 loss=0.398317 grad_norm=0.375
[train] epoch=2/8 step=80/100 loss=0.456793 grad_norm=0.451
[train] epoch=2/8 step=81/100 loss=0.440369 grad_norm=0.440
[train] epoch=2/8 step=82/100 loss=0.436084 grad_norm=0.498
[train] epoch=2/8 step=83/100 loss=0.407359 grad_norm=0.490
[train] epoch=2/8 step=84/100 loss=0.624968 grad_norm=0.407
[train] epoch=2/8 step=85/100 loss=0.424031 grad_norm=0.436
[train] epoch=2/8 step=86/100 loss=0.442487 grad_norm=0.452
[train] epoch=2/8 step=87/100 loss=0.412664 grad_norm=0.358
[train] epoch=2/8 step=88/100 loss=0.446029 grad_norm=0.388
[train] epoch=2/8 step=89/100 loss=0.413508 grad_norm=0.651
[train] epoch=2/8 step=90/100 loss=0.501560 grad_norm=0.341
[train] epoch=2/8 step=91/100 loss=0.447179 grad_norm=0.417
[train] epoch=2/8 step=92/100 loss=0.418085 grad_norm=0.556
[train] epoch=2/8 step=93/100 loss=0.565959 grad_norm=0.605
[train] epoch=2/8 step=94/100 loss=0.587278 grad_norm=0.616
[train] epoch=2/8 step=95/100 loss=0.461113 grad_norm=0.486
[train] epoch=2/8 step=96/100 loss=0.425114 grad_norm=0.607
[train] epoch=2/8 step=97/100 loss=0.401809 grad_norm=0.498
[train] epoch=2/8 step=98/100 loss=0.407707 grad_norm=0.440
[train] epoch=2/8 step=99/100 loss=0.382736 grad_norm=0.479
[train] epoch=2/8 step=100/100 loss=0.421677 grad_norm=0.518
[epoch_summary] epoch=2/8 time_epoch=57.7s elapsed=231.2s eta=693.5s lambda_batch_div=0.000 lambda_inter_div=0.345 lambda_intra_div=0.000 train_loss=0.456280 val_loss=0.320276 val_nmpjpe=0.262611 train_pose=0.043859 train_rel=0.070068 train_dist=0.244281 train_dir=0.069393 train_var=0.041969 train_batch_div=0.185618 train_inter_div=0.184547 train_intra_div=0.210884 val_pose=0.036222 val_rel=0.052721 val_dist=0.199098 val_dir=0.056240 val_var=0.033729 val_batch_div=0.400537 val_inter_div=0.006824 val_intra_div=0.401202 train_std=0.134284/0.221377 train_std_ratio=0.675168 val_std=0.057944/0.097486 val_std_ratio=0.759759 train_pair_dist=1.113111/1.926794 train_pair_ratio=0.588182 val_pair_dist=0.450385/1.075181 val_pair_ratio=0.505966 train_inter_pair=1.113013/1.949957 train_inter_ratio=0.581044 val_inter_pair=0.011442/0.044053 val_inter_ratio=0.006635 train_intra_pair=1.115428/1.336127 train_intra_ratio=0.865266 val_intra_pair=0.449369/1.069875 val_intra_ratio=0.507554 train_action_cls=0.000000 train_action_acc=0.000 val_action_cls=0.000000 val_action_acc=0.000 grad_norm_mean=0.455 nan_loss=False nan_grad=False actions_covered=27 envs_covered=2
[ckpt] saved_last path=C:\Users\LuvRene\OneDrive\PythonProjects\Positioning\pose_estimationV2\checkpoints\resnet1d_interdiv_env3val_env4test_last.pth epoch=2
[ckpt] no_improve best_epoch=1 best_val_nmpjpe=0.223493
[epoch_start] epoch=3/8 train_size=160380 val_size=80190 test_size=80190 lr=3.000e-04 lambda_batch_div=0.000 lambda_inter_div=0.440 lambda_intra_div=0.000
[train] epoch=3/8 step=1/100 loss=0.466587 grad_norm=0.531
[train] epoch=3/8 step=2/100 loss=0.427310 grad_norm=0.510
[train] epoch=3/8 step=3/100 loss=0.421401 grad_norm=0.835
[train] epoch=3/8 step=4/100 loss=0.397005 grad_norm=0.520
[train] epoch=3/8 step=5/100 loss=0.384869 grad_norm=0.405
[train] epoch=3/8 step=6/100 loss=0.406420 grad_norm=0.482
[train] epoch=3/8 step=7/100 loss=0.446544 grad_norm=0.522
[train] epoch=3/8 step=8/100 loss=0.412685 grad_norm=0.897
[train] epoch=3/8 step=9/100 loss=0.419732 grad_norm=0.427
[train] epoch=3/8 step=10/100 loss=0.453990 grad_norm=0.626
[train] epoch=3/8 step=11/100 loss=0.477748 grad_norm=0.588
[train] epoch=3/8 step=12/100 loss=0.426177 grad_norm=0.435
[train] epoch=3/8 step=13/100 loss=0.431857 grad_norm=0.564
[train] epoch=3/8 step=14/100 loss=0.540896 grad_norm=0.423
[train] epoch=3/8 step=15/100 loss=0.461247 grad_norm=0.344
[train] epoch=3/8 step=16/100 loss=0.440241 grad_norm=0.641
[train] epoch=3/8 step=17/100 loss=0.450604 grad_norm=0.706
[train] epoch=3/8 step=18/100 loss=0.433373 grad_norm=0.379
[train] epoch=3/8 step=19/100 loss=0.413689 grad_norm=0.334
[train] epoch=3/8 step=20/100 loss=0.448896 grad_norm=0.381
[train] epoch=3/8 step=21/100 loss=0.439953 grad_norm=0.700
[train] epoch=3/8 step=22/100 loss=0.372020 grad_norm=0.536
[train] epoch=3/8 step=23/100 loss=0.471157 grad_norm=0.438
[train] epoch=3/8 step=24/100 loss=0.439577 grad_norm=0.385
[train] epoch=3/8 step=25/100 loss=0.458193 grad_norm=0.522
[train] epoch=3/8 step=26/100 loss=0.412380 grad_norm=0.422
[train] epoch=3/8 step=27/100 loss=0.432784 grad_norm=0.545
[train] epoch=3/8 step=28/100 loss=0.464723 grad_norm=0.527
[train] epoch=3/8 step=29/100 loss=0.389989 grad_norm=0.361
[train] epoch=3/8 step=30/100 loss=0.421247 grad_norm=0.334
[train] epoch=3/8 step=31/100 loss=0.577813 grad_norm=0.691
[train] epoch=3/8 step=32/100 loss=0.422356 grad_norm=0.677
[train] epoch=3/8 step=33/100 loss=0.467242 grad_norm=0.567
[train] epoch=3/8 step=34/100 loss=0.465357 grad_norm=0.363
[train] epoch=3/8 step=35/100 loss=0.494963 grad_norm=0.384
[train] epoch=3/8 step=36/100 loss=0.571991 grad_norm=0.612
[train] epoch=3/8 step=37/100 loss=0.440179 grad_norm=0.896
[train] epoch=3/8 step=38/100 loss=0.529405 grad_norm=0.359
[train] epoch=3/8 step=39/100 loss=0.414444 grad_norm=0.371
[train] epoch=3/8 step=40/100 loss=0.472723 grad_norm=0.488
[train] epoch=3/8 step=41/100 loss=0.421781 grad_norm=0.526
[train] epoch=3/8 step=42/100 loss=0.422107 grad_norm=0.485
[train] epoch=3/8 step=43/100 loss=0.457483 grad_norm=0.401
[train] epoch=3/8 step=44/100 loss=0.429911 grad_norm=0.701
[train] epoch=3/8 step=45/100 loss=0.471651 grad_norm=0.604
[train] epoch=3/8 step=46/100 loss=0.453529 grad_norm=0.487
[train] epoch=3/8 step=47/100 loss=0.439350 grad_norm=0.593
[train] epoch=3/8 step=48/100 loss=0.450277 grad_norm=0.814
[train] epoch=3/8 step=49/100 loss=0.475165 grad_norm=0.441
[train] epoch=3/8 step=50/100 loss=0.402282 grad_norm=0.421
[train] epoch=3/8 step=51/100 loss=0.460878 grad_norm=0.447
[train] epoch=3/8 step=52/100 loss=0.528792 grad_norm=0.410
[train] epoch=3/8 step=53/100 loss=0.813518 grad_norm=0.443
[train] epoch=3/8 step=54/100 loss=0.410905 grad_norm=0.515
[train] epoch=3/8 step=55/100 loss=0.406823 grad_norm=0.505
[train] epoch=3/8 step=56/100 loss=0.379556 grad_norm=0.516
[train] epoch=3/8 step=57/100 loss=0.526949 grad_norm=0.546
[train] epoch=3/8 step=58/100 loss=0.424642 grad_norm=0.639
[train] epoch=3/8 step=59/100 loss=0.411606 grad_norm=0.336
[train] epoch=3/8 step=60/100 loss=0.464332 grad_norm=0.409
[train] epoch=3/8 step=61/100 loss=0.408257 grad_norm=0.331
[train] epoch=3/8 step=62/100 loss=0.445379 grad_norm=0.423
[train] epoch=3/8 step=63/100 loss=0.491772 grad_norm=0.299
[train] epoch=3/8 step=64/100 loss=0.441855 grad_norm=0.345
[train] epoch=3/8 step=65/100 loss=0.405782 grad_norm=0.372
[train] epoch=3/8 step=66/100 loss=0.458406 grad_norm=0.371
[train] epoch=3/8 step=67/100 loss=0.392987 grad_norm=0.385
[train] epoch=3/8 step=68/100 loss=0.385951 grad_norm=0.379
[train] epoch=3/8 step=69/100 loss=0.393414 grad_norm=0.375
[train] epoch=3/8 step=70/100 loss=0.404154 grad_norm=0.351
[train] epoch=3/8 step=71/100 loss=0.426021 grad_norm=0.323
[train] epoch=3/8 step=72/100 loss=0.410651 grad_norm=0.315
[train] epoch=3/8 step=73/100 loss=0.441864 grad_norm=0.317
[train] epoch=3/8 step=74/100 loss=0.594689 grad_norm=0.515
[train] epoch=3/8 step=75/100 loss=0.426191 grad_norm=0.346
[train] epoch=3/8 step=76/100 loss=0.432850 grad_norm=0.328
[train] epoch=3/8 step=77/100 loss=0.409720 grad_norm=0.286
[train] epoch=3/8 step=78/100 loss=0.394724 grad_norm=0.426
[train] epoch=3/8 step=79/100 loss=0.464573 grad_norm=0.405
[train] epoch=3/8 step=80/100 loss=0.450830 grad_norm=0.759
[train] epoch=3/8 step=81/100 loss=0.456546 grad_norm=0.298
[train] epoch=3/8 step=82/100 loss=0.407550 grad_norm=0.626
[train] epoch=3/8 step=83/100 loss=0.409851 grad_norm=0.308
[train] epoch=3/8 step=84/100 loss=0.489216 grad_norm=0.643
[train] epoch=3/8 step=85/100 loss=0.628268 grad_norm=0.414
[train] epoch=3/8 step=86/100 loss=0.393835 grad_norm=0.338
[train] epoch=3/8 step=87/100 loss=0.490825 grad_norm=0.402
[train] epoch=3/8 step=88/100 loss=0.475541 grad_norm=0.374
[train] epoch=3/8 step=89/100 loss=0.498218 grad_norm=0.448
[train] epoch=3/8 step=90/100 loss=0.423864 grad_norm=0.545
[train] epoch=3/8 step=91/100 loss=0.430306 grad_norm=0.370
[train] epoch=3/8 step=92/100 loss=0.480790 grad_norm=0.355
[train] epoch=3/8 step=93/100 loss=0.490281 grad_norm=0.348
[train] epoch=3/8 step=94/100 loss=0.371851 grad_norm=0.444
[train] epoch=3/8 step=95/100 loss=0.514068 grad_norm=0.741
[train] epoch=3/8 step=96/100 loss=0.630047 grad_norm=0.427
[train] epoch=3/8 step=97/100 loss=0.505621 grad_norm=0.351
[train] epoch=3/8 step=98/100 loss=0.493877 grad_norm=0.343
[train] epoch=3/8 step=99/100 loss=0.419066 grad_norm=0.548
[train] epoch=3/8 step=100/100 loss=0.421652 grad_norm=0.447
[epoch_summary] epoch=3/8 time_epoch=56.5s elapsed=287.7s eta=479.5s lambda_batch_div=0.000 lambda_inter_div=0.440 lambda_intra_div=0.000 train_loss=0.452827 val_loss=0.311995 val_nmpjpe=0.276191 train_pose=0.044587 train_rel=0.065431 train_dist=0.233642 train_dir=0.067561 train_var=0.031372 train_batch_div=0.170499 train_inter_div=0.168730 train_intra_div=0.236573 val_pose=0.037291 val_rel=0.052011 val_dist=0.189560 val_dir=0.056292 val_var=0.030270 val_batch_div=0.421243 val_inter_div=0.006461 val_intra_div=0.422401 train_std=0.147249/0.205915 train_std_ratio=0.757893 val_std=0.070955/0.097486 val_std_ratio=0.935585 train_pair_dist=1.223803/1.893498 train_pair_ratio=0.654508 val_pair_dist=0.529828/1.075181 val_pair_ratio=0.596237 train_inter_pair=1.224109/1.916293 train_inter_ratio=0.646730 val_inter_pair=0.013527/0.044053 val_inter_ratio=0.007846 train_intra_pair=1.215033/1.299789 train_intra_ratio=0.965980 val_intra_pair=0.528663/1.069875 val_intra_ratio=0.598158 train_action_cls=0.000000 train_action_acc=0.000 val_action_cls=0.000000 val_action_acc=0.000 grad_norm_mean=0.474 nan_loss=False nan_grad=False actions_covered=27 envs_covered=2
[ckpt] saved_last path=C:\Users\LuvRene\OneDrive\PythonProjects\Positioning\pose_estimationV2\checkpoints\resnet1d_interdiv_env3val_env4test_last.pth epoch=3
[ckpt] no_improve best_epoch=1 best_val_nmpjpe=0.223493
[epoch_start] epoch=4/8 train_size=160380 val_size=80190 test_size=80190 lr=3.000e-04 lambda_batch_div=0.000 lambda_inter_div=0.536 lambda_intra_div=0.000
[train] epoch=4/8 step=1/100 loss=0.506293 grad_norm=0.392
[train] epoch=4/8 step=2/100 loss=0.479795 grad_norm=0.416
[train] epoch=4/8 step=3/100 loss=0.445728 grad_norm=0.389
[train] epoch=4/8 step=4/100 loss=0.477055 grad_norm=0.313
[train] epoch=4/8 step=5/100 loss=0.448962 grad_norm=0.386
[train] epoch=4/8 step=6/100 loss=0.480423 grad_norm=0.490
[train] epoch=4/8 step=7/100 loss=0.499189 grad_norm=0.357
[train] epoch=4/8 step=8/100 loss=0.493790 grad_norm=0.450
[train] epoch=4/8 step=9/100 loss=0.404568 grad_norm=0.530
[train] epoch=4/8 step=10/100 loss=0.421389 grad_norm=0.331
[train] epoch=4/8 step=11/100 loss=0.525924 grad_norm=0.424
[train] epoch=4/8 step=12/100 loss=0.436013 grad_norm=0.515
[train] epoch=4/8 step=13/100 loss=0.442356 grad_norm=0.641
[train] epoch=4/8 step=14/100 loss=0.478892 grad_norm=0.323
[train] epoch=4/8 step=15/100 loss=0.506867 grad_norm=0.429
[train] epoch=4/8 step=16/100 loss=0.535904 grad_norm=0.564
[train] epoch=4/8 step=17/100 loss=0.386084 grad_norm=0.365
[train] epoch=4/8 step=18/100 loss=0.409086 grad_norm=0.339
[train] epoch=4/8 step=19/100 loss=0.507005 grad_norm=0.290
[train] epoch=4/8 step=20/100 loss=0.573397 grad_norm=0.431
[train] epoch=4/8 step=21/100 loss=0.525754 grad_norm=0.394
[train] epoch=4/8 step=22/100 loss=0.381426 grad_norm=0.318
[train] epoch=4/8 step=23/100 loss=0.494087 grad_norm=0.331
[train] epoch=4/8 step=24/100 loss=0.403704 grad_norm=0.302
[train] epoch=4/8 step=25/100 loss=0.464224 grad_norm=0.376
[train] epoch=4/8 step=26/100 loss=0.477648 grad_norm=0.529
[train] epoch=4/8 step=27/100 loss=0.430049 grad_norm=0.362
[train] epoch=4/8 step=28/100 loss=0.417428 grad_norm=0.597
[train] epoch=4/8 step=29/100 loss=0.426667 grad_norm=0.326
[train] epoch=4/8 step=30/100 loss=0.485612 grad_norm=0.388
[train] epoch=4/8 step=31/100 loss=0.439635 grad_norm=0.338
[train] epoch=4/8 step=32/100 loss=0.634761 grad_norm=0.296
[train] epoch=4/8 step=33/100 loss=0.450748 grad_norm=0.342
[train] epoch=4/8 step=34/100 loss=0.401409 grad_norm=0.325
[train] epoch=4/8 step=35/100 loss=0.458681 grad_norm=0.563
[train] epoch=4/8 step=36/100 loss=0.482077 grad_norm=0.406
[train] epoch=4/8 step=37/100 loss=0.464428 grad_norm=0.319
[train] epoch=4/8 step=38/100 loss=0.461926 grad_norm=0.360
[train] epoch=4/8 step=39/100 loss=0.417712 grad_norm=0.303
[train] epoch=4/8 step=40/100 loss=0.441456 grad_norm=0.497
[train] epoch=4/8 step=41/100 loss=0.430421 grad_norm=0.298
[train] epoch=4/8 step=42/100 loss=0.411629 grad_norm=0.439
[train] epoch=4/8 step=43/100 loss=0.444978 grad_norm=0.365
[train] epoch=4/8 step=44/100 loss=0.425514 grad_norm=0.440
[train] epoch=4/8 step=45/100 loss=0.407268 grad_norm=0.389
[train] epoch=4/8 step=46/100 loss=0.539240 grad_norm=0.780
[train] epoch=4/8 step=47/100 loss=0.440243 grad_norm=0.491
[train] epoch=4/8 step=48/100 loss=0.655222 grad_norm=0.372
[train] epoch=4/8 step=49/100 loss=0.405711 grad_norm=0.424
[train] epoch=4/8 step=50/100 loss=0.441474 grad_norm=0.507
[train] epoch=4/8 step=51/100 loss=0.568273 grad_norm=0.740
[train] epoch=4/8 step=52/100 loss=0.443148 grad_norm=0.387
[train] epoch=4/8 step=53/100 loss=1.425159 grad_norm=0.426
[train] epoch=4/8 step=54/100 loss=0.402897 grad_norm=0.307
[train] epoch=4/8 step=55/100 loss=0.523389 grad_norm=0.323
[train] epoch=4/8 step=56/100 loss=0.446866 grad_norm=0.399
[train] epoch=4/8 step=57/100 loss=0.495636 grad_norm=0.465
[train] epoch=4/8 step=58/100 loss=0.410694 grad_norm=0.435
[train] epoch=4/8 step=59/100 loss=0.420689 grad_norm=0.393
[train] epoch=4/8 step=60/100 loss=0.453636 grad_norm=0.389
[train] epoch=4/8 step=61/100 loss=0.396263 grad_norm=0.374
[train] epoch=4/8 step=62/100 loss=0.399958 grad_norm=0.389
[train] epoch=4/8 step=63/100 loss=0.427172 grad_norm=0.390
[train] epoch=4/8 step=64/100 loss=0.471576 grad_norm=0.502
[train] epoch=4/8 step=65/100 loss=0.457637 grad_norm=0.446
[train] epoch=4/8 step=66/100 loss=0.431951 grad_norm=0.313
[train] epoch=4/8 step=67/100 loss=0.430524 grad_norm=0.314
[train] epoch=4/8 step=68/100 loss=0.366839 grad_norm=0.401
[train] epoch=4/8 step=69/100 loss=0.446897 grad_norm=0.480
[train] epoch=4/8 step=70/100 loss=0.410051 grad_norm=0.603
[train] epoch=4/8 step=71/100 loss=0.429695 grad_norm=0.310
[train] epoch=4/8 step=72/100 loss=0.438025 grad_norm=0.451
[train] epoch=4/8 step=73/100 loss=0.494538 grad_norm=0.745
[train] epoch=4/8 step=74/100 loss=0.427495 grad_norm=0.755
[train] epoch=4/8 step=75/100 loss=0.452957 grad_norm=0.275
[train] epoch=4/8 step=76/100 loss=0.448382 grad_norm=0.434
[train] epoch=4/8 step=77/100 loss=0.420237 grad_norm=0.435
[train] epoch=4/8 step=78/100 loss=0.588062 grad_norm=0.547
[train] epoch=4/8 step=79/100 loss=0.439233 grad_norm=0.350
[train] epoch=4/8 step=80/100 loss=0.379285 grad_norm=0.317
[train] epoch=4/8 step=81/100 loss=0.607007 grad_norm=0.384
[train] epoch=4/8 step=82/100 loss=0.443790 grad_norm=0.351
[train] epoch=4/8 step=83/100 loss=0.445906 grad_norm=0.337
[train] epoch=4/8 step=84/100 loss=0.437640 grad_norm=0.422
[train] epoch=4/8 step=85/100 loss=0.442702 grad_norm=0.334
[train] epoch=4/8 step=86/100 loss=0.486527 grad_norm=0.616
[train] epoch=4/8 step=87/100 loss=0.430225 grad_norm=0.411
[train] epoch=4/8 step=88/100 loss=0.482443 grad_norm=0.304
[train] epoch=4/8 step=89/100 loss=0.430702 grad_norm=0.464
[train] epoch=4/8 step=90/100 loss=0.395298 grad_norm=0.465
[train] epoch=4/8 step=91/100 loss=0.417200 grad_norm=0.350
[train] epoch=4/8 step=92/100 loss=0.437484 grad_norm=0.357
[train] epoch=4/8 step=93/100 loss=0.496667 grad_norm=0.379
[train] epoch=4/8 step=94/100 loss=0.464202 grad_norm=0.397
[train] epoch=4/8 step=95/100 loss=0.434605 grad_norm=0.401
[train] epoch=4/8 step=96/100 loss=0.425740 grad_norm=0.347
[train] epoch=4/8 step=97/100 loss=0.425439 grad_norm=0.566
[train] epoch=4/8 step=98/100 loss=0.451553 grad_norm=0.566
[train] epoch=4/8 step=99/100 loss=0.507917 grad_norm=0.323
[train] epoch=4/8 step=100/100 loss=0.521103 grad_norm=0.407
[epoch_summary] epoch=4/8 time_epoch=56.7s elapsed=344.4s eta=344.4s lambda_batch_div=0.000 lambda_inter_div=0.536 lambda_intra_div=0.000 train_loss=0.467512 val_loss=0.316652 val_nmpjpe=0.283849 train_pose=0.046653 train_rel=0.065453 train_dist=0.229257 train_dir=0.066104 train_var=0.034889 train_batch_div=0.175320 train_inter_div=0.173173 train_intra_div=0.252968 val_pose=0.038936 val_rel=0.051959 val_dist=0.191927 val_dir=0.056362 val_var=0.025558 val_batch_div=0.424667 val_inter_div=0.006435 val_intra_div=0.425830 train_std=0.152785/0.217582 train_std_ratio=0.774605 val_std=0.079735/0.097486 val_std_ratio=1.048986 train_pair_dist=1.259650/1.913901 train_pair_ratio=0.671071 val_pair_dist=0.567860/1.075181 val_pair_ratio=0.638870 train_inter_pair=1.259719/1.934269 train_inter_ratio=0.663169 val_inter_pair=0.014118/0.044053 val_inter_ratio=0.008187 train_intra_pair=1.257801/1.384591 train_intra_ratio=0.981552 val_intra_pair=0.566665/1.069875 val_intra_ratio=0.640905 train_action_cls=0.000000 train_action_acc=0.000 val_action_cls=0.000000 val_action_acc=0.000 grad_norm_mean=0.418 nan_loss=False nan_grad=False actions_covered=27 envs_covered=2
[ckpt] saved_last path=C:\Users\LuvRene\OneDrive\PythonProjects\Positioning\pose_estimationV2\checkpoints\resnet1d_interdiv_env3val_env4test_last.pth epoch=4
[ckpt] no_improve best_epoch=1 best_val_nmpjpe=0.223493
[epoch_start] epoch=5/8 train_size=160380 val_size=80190 test_size=80190 lr=3.000e-04 lambda_batch_div=0.000 lambda_inter_div=0.506 lambda_intra_div=0.000
[train] epoch=5/8 step=1/100 loss=0.415436 grad_norm=0.390
[train] epoch=5/8 step=2/100 loss=0.417411 grad_norm=0.385
[train] epoch=5/8 step=3/100 loss=0.511898 grad_norm=0.508
[train] epoch=5/8 step=4/100 loss=0.428548 grad_norm=0.446
[train] epoch=5/8 step=5/100 loss=0.451199 grad_norm=0.352
[train] epoch=5/8 step=6/100 loss=0.399634 grad_norm=0.354
[train] epoch=5/8 step=7/100 loss=1.096202 grad_norm=0.357
[train] epoch=5/8 step=8/100 loss=0.435401 grad_norm=0.345
[train] epoch=5/8 step=9/100 loss=0.431937 grad_norm=0.347
[train] epoch=5/8 step=10/100 loss=0.405441 grad_norm=0.398
[train] epoch=5/8 step=11/100 loss=0.389906 grad_norm=0.314
[train] epoch=5/8 step=12/100 loss=0.481330 grad_norm=0.517
[train] epoch=5/8 step=13/100 loss=0.523126 grad_norm=0.424
[train] epoch=5/8 step=14/100 loss=0.442914 grad_norm=0.432
[train] epoch=5/8 step=15/100 loss=0.442803 grad_norm=0.383
[train] epoch=5/8 step=16/100 loss=0.440347 grad_norm=0.292
[train] epoch=5/8 step=17/100 loss=0.483236 grad_norm=0.422
[train] epoch=5/8 step=18/100 loss=0.502824 grad_norm=0.408
[train] epoch=5/8 step=19/100 loss=0.463582 grad_norm=0.327
[train] epoch=5/8 step=20/100 loss=0.414716 grad_norm=0.610
[train] epoch=5/8 step=21/100 loss=0.405743 grad_norm=0.403
[train] epoch=5/8 step=22/100 loss=0.425723 grad_norm=0.466
[train] epoch=5/8 step=23/100 loss=0.402791 grad_norm=0.594
[train] epoch=5/8 step=24/100 loss=0.406334 grad_norm=0.353
[train] epoch=5/8 step=25/100 loss=0.382276 grad_norm=0.441
[train] epoch=5/8 step=26/100 loss=0.424134 grad_norm=0.370
[train] epoch=5/8 step=27/100 loss=0.382008 grad_norm=0.376
[train] epoch=5/8 step=28/100 loss=0.425133 grad_norm=0.431
[train] epoch=5/8 step=29/100 loss=0.609942 grad_norm=0.870
[train] epoch=5/8 step=30/100 loss=0.420501 grad_norm=0.772
[train] epoch=5/8 step=31/100 loss=0.542495 grad_norm=0.326
[train] epoch=5/8 step=32/100 loss=0.433757 grad_norm=0.325
[train] epoch=5/8 step=33/100 loss=0.433093 grad_norm=0.674
[train] epoch=5/8 step=34/100 loss=0.586719 grad_norm=0.753
[train] epoch=5/8 step=35/100 loss=0.460127 grad_norm=0.379
[train] epoch=5/8 step=36/100 loss=0.460460 grad_norm=0.288
[train] epoch=5/8 step=37/100 loss=0.438828 grad_norm=0.609
[train] epoch=5/8 step=38/100 loss=0.376373 grad_norm=0.480
[train] epoch=5/8 step=39/100 loss=0.625679 grad_norm=0.670
[train] epoch=5/8 step=40/100 loss=0.435941 grad_norm=0.310
[train] epoch=5/8 step=41/100 loss=0.411167 grad_norm=0.308
[train] epoch=5/8 step=42/100 loss=0.422895 grad_norm=0.315
[train] epoch=5/8 step=43/100 loss=0.518146 grad_norm=0.606
[train] epoch=5/8 step=44/100 loss=0.438213 grad_norm=0.636
[train] epoch=5/8 step=45/100 loss=0.478631 grad_norm=0.464
[train] epoch=5/8 step=46/100 loss=0.466703 grad_norm=0.466
[train] epoch=5/8 step=47/100 loss=0.461077 grad_norm=0.525
[train] epoch=5/8 step=48/100 loss=0.387007 grad_norm=0.536
[train] epoch=5/8 step=49/100 loss=0.527091 grad_norm=0.334
[train] epoch=5/8 step=50/100 loss=0.440681 grad_norm=0.436
[train] epoch=5/8 step=51/100 loss=0.426447 grad_norm=0.378
[train] epoch=5/8 step=52/100 loss=0.420949 grad_norm=0.375
[train] epoch=5/8 step=53/100 loss=0.381440 grad_norm=0.351
[train] epoch=5/8 step=54/100 loss=0.433548 grad_norm=0.350
[train] epoch=5/8 step=55/100 loss=0.416128 grad_norm=0.353
[train] epoch=5/8 step=56/100 loss=0.409294 grad_norm=0.355
[train] epoch=5/8 step=57/100 loss=0.581010 grad_norm=0.516
[train] epoch=5/8 step=58/100 loss=0.368731 grad_norm=0.318
[train] epoch=5/8 step=59/100 loss=0.431300 grad_norm=0.360
[train] epoch=5/8 step=60/100 loss=0.418139 grad_norm=0.377
[train] epoch=5/8 step=61/100 loss=0.646958 grad_norm=0.373
[train] epoch=5/8 step=62/100 loss=0.429291 grad_norm=0.431
[train] epoch=5/8 step=63/100 loss=0.412149 grad_norm=0.572
[train] epoch=5/8 step=64/100 loss=0.416705 grad_norm=0.481
[train] epoch=5/8 step=65/100 loss=0.467822 grad_norm=0.362
[train] epoch=5/8 step=66/100 loss=0.437738 grad_norm=0.425
[train] epoch=5/8 step=67/100 loss=0.446074 grad_norm=0.511
[train] epoch=5/8 step=68/100 loss=0.420809 grad_norm=0.317
[train] epoch=5/8 step=69/100 loss=0.414957 grad_norm=0.402
[train] epoch=5/8 step=70/100 loss=0.399255 grad_norm=0.349
[train] epoch=5/8 step=71/100 loss=0.427608 grad_norm=0.348
[train] epoch=5/8 step=72/100 loss=0.415879 grad_norm=0.371
[train] epoch=5/8 step=73/100 loss=0.470052 grad_norm=0.269
[train] epoch=5/8 step=74/100 loss=0.644260 grad_norm=0.321
[train] epoch=5/8 step=75/100 loss=0.444008 grad_norm=0.317
[train] epoch=5/8 step=76/100 loss=0.400624 grad_norm=0.358
[train] epoch=5/8 step=77/100 loss=0.413288 grad_norm=0.314
[train] epoch=5/8 step=78/100 loss=0.441689 grad_norm=0.320
[train] epoch=5/8 step=79/100 loss=0.483366 grad_norm=0.518
[train] epoch=5/8 step=80/100 loss=0.414870 grad_norm=0.354
[train] epoch=5/8 step=81/100 loss=0.376915 grad_norm=0.404
[train] epoch=5/8 step=82/100 loss=0.488819 grad_norm=0.515
[train] epoch=5/8 step=83/100 loss=0.454975 grad_norm=0.331
[train] epoch=5/8 step=84/100 loss=0.662406 grad_norm=0.373
[train] epoch=5/8 step=85/100 loss=0.498064 grad_norm=0.357
[train] epoch=5/8 step=86/100 loss=0.399208 grad_norm=0.320
[train] epoch=5/8 step=87/100 loss=0.406635 grad_norm=0.371
[train] epoch=5/8 step=88/100 loss=0.405272 grad_norm=0.368
[train] epoch=5/8 step=89/100 loss=0.430466 grad_norm=0.300
[train] epoch=5/8 step=90/100 loss=0.410484 grad_norm=0.350
[train] epoch=5/8 step=91/100 loss=0.427194 grad_norm=0.329
[train] epoch=5/8 step=92/100 loss=0.434931 grad_norm=0.332
[train] epoch=5/8 step=93/100 loss=0.388734 grad_norm=0.386
[train] epoch=5/8 step=94/100 loss=0.433022 grad_norm=0.330
[train] epoch=5/8 step=95/100 loss=1.095567 grad_norm=0.387
[train] epoch=5/8 step=96/100 loss=0.475691 grad_norm=0.367
[train] epoch=5/8 step=97/100 loss=0.476197 grad_norm=0.283
[train] epoch=5/8 step=98/100 loss=0.463094 grad_norm=0.285
[train] epoch=5/8 step=99/100 loss=0.422616 grad_norm=0.347
[train] epoch=5/8 step=100/100 loss=0.410025 grad_norm=0.369
[epoch_summary] epoch=5/8 time_epoch=56.5s elapsed=400.8s eta=240.5s lambda_batch_div=0.000 lambda_inter_div=0.506 lambda_intra_div=0.000 train_loss=0.461023 val_loss=0.311904 val_nmpjpe=0.279413 train_pose=0.047319 train_rel=0.065789 train_dist=0.228322 train_dir=0.065389 train_var=0.034525 train_batch_div=0.174160 train_inter_div=0.172183 train_intra_div=0.249071 val_pose=0.037979 val_rel=0.052291 val_dist=0.188714 val_dir=0.056344 val_var=0.021158 val_batch_div=0.382212 val_inter_div=0.005381 val_intra_div=0.383424 train_std=0.155714/0.219950 train_std_ratio=0.794085 val_std=0.090332/0.097486 val_std_ratio=1.195183 train_pair_dist=1.268146/1.921152 train_pair_ratio=0.674060 val_pair_dist=0.653759/1.075181 val_pair_ratio=0.738771 train_inter_pair=1.268588/1.944373 train_inter_ratio=0.666227 val_inter_pair=0.016447/0.044053 val_inter_ratio=0.009560 train_intra_pair=1.255892/1.325122 train_intra_ratio=0.983851 val_intra_pair=0.652684/1.069875 val_intra_ratio=0.741741 train_action_cls=0.000000 train_action_acc=0.000 val_action_cls=0.000000 val_action_acc=0.000 grad_norm_mean=0.411 nan_loss=False nan_grad=False actions_covered=27 envs_covered=2
[ckpt] saved_last path=C:\Users\LuvRene\OneDrive\PythonProjects\Positioning\pose_estimationV2\checkpoints\resnet1d_interdiv_env3val_env4test_last.pth epoch=5
[ckpt] no_improve best_epoch=1 best_val_nmpjpe=0.223493
[epoch_start] epoch=6/8 train_size=160380 val_size=80190 test_size=80190 lr=3.000e-04 lambda_batch_div=0.000 lambda_inter_div=0.454 lambda_intra_div=0.000
[train] epoch=6/8 step=1/100 loss=0.442151 grad_norm=0.554
[train] epoch=6/8 step=2/100 loss=0.417988 grad_norm=0.299
[train] epoch=6/8 step=3/100 loss=0.432151 grad_norm=0.395
[train] epoch=6/8 step=4/100 loss=0.421133 grad_norm=0.612
[train] epoch=6/8 step=5/100 loss=0.388911 grad_norm=0.593
[train] epoch=6/8 step=6/100 loss=0.481149 grad_norm=0.493
[train] epoch=6/8 step=7/100 loss=0.437303 grad_norm=0.554
[train] epoch=6/8 step=8/100 loss=0.435908 grad_norm=0.720
[train] epoch=6/8 step=9/100 loss=0.457020 grad_norm=0.426
[train] epoch=6/8 step=10/100 loss=0.386465 grad_norm=0.646
[train] epoch=6/8 step=11/100 loss=0.380794 grad_norm=0.336
[train] epoch=6/8 step=12/100 loss=0.446676 grad_norm=0.746
[train] epoch=6/8 step=13/100 loss=0.545200 grad_norm=0.574
[train] epoch=6/8 step=14/100 loss=0.437913 grad_norm=0.500
[train] epoch=6/8 step=15/100 loss=0.447395 grad_norm=0.458
[train] epoch=6/8 step=16/100 loss=0.402823 grad_norm=0.411
[train] epoch=6/8 step=17/100 loss=0.429963 grad_norm=1.015
[train] epoch=6/8 step=18/100 loss=0.453557 grad_norm=0.502
[train] epoch=6/8 step=19/100 loss=0.390727 grad_norm=0.431
[train] epoch=6/8 step=20/100 loss=0.389248 grad_norm=0.329
[train] epoch=6/8 step=21/100 loss=0.439627 grad_norm=0.389
[train] epoch=6/8 step=22/100 loss=0.383203 grad_norm=0.547
[train] epoch=6/8 step=23/100 loss=0.407005 grad_norm=0.506
[train] epoch=6/8 step=24/100 loss=0.415056 grad_norm=0.260
[train] epoch=6/8 step=25/100 loss=0.436173 grad_norm=0.477
[train] epoch=6/8 step=26/100 loss=0.438709 grad_norm=0.347
[train] epoch=6/8 step=27/100 loss=0.450613 grad_norm=0.587
[train] epoch=6/8 step=28/100 loss=0.456234 grad_norm=0.599
[train] epoch=6/8 step=29/100 loss=0.415405 grad_norm=0.336
[train] epoch=6/8 step=30/100 loss=0.438776 grad_norm=0.357
[train] epoch=6/8 step=31/100 loss=0.558860 grad_norm=0.286
[train] epoch=6/8 step=32/100 loss=0.591201 grad_norm=0.374
[train] epoch=6/8 step=33/100 loss=0.452086 grad_norm=0.499
[train] epoch=6/8 step=34/100 loss=0.410066 grad_norm=0.280
[train] epoch=6/8 step=35/100 loss=0.407364 grad_norm=0.359
[train] epoch=6/8 step=36/100 loss=0.418081 grad_norm=0.315
[train] epoch=6/8 step=37/100 loss=0.424303 grad_norm=0.387
[train] epoch=6/8 step=38/100 loss=0.391097 grad_norm=0.303
[train] epoch=6/8 step=39/100 loss=0.404551 grad_norm=0.335
[train] epoch=6/8 step=40/100 loss=0.582716 grad_norm=0.298
[train] epoch=6/8 step=41/100 loss=0.399131 grad_norm=0.515
[train] epoch=6/8 step=42/100 loss=0.402898 grad_norm=0.506
[train] epoch=6/8 step=43/100 loss=0.596836 grad_norm=0.613
[train] epoch=6/8 step=44/100 loss=1.344018 grad_norm=0.467
[train] epoch=6/8 step=45/100 loss=0.380926 grad_norm=0.367
[train] epoch=6/8 step=46/100 loss=0.441486 grad_norm=0.508
[train] epoch=6/8 step=47/100 loss=0.471770 grad_norm=0.515
[train] epoch=6/8 step=48/100 loss=0.455012 grad_norm=0.389
[train] epoch=6/8 step=49/100 loss=0.459779 grad_norm=0.288
[train] epoch=6/8 step=50/100 loss=0.374026 grad_norm=0.392
[train] epoch=6/8 step=51/100 loss=0.423244 grad_norm=0.337
[train] epoch=6/8 step=52/100 loss=0.392179 grad_norm=0.458
[train] epoch=6/8 step=53/100 loss=0.493047 grad_norm=0.361
[train] epoch=6/8 step=54/100 loss=0.452772 grad_norm=0.304
[train] epoch=6/8 step=55/100 loss=0.352899 grad_norm=0.441
[train] epoch=6/8 step=56/100 loss=0.399679 grad_norm=0.403
[train] epoch=6/8 step=57/100 loss=0.427050 grad_norm=0.352
[train] epoch=6/8 step=58/100 loss=0.495228 grad_norm=0.342
[train] epoch=6/8 step=59/100 loss=0.516472 grad_norm=0.311
[train] epoch=6/8 step=60/100 loss=0.408889 grad_norm=0.450
[train] epoch=6/8 step=61/100 loss=0.407829 grad_norm=0.380
[train] epoch=6/8 step=62/100 loss=0.379723 grad_norm=0.447
[train] epoch=6/8 step=63/100 loss=0.434344 grad_norm=0.285
[train] epoch=6/8 step=64/100 loss=0.453161 grad_norm=0.316
[train] epoch=6/8 step=65/100 loss=0.394606 grad_norm=0.356
[train] epoch=6/8 step=66/100 loss=0.383044 grad_norm=0.482
[train] epoch=6/8 step=67/100 loss=0.373041 grad_norm=0.339
[train] epoch=6/8 step=68/100 loss=0.442497 grad_norm=0.399
[train] epoch=6/8 step=69/100 loss=0.431100 grad_norm=0.372
[train] epoch=6/8 step=70/100 loss=0.438482 grad_norm=0.272
[train] epoch=6/8 step=71/100 loss=0.468391 grad_norm=0.451
[train] epoch=6/8 step=72/100 loss=0.442609 grad_norm=0.377
[train] epoch=6/8 step=73/100 loss=0.417377 grad_norm=0.468
[train] epoch=6/8 step=74/100 loss=0.514117 grad_norm=0.348
[train] epoch=6/8 step=75/100 loss=0.420888 grad_norm=0.443
[train] epoch=6/8 step=76/100 loss=0.456590 grad_norm=0.361
[train] epoch=6/8 step=77/100 loss=0.402011 grad_norm=0.276
[train] epoch=6/8 step=78/100 loss=0.345845 grad_norm=0.364
[train] epoch=6/8 step=79/100 loss=0.440260 grad_norm=0.299
[train] epoch=6/8 step=80/100 loss=0.406491 grad_norm=0.401
[train] epoch=6/8 step=81/100 loss=0.409513 grad_norm=0.284
[train] epoch=6/8 step=82/100 loss=0.410916 grad_norm=0.301
[train] epoch=6/8 step=83/100 loss=0.434620 grad_norm=0.367
[train] epoch=6/8 step=84/100 loss=0.413368 grad_norm=0.398
[train] epoch=6/8 step=85/100 loss=0.390447 grad_norm=0.311
[train] epoch=6/8 step=86/100 loss=0.397842 grad_norm=0.617
[train] epoch=6/8 step=87/100 loss=0.479969 grad_norm=0.402
[train] epoch=6/8 step=88/100 loss=0.371923 grad_norm=0.342
[train] epoch=6/8 step=89/100 loss=0.404084 grad_norm=0.516
[train] epoch=6/8 step=90/100 loss=0.396711 grad_norm=0.414
[train] epoch=6/8 step=91/100 loss=0.399832 grad_norm=0.396
[train] epoch=6/8 step=92/100 loss=0.522787 grad_norm=0.340
[train] epoch=6/8 step=93/100 loss=0.491430 grad_norm=0.431
[train] epoch=6/8 step=94/100 loss=0.366077 grad_norm=0.606
[train] epoch=6/8 step=95/100 loss=0.447549 grad_norm=0.398
[train] epoch=6/8 step=96/100 loss=0.368560 grad_norm=0.349
[train] epoch=6/8 step=97/100 loss=0.500562 grad_norm=0.438
[train] epoch=6/8 step=98/100 loss=0.377982 grad_norm=0.390
[train] epoch=6/8 step=99/100 loss=0.488845 grad_norm=0.352
[train] epoch=6/8 step=100/100 loss=0.462010 grad_norm=0.279
[epoch_summary] epoch=6/8 time_epoch=58.1s elapsed=458.9s eta=153.0s lambda_batch_div=0.000 lambda_inter_div=0.454 lambda_intra_div=0.000 train_loss=0.442204 val_loss=0.309184 val_nmpjpe=0.300810 train_pose=0.048510 train_rel=0.064622 train_dist=0.222965 train_dir=0.064436 train_var=0.029639 train_batch_div=0.164812 train_inter_div=0.162991 train_intra_div=0.240496 val_pose=0.040369 val_rel=0.051464 val_dist=0.184811 val_dir=0.056178 val_var=0.018274 val_batch_div=0.393244 val_inter_div=0.004612 val_intra_div=0.395255 train_std=0.165121/0.219558 train_std_ratio=0.828820 val_std=0.107847/0.097486 val_std_ratio=1.435835 train_pair_dist=1.325559/1.925000 train_pair_ratio=0.701729 val_pair_dist=0.786950/1.075181 val_pair_ratio=0.892771 train_inter_pair=1.326121/1.948380 train_inter_ratio=0.693480 val_inter_pair=0.020191/0.044053 val_inter_ratio=0.011739 train_intra_pair=1.311197/1.320052 train_intra_ratio=1.028742 val_intra_pair=0.785856/1.069875 val_intra_ratio=0.896724 train_action_cls=0.000000 train_action_acc=0.000 val_action_cls=0.000000 val_action_acc=0.000 grad_norm_mean=0.421 nan_loss=False nan_grad=False actions_covered=27 envs_covered=2
[ckpt] saved_last path=C:\Users\LuvRene\OneDrive\PythonProjects\Positioning\pose_estimationV2\checkpoints\resnet1d_interdiv_env3val_env4test_last.pth epoch=6
[ckpt] no_improve best_epoch=1 best_val_nmpjpe=0.223493
[epoch_start] epoch=7/8 train_size=160380 val_size=80190 test_size=80190 lr=3.000e-04 lambda_batch_div=0.000 lambda_inter_div=0.402 lambda_intra_div=0.000
[train] epoch=7/8 step=1/100 loss=0.382673 grad_norm=0.273
[train] epoch=7/8 step=2/100 loss=0.425388 grad_norm=0.269
[train] epoch=7/8 step=3/100 loss=0.467433 grad_norm=0.328
[train] epoch=7/8 step=4/100 loss=0.372148 grad_norm=0.451
[train] epoch=7/8 step=5/100 loss=0.398937 grad_norm=0.462
[train] epoch=7/8 step=6/100 loss=0.387696 grad_norm=0.337
[train] epoch=7/8 step=7/100 loss=0.426199 grad_norm=0.302
[train] epoch=7/8 step=8/100 loss=0.348081 grad_norm=0.408
[train] epoch=7/8 step=9/100 loss=0.419580 grad_norm=0.467
[train] epoch=7/8 step=10/100 loss=0.488659 grad_norm=0.343
[train] epoch=7/8 step=11/100 loss=0.443075 grad_norm=0.368
[train] epoch=7/8 step=12/100 loss=0.403383 grad_norm=0.499
[train] epoch=7/8 step=13/100 loss=0.382599 grad_norm=0.497
[train] epoch=7/8 step=14/100 loss=0.421087 grad_norm=0.523
[train] epoch=7/8 step=15/100 loss=0.400883 grad_norm=0.360
[train] epoch=7/8 step=16/100 loss=0.378253 grad_norm=0.586
[train] epoch=7/8 step=17/100 loss=0.377943 grad_norm=0.305
[train] epoch=7/8 step=18/100 loss=0.387544 grad_norm=0.578
[train] epoch=7/8 step=19/100 loss=0.410911 grad_norm=0.418
[train] epoch=7/8 step=20/100 loss=0.421280 grad_norm=0.441
[train] epoch=7/8 step=21/100 loss=0.495210 grad_norm=0.574
[train] epoch=7/8 step=22/100 loss=0.406186 grad_norm=0.428
[train] epoch=7/8 step=23/100 loss=0.399504 grad_norm=0.341
[train] epoch=7/8 step=24/100 loss=0.379225 grad_norm=0.386
[train] epoch=7/8 step=25/100 loss=0.404144 grad_norm=0.320
[train] epoch=7/8 step=26/100 loss=0.371935 grad_norm=0.479
[train] epoch=7/8 step=27/100 loss=0.383108 grad_norm=0.585
[train] epoch=7/8 step=28/100 loss=0.400824 grad_norm=0.425
[train] epoch=7/8 step=29/100 loss=0.401113 grad_norm=0.399
[train] epoch=7/8 step=30/100 loss=0.384577 grad_norm=0.492
[train] epoch=7/8 step=31/100 loss=0.364149 grad_norm=0.463
[train] epoch=7/8 step=32/100 loss=0.448090 grad_norm=0.313
[train] epoch=7/8 step=33/100 loss=0.405404 grad_norm=0.494
[train] epoch=7/8 step=34/100 loss=0.387009 grad_norm=0.265
[train] epoch=7/8 step=35/100 loss=0.417712 grad_norm=0.351
[train] epoch=7/8 step=36/100 loss=0.417443 grad_norm=0.435
[train] epoch=7/8 step=37/100 loss=0.397260 grad_norm=0.329
[train] epoch=7/8 step=38/100 loss=0.385404 grad_norm=0.324
[train] epoch=7/8 step=39/100 loss=0.396814 grad_norm=0.388
[train] epoch=7/8 step=40/100 loss=0.363142 grad_norm=0.369
[train] epoch=7/8 step=41/100 loss=0.428537 grad_norm=0.324
[train] epoch=7/8 step=42/100 loss=0.412071 grad_norm=0.436
[train] epoch=7/8 step=43/100 loss=0.388592 grad_norm=0.367
[train] epoch=7/8 step=44/100 loss=0.446399 grad_norm=0.322
[train] epoch=7/8 step=45/100 loss=0.360646 grad_norm=0.392
[train] epoch=7/8 step=46/100 loss=0.352039 grad_norm=0.479
[train] epoch=7/8 step=47/100 loss=0.378749 grad_norm=0.402
[train] epoch=7/8 step=48/100 loss=0.362144 grad_norm=0.513
[train] epoch=7/8 step=49/100 loss=0.415127 grad_norm=0.330
[train] epoch=7/8 step=50/100 loss=0.401140 grad_norm=0.470
[train] epoch=7/8 step=51/100 loss=0.383502 grad_norm=0.429
[train] epoch=7/8 step=52/100 loss=0.423470 grad_norm=0.314
[train] epoch=7/8 step=53/100 loss=0.471284 grad_norm=0.536
[train] epoch=7/8 step=54/100 loss=0.346216 grad_norm=0.452
[train] epoch=7/8 step=55/100 loss=0.424984 grad_norm=0.336
[train] epoch=7/8 step=56/100 loss=0.384696 grad_norm=0.333
[train] epoch=7/8 step=57/100 loss=0.378639 grad_norm=0.289
[train] epoch=7/8 step=58/100 loss=0.409731 grad_norm=0.335
[train] epoch=7/8 step=59/100 loss=0.401081 grad_norm=0.401
[train] epoch=7/8 step=60/100 loss=0.384723 grad_norm=0.481
[train] epoch=7/8 step=61/100 loss=0.430976 grad_norm=0.322
[train] epoch=7/8 step=62/100 loss=0.470805 grad_norm=0.352
[train] epoch=7/8 step=63/100 loss=0.365271 grad_norm=0.489
[train] epoch=7/8 step=64/100 loss=0.398689 grad_norm=0.362
[train] epoch=7/8 step=65/100 loss=0.532873 grad_norm=0.356
[train] epoch=7/8 step=66/100 loss=0.416422 grad_norm=0.366
[train] epoch=7/8 step=67/100 loss=0.389113 grad_norm=0.338
[train] epoch=7/8 step=68/100 loss=0.363305 grad_norm=0.268
[train] epoch=7/8 step=69/100 loss=0.369756 grad_norm=0.393
[train] epoch=7/8 step=70/100 loss=0.394769 grad_norm=0.309
[train] epoch=7/8 step=71/100 loss=0.425871 grad_norm=0.435
[train] epoch=7/8 step=72/100 loss=0.409583 grad_norm=0.371
[train] epoch=7/8 step=73/100 loss=0.385909 grad_norm=0.487
[train] epoch=7/8 step=74/100 loss=0.398609 grad_norm=0.649
[train] epoch=7/8 step=75/100 loss=0.441971 grad_norm=0.276
[train] epoch=7/8 step=76/100 loss=0.462447 grad_norm=0.401
[train] epoch=7/8 step=77/100 loss=0.396797 grad_norm=0.512
[train] epoch=7/8 step=78/100 loss=0.412196 grad_norm=0.519
[train] epoch=7/8 step=79/100 loss=0.379164 grad_norm=0.449
[train] epoch=7/8 step=80/100 loss=0.409401 grad_norm=0.401
[train] epoch=7/8 step=81/100 loss=0.402128 grad_norm=0.275
[train] epoch=7/8 step=82/100 loss=0.397695 grad_norm=0.462
[train] epoch=7/8 step=83/100 loss=0.385451 grad_norm=0.369
[train] epoch=7/8 step=84/100 loss=0.404904 grad_norm=0.373
[train] epoch=7/8 step=85/100 loss=0.414445 grad_norm=0.651
[train] epoch=7/8 step=86/100 loss=0.407749 grad_norm=0.352
[train] epoch=7/8 step=87/100 loss=0.435927 grad_norm=0.355
[train] epoch=7/8 step=88/100 loss=0.371368 grad_norm=0.314
[train] epoch=7/8 step=89/100 loss=0.389658 grad_norm=0.389
[train] epoch=7/8 step=90/100 loss=0.428582 grad_norm=0.560
[train] epoch=7/8 step=91/100 loss=0.448700 grad_norm=0.552
[train] epoch=7/8 step=92/100 loss=0.533786 grad_norm=0.307
[train] epoch=7/8 step=93/100 loss=0.406156 grad_norm=0.706
[train] epoch=7/8 step=94/100 loss=0.401041 grad_norm=0.685
[train] epoch=7/8 step=95/100 loss=0.407279 grad_norm=0.311
[train] epoch=7/8 step=96/100 loss=0.388853 grad_norm=0.509
[train] epoch=7/8 step=97/100 loss=0.705085 grad_norm=0.456
[train] epoch=7/8 step=98/100 loss=0.495263 grad_norm=0.308
[train] epoch=7/8 step=99/100 loss=0.403217 grad_norm=0.355
[train] epoch=7/8 step=100/100 loss=0.501783 grad_norm=0.456
[epoch_summary] epoch=7/8 time_epoch=57.9s elapsed=516.8s eta=73.8s lambda_batch_div=0.000 lambda_inter_div=0.402 lambda_intra_div=0.000 train_loss=0.410888 val_loss=0.304467 val_nmpjpe=0.304846 train_pose=0.045121 train_rel=0.059489 train_dist=0.213402 train_dir=0.062190 train_var=0.020887 train_batch_div=0.152429 train_inter_div=0.150344 train_intra_div=0.244397 val_pose=0.041090 val_rel=0.051234 val_dist=0.180040 val_dir=0.055923 val_var=0.017255 val_batch_div=0.401972 val_inter_div=0.004472 val_intra_div=0.404259 train_std=0.167277/0.198291 train_std_ratio=0.876366 val_std=0.113867/0.097486 val_std_ratio=1.514166 train_pair_dist=1.333440/1.854900 train_pair_ratio=0.724189 val_pair_dist=0.822141/1.075181 val_pair_ratio=0.932134 train_inter_pair=1.333755/1.876868 train_inter_ratio=0.715802 val_inter_pair=0.021196/0.044053 val_inter_ratio=0.012311 train_intra_pair=1.325495/1.276772 train_intra_ratio=1.061105 val_intra_pair=0.821018/1.069875 val_intra_ratio=0.936354 train_action_cls=0.000000 train_action_acc=0.000 val_action_cls=0.000000 val_action_acc=0.000 grad_norm_mean=0.411 nan_loss=False nan_grad=False actions_covered=27 envs_covered=2
[ckpt] saved_last path=C:\Users\LuvRene\OneDrive\PythonProjects\Positioning\pose_estimationV2\checkpoints\resnet1d_interdiv_env3val_env4test_last.pth epoch=7
[ckpt] no_improve best_epoch=1 best_val_nmpjpe=0.223493
[epoch_start] epoch=8/8 train_size=160380 val_size=80190 test_size=80190 lr=3.000e-04 lambda_batch_div=0.000 lambda_inter_div=0.350 lambda_intra_div=0.000
[train] epoch=8/8 step=1/100 loss=0.382265 grad_norm=0.351
[train] epoch=8/8 step=2/100 loss=0.483652 grad_norm=0.299
[train] epoch=8/8 step=3/100 loss=0.462082 grad_norm=0.319
[train] epoch=8/8 step=4/100 loss=0.766055 grad_norm=0.333
[train] epoch=8/8 step=5/100 loss=0.374945 grad_norm=0.406
[train] epoch=8/8 step=6/100 loss=0.369042 grad_norm=0.294
[train] epoch=8/8 step=7/100 loss=0.375140 grad_norm=0.271
[train] epoch=8/8 step=8/100 loss=0.417844 grad_norm=0.361
[train] epoch=8/8 step=9/100 loss=0.402936 grad_norm=0.472
[train] epoch=8/8 step=10/100 loss=0.371602 grad_norm=0.597
[train] epoch=8/8 step=11/100 loss=0.380408 grad_norm=0.273
[train] epoch=8/8 step=12/100 loss=0.397336 grad_norm=0.356
[train] epoch=8/8 step=13/100 loss=0.428931 grad_norm=0.324
[train] epoch=8/8 step=14/100 loss=0.361045 grad_norm=0.507
[train] epoch=8/8 step=15/100 loss=0.365459 grad_norm=0.407
[train] epoch=8/8 step=16/100 loss=1.001911 grad_norm=0.541
[train] epoch=8/8 step=17/100 loss=0.359722 grad_norm=0.520
[train] epoch=8/8 step=18/100 loss=0.387764 grad_norm=0.484
[train] epoch=8/8 step=19/100 loss=0.411709 grad_norm=0.302
[train] epoch=8/8 step=20/100 loss=0.373050 grad_norm=0.592
[train] epoch=8/8 step=21/100 loss=0.382680 grad_norm=0.794
[train] epoch=8/8 step=22/100 loss=0.421521 grad_norm=0.250
[train] epoch=8/8 step=23/100 loss=0.371915 grad_norm=0.389
[train] epoch=8/8 step=24/100 loss=0.403146 grad_norm=0.350
[train] epoch=8/8 step=25/100 loss=0.389623 grad_norm=0.334
[train] epoch=8/8 step=26/100 loss=0.388718 grad_norm=0.608
[train] epoch=8/8 step=27/100 loss=0.373764 grad_norm=0.538
[train] epoch=8/8 step=28/100 loss=0.380221 grad_norm=0.367
[train] epoch=8/8 step=29/100 loss=0.404522 grad_norm=0.341
[train] epoch=8/8 step=30/100 loss=0.374379 grad_norm=0.449
[train] epoch=8/8 step=31/100 loss=0.415645 grad_norm=0.608
[train] epoch=8/8 step=32/100 loss=0.364332 grad_norm=0.346
[train] epoch=8/8 step=33/100 loss=0.425426 grad_norm=0.488
[train] epoch=8/8 step=34/100 loss=0.449044 grad_norm=0.747
[train] epoch=8/8 step=35/100 loss=0.365418 grad_norm=0.483
[train] epoch=8/8 step=36/100 loss=0.401725 grad_norm=0.353
[train] epoch=8/8 step=37/100 loss=0.397469 grad_norm=0.276
[train] epoch=8/8 step=38/100 loss=0.366959 grad_norm=0.276
[train] epoch=8/8 step=39/100 loss=0.456437 grad_norm=0.468
[train] epoch=8/8 step=40/100 loss=0.577024 grad_norm=0.273
[train] epoch=8/8 step=41/100 loss=0.436130 grad_norm=0.343
[train] epoch=8/8 step=42/100 loss=0.416356 grad_norm=0.311
[train] epoch=8/8 step=43/100 loss=0.389930 grad_norm=0.267
[train] epoch=8/8 step=44/100 loss=0.390534 grad_norm=0.308
[train] epoch=8/8 step=45/100 loss=0.344075 grad_norm=0.434
[train] epoch=8/8 step=46/100 loss=0.365370 grad_norm=0.309
[train] epoch=8/8 step=47/100 loss=0.501557 grad_norm=0.320
[train] epoch=8/8 step=48/100 loss=0.454083 grad_norm=0.246
[train] epoch=8/8 step=49/100 loss=0.354396 grad_norm=0.409
[train] epoch=8/8 step=50/100 loss=0.412794 grad_norm=0.267
[train] epoch=8/8 step=51/100 loss=0.398992 grad_norm=0.316
[train] epoch=8/8 step=52/100 loss=0.403807 grad_norm=0.279
[train] epoch=8/8 step=53/100 loss=0.377028 grad_norm=0.282
[train] epoch=8/8 step=54/100 loss=0.404654 grad_norm=0.556
[train] epoch=8/8 step=55/100 loss=0.457490 grad_norm=0.380
[train] epoch=8/8 step=56/100 loss=0.396633 grad_norm=0.242
[train] epoch=8/8 step=57/100 loss=0.367982 grad_norm=0.323
[train] epoch=8/8 step=58/100 loss=0.461247 grad_norm=0.277
[train] epoch=8/8 step=59/100 loss=0.447400 grad_norm=0.276
[train] epoch=8/8 step=60/100 loss=0.401050 grad_norm=0.314
[train] epoch=8/8 step=61/100 loss=0.527678 grad_norm=0.416
[train] epoch=8/8 step=62/100 loss=0.379271 grad_norm=0.327
[train] epoch=8/8 step=63/100 loss=0.378736 grad_norm=0.368
[train] epoch=8/8 step=64/100 loss=0.410347 grad_norm=0.342
[train] epoch=8/8 step=65/100 loss=0.405507 grad_norm=0.423
[train] epoch=8/8 step=66/100 loss=0.669219 grad_norm=0.409
[train] epoch=8/8 step=67/100 loss=0.397574 grad_norm=0.313
[train] epoch=8/8 step=68/100 loss=0.383448 grad_norm=0.647
[train] epoch=8/8 step=69/100 loss=0.383762 grad_norm=0.282
[train] epoch=8/8 step=70/100 loss=0.358392 grad_norm=0.297
[train] epoch=8/8 step=71/100 loss=0.392327 grad_norm=0.298
[train] epoch=8/8 step=72/100 loss=0.365344 grad_norm=0.364
[train] epoch=8/8 step=73/100 loss=0.416294 grad_norm=0.492
[train] epoch=8/8 step=74/100 loss=0.379222 grad_norm=0.279
[train] epoch=8/8 step=75/100 loss=0.385510 grad_norm=0.313
[train] epoch=8/8 step=76/100 loss=0.364963 grad_norm=0.277
[train] epoch=8/8 step=77/100 loss=0.376494 grad_norm=0.292
[train] epoch=8/8 step=78/100 loss=0.360494 grad_norm=0.309
[train] epoch=8/8 step=79/100 loss=0.357025 grad_norm=0.402
[train] epoch=8/8 step=80/100 loss=0.376676 grad_norm=0.425
[train] epoch=8/8 step=81/100 loss=0.533764 grad_norm=0.275
[train] epoch=8/8 step=82/100 loss=0.411854 grad_norm=0.442
[train] epoch=8/8 step=83/100 loss=0.385285 grad_norm=0.268
[train] epoch=8/8 step=84/100 loss=0.389871 grad_norm=0.399
[train] epoch=8/8 step=85/100 loss=0.364452 grad_norm=0.271
[train] epoch=8/8 step=86/100 loss=0.398083 grad_norm=0.329
[train] epoch=8/8 step=87/100 loss=0.408811 grad_norm=0.485
[train] epoch=8/8 step=88/100 loss=0.387379 grad_norm=0.398
[train] epoch=8/8 step=89/100 loss=0.547602 grad_norm=0.383
[train] epoch=8/8 step=90/100 loss=0.399665 grad_norm=0.411
[train] epoch=8/8 step=91/100 loss=0.421977 grad_norm=0.286
[train] epoch=8/8 step=92/100 loss=0.427353 grad_norm=0.375
[train] epoch=8/8 step=93/100 loss=0.413725 grad_norm=0.284
[train] epoch=8/8 step=94/100 loss=0.604793 grad_norm=0.298
[train] epoch=8/8 step=95/100 loss=0.366240 grad_norm=0.278
[train] epoch=8/8 step=96/100 loss=0.409205 grad_norm=0.314
[train] epoch=8/8 step=97/100 loss=0.369936 grad_norm=0.440
[train] epoch=8/8 step=98/100 loss=0.354190 grad_norm=0.307
[train] epoch=8/8 step=99/100 loss=0.393023 grad_norm=0.257
[train] epoch=8/8 step=100/100 loss=0.400272 grad_norm=0.365
[epoch_summary] epoch=8/8 time_epoch=57.2s elapsed=574.0s eta=0.0s lambda_batch_div=0.000 lambda_inter_div=0.350 lambda_intra_div=0.000 train_loss=0.416201 val_loss=0.308578 val_nmpjpe=0.299383 train_pose=0.047908 train_rel=0.062719 train_dist=0.216086 train_dir=0.062711 train_var=0.031694 train_batch_div=0.168027 train_inter_div=0.166106 train_intra_div=0.244030 val_pose=0.040066 val_rel=0.050959 val_dist=0.185301 val_dir=0.056165 val_var=0.017821 val_batch_div=0.398176 val_inter_div=0.004475 val_intra_div=0.400403 train_std=0.164626/0.218119 train_std_ratio=0.833843 val_std=0.112664/0.097486 val_std_ratio=1.501303 train_pair_dist=1.307954/1.919574 train_pair_ratio=0.693355 val_pair_dist=0.818150/1.075181 val_pair_ratio=0.928696 train_inter_pair=1.308179/1.941464 train_inter_ratio=0.685472 val_inter_pair=0.020983/0.044053 val_inter_ratio=0.012201 train_intra_pair=1.301974/1.346381 train_intra_ratio=1.002149 val_intra_pair=0.817093/1.069875 val_intra_ratio=0.932957 train_action_cls=0.000000 train_action_acc=0.000 val_action_cls=0.000000 val_action_acc=0.000 grad_norm_mean=0.373 nan_loss=False nan_grad=False actions_covered=27 envs_covered=2
[ckpt] saved_last path=C:\Users\LuvRene\OneDrive\PythonProjects\Positioning\pose_estimationV2\checkpoints\resnet1d_interdiv_env3val_env4test_last.pth epoch=8
[ckpt] no_improve best_epoch=1 best_val_nmpjpe=0.223493
[plot] saved path=C:\Users\LuvRene\OneDrive\PythonProjects\Positioning\pose_estimationV2\logs\train\default_resnet1d_20260324-144405_curves.png
[history] saved path=C:\Users\LuvRene\OneDrive\PythonProjects\Positioning\pose_estimationV2\logs\train\default_resnet1d_20260324-144405_history.csv
[test_summary] best_epoch=1 test_loss=0.346527 test_nmpjpe=0.232068 test_pose=0.034948 test_rel=0.056447 test_dist=0.219986 test_dir=0.059996 test_var=0.053534 test_batch_div=0.507014 test_inter_div=0.009638 test_intra_div=0.506992 test_std=0.012444/0.107264 test_std_ratio=0.155151 test_pair_dist=0.097863/1.147155 test_pair_ratio=0.105276 test_inter_pair=0.002298/0.040340 test_inter_ratio=0.001283 test_intra_pair=0.097730/1.140678 test_intra_ratio=0.105721 test_action_cls=0.000000 test_action_acc=0.000
[assessment] status=usable reason=Validation stayed close to the best point (0.2235) and final test nMPJPE is 0.2321.
