[run] config=configs/default.yaml device=cuda:0
[run] model=resnet1d
[run] window_size=1
[run] aoa_cache_root=D:\Files\WiFi_Pose\WiFiPoseV3\data\aoa_cache
[run] labels_root=D:\Files\WiFi_Pose\WiFiPoseV3\data\dataset
[run] val_env=env3 test_env=env4
[run] logs_file=C:\Users\LuvRene\OneDrive\PythonProjects\Positioning\pose_estimationV2\logs\train\default_resnet1d_20260324-154218.log
[data] dataset_size=320760 train_size=160380 val_size=80190 test_size=80190 batch_size=64 window_size=1
[run] action_aux enabled=False
[epoch_start] epoch=1/8 train_size=160380 val_size=80190 test_size=80190 lr=3.000e-04 lambda_batch_div=0.000 lambda_inter_div=0.250 lambda_intra_div=0.000
[train] epoch=1/8 step=1/100 loss=2.333918 grad_norm=5.510
[train] epoch=1/8 step=2/100 loss=2.161076 grad_norm=8.155
[train] epoch=1/8 step=3/100 loss=1.874918 grad_norm=4.750
[train] epoch=1/8 step=4/100 loss=1.636591 grad_norm=4.401
[train] epoch=1/8 step=5/100 loss=1.457436 grad_norm=4.857
[train] epoch=1/8 step=6/100 loss=1.313078 grad_norm=3.793
[train] epoch=1/8 step=7/100 loss=1.150642 grad_norm=3.523
[train] epoch=1/8 step=8/100 loss=1.052699 grad_norm=3.383
[train] epoch=1/8 step=9/100 loss=0.934736 grad_norm=3.018
[train] epoch=1/8 step=10/100 loss=0.900999 grad_norm=2.792
[train] epoch=1/8 step=11/100 loss=1.451795 grad_norm=2.486
[train] epoch=1/8 step=12/100 loss=0.767673 grad_norm=2.524
[train] epoch=1/8 step=13/100 loss=0.763490 grad_norm=2.534
[train] epoch=1/8 step=14/100 loss=0.734186 grad_norm=2.565
[train] epoch=1/8 step=15/100 loss=0.681750 grad_norm=2.354
[train] epoch=1/8 step=16/100 loss=0.651447 grad_norm=2.060
[train] epoch=1/8 step=17/100 loss=0.616491 grad_norm=2.149
[train] epoch=1/8 step=18/100 loss=0.603619 grad_norm=1.813
[train] epoch=1/8 step=19/100 loss=0.560939 grad_norm=1.568
[train] epoch=1/8 step=20/100 loss=0.573906 grad_norm=1.367
[train] epoch=1/8 step=21/100 loss=0.528860 grad_norm=1.395
[train] epoch=1/8 step=22/100 loss=0.569108 grad_norm=1.055
[train] epoch=1/8 step=23/100 loss=0.529739 grad_norm=1.339
[train] epoch=1/8 step=24/100 loss=0.523701 grad_norm=1.542
[train] epoch=1/8 step=25/100 loss=0.863485 grad_norm=1.112
[train] epoch=1/8 step=26/100 loss=0.523138 grad_norm=1.300
[train] epoch=1/8 step=27/100 loss=0.482207 grad_norm=1.302
[train] epoch=1/8 step=28/100 loss=0.537464 grad_norm=1.118
[train] epoch=1/8 step=29/100 loss=0.491179 grad_norm=0.983
[train] epoch=1/8 step=30/100 loss=0.454839 grad_norm=1.129
[train] epoch=1/8 step=31/100 loss=0.488334 grad_norm=0.828
[train] epoch=1/8 step=32/100 loss=0.436849 grad_norm=0.897
[train] epoch=1/8 step=33/100 loss=0.423165 grad_norm=0.758
[train] epoch=1/8 step=34/100 loss=0.459633 grad_norm=0.811
[train] epoch=1/8 step=35/100 loss=0.418613 grad_norm=0.730
[train] epoch=1/8 step=36/100 loss=0.468581 grad_norm=0.690
[train] epoch=1/8 step=37/100 loss=0.483586 grad_norm=0.923
[train] epoch=1/8 step=38/100 loss=0.442501 grad_norm=0.700
[train] epoch=1/8 step=39/100 loss=0.479569 grad_norm=0.831
[train] epoch=1/8 step=40/100 loss=0.458553 grad_norm=0.687
[train] epoch=1/8 step=41/100 loss=0.429326 grad_norm=0.594
[train] epoch=1/8 step=42/100 loss=0.415438 grad_norm=0.643
[train] epoch=1/8 step=43/100 loss=0.423241 grad_norm=0.628
[train] epoch=1/8 step=44/100 loss=0.449193 grad_norm=0.666
[train] epoch=1/8 step=45/100 loss=0.472412 grad_norm=0.582
[train] epoch=1/8 step=46/100 loss=0.446842 grad_norm=0.482
[train] epoch=1/8 step=47/100 loss=0.431992 grad_norm=0.583
[train] epoch=1/8 step=48/100 loss=0.447121 grad_norm=0.605
[train] epoch=1/8 step=49/100 loss=0.455504 grad_norm=0.593
[train] epoch=1/8 step=50/100 loss=0.431803 grad_norm=0.768
[train] epoch=1/8 step=51/100 loss=0.438824 grad_norm=0.486
[train] epoch=1/8 step=52/100 loss=0.429767 grad_norm=0.522
[train] epoch=1/8 step=53/100 loss=0.442594 grad_norm=0.868
[train] epoch=1/8 step=54/100 loss=0.433847 grad_norm=0.616
[train] epoch=1/8 step=55/100 loss=0.469116 grad_norm=0.496
[train] epoch=1/8 step=56/100 loss=0.414923 grad_norm=0.612
[train] epoch=1/8 step=57/100 loss=0.410919 grad_norm=0.618
[train] epoch=1/8 step=58/100 loss=0.420064 grad_norm=0.642
[train] epoch=1/8 step=59/100 loss=0.487348 grad_norm=0.477
[train] epoch=1/8 step=60/100 loss=0.437617 grad_norm=0.497
[train] epoch=1/8 step=61/100 loss=0.414734 grad_norm=0.660
[train] epoch=1/8 step=62/100 loss=0.446909 grad_norm=0.470
[train] epoch=1/8 step=63/100 loss=0.471885 grad_norm=0.449
[train] epoch=1/8 step=64/100 loss=0.455231 grad_norm=0.723
[train] epoch=1/8 step=65/100 loss=0.434914 grad_norm=0.493
[train] epoch=1/8 step=66/100 loss=0.397677 grad_norm=0.759
[train] epoch=1/8 step=67/100 loss=0.448713 grad_norm=0.554
[train] epoch=1/8 step=68/100 loss=0.415469 grad_norm=0.707
[train] epoch=1/8 step=69/100 loss=0.413450 grad_norm=0.441
[train] epoch=1/8 step=70/100 loss=0.408905 grad_norm=0.480
[train] epoch=1/8 step=71/100 loss=0.461342 grad_norm=0.549
[train] epoch=1/8 step=72/100 loss=0.415726 grad_norm=0.473
[train] epoch=1/8 step=73/100 loss=0.409519 grad_norm=0.593
[train] epoch=1/8 step=74/100 loss=0.461729 grad_norm=0.683
[train] epoch=1/8 step=75/100 loss=0.448964 grad_norm=0.402
[train] epoch=1/8 step=76/100 loss=0.500105 grad_norm=0.424
[train] epoch=1/8 step=77/100 loss=0.433965 grad_norm=0.435
[train] epoch=1/8 step=78/100 loss=0.437796 grad_norm=0.732
[train] epoch=1/8 step=79/100 loss=0.383622 grad_norm=0.594
[train] epoch=1/8 step=80/100 loss=0.433828 grad_norm=0.564
[train] epoch=1/8 step=81/100 loss=0.447626 grad_norm=0.436
[train] epoch=1/8 step=82/100 loss=0.457186 grad_norm=0.632
[train] epoch=1/8 step=83/100 loss=0.383494 grad_norm=0.507
[train] epoch=1/8 step=84/100 loss=0.431050 grad_norm=0.641
[train] epoch=1/8 step=85/100 loss=0.418017 grad_norm=0.521
[train] epoch=1/8 step=86/100 loss=0.442437 grad_norm=0.597
[train] epoch=1/8 step=87/100 loss=0.441321 grad_norm=0.742
[train] epoch=1/8 step=88/100 loss=0.464367 grad_norm=0.757
[train] epoch=1/8 step=89/100 loss=0.384967 grad_norm=0.703
[train] epoch=1/8 step=90/100 loss=0.486802 grad_norm=0.486
[train] epoch=1/8 step=91/100 loss=0.473786 grad_norm=0.434
[train] epoch=1/8 step=92/100 loss=0.480201 grad_norm=0.553
[train] epoch=1/8 step=93/100 loss=0.442126 grad_norm=0.863
[train] epoch=1/8 step=94/100 loss=0.450149 grad_norm=0.522
[train] epoch=1/8 step=95/100 loss=0.402319 grad_norm=0.596
[train] epoch=1/8 step=96/100 loss=0.454664 grad_norm=0.479
[train] epoch=1/8 step=97/100 loss=0.415140 grad_norm=0.674
[train] epoch=1/8 step=98/100 loss=0.410998 grad_norm=0.511
[train] epoch=1/8 step=99/100 loss=2.528834 grad_norm=0.646
[train] epoch=1/8 step=100/100 loss=0.459614 grad_norm=0.389
[epoch_summary] epoch=1/8 time_epoch=176.6s elapsed=176.6s eta=1236.1s lambda_batch_div=0.000 lambda_inter_div=0.250 lambda_intra_div=0.000 selection_mode=diversity_first selection_score=0.166318 train_loss=0.606420 val_loss=0.312294 val_nmpjpe=0.221666 train_pose=0.074319 train_rel=0.112214 train_dist=0.328881 train_dir=0.110576 train_var=0.052055 train_batch_div=0.148069 train_inter_div=0.146144 train_intra_div=0.228699 val_pose=0.031168 val_rel=0.051424 val_dist=0.196745 val_dir=0.056207 val_var=0.047834 val_batch_div=0.502714 val_inter_div=0.009848 val_intra_div=0.502611 train_std=0.162643/0.244081 train_std_ratio=0.856290 val_std=0.012309/0.097486 val_std_ratio=0.161867 train_pair_dist=1.341811/1.951945 train_pair_ratio=0.725153 val_pair_dist=0.101165/1.075181 val_pair_ratio=0.113880 train_inter_pair=1.341870/1.973053 train_inter_ratio=0.716592 val_inter_pair=0.002464/0.044053 val_inter_ratio=0.001448 train_intra_pair=1.340621/1.396464 train_intra_ratio=1.069529 val_intra_pair=0.101018/1.069875 val_intra_ratio=0.114343 train_action_cls=0.000000 train_action_acc=0.000 val_action_cls=0.000000 val_action_acc=0.000 grad_norm_mean=1.206 nan_loss=False nan_grad=False actions_covered=27 envs_covered=2
[ckpt] saved_last path=C:\Users\LuvRene\OneDrive\PythonProjects\Positioning\pose_estimationV2\checkpoints\resnet1d_interdiv_divselect_env3val_env4test_last.pth epoch=1
[ckpt] saved path=C:\Users\LuvRene\OneDrive\PythonProjects\Positioning\pose_estimationV2\checkpoints\resnet1d_interdiv_divselect_env3val_env4test.pth epoch=1 best_selection_score=0.166318 val_nmpjpe=0.221666
[epoch_start] epoch=2/8 train_size=160380 val_size=80190 test_size=80190 lr=3.000e-04 lambda_batch_div=0.000 lambda_inter_div=0.345 lambda_intra_div=0.000
[train] epoch=2/8 step=1/100 loss=0.440204 grad_norm=0.719
[train] epoch=2/8 step=2/100 loss=0.377703 grad_norm=0.323
[train] epoch=2/8 step=3/100 loss=0.420825 grad_norm=0.534
[train] epoch=2/8 step=4/100 loss=0.499229 grad_norm=0.423
[train] epoch=2/8 step=5/100 loss=0.459323 grad_norm=0.396
[train] epoch=2/8 step=6/100 loss=0.478540 grad_norm=0.455
[train] epoch=2/8 step=7/100 loss=0.429470 grad_norm=0.378
[train] epoch=2/8 step=8/100 loss=0.413900 grad_norm=0.651
[train] epoch=2/8 step=9/100 loss=0.455700 grad_norm=0.447
[train] epoch=2/8 step=10/100 loss=0.400404 grad_norm=0.517
[train] epoch=2/8 step=11/100 loss=0.424710 grad_norm=0.517
[train] epoch=2/8 step=12/100 loss=0.437605 grad_norm=0.488
[train] epoch=2/8 step=13/100 loss=0.433309 grad_norm=0.586
[train] epoch=2/8 step=14/100 loss=0.453448 grad_norm=0.504
[train] epoch=2/8 step=15/100 loss=0.419013 grad_norm=0.468
[train] epoch=2/8 step=16/100 loss=0.430196 grad_norm=0.369
[train] epoch=2/8 step=17/100 loss=0.449778 grad_norm=0.392
[train] epoch=2/8 step=18/100 loss=0.564505 grad_norm=0.367
[train] epoch=2/8 step=19/100 loss=0.433961 grad_norm=0.455
[train] epoch=2/8 step=20/100 loss=0.456902 grad_norm=0.412
[train] epoch=2/8 step=21/100 loss=0.460839 grad_norm=0.501
[train] epoch=2/8 step=22/100 loss=0.434253 grad_norm=0.552
[train] epoch=2/8 step=23/100 loss=0.446160 grad_norm=0.514
[train] epoch=2/8 step=24/100 loss=0.417737 grad_norm=0.408
[train] epoch=2/8 step=25/100 loss=0.402603 grad_norm=0.432
[train] epoch=2/8 step=26/100 loss=0.423061 grad_norm=0.307
[train] epoch=2/8 step=27/100 loss=0.565585 grad_norm=0.411
[train] epoch=2/8 step=28/100 loss=0.459660 grad_norm=0.501
[train] epoch=2/8 step=29/100 loss=0.432529 grad_norm=0.397
[train] epoch=2/8 step=30/100 loss=0.417358 grad_norm=0.439
[train] epoch=2/8 step=31/100 loss=0.380007 grad_norm=0.490
[train] epoch=2/8 step=32/100 loss=0.504777 grad_norm=0.443
[train] epoch=2/8 step=33/100 loss=0.462029 grad_norm=0.489
[train] epoch=2/8 step=34/100 loss=0.413649 grad_norm=0.437
[train] epoch=2/8 step=35/100 loss=0.415049 grad_norm=0.661
[train] epoch=2/8 step=36/100 loss=0.422078 grad_norm=0.837
[train] epoch=2/8 step=37/100 loss=0.615641 grad_norm=0.431
[train] epoch=2/8 step=38/100 loss=0.420738 grad_norm=0.401
[train] epoch=2/8 step=39/100 loss=0.430357 grad_norm=0.556
[train] epoch=2/8 step=40/100 loss=0.409884 grad_norm=0.708
[train] epoch=2/8 step=41/100 loss=0.490989 grad_norm=0.451
[train] epoch=2/8 step=42/100 loss=0.465800 grad_norm=0.433
[train] epoch=2/8 step=43/100 loss=0.454980 grad_norm=0.305
[train] epoch=2/8 step=44/100 loss=0.409572 grad_norm=0.419
[train] epoch=2/8 step=45/100 loss=0.394409 grad_norm=0.360
[train] epoch=2/8 step=46/100 loss=0.450300 grad_norm=0.332
[train] epoch=2/8 step=47/100 loss=0.464828 grad_norm=0.576
[train] epoch=2/8 step=48/100 loss=0.471817 grad_norm=0.440
[train] epoch=2/8 step=49/100 loss=0.479902 grad_norm=0.501
[train] epoch=2/8 step=50/100 loss=0.520272 grad_norm=0.422
[train] epoch=2/8 step=51/100 loss=0.431032 grad_norm=0.503
[train] epoch=2/8 step=52/100 loss=0.522539 grad_norm=0.458
[train] epoch=2/8 step=53/100 loss=0.423426 grad_norm=0.490
[train] epoch=2/8 step=54/100 loss=0.442504 grad_norm=0.363
[train] epoch=2/8 step=55/100 loss=0.426586 grad_norm=0.493
[train] epoch=2/8 step=56/100 loss=0.453720 grad_norm=0.354
[train] epoch=2/8 step=57/100 loss=0.452696 grad_norm=0.484
[train] epoch=2/8 step=58/100 loss=0.422384 grad_norm=0.382
[train] epoch=2/8 step=59/100 loss=0.423729 grad_norm=0.518
[train] epoch=2/8 step=60/100 loss=0.458654 grad_norm=0.588
[train] epoch=2/8 step=61/100 loss=0.388727 grad_norm=0.399
[train] epoch=2/8 step=62/100 loss=0.426640 grad_norm=0.441
[train] epoch=2/8 step=63/100 loss=0.492539 grad_norm=0.364
[train] epoch=2/8 step=64/100 loss=0.753164 grad_norm=0.379
[train] epoch=2/8 step=65/100 loss=0.415806 grad_norm=0.382
[train] epoch=2/8 step=66/100 loss=0.399692 grad_norm=0.380
[train] epoch=2/8 step=67/100 loss=0.393912 grad_norm=0.358
[train] epoch=2/8 step=68/100 loss=0.545732 grad_norm=0.412
[train] epoch=2/8 step=69/100 loss=1.145323 grad_norm=0.416
[train] epoch=2/8 step=70/100 loss=0.524044 grad_norm=0.484
[train] epoch=2/8 step=71/100 loss=0.444335 grad_norm=0.404
[train] epoch=2/8 step=72/100 loss=0.428660 grad_norm=0.334
[train] epoch=2/8 step=73/100 loss=0.433591 grad_norm=0.370
[train] epoch=2/8 step=74/100 loss=0.423049 grad_norm=0.403
[train] epoch=2/8 step=75/100 loss=0.399288 grad_norm=0.355
[train] epoch=2/8 step=76/100 loss=0.433096 grad_norm=0.364
[train] epoch=2/8 step=77/100 loss=0.426149 grad_norm=0.424
[train] epoch=2/8 step=78/100 loss=0.452528 grad_norm=0.402
[train] epoch=2/8 step=79/100 loss=0.401456 grad_norm=0.385
[train] epoch=2/8 step=80/100 loss=0.457313 grad_norm=0.455
[train] epoch=2/8 step=81/100 loss=0.441477 grad_norm=0.471
[train] epoch=2/8 step=82/100 loss=0.438093 grad_norm=0.516
[train] epoch=2/8 step=83/100 loss=0.407718 grad_norm=0.497
[train] epoch=2/8 step=84/100 loss=0.625056 grad_norm=0.407
[train] epoch=2/8 step=85/100 loss=0.426412 grad_norm=0.417
[train] epoch=2/8 step=86/100 loss=0.445578 grad_norm=0.458
[train] epoch=2/8 step=87/100 loss=0.416160 grad_norm=0.345
[train] epoch=2/8 step=88/100 loss=0.446003 grad_norm=0.403
[train] epoch=2/8 step=89/100 loss=0.415169 grad_norm=0.653
[train] epoch=2/8 step=90/100 loss=0.502994 grad_norm=0.350
[train] epoch=2/8 step=91/100 loss=0.448268 grad_norm=0.404
[train] epoch=2/8 step=92/100 loss=0.415283 grad_norm=0.557
[train] epoch=2/8 step=93/100 loss=0.565505 grad_norm=0.616
[train] epoch=2/8 step=94/100 loss=0.588212 grad_norm=0.612
[train] epoch=2/8 step=95/100 loss=0.460994 grad_norm=0.496
[train] epoch=2/8 step=96/100 loss=0.427726 grad_norm=0.611
[train] epoch=2/8 step=97/100 loss=0.402631 grad_norm=0.494
[train] epoch=2/8 step=98/100 loss=0.411630 grad_norm=0.426
[train] epoch=2/8 step=99/100 loss=0.384881 grad_norm=0.459
[train] epoch=2/8 step=100/100 loss=0.425400 grad_norm=0.590
[epoch_summary] epoch=2/8 time_epoch=174.9s elapsed=351.5s eta=1054.5s lambda_batch_div=0.000 lambda_inter_div=0.345 lambda_intra_div=0.000 selection_mode=diversity_first selection_score=0.769245 train_loss=0.457531 val_loss=0.322466 val_nmpjpe=0.263614 train_pose=0.043692 train_rel=0.070308 train_dist=0.245060 train_dir=0.069610 train_var=0.042018 train_batch_div=0.186464 train_inter_div=0.185422 train_intra_div=0.209722 val_pose=0.036406 val_rel=0.053067 val_dist=0.200820 val_dir=0.056363 val_var=0.033360 val_batch_div=0.393967 val_inter_div=0.006786 val_intra_div=0.394534 train_std=0.133534/0.221377 train_std_ratio=0.671311 val_std=0.057812/0.097486 val_std_ratio=0.757348 train_pair_dist=1.106189/1.926794 train_pair_ratio=0.584510 val_pair_dist=0.452635/1.075181 val_pair_ratio=0.508451 train_inter_pair=1.106117/1.949957 train_inter_ratio=0.577430 val_inter_pair=0.011436/0.044053 val_inter_ratio=0.006632 train_intra_pair=1.107982/1.336127 train_intra_ratio=0.859394 val_intra_pair=0.451647/1.069875 val_intra_ratio=0.510087 train_action_cls=0.000000 train_action_acc=0.000 val_action_cls=0.000000 val_action_acc=0.000 grad_norm_mean=0.459 nan_loss=False nan_grad=False actions_covered=27 envs_covered=2
[ckpt] saved_last path=C:\Users\LuvRene\OneDrive\PythonProjects\Positioning\pose_estimationV2\checkpoints\resnet1d_interdiv_divselect_env3val_env4test_last.pth epoch=2
[ckpt] saved path=C:\Users\LuvRene\OneDrive\PythonProjects\Positioning\pose_estimationV2\checkpoints\resnet1d_interdiv_divselect_env3val_env4test.pth epoch=2 best_selection_score=0.769245 val_nmpjpe=0.263614
[epoch_start] epoch=3/8 train_size=160380 val_size=80190 test_size=80190 lr=3.000e-04 lambda_batch_div=0.000 lambda_inter_div=0.440 lambda_intra_div=0.000
[train] epoch=3/8 step=1/100 loss=0.467561 grad_norm=0.527
[train] epoch=3/8 step=2/100 loss=0.429004 grad_norm=0.496
[train] epoch=3/8 step=3/100 loss=0.425179 grad_norm=0.843
[train] epoch=3/8 step=4/100 loss=0.398506 grad_norm=0.551
[train] epoch=3/8 step=5/100 loss=0.389458 grad_norm=0.416
[train] epoch=3/8 step=6/100 loss=0.404613 grad_norm=0.470
[train] epoch=3/8 step=7/100 loss=0.448822 grad_norm=0.519
[train] epoch=3/8 step=8/100 loss=0.413198 grad_norm=0.922
[train] epoch=3/8 step=9/100 loss=0.420759 grad_norm=0.493
[train] epoch=3/8 step=10/100 loss=0.455375 grad_norm=0.585
[train] epoch=3/8 step=11/100 loss=0.479291 grad_norm=0.584
[train] epoch=3/8 step=12/100 loss=0.424979 grad_norm=0.423
[train] epoch=3/8 step=13/100 loss=0.433956 grad_norm=0.593
[train] epoch=3/8 step=14/100 loss=0.540787 grad_norm=0.422
[train] epoch=3/8 step=15/100 loss=0.463315 grad_norm=0.393
[train] epoch=3/8 step=16/100 loss=0.440489 grad_norm=0.606
[train] epoch=3/8 step=17/100 loss=0.454619 grad_norm=0.761
[train] epoch=3/8 step=18/100 loss=0.432784 grad_norm=0.395
[train] epoch=3/8 step=19/100 loss=0.413632 grad_norm=0.355
[train] epoch=3/8 step=20/100 loss=0.449514 grad_norm=0.334
[train] epoch=3/8 step=21/100 loss=0.438957 grad_norm=0.709
[train] epoch=3/8 step=22/100 loss=0.371923 grad_norm=0.520
[train] epoch=3/8 step=23/100 loss=0.472041 grad_norm=0.487
[train] epoch=3/8 step=24/100 loss=0.443495 grad_norm=0.406
[train] epoch=3/8 step=25/100 loss=0.458487 grad_norm=0.491
[train] epoch=3/8 step=26/100 loss=0.412535 grad_norm=0.430
[train] epoch=3/8 step=27/100 loss=0.433462 grad_norm=0.541
[train] epoch=3/8 step=28/100 loss=0.466382 grad_norm=0.587
[train] epoch=3/8 step=29/100 loss=0.389614 grad_norm=0.394
[train] epoch=3/8 step=30/100 loss=0.420984 grad_norm=0.336
[train] epoch=3/8 step=31/100 loss=0.578456 grad_norm=0.636
[train] epoch=3/8 step=32/100 loss=0.422765 grad_norm=0.659
[train] epoch=3/8 step=33/100 loss=0.467937 grad_norm=0.571
[train] epoch=3/8 step=34/100 loss=0.465969 grad_norm=0.379
[train] epoch=3/8 step=35/100 loss=0.494549 grad_norm=0.386
[train] epoch=3/8 step=36/100 loss=0.572251 grad_norm=0.553
[train] epoch=3/8 step=37/100 loss=0.438086 grad_norm=0.881
[train] epoch=3/8 step=38/100 loss=0.528917 grad_norm=0.380
[train] epoch=3/8 step=39/100 loss=0.416798 grad_norm=0.413
[train] epoch=3/8 step=40/100 loss=0.475200 grad_norm=0.477
[train] epoch=3/8 step=41/100 loss=0.425432 grad_norm=0.538
[train] epoch=3/8 step=42/100 loss=0.419220 grad_norm=0.449
[train] epoch=3/8 step=43/100 loss=0.459224 grad_norm=0.369
[train] epoch=3/8 step=44/100 loss=0.430024 grad_norm=0.711
[train] epoch=3/8 step=45/100 loss=0.473177 grad_norm=0.666
[train] epoch=3/8 step=46/100 loss=0.453040 grad_norm=0.450
[train] epoch=3/8 step=47/100 loss=0.437951 grad_norm=0.539
[train] epoch=3/8 step=48/100 loss=0.448201 grad_norm=0.779
[train] epoch=3/8 step=49/100 loss=0.475588 grad_norm=0.454
[train] epoch=3/8 step=50/100 loss=0.402895 grad_norm=0.486
[train] epoch=3/8 step=51/100 loss=0.458405 grad_norm=0.471
[train] epoch=3/8 step=52/100 loss=0.530660 grad_norm=0.370
[train] epoch=3/8 step=53/100 loss=0.812874 grad_norm=0.422
[train] epoch=3/8 step=54/100 loss=0.409601 grad_norm=0.499
[train] epoch=3/8 step=55/100 loss=0.405232 grad_norm=0.490
[train] epoch=3/8 step=56/100 loss=0.381118 grad_norm=0.554
[train] epoch=3/8 step=57/100 loss=0.528364 grad_norm=0.542
[train] epoch=3/8 step=58/100 loss=0.424121 grad_norm=0.606
[train] epoch=3/8 step=59/100 loss=0.411997 grad_norm=0.326
[train] epoch=3/8 step=60/100 loss=0.465468 grad_norm=0.400
[train] epoch=3/8 step=61/100 loss=0.408130 grad_norm=0.329
[train] epoch=3/8 step=62/100 loss=0.445004 grad_norm=0.434
[train] epoch=3/8 step=63/100 loss=0.492879 grad_norm=0.287
[train] epoch=3/8 step=64/100 loss=0.441505 grad_norm=0.337
[train] epoch=3/8 step=65/100 loss=0.405471 grad_norm=0.400
[train] epoch=3/8 step=66/100 loss=0.459308 grad_norm=0.369
[train] epoch=3/8 step=67/100 loss=0.396735 grad_norm=0.408
[train] epoch=3/8 step=68/100 loss=0.386523 grad_norm=0.377
[train] epoch=3/8 step=69/100 loss=0.394196 grad_norm=0.366
[train] epoch=3/8 step=70/100 loss=0.401966 grad_norm=0.352
[train] epoch=3/8 step=71/100 loss=0.429436 grad_norm=0.353
[train] epoch=3/8 step=72/100 loss=0.413388 grad_norm=0.328
[train] epoch=3/8 step=73/100 loss=0.441031 grad_norm=0.323
[train] epoch=3/8 step=74/100 loss=0.597011 grad_norm=0.519
[train] epoch=3/8 step=75/100 loss=0.427284 grad_norm=0.349
[train] epoch=3/8 step=76/100 loss=0.436521 grad_norm=0.334
[train] epoch=3/8 step=77/100 loss=0.409612 grad_norm=0.299
[train] epoch=3/8 step=78/100 loss=0.395795 grad_norm=0.395
[train] epoch=3/8 step=79/100 loss=0.467091 grad_norm=0.413
[train] epoch=3/8 step=80/100 loss=0.448678 grad_norm=0.625
[train] epoch=3/8 step=81/100 loss=0.456043 grad_norm=0.294
[train] epoch=3/8 step=82/100 loss=0.408141 grad_norm=0.660
[train] epoch=3/8 step=83/100 loss=0.409150 grad_norm=0.332
[train] epoch=3/8 step=84/100 loss=0.487717 grad_norm=0.593
[train] epoch=3/8 step=85/100 loss=0.625871 grad_norm=0.399
[train] epoch=3/8 step=86/100 loss=0.393938 grad_norm=0.323
[train] epoch=3/8 step=87/100 loss=0.490146 grad_norm=0.446
[train] epoch=3/8 step=88/100 loss=0.474598 grad_norm=0.376
[train] epoch=3/8 step=89/100 loss=0.495857 grad_norm=0.422
[train] epoch=3/8 step=90/100 loss=0.424175 grad_norm=0.486
[train] epoch=3/8 step=91/100 loss=0.430350 grad_norm=0.375
[train] epoch=3/8 step=92/100 loss=0.482213 grad_norm=0.394
[train] epoch=3/8 step=93/100 loss=0.488228 grad_norm=0.363
[train] epoch=3/8 step=94/100 loss=0.371725 grad_norm=0.413
[train] epoch=3/8 step=95/100 loss=0.512989 grad_norm=0.682
[train] epoch=3/8 step=96/100 loss=0.631502 grad_norm=0.446
[train] epoch=3/8 step=97/100 loss=0.505374 grad_norm=0.373
[train] epoch=3/8 step=98/100 loss=0.496695 grad_norm=0.334
[train] epoch=3/8 step=99/100 loss=0.420633 grad_norm=0.541
[train] epoch=3/8 step=100/100 loss=0.422300 grad_norm=0.445
[epoch_summary] epoch=3/8 time_epoch=58.2s elapsed=409.7s eta=682.8s lambda_batch_div=0.000 lambda_inter_div=0.440 lambda_intra_div=0.000 selection_mode=diversity_first selection_score=0.943575 train_loss=0.453325 val_loss=0.311159 val_nmpjpe=0.283201 train_pose=0.044541 train_rel=0.065655 train_dist=0.234029 train_dir=0.067770 train_var=0.031405 train_batch_div=0.170105 train_inter_div=0.168357 train_intra_div=0.235219 val_pose=0.038187 val_rel=0.051885 val_dist=0.188042 val_dir=0.056204 val_var=0.031601 val_batch_div=0.420907 val_inter_div=0.006321 val_intra_div=0.422144 train_std=0.146957/0.205915 train_std_ratio=0.756351 val_std=0.071132/0.097486 val_std_ratio=0.937384 train_pair_dist=1.223119/1.893498 train_pair_ratio=0.654101 val_pair_dist=0.550843/1.075181 val_pair_ratio=0.619924 train_inter_pair=1.223422/1.916293 train_inter_ratio=0.646325 val_inter_pair=0.014170/0.044053 val_inter_ratio=0.008208 train_intra_pair=1.214391/1.299789 train_intra_ratio=0.965525 val_intra_pair=0.549597/1.069875 val_intra_ratio=0.621905 train_action_cls=0.000000 train_action_acc=0.000 val_action_cls=0.000000 val_action_acc=0.000 grad_norm_mean=0.473 nan_loss=False nan_grad=False actions_covered=27 envs_covered=2
[ckpt] saved_last path=C:\Users\LuvRene\OneDrive\PythonProjects\Positioning\pose_estimationV2\checkpoints\resnet1d_interdiv_divselect_env3val_env4test_last.pth epoch=3
[ckpt] saved path=C:\Users\LuvRene\OneDrive\PythonProjects\Positioning\pose_estimationV2\checkpoints\resnet1d_interdiv_divselect_env3val_env4test.pth epoch=3 best_selection_score=0.943575 val_nmpjpe=0.283201
[epoch_start] epoch=4/8 train_size=160380 val_size=80190 test_size=80190 lr=3.000e-04 lambda_batch_div=0.000 lambda_inter_div=0.536 lambda_intra_div=0.000
[train] epoch=4/8 step=1/100 loss=0.505993 grad_norm=0.404
[train] epoch=4/8 step=2/100 loss=0.481518 grad_norm=0.450
[train] epoch=4/8 step=3/100 loss=0.442276 grad_norm=0.347
[train] epoch=4/8 step=4/100 loss=0.478260 grad_norm=0.292
[train] epoch=4/8 step=5/100 loss=0.449510 grad_norm=0.365
[train] epoch=4/8 step=6/100 loss=0.479596 grad_norm=0.506
[train] epoch=4/8 step=7/100 loss=0.502300 grad_norm=0.368
[train] epoch=4/8 step=8/100 loss=0.493939 grad_norm=0.402
[train] epoch=4/8 step=9/100 loss=0.402779 grad_norm=0.477
[train] epoch=4/8 step=10/100 loss=0.420863 grad_norm=0.333
[train] epoch=4/8 step=11/100 loss=0.523882 grad_norm=0.420
[train] epoch=4/8 step=12/100 loss=0.436813 grad_norm=0.482
[train] epoch=4/8 step=13/100 loss=0.441849 grad_norm=0.655
[train] epoch=4/8 step=14/100 loss=0.480578 grad_norm=0.382
[train] epoch=4/8 step=15/100 loss=0.508523 grad_norm=0.420
[train] epoch=4/8 step=16/100 loss=0.536981 grad_norm=0.568
[train] epoch=4/8 step=17/100 loss=0.388987 grad_norm=0.380
[train] epoch=4/8 step=18/100 loss=0.407087 grad_norm=0.437
[train] epoch=4/8 step=19/100 loss=0.506728 grad_norm=0.310
[train] epoch=4/8 step=20/100 loss=0.572562 grad_norm=0.390
[train] epoch=4/8 step=21/100 loss=0.526017 grad_norm=0.412
[train] epoch=4/8 step=22/100 loss=0.382646 grad_norm=0.384
[train] epoch=4/8 step=23/100 loss=0.494503 grad_norm=0.320
[train] epoch=4/8 step=24/100 loss=0.404385 grad_norm=0.341
[train] epoch=4/8 step=25/100 loss=0.465886 grad_norm=0.394
[train] epoch=4/8 step=26/100 loss=0.478442 grad_norm=0.516
[train] epoch=4/8 step=27/100 loss=0.430974 grad_norm=0.405
[train] epoch=4/8 step=28/100 loss=0.415401 grad_norm=0.514
[train] epoch=4/8 step=29/100 loss=0.425336 grad_norm=0.335
[train] epoch=4/8 step=30/100 loss=0.487954 grad_norm=0.400
[train] epoch=4/8 step=31/100 loss=0.441727 grad_norm=0.377
[train] epoch=4/8 step=32/100 loss=0.632911 grad_norm=0.322
[train] epoch=4/8 step=33/100 loss=0.450267 grad_norm=0.332
[train] epoch=4/8 step=34/100 loss=0.399094 grad_norm=0.331
[train] epoch=4/8 step=35/100 loss=0.459659 grad_norm=0.570
[train] epoch=4/8 step=36/100 loss=0.487211 grad_norm=0.427
[train] epoch=4/8 step=37/100 loss=0.467161 grad_norm=0.315
[train] epoch=4/8 step=38/100 loss=0.464164 grad_norm=0.357
[train] epoch=4/8 step=39/100 loss=0.418554 grad_norm=0.308
[train] epoch=4/8 step=40/100 loss=0.442279 grad_norm=0.451
[train] epoch=4/8 step=41/100 loss=0.433824 grad_norm=0.292
[train] epoch=4/8 step=42/100 loss=0.407731 grad_norm=0.450
[train] epoch=4/8 step=43/100 loss=0.442346 grad_norm=0.405
[train] epoch=4/8 step=44/100 loss=0.427144 grad_norm=0.449
[train] epoch=4/8 step=45/100 loss=0.407560 grad_norm=0.394
[train] epoch=4/8 step=46/100 loss=0.539852 grad_norm=0.829
[train] epoch=4/8 step=47/100 loss=0.442032 grad_norm=0.532
[train] epoch=4/8 step=48/100 loss=0.653659 grad_norm=0.350
[train] epoch=4/8 step=49/100 loss=0.405411 grad_norm=0.403
[train] epoch=4/8 step=50/100 loss=0.442538 grad_norm=0.573
[train] epoch=4/8 step=51/100 loss=0.569622 grad_norm=0.696
[train] epoch=4/8 step=52/100 loss=0.442786 grad_norm=0.382
[train] epoch=4/8 step=53/100 loss=1.422650 grad_norm=0.446
[train] epoch=4/8 step=54/100 loss=0.399820 grad_norm=0.336
[train] epoch=4/8 step=55/100 loss=0.522889 grad_norm=0.309
[train] epoch=4/8 step=56/100 loss=0.444136 grad_norm=0.402
[train] epoch=4/8 step=57/100 loss=0.495002 grad_norm=0.503
[train] epoch=4/8 step=58/100 loss=0.410332 grad_norm=0.450
[train] epoch=4/8 step=59/100 loss=0.419006 grad_norm=0.372
[train] epoch=4/8 step=60/100 loss=0.454518 grad_norm=0.409
[train] epoch=4/8 step=61/100 loss=0.397517 grad_norm=0.399
[train] epoch=4/8 step=62/100 loss=0.401812 grad_norm=0.377
[train] epoch=4/8 step=63/100 loss=0.428431 grad_norm=0.382
[train] epoch=4/8 step=64/100 loss=0.473144 grad_norm=0.504
[train] epoch=4/8 step=65/100 loss=0.456214 grad_norm=0.465
[train] epoch=4/8 step=66/100 loss=0.431003 grad_norm=0.317
[train] epoch=4/8 step=67/100 loss=0.431289 grad_norm=0.332
[train] epoch=4/8 step=68/100 loss=0.367950 grad_norm=0.405
[train] epoch=4/8 step=69/100 loss=0.446476 grad_norm=0.440
[train] epoch=4/8 step=70/100 loss=0.409390 grad_norm=0.603
[train] epoch=4/8 step=71/100 loss=0.427796 grad_norm=0.317
[train] epoch=4/8 step=72/100 loss=0.437220 grad_norm=0.418
[train] epoch=4/8 step=73/100 loss=0.496066 grad_norm=0.708
[train] epoch=4/8 step=74/100 loss=0.429951 grad_norm=0.833
[train] epoch=4/8 step=75/100 loss=0.451307 grad_norm=0.280
[train] epoch=4/8 step=76/100 loss=0.448994 grad_norm=0.460
[train] epoch=4/8 step=77/100 loss=0.424709 grad_norm=0.395
[train] epoch=4/8 step=78/100 loss=0.587377 grad_norm=0.572
[train] epoch=4/8 step=79/100 loss=0.437425 grad_norm=0.334
[train] epoch=4/8 step=80/100 loss=0.379264 grad_norm=0.315
[train] epoch=4/8 step=81/100 loss=0.604813 grad_norm=0.384
[train] epoch=4/8 step=82/100 loss=0.445522 grad_norm=0.350
[train] epoch=4/8 step=83/100 loss=0.447789 grad_norm=0.339
[train] epoch=4/8 step=84/100 loss=0.438313 grad_norm=0.413
[train] epoch=4/8 step=85/100 loss=0.443269 grad_norm=0.324
[train] epoch=4/8 step=86/100 loss=0.486874 grad_norm=0.646
[train] epoch=4/8 step=87/100 loss=0.430757 grad_norm=0.414
[train] epoch=4/8 step=88/100 loss=0.484252 grad_norm=0.316
[train] epoch=4/8 step=89/100 loss=0.429429 grad_norm=0.497
[train] epoch=4/8 step=90/100 loss=0.397446 grad_norm=0.517
[train] epoch=4/8 step=91/100 loss=0.417488 grad_norm=0.338
[train] epoch=4/8 step=92/100 loss=0.437734 grad_norm=0.336
[train] epoch=4/8 step=93/100 loss=0.496717 grad_norm=0.376
[train] epoch=4/8 step=94/100 loss=0.465579 grad_norm=0.382
[train] epoch=4/8 step=95/100 loss=0.435555 grad_norm=0.398
[train] epoch=4/8 step=96/100 loss=0.430120 grad_norm=0.348
[train] epoch=4/8 step=97/100 loss=0.424458 grad_norm=0.556
[train] epoch=4/8 step=98/100 loss=0.450376 grad_norm=0.527
[train] epoch=4/8 step=99/100 loss=0.509345 grad_norm=0.301
[train] epoch=4/8 step=100/100 loss=0.518085 grad_norm=0.390
[epoch_summary] epoch=4/8 time_epoch=57.8s elapsed=467.5s eta=467.5s lambda_batch_div=0.000 lambda_inter_div=0.536 lambda_intra_div=0.000 selection_mode=diversity_first selection_score=0.973686 train_loss=0.467757 val_loss=0.316812 val_nmpjpe=0.282437 train_pose=0.046619 train_rel=0.065606 train_dist=0.229516 train_dir=0.066217 train_var=0.035438 train_batch_div=0.174990 train_inter_div=0.172856 train_intra_div=0.251901 val_pose=0.038787 val_rel=0.051991 val_dist=0.192248 val_dir=0.056366 val_var=0.027955 val_batch_div=0.417171 val_inter_div=0.006375 val_intra_div=0.418284 train_std=0.151848/0.217582 train_std_ratio=0.769726 val_std=0.075222/0.097486 val_std_ratio=0.989137 train_pair_dist=1.258866/1.913901 train_pair_ratio=0.670603 val_pair_dist=0.561728/1.075181 val_pair_ratio=0.631910 train_inter_pair=1.258953/1.934269 train_inter_ratio=0.662718 val_inter_pair=0.014107/0.044053 val_inter_ratio=0.008181 train_intra_pair=1.256552/1.384591 train_intra_ratio=0.980543 val_intra_pair=0.560536/1.069875 val_intra_ratio=0.633952 train_action_cls=0.000000 train_action_acc=0.000 val_action_cls=0.000000 val_action_acc=0.000 grad_norm_mean=0.422 nan_loss=False nan_grad=False actions_covered=27 envs_covered=2
[ckpt] saved_last path=C:\Users\LuvRene\OneDrive\PythonProjects\Positioning\pose_estimationV2\checkpoints\resnet1d_interdiv_divselect_env3val_env4test_last.pth epoch=4
[ckpt] saved path=C:\Users\LuvRene\OneDrive\PythonProjects\Positioning\pose_estimationV2\checkpoints\resnet1d_interdiv_divselect_env3val_env4test.pth epoch=4 best_selection_score=0.973686 val_nmpjpe=0.282437
[epoch_start] epoch=5/8 train_size=160380 val_size=80190 test_size=80190 lr=3.000e-04 lambda_batch_div=0.000 lambda_inter_div=0.506 lambda_intra_div=0.000
[train] epoch=5/8 step=1/100 loss=0.415600 grad_norm=0.371
[train] epoch=5/8 step=2/100 loss=0.416182 grad_norm=0.341
[train] epoch=5/8 step=3/100 loss=0.507290 grad_norm=0.453
[train] epoch=5/8 step=4/100 loss=0.429381 grad_norm=0.444
[train] epoch=5/8 step=5/100 loss=0.449450 grad_norm=0.332
[train] epoch=5/8 step=6/100 loss=0.398157 grad_norm=0.348
[train] epoch=5/8 step=7/100 loss=1.098638 grad_norm=0.385
[train] epoch=5/8 step=8/100 loss=0.436633 grad_norm=0.354
[train] epoch=5/8 step=9/100 loss=0.430701 grad_norm=0.342
[train] epoch=5/8 step=10/100 loss=0.403055 grad_norm=0.322
[train] epoch=5/8 step=11/100 loss=0.390560 grad_norm=0.338
[train] epoch=5/8 step=12/100 loss=0.480405 grad_norm=0.539
[train] epoch=5/8 step=13/100 loss=0.519220 grad_norm=0.396
[train] epoch=5/8 step=14/100 loss=0.442585 grad_norm=0.453
[train] epoch=5/8 step=15/100 loss=0.442851 grad_norm=0.401
[train] epoch=5/8 step=16/100 loss=0.441015 grad_norm=0.320
[train] epoch=5/8 step=17/100 loss=0.482181 grad_norm=0.436
[train] epoch=5/8 step=18/100 loss=0.503265 grad_norm=0.415
[train] epoch=5/8 step=19/100 loss=0.467154 grad_norm=0.323
[train] epoch=5/8 step=20/100 loss=0.416239 grad_norm=0.695
[train] epoch=5/8 step=21/100 loss=0.403400 grad_norm=0.424
[train] epoch=5/8 step=22/100 loss=0.424960 grad_norm=0.404
[train] epoch=5/8 step=23/100 loss=0.403422 grad_norm=0.573
[train] epoch=5/8 step=24/100 loss=0.406689 grad_norm=0.400
[train] epoch=5/8 step=25/100 loss=0.384945 grad_norm=0.449
[train] epoch=5/8 step=26/100 loss=0.420861 grad_norm=0.348
[train] epoch=5/8 step=27/100 loss=0.384361 grad_norm=0.410
[train] epoch=5/8 step=28/100 loss=0.426182 grad_norm=0.436
[train] epoch=5/8 step=29/100 loss=0.610968 grad_norm=0.850
[train] epoch=5/8 step=30/100 loss=0.419875 grad_norm=0.714
[train] epoch=5/8 step=31/100 loss=0.542939 grad_norm=0.327
[train] epoch=5/8 step=32/100 loss=0.434167 grad_norm=0.305
[train] epoch=5/8 step=33/100 loss=0.431735 grad_norm=0.545
[train] epoch=5/8 step=34/100 loss=0.584059 grad_norm=0.734
[train] epoch=5/8 step=35/100 loss=0.461056 grad_norm=0.377
[train] epoch=5/8 step=36/100 loss=0.460345 grad_norm=0.311
[train] epoch=5/8 step=37/100 loss=0.439236 grad_norm=0.598
[train] epoch=5/8 step=38/100 loss=0.375355 grad_norm=0.439
[train] epoch=5/8 step=39/100 loss=0.624706 grad_norm=0.601
[train] epoch=5/8 step=40/100 loss=0.435074 grad_norm=0.309
[train] epoch=5/8 step=41/100 loss=0.413010 grad_norm=0.350
[train] epoch=5/8 step=42/100 loss=0.425420 grad_norm=0.323
[train] epoch=5/8 step=43/100 loss=0.518097 grad_norm=0.633
[train] epoch=5/8 step=44/100 loss=0.437060 grad_norm=0.669
[train] epoch=5/8 step=45/100 loss=0.476516 grad_norm=0.458
[train] epoch=5/8 step=46/100 loss=0.468816 grad_norm=0.497
[train] epoch=5/8 step=47/100 loss=0.461564 grad_norm=0.516
[train] epoch=5/8 step=48/100 loss=0.386574 grad_norm=0.555
[train] epoch=5/8 step=49/100 loss=0.528165 grad_norm=0.323
[train] epoch=5/8 step=50/100 loss=0.441533 grad_norm=0.408
[train] epoch=5/8 step=51/100 loss=0.427709 grad_norm=0.437
[train] epoch=5/8 step=52/100 loss=0.415698 grad_norm=0.383
[train] epoch=5/8 step=53/100 loss=0.379592 grad_norm=0.368
[train] epoch=5/8 step=54/100 loss=0.431138 grad_norm=0.403
[train] epoch=5/8 step=55/100 loss=0.417858 grad_norm=0.320
[train] epoch=5/8 step=56/100 loss=0.410123 grad_norm=0.372
[train] epoch=5/8 step=57/100 loss=0.581400 grad_norm=0.508
[train] epoch=5/8 step=58/100 loss=0.368483 grad_norm=0.319
[train] epoch=5/8 step=59/100 loss=0.429899 grad_norm=0.372
[train] epoch=5/8 step=60/100 loss=0.417004 grad_norm=0.324
[train] epoch=5/8 step=61/100 loss=0.646675 grad_norm=0.368
[train] epoch=5/8 step=62/100 loss=0.430438 grad_norm=0.385
[train] epoch=5/8 step=63/100 loss=0.411541 grad_norm=0.549
[train] epoch=5/8 step=64/100 loss=0.418822 grad_norm=0.523
[train] epoch=5/8 step=65/100 loss=0.470237 grad_norm=0.362
[train] epoch=5/8 step=66/100 loss=0.437476 grad_norm=0.404
[train] epoch=5/8 step=67/100 loss=0.443434 grad_norm=0.421
[train] epoch=5/8 step=68/100 loss=0.417613 grad_norm=0.303
[train] epoch=5/8 step=69/100 loss=0.412507 grad_norm=0.449
[train] epoch=5/8 step=70/100 loss=0.401315 grad_norm=0.353
[train] epoch=5/8 step=71/100 loss=0.426815 grad_norm=0.316
[train] epoch=5/8 step=72/100 loss=0.412923 grad_norm=0.389
[train] epoch=5/8 step=73/100 loss=0.473889 grad_norm=0.268
[train] epoch=5/8 step=74/100 loss=0.642661 grad_norm=0.341
[train] epoch=5/8 step=75/100 loss=0.442970 grad_norm=0.329
[train] epoch=5/8 step=76/100 loss=0.402177 grad_norm=0.347
[train] epoch=5/8 step=77/100 loss=0.412361 grad_norm=0.304
[train] epoch=5/8 step=78/100 loss=0.443753 grad_norm=0.327
[train] epoch=5/8 step=79/100 loss=0.488066 grad_norm=0.536
[train] epoch=5/8 step=80/100 loss=0.412374 grad_norm=0.335
[train] epoch=5/8 step=81/100 loss=0.376136 grad_norm=0.410
[train] epoch=5/8 step=82/100 loss=0.488811 grad_norm=0.504
[train] epoch=5/8 step=83/100 loss=0.455092 grad_norm=0.284
[train] epoch=5/8 step=84/100 loss=0.661566 grad_norm=0.341
[train] epoch=5/8 step=85/100 loss=0.498590 grad_norm=0.357
[train] epoch=5/8 step=86/100 loss=0.400931 grad_norm=0.331
[train] epoch=5/8 step=87/100 loss=0.407308 grad_norm=0.389
[train] epoch=5/8 step=88/100 loss=0.404599 grad_norm=0.332
[train] epoch=5/8 step=89/100 loss=0.431076 grad_norm=0.284
[train] epoch=5/8 step=90/100 loss=0.408224 grad_norm=0.343
[train] epoch=5/8 step=91/100 loss=0.425398 grad_norm=0.324
[train] epoch=5/8 step=92/100 loss=0.437068 grad_norm=0.340
[train] epoch=5/8 step=93/100 loss=0.390064 grad_norm=0.371
[train] epoch=5/8 step=94/100 loss=0.431179 grad_norm=0.324
[train] epoch=5/8 step=95/100 loss=1.095126 grad_norm=0.390
[train] epoch=5/8 step=96/100 loss=0.475311 grad_norm=0.387
[train] epoch=5/8 step=97/100 loss=0.476156 grad_norm=0.275
[train] epoch=5/8 step=98/100 loss=0.462514 grad_norm=0.251
[train] epoch=5/8 step=99/100 loss=0.423857 grad_norm=0.387
[train] epoch=5/8 step=100/100 loss=0.409556 grad_norm=0.359
[epoch_summary] epoch=5/8 time_epoch=57.5s elapsed=525.0s eta=315.0s lambda_batch_div=0.000 lambda_inter_div=0.506 lambda_intra_div=0.000 selection_mode=diversity_first selection_score=1.192770 train_loss=0.460872 val_loss=0.309789 val_nmpjpe=0.286582 train_pose=0.047318 train_rel=0.065862 train_dist=0.228277 train_dir=0.065405 train_var=0.035003 train_batch_div=0.173846 train_inter_div=0.171873 train_intra_div=0.248627 val_pose=0.038878 val_rel=0.052401 val_dist=0.185448 val_dir=0.056566 val_var=0.021059 val_batch_div=0.394589 val_inter_div=0.005330 val_intra_div=0.395996 train_std=0.155019/0.219950 train_std_ratio=0.790424 val_std=0.093236/0.097486 val_std_ratio=1.230936 train_pair_dist=1.268505/1.921152 train_pair_ratio=0.674192 val_pair_dist=0.679113/1.075181 val_pair_ratio=0.766168 train_inter_pair=1.268959/1.944373 train_inter_ratio=0.666365 val_inter_pair=0.017283/0.044053 val_inter_ratio=0.010043 train_intra_pair=1.256137/1.325122 train_intra_ratio=0.984005 val_intra_pair=0.677905/1.069875 val_intra_ratio=0.769158 train_action_cls=0.000000 train_action_acc=0.000 val_action_cls=0.000000 val_action_acc=0.000 grad_norm_mean=0.407 nan_loss=False nan_grad=False actions_covered=27 envs_covered=2
[ckpt] saved_last path=C:\Users\LuvRene\OneDrive\PythonProjects\Positioning\pose_estimationV2\checkpoints\resnet1d_interdiv_divselect_env3val_env4test_last.pth epoch=5
[ckpt] saved path=C:\Users\LuvRene\OneDrive\PythonProjects\Positioning\pose_estimationV2\checkpoints\resnet1d_interdiv_divselect_env3val_env4test.pth epoch=5 best_selection_score=1.192770 val_nmpjpe=0.286582
[epoch_start] epoch=6/8 train_size=160380 val_size=80190 test_size=80190 lr=3.000e-04 lambda_batch_div=0.000 lambda_inter_div=0.454 lambda_intra_div=0.000
[train] epoch=6/8 step=1/100 loss=0.446805 grad_norm=0.702
[train] epoch=6/8 step=2/100 loss=0.423275 grad_norm=0.455
[train] epoch=6/8 step=3/100 loss=0.433460 grad_norm=0.368
[train] epoch=6/8 step=4/100 loss=0.423503 grad_norm=0.562
[train] epoch=6/8 step=5/100 loss=0.391060 grad_norm=0.673
[train] epoch=6/8 step=6/100 loss=0.483944 grad_norm=0.669
[train] epoch=6/8 step=7/100 loss=0.437680 grad_norm=0.381
[train] epoch=6/8 step=8/100 loss=0.438774 grad_norm=0.699
[train] epoch=6/8 step=9/100 loss=0.458419 grad_norm=0.481
[train] epoch=6/8 step=10/100 loss=0.391554 grad_norm=0.820
[train] epoch=6/8 step=11/100 loss=0.378259 grad_norm=0.373
[train] epoch=6/8 step=12/100 loss=0.444454 grad_norm=0.622
[train] epoch=6/8 step=13/100 loss=0.543985 grad_norm=0.566
[train] epoch=6/8 step=14/100 loss=0.435682 grad_norm=0.576
[train] epoch=6/8 step=15/100 loss=0.456028 grad_norm=0.576
[train] epoch=6/8 step=16/100 loss=0.401385 grad_norm=0.341
[train] epoch=6/8 step=17/100 loss=0.430708 grad_norm=0.933
[train] epoch=6/8 step=18/100 loss=0.456545 grad_norm=0.475
[train] epoch=6/8 step=19/100 loss=0.392591 grad_norm=0.502
[train] epoch=6/8 step=20/100 loss=0.390255 grad_norm=0.323
[train] epoch=6/8 step=21/100 loss=0.436930 grad_norm=0.343
[train] epoch=6/8 step=22/100 loss=0.380572 grad_norm=0.496
[train] epoch=6/8 step=23/100 loss=0.410338 grad_norm=0.546
[train] epoch=6/8 step=24/100 loss=0.415279 grad_norm=0.256
[train] epoch=6/8 step=25/100 loss=0.439649 grad_norm=0.572
[train] epoch=6/8 step=26/100 loss=0.437612 grad_norm=0.412
[train] epoch=6/8 step=27/100 loss=0.446722 grad_norm=0.525
[train] epoch=6/8 step=28/100 loss=0.458193 grad_norm=0.615
[train] epoch=6/8 step=29/100 loss=0.414723 grad_norm=0.380
[train] epoch=6/8 step=30/100 loss=0.439677 grad_norm=0.376
[train] epoch=6/8 step=31/100 loss=0.559183 grad_norm=0.278
[train] epoch=6/8 step=32/100 loss=0.588560 grad_norm=0.385
[train] epoch=6/8 step=33/100 loss=0.455372 grad_norm=0.458
[train] epoch=6/8 step=34/100 loss=0.411419 grad_norm=0.301
[train] epoch=6/8 step=35/100 loss=0.407433 grad_norm=0.354
[train] epoch=6/8 step=36/100 loss=0.420383 grad_norm=0.347
[train] epoch=6/8 step=37/100 loss=0.425034 grad_norm=0.347
[train] epoch=6/8 step=38/100 loss=0.393291 grad_norm=0.342
[train] epoch=6/8 step=39/100 loss=0.408286 grad_norm=0.351
[train] epoch=6/8 step=40/100 loss=0.580420 grad_norm=0.323
[train] epoch=6/8 step=41/100 loss=0.403529 grad_norm=0.586
[train] epoch=6/8 step=42/100 loss=0.401156 grad_norm=0.472
[train] epoch=6/8 step=43/100 loss=0.593530 grad_norm=0.656
[train] epoch=6/8 step=44/100 loss=1.345889 grad_norm=0.535
[train] epoch=6/8 step=45/100 loss=0.381293 grad_norm=0.352
[train] epoch=6/8 step=46/100 loss=0.440958 grad_norm=0.512
[train] epoch=6/8 step=47/100 loss=0.472355 grad_norm=0.498
[train] epoch=6/8 step=48/100 loss=0.456672 grad_norm=0.407
[train] epoch=6/8 step=49/100 loss=0.461717 grad_norm=0.304
[train] epoch=6/8 step=50/100 loss=0.373759 grad_norm=0.378
[train] epoch=6/8 step=51/100 loss=0.422252 grad_norm=0.334
[train] epoch=6/8 step=52/100 loss=0.393775 grad_norm=0.478
[train] epoch=6/8 step=53/100 loss=0.495279 grad_norm=0.381
[train] epoch=6/8 step=54/100 loss=0.451899 grad_norm=0.314
[train] epoch=6/8 step=55/100 loss=0.358984 grad_norm=0.461
[train] epoch=6/8 step=56/100 loss=0.400110 grad_norm=0.450
[train] epoch=6/8 step=57/100 loss=0.427310 grad_norm=0.353
[train] epoch=6/8 step=58/100 loss=0.497191 grad_norm=0.348
[train] epoch=6/8 step=59/100 loss=0.515493 grad_norm=0.296
[train] epoch=6/8 step=60/100 loss=0.409139 grad_norm=0.471
[train] epoch=6/8 step=61/100 loss=0.409124 grad_norm=0.378
[train] epoch=6/8 step=62/100 loss=0.386950 grad_norm=0.466
[train] epoch=6/8 step=63/100 loss=0.434714 grad_norm=0.281
[train] epoch=6/8 step=64/100 loss=0.452671 grad_norm=0.312
[train] epoch=6/8 step=65/100 loss=0.393333 grad_norm=0.336
[train] epoch=6/8 step=66/100 loss=0.385390 grad_norm=0.553
[train] epoch=6/8 step=67/100 loss=0.374012 grad_norm=0.293
[train] epoch=6/8 step=68/100 loss=0.440382 grad_norm=0.346
[train] epoch=6/8 step=69/100 loss=0.434919 grad_norm=0.413
[train] epoch=6/8 step=70/100 loss=0.441704 grad_norm=0.281
[train] epoch=6/8 step=71/100 loss=0.467826 grad_norm=0.417
[train] epoch=6/8 step=72/100 loss=0.444423 grad_norm=0.345
[train] epoch=6/8 step=73/100 loss=0.416971 grad_norm=0.471
[train] epoch=6/8 step=74/100 loss=0.513034 grad_norm=0.322
[train] epoch=6/8 step=75/100 loss=0.419370 grad_norm=0.463
[train] epoch=6/8 step=76/100 loss=0.458119 grad_norm=0.379
[train] epoch=6/8 step=77/100 loss=0.403391 grad_norm=0.286
[train] epoch=6/8 step=78/100 loss=0.346033 grad_norm=0.369
[train] epoch=6/8 step=79/100 loss=0.440751 grad_norm=0.309
[train] epoch=6/8 step=80/100 loss=0.407217 grad_norm=0.385
[train] epoch=6/8 step=81/100 loss=0.411023 grad_norm=0.281
[train] epoch=6/8 step=82/100 loss=0.408818 grad_norm=0.296
[train] epoch=6/8 step=83/100 loss=0.434555 grad_norm=0.357
[train] epoch=6/8 step=84/100 loss=0.414101 grad_norm=0.394
[train] epoch=6/8 step=85/100 loss=0.390029 grad_norm=0.330
[train] epoch=6/8 step=86/100 loss=0.396004 grad_norm=0.496
[train] epoch=6/8 step=87/100 loss=0.477628 grad_norm=0.461
[train] epoch=6/8 step=88/100 loss=0.371183 grad_norm=0.355
[train] epoch=6/8 step=89/100 loss=0.402010 grad_norm=0.451
[train] epoch=6/8 step=90/100 loss=0.396014 grad_norm=0.419
[train] epoch=6/8 step=91/100 loss=0.403212 grad_norm=0.463
[train] epoch=6/8 step=92/100 loss=0.520884 grad_norm=0.354
[train] epoch=6/8 step=93/100 loss=0.492854 grad_norm=0.420
[train] epoch=6/8 step=94/100 loss=0.362665 grad_norm=0.534
[train] epoch=6/8 step=95/100 loss=0.451127 grad_norm=0.425
[train] epoch=6/8 step=96/100 loss=0.368479 grad_norm=0.372
[train] epoch=6/8 step=97/100 loss=0.504436 grad_norm=0.431
[train] epoch=6/8 step=98/100 loss=0.380196 grad_norm=0.361
[train] epoch=6/8 step=99/100 loss=0.486933 grad_norm=0.382
[train] epoch=6/8 step=100/100 loss=0.463574 grad_norm=0.281
[epoch_summary] epoch=6/8 time_epoch=81.9s elapsed=606.9s eta=202.3s lambda_batch_div=0.000 lambda_inter_div=0.454 lambda_intra_div=0.000 selection_mode=diversity_first selection_score=1.317209 train_loss=0.442958 val_loss=0.308411 val_nmpjpe=0.295815 train_pose=0.048462 train_rel=0.064877 train_dist=0.223403 train_dir=0.064535 train_var=0.029808 train_batch_div=0.165103 train_inter_div=0.163294 train_intra_div=0.239899 val_pose=0.039634 val_rel=0.051730 val_dist=0.184610 val_dir=0.056146 val_var=0.019074 val_batch_div=0.382169 val_inter_div=0.004749 val_intra_div=0.383925 train_std=0.164333/0.219558 train_std_ratio=0.824837 val_std=0.102164/0.097486 val_std_ratio=1.358795 train_pair_dist=1.321048/1.925000 train_pair_ratio=0.699344 val_pair_dist=0.745911/1.075181 val_pair_ratio=0.845882 train_inter_pair=1.321569/1.948380 train_inter_ratio=0.691105 val_inter_pair=0.019090/0.044053 val_inter_ratio=0.011102 train_intra_pair=1.307593/1.320052 train_intra_ratio=1.025731 val_intra_pair=0.744877/1.069875 val_intra_ratio=0.849632 train_action_cls=0.000000 train_action_acc=0.000 val_action_cls=0.000000 val_action_acc=0.000 grad_norm_mean=0.430 nan_loss=False nan_grad=False actions_covered=27 envs_covered=2
[ckpt] saved_last path=C:\Users\LuvRene\OneDrive\PythonProjects\Positioning\pose_estimationV2\checkpoints\resnet1d_interdiv_divselect_env3val_env4test_last.pth epoch=6
[ckpt] saved path=C:\Users\LuvRene\OneDrive\PythonProjects\Positioning\pose_estimationV2\checkpoints\resnet1d_interdiv_divselect_env3val_env4test.pth epoch=6 best_selection_score=1.317209 val_nmpjpe=0.295815
[epoch_start] epoch=7/8 train_size=160380 val_size=80190 test_size=80190 lr=3.000e-04 lambda_batch_div=0.000 lambda_inter_div=0.402 lambda_intra_div=0.000
[train] epoch=7/8 step=1/100 loss=0.383585 grad_norm=0.288
[train] epoch=7/8 step=2/100 loss=0.428531 grad_norm=0.270
[train] epoch=7/8 step=3/100 loss=0.472948 grad_norm=0.366
[train] epoch=7/8 step=4/100 loss=0.372272 grad_norm=0.453
[train] epoch=7/8 step=5/100 loss=0.400957 grad_norm=0.446
[train] epoch=7/8 step=6/100 loss=0.385451 grad_norm=0.366
[train] epoch=7/8 step=7/100 loss=0.426283 grad_norm=0.322
[train] epoch=7/8 step=8/100 loss=0.345175 grad_norm=0.406
[train] epoch=7/8 step=9/100 loss=0.421101 grad_norm=0.473
[train] epoch=7/8 step=10/100 loss=0.489466 grad_norm=0.373
[train] epoch=7/8 step=11/100 loss=0.445654 grad_norm=0.354
[train] epoch=7/8 step=12/100 loss=0.400480 grad_norm=0.425
[train] epoch=7/8 step=13/100 loss=0.383761 grad_norm=0.556
[train] epoch=7/8 step=14/100 loss=0.421610 grad_norm=0.561
[train] epoch=7/8 step=15/100 loss=0.399471 grad_norm=0.333
[train] epoch=7/8 step=16/100 loss=0.374877 grad_norm=0.570
[train] epoch=7/8 step=17/100 loss=0.374916 grad_norm=0.288
[train] epoch=7/8 step=18/100 loss=0.390296 grad_norm=0.635
[train] epoch=7/8 step=19/100 loss=0.411201 grad_norm=0.462
[train] epoch=7/8 step=20/100 loss=0.421596 grad_norm=0.456
[train] epoch=7/8 step=21/100 loss=0.493726 grad_norm=0.511
[train] epoch=7/8 step=22/100 loss=0.404163 grad_norm=0.414
[train] epoch=7/8 step=23/100 loss=0.397131 grad_norm=0.345
[train] epoch=7/8 step=24/100 loss=0.381096 grad_norm=0.484
[train] epoch=7/8 step=25/100 loss=0.405626 grad_norm=0.363
[train] epoch=7/8 step=26/100 loss=0.371167 grad_norm=0.514
[train] epoch=7/8 step=27/100 loss=0.380990 grad_norm=0.603
[train] epoch=7/8 step=28/100 loss=0.400368 grad_norm=0.433
[train] epoch=7/8 step=29/100 loss=0.404589 grad_norm=0.376
[train] epoch=7/8 step=30/100 loss=0.383373 grad_norm=0.439
[train] epoch=7/8 step=31/100 loss=0.365144 grad_norm=0.400
[train] epoch=7/8 step=32/100 loss=0.447587 grad_norm=0.338
[train] epoch=7/8 step=33/100 loss=0.403536 grad_norm=0.393
[train] epoch=7/8 step=34/100 loss=0.388775 grad_norm=0.319
[train] epoch=7/8 step=35/100 loss=0.420870 grad_norm=0.362
[train] epoch=7/8 step=36/100 loss=0.419407 grad_norm=0.414
[train] epoch=7/8 step=37/100 loss=0.397253 grad_norm=0.349
[train] epoch=7/8 step=38/100 loss=0.385037 grad_norm=0.361
[train] epoch=7/8 step=39/100 loss=0.394670 grad_norm=0.384
[train] epoch=7/8 step=40/100 loss=0.364599 grad_norm=0.429
[train] epoch=7/8 step=41/100 loss=0.428782 grad_norm=0.339
[train] epoch=7/8 step=42/100 loss=0.409620 grad_norm=0.401
[train] epoch=7/8 step=43/100 loss=0.391982 grad_norm=0.450
[train] epoch=7/8 step=44/100 loss=0.447965 grad_norm=0.315
[train] epoch=7/8 step=45/100 loss=0.360806 grad_norm=0.400
[train] epoch=7/8 step=46/100 loss=0.353894 grad_norm=0.412
[train] epoch=7/8 step=47/100 loss=0.376373 grad_norm=0.404
[train] epoch=7/8 step=48/100 loss=0.361424 grad_norm=0.561
[train] epoch=7/8 step=49/100 loss=0.416749 grad_norm=0.328
[train] epoch=7/8 step=50/100 loss=0.401888 grad_norm=0.501
[train] epoch=7/8 step=51/100 loss=0.383566 grad_norm=0.493
[train] epoch=7/8 step=52/100 loss=0.425925 grad_norm=0.373
[train] epoch=7/8 step=53/100 loss=0.468870 grad_norm=0.544
[train] epoch=7/8 step=54/100 loss=0.345669 grad_norm=0.518
[train] epoch=7/8 step=55/100 loss=0.428067 grad_norm=0.335
[train] epoch=7/8 step=56/100 loss=0.383782 grad_norm=0.363
[train] epoch=7/8 step=57/100 loss=0.378924 grad_norm=0.297
[train] epoch=7/8 step=58/100 loss=0.409759 grad_norm=0.407
[train] epoch=7/8 step=59/100 loss=0.403218 grad_norm=0.398
[train] epoch=7/8 step=60/100 loss=0.385754 grad_norm=0.474
[train] epoch=7/8 step=61/100 loss=0.430384 grad_norm=0.342
[train] epoch=7/8 step=62/100 loss=0.474891 grad_norm=0.336
[train] epoch=7/8 step=63/100 loss=0.364310 grad_norm=0.480
[train] epoch=7/8 step=64/100 loss=0.399895 grad_norm=0.381
[train] epoch=7/8 step=65/100 loss=0.533115 grad_norm=0.355
[train] epoch=7/8 step=66/100 loss=0.416868 grad_norm=0.360
[train] epoch=7/8 step=67/100 loss=0.390179 grad_norm=0.331
[train] epoch=7/8 step=68/100 loss=0.362565 grad_norm=0.275
[train] epoch=7/8 step=69/100 loss=0.366842 grad_norm=0.399
[train] epoch=7/8 step=70/100 loss=0.395932 grad_norm=0.305
[train] epoch=7/8 step=71/100 loss=0.425600 grad_norm=0.382
[train] epoch=7/8 step=72/100 loss=0.409803 grad_norm=0.359
[train] epoch=7/8 step=73/100 loss=0.385378 grad_norm=0.463
[train] epoch=7/8 step=74/100 loss=0.398622 grad_norm=0.680
[train] epoch=7/8 step=75/100 loss=0.440176 grad_norm=0.280
[train] epoch=7/8 step=76/100 loss=0.465902 grad_norm=0.420
[train] epoch=7/8 step=77/100 loss=0.399086 grad_norm=0.570
[train] epoch=7/8 step=78/100 loss=0.414340 grad_norm=0.569
[train] epoch=7/8 step=79/100 loss=0.376859 grad_norm=0.448
[train] epoch=7/8 step=80/100 loss=0.408602 grad_norm=0.448
[train] epoch=7/8 step=81/100 loss=0.401857 grad_norm=0.274
[train] epoch=7/8 step=82/100 loss=0.396520 grad_norm=0.444
[train] epoch=7/8 step=83/100 loss=0.388560 grad_norm=0.318
[train] epoch=7/8 step=84/100 loss=0.401307 grad_norm=0.374
[train] epoch=7/8 step=85/100 loss=0.415120 grad_norm=0.603
[train] epoch=7/8 step=86/100 loss=0.408978 grad_norm=0.360
[train] epoch=7/8 step=87/100 loss=0.437194 grad_norm=0.344
[train] epoch=7/8 step=88/100 loss=0.375359 grad_norm=0.322
[train] epoch=7/8 step=89/100 loss=0.390894 grad_norm=0.430
[train] epoch=7/8 step=90/100 loss=0.426297 grad_norm=0.650
[train] epoch=7/8 step=91/100 loss=0.447173 grad_norm=0.497
[train] epoch=7/8 step=92/100 loss=0.540531 grad_norm=0.352
[train] epoch=7/8 step=93/100 loss=0.407268 grad_norm=0.682
[train] epoch=7/8 step=94/100 loss=0.403995 grad_norm=0.723
[train] epoch=7/8 step=95/100 loss=0.404629 grad_norm=0.301
[train] epoch=7/8 step=96/100 loss=0.388400 grad_norm=0.459
[train] epoch=7/8 step=97/100 loss=0.702477 grad_norm=0.406
[train] epoch=7/8 step=98/100 loss=0.493262 grad_norm=0.343
[train] epoch=7/8 step=99/100 loss=0.404790 grad_norm=0.340
[train] epoch=7/8 step=100/100 loss=0.503626 grad_norm=0.508
[epoch_summary] epoch=7/8 time_epoch=58.8s elapsed=665.7s eta=95.1s lambda_batch_div=0.000 lambda_inter_div=0.402 lambda_intra_div=0.000 selection_mode=diversity_first selection_score=1.455841 train_loss=0.411193 val_loss=0.305657 val_nmpjpe=0.304237 train_pose=0.045112 train_rel=0.059562 train_dist=0.213627 train_dir=0.062207 train_var=0.020877 train_batch_div=0.152518 train_inter_div=0.150434 train_intra_div=0.244414 val_pose=0.041047 val_rel=0.051426 val_dist=0.181121 val_dir=0.055979 val_var=0.017211 val_batch_div=0.399390 val_inter_div=0.004470 val_intra_div=0.401634 train_std=0.167201/0.198291 train_std_ratio=0.875712 val_std=0.113543/0.097486 val_std_ratio=1.508680 train_pair_dist=1.332474/1.854900 train_pair_ratio=0.723569 val_pair_dist=0.821892/1.075181 val_pair_ratio=0.932052 train_inter_pair=1.332703/1.876868 train_inter_ratio=0.715140 val_inter_pair=0.021071/0.044053 val_inter_ratio=0.012243 train_intra_pair=1.326817/1.276772 train_intra_ratio=1.062237 val_intra_pair=0.820798/1.069875 val_intra_ratio=0.936311 train_action_cls=0.000000 train_action_acc=0.000 val_action_cls=0.000000 val_action_acc=0.000 grad_norm_mean=0.419 nan_loss=False nan_grad=False actions_covered=27 envs_covered=2
[ckpt] saved_last path=C:\Users\LuvRene\OneDrive\PythonProjects\Positioning\pose_estimationV2\checkpoints\resnet1d_interdiv_divselect_env3val_env4test_last.pth epoch=7
[ckpt] saved path=C:\Users\LuvRene\OneDrive\PythonProjects\Positioning\pose_estimationV2\checkpoints\resnet1d_interdiv_divselect_env3val_env4test.pth epoch=7 best_selection_score=1.455841 val_nmpjpe=0.304237
[epoch_start] epoch=8/8 train_size=160380 val_size=80190 test_size=80190 lr=3.000e-04 lambda_batch_div=0.000 lambda_inter_div=0.350 lambda_intra_div=0.000
[train] epoch=8/8 step=1/100 loss=0.384708 grad_norm=0.361
[train] epoch=8/8 step=2/100 loss=0.483989 grad_norm=0.292
[train] epoch=8/8 step=3/100 loss=0.465483 grad_norm=0.340
[train] epoch=8/8 step=4/100 loss=0.764871 grad_norm=0.335
[train] epoch=8/8 step=5/100 loss=0.373646 grad_norm=0.453
[train] epoch=8/8 step=6/100 loss=0.369814 grad_norm=0.264
[train] epoch=8/8 step=7/100 loss=0.374581 grad_norm=0.290
[train] epoch=8/8 step=8/100 loss=0.420147 grad_norm=0.379
[train] epoch=8/8 step=9/100 loss=0.403635 grad_norm=0.440
[train] epoch=8/8 step=10/100 loss=0.372309 grad_norm=0.651
[train] epoch=8/8 step=11/100 loss=0.379058 grad_norm=0.268
[train] epoch=8/8 step=12/100 loss=0.400274 grad_norm=0.349
[train] epoch=8/8 step=13/100 loss=0.432569 grad_norm=0.361
[train] epoch=8/8 step=14/100 loss=0.363904 grad_norm=0.448
[train] epoch=8/8 step=15/100 loss=0.363840 grad_norm=0.425
[train] epoch=8/8 step=16/100 loss=1.000066 grad_norm=0.474
[train] epoch=8/8 step=17/100 loss=0.361431 grad_norm=0.469
[train] epoch=8/8 step=18/100 loss=0.388211 grad_norm=0.467
[train] epoch=8/8 step=19/100 loss=0.409509 grad_norm=0.347
[train] epoch=8/8 step=20/100 loss=0.374375 grad_norm=0.489
[train] epoch=8/8 step=21/100 loss=0.385809 grad_norm=0.789
[train] epoch=8/8 step=22/100 loss=0.421412 grad_norm=0.284
[train] epoch=8/8 step=23/100 loss=0.371549 grad_norm=0.407
[train] epoch=8/8 step=24/100 loss=0.401770 grad_norm=0.352
[train] epoch=8/8 step=25/100 loss=0.389884 grad_norm=0.332
[train] epoch=8/8 step=26/100 loss=0.387985 grad_norm=0.500
[train] epoch=8/8 step=27/100 loss=0.378101 grad_norm=0.627
[train] epoch=8/8 step=28/100 loss=0.380306 grad_norm=0.440
[train] epoch=8/8 step=29/100 loss=0.404510 grad_norm=0.332
[train] epoch=8/8 step=30/100 loss=0.371702 grad_norm=0.441
[train] epoch=8/8 step=31/100 loss=0.415112 grad_norm=0.561
[train] epoch=8/8 step=32/100 loss=0.367935 grad_norm=0.422
[train] epoch=8/8 step=33/100 loss=0.426638 grad_norm=0.536
[train] epoch=8/8 step=34/100 loss=0.448743 grad_norm=0.686
[train] epoch=8/8 step=35/100 loss=0.366127 grad_norm=0.443
[train] epoch=8/8 step=36/100 loss=0.402987 grad_norm=0.364
[train] epoch=8/8 step=37/100 loss=0.399096 grad_norm=0.420
[train] epoch=8/8 step=38/100 loss=0.365524 grad_norm=0.267
[train] epoch=8/8 step=39/100 loss=0.454567 grad_norm=0.476
[train] epoch=8/8 step=40/100 loss=0.578918 grad_norm=0.342
[train] epoch=8/8 step=41/100 loss=0.433914 grad_norm=0.351
[train] epoch=8/8 step=42/100 loss=0.419307 grad_norm=0.331
[train] epoch=8/8 step=43/100 loss=0.391438 grad_norm=0.274
[train] epoch=8/8 step=44/100 loss=0.388729 grad_norm=0.380
[train] epoch=8/8 step=45/100 loss=0.344819 grad_norm=0.443
[train] epoch=8/8 step=46/100 loss=0.363166 grad_norm=0.291
[train] epoch=8/8 step=47/100 loss=0.501101 grad_norm=0.308
[train] epoch=8/8 step=48/100 loss=0.455708 grad_norm=0.245
[train] epoch=8/8 step=49/100 loss=0.355072 grad_norm=0.387
[train] epoch=8/8 step=50/100 loss=0.412268 grad_norm=0.286
[train] epoch=8/8 step=51/100 loss=0.401596 grad_norm=0.320
[train] epoch=8/8 step=52/100 loss=0.408714 grad_norm=0.284
[train] epoch=8/8 step=53/100 loss=0.379801 grad_norm=0.318
[train] epoch=8/8 step=54/100 loss=0.404915 grad_norm=0.527
[train] epoch=8/8 step=55/100 loss=0.459983 grad_norm=0.404
[train] epoch=8/8 step=56/100 loss=0.396715 grad_norm=0.245
[train] epoch=8/8 step=57/100 loss=0.367481 grad_norm=0.329
[train] epoch=8/8 step=58/100 loss=0.462497 grad_norm=0.278
[train] epoch=8/8 step=59/100 loss=0.445921 grad_norm=0.269
[train] epoch=8/8 step=60/100 loss=0.406958 grad_norm=0.332
[train] epoch=8/8 step=61/100 loss=0.527773 grad_norm=0.519
[train] epoch=8/8 step=62/100 loss=0.378456 grad_norm=0.315
[train] epoch=8/8 step=63/100 loss=0.380247 grad_norm=0.355
[train] epoch=8/8 step=64/100 loss=0.411580 grad_norm=0.331
[train] epoch=8/8 step=65/100 loss=0.408049 grad_norm=0.497
[train] epoch=8/8 step=66/100 loss=0.667912 grad_norm=0.480
[train] epoch=8/8 step=67/100 loss=0.397066 grad_norm=0.324
[train] epoch=8/8 step=68/100 loss=0.383615 grad_norm=0.717
[train] epoch=8/8 step=69/100 loss=0.385618 grad_norm=0.255
[train] epoch=8/8 step=70/100 loss=0.358981 grad_norm=0.314
[train] epoch=8/8 step=71/100 loss=0.390865 grad_norm=0.287
[train] epoch=8/8 step=72/100 loss=0.368702 grad_norm=0.357
[train] epoch=8/8 step=73/100 loss=0.417378 grad_norm=0.533
[train] epoch=8/8 step=74/100 loss=0.381075 grad_norm=0.279
[train] epoch=8/8 step=75/100 loss=0.384499 grad_norm=0.316
[train] epoch=8/8 step=76/100 loss=0.362174 grad_norm=0.280
[train] epoch=8/8 step=77/100 loss=0.376329 grad_norm=0.294
[train] epoch=8/8 step=78/100 loss=0.362395 grad_norm=0.284
[train] epoch=8/8 step=79/100 loss=0.354376 grad_norm=0.381
[train] epoch=8/8 step=80/100 loss=0.376429 grad_norm=0.431
[train] epoch=8/8 step=81/100 loss=0.533950 grad_norm=0.293
[train] epoch=8/8 step=82/100 loss=0.409217 grad_norm=0.423
[train] epoch=8/8 step=83/100 loss=0.387611 grad_norm=0.283
[train] epoch=8/8 step=84/100 loss=0.392524 grad_norm=0.366
[train] epoch=8/8 step=85/100 loss=0.364517 grad_norm=0.285
[train] epoch=8/8 step=86/100 loss=0.394416 grad_norm=0.372
[train] epoch=8/8 step=87/100 loss=0.405402 grad_norm=0.516
[train] epoch=8/8 step=88/100 loss=0.385742 grad_norm=0.462
[train] epoch=8/8 step=89/100 loss=0.545714 grad_norm=0.383
[train] epoch=8/8 step=90/100 loss=0.400173 grad_norm=0.428
[train] epoch=8/8 step=91/100 loss=0.423406 grad_norm=0.323
[train] epoch=8/8 step=92/100 loss=0.424693 grad_norm=0.368
[train] epoch=8/8 step=93/100 loss=0.413717 grad_norm=0.286
[train] epoch=8/8 step=94/100 loss=0.608196 grad_norm=0.321
[train] epoch=8/8 step=95/100 loss=0.368558 grad_norm=0.281
[train] epoch=8/8 step=96/100 loss=0.405329 grad_norm=0.327
[train] epoch=8/8 step=97/100 loss=0.366788 grad_norm=0.426
[train] epoch=8/8 step=98/100 loss=0.354952 grad_norm=0.316
[train] epoch=8/8 step=99/100 loss=0.393183 grad_norm=0.263
[train] epoch=8/8 step=100/100 loss=0.401071 grad_norm=0.382
[epoch_summary] epoch=8/8 time_epoch=58.2s elapsed=723.9s eta=0.0s lambda_batch_div=0.000 lambda_inter_div=0.350 lambda_intra_div=0.000 selection_mode=diversity_first selection_score=1.416007 train_loss=0.416579 val_loss=0.307794 val_nmpjpe=0.297319 train_pose=0.047968 train_rel=0.062771 train_dist=0.216418 train_dir=0.062713 train_var=0.031658 train_batch_div=0.167931 train_inter_div=0.165985 train_intra_div=0.245397 val_pose=0.039820 val_rel=0.050991 val_dist=0.184659 val_dir=0.056243 val_var=0.018010 val_batch_div=0.389363 val_inter_div=0.004505 val_intra_div=0.391442 train_std=0.164861/0.218119 train_std_ratio=0.835118 val_std=0.110072/0.097486 val_std_ratio=1.466117 train_pair_dist=1.309564/1.919574 train_pair_ratio=0.694240 val_pair_dist=0.798913/1.075181 val_pair_ratio=0.907031 train_inter_pair=1.309811/1.941464 train_inter_ratio=0.686358 val_inter_pair=0.020422/0.044053 val_inter_ratio=0.011877 train_intra_pair=1.303309/1.346381 train_intra_ratio=1.003337 val_intra_pair=0.797899/1.069875 val_intra_ratio=0.911213 train_action_cls=0.000000 train_action_acc=0.000 val_action_cls=0.000000 val_action_acc=0.000 grad_norm_mean=0.382 nan_loss=False nan_grad=False actions_covered=27 envs_covered=2
[ckpt] saved_last path=C:\Users\LuvRene\OneDrive\PythonProjects\Positioning\pose_estimationV2\checkpoints\resnet1d_interdiv_divselect_env3val_env4test_last.pth epoch=8
[ckpt] no_improve best_epoch=7 best_selection_score=1.455841 best_val_nmpjpe=0.304237
[plot] saved path=C:\Users\LuvRene\OneDrive\PythonProjects\Positioning\pose_estimationV2\logs\train\default_resnet1d_20260324-154218_curves.png
[history] saved path=C:\Users\LuvRene\OneDrive\PythonProjects\Positioning\pose_estimationV2\logs\train\default_resnet1d_20260324-154218_history.csv
[test_summary] best_epoch=7 test_loss=0.331320 test_nmpjpe=0.297994 test_pose=0.041733 test_rel=0.055371 test_dist=0.200651 test_dir=0.059678 test_var=0.022597 test_batch_div=0.375167 test_inter_div=0.004494 test_intra_div=0.376807 test_std=0.104283/0.107264 test_std_ratio=1.307249 test_pair_dist=0.756028/1.147155 test_pair_ratio=0.816548 test_inter_pair=0.018816/0.040340 test_inter_ratio=0.010560 test_intra_pair=0.754963/1.140678 test_intra_ratio=0.820102 test_action_cls=0.000000 test_action_acc=0.000
[assessment] status=usable reason=Validation stayed close to the best point (0.2217) and final test nMPJPE is 0.2980.
