[run] config=configs/default.yaml device=cuda:0
[run] model=resnet1d
[run] window_size=1
[run] aoa_cache_root=D:\Files\WiFi_Pose\WiFiPoseV3\data\aoa_cache
[run] labels_root=D:\Files\WiFi_Pose\WiFiPoseV3\data\dataset
[run] val_env=env3 test_env=env4
[run] logs_file=C:\Users\LuvRene\OneDrive\PythonProjects\Positioning\pose_estimationV2\logs\train\default_resnet1d_20260324-151338.log
[data] dataset_size=320760 train_size=160380 val_size=80190 test_size=80190 batch_size=64 window_size=1
[run] action_aux enabled=False
[epoch_start] epoch=1/2 train_size=160380 val_size=80190 test_size=80190 lr=3.000e-04 lambda_batch_div=0.000 lambda_inter_div=0.250 lambda_intra_div=0.000
[train] epoch=1/2 step=1/1 loss=2.333931 grad_norm=5.510
[epoch_summary] epoch=1/2 time_epoch=163.8s elapsed=163.8s eta=163.8s lambda_batch_div=0.000 lambda_inter_div=0.250 lambda_intra_div=0.000 selection_mode=diversity_first selection_score=0.003920 train_loss=2.333931 val_loss=2.449702 val_nmpjpe=0.987098 train_pose=0.314681 train_rel=0.446836 train_dist=0.915855 train_dir=0.846407 train_var=0.021851 train_batch_div=0.135588 train_inter_div=0.134279 train_intra_div=0.173673 val_pose=0.298223 val_rel=0.418534 val_dist=1.174746 val_dir=0.764741 val_var=0.056710 val_batch_div=0.571503 val_inter_div=0.010900 val_intra_div=0.571609 train_std=0.145938/0.186516 train_std_ratio=0.782443 val_std=0.001789/0.097486 val_std_ratio=0.023347 train_pair_dist=1.167990/1.797853 train_pair_ratio=0.649658 val_pair_dist=0.013773/1.075181 val_pair_ratio=0.015462 train_inter_pair=1.168018/1.822509 train_inter_ratio=0.640885 val_inter_pair=0.000334/0.044053 val_inter_ratio=0.000195 train_intra_pair=1.167292/1.176973 train_intra_ratio=0.991774 val_intra_pair=0.013748/1.069875 val_intra_ratio=0.015518 train_action_cls=0.000000 train_action_acc=0.000 val_action_cls=0.000000 val_action_acc=0.000 grad_norm_mean=5.510 nan_loss=False nan_grad=False actions_covered=24 envs_covered=2
[ckpt] saved_last path=C:\Users\LuvRene\OneDrive\PythonProjects\Positioning\pose_estimationV2\checkpoints\tmp_resnet_selection_smoke_last.pth epoch=1
[ckpt] saved path=C:\Users\LuvRene\OneDrive\PythonProjects\Positioning\pose_estimationV2\checkpoints\tmp_resnet_selection_smoke.pth epoch=1 best_selection_score=0.003920 val_nmpjpe=0.987098
[epoch_start] epoch=2/2 train_size=160380 val_size=80190 test_size=80190 lr=3.000e-04 lambda_batch_div=0.000 lambda_inter_div=0.350 lambda_intra_div=0.000
[train] epoch=2/2 step=1/1 loss=2.120494 grad_norm=5.304
[epoch_summary] epoch=2/2 time_epoch=86.0s elapsed=249.8s eta=0.0s lambda_batch_div=0.000 lambda_inter_div=0.350 lambda_intra_div=0.000 selection_mode=diversity_first selection_score=0.005676 train_loss=2.120494 val_loss=2.249191 val_nmpjpe=0.959265 train_pose=0.292817 train_rel=0.417041 train_dist=0.872820 train_dir=0.691748 train_var=0.023354 train_batch_div=0.157464 train_inter_div=0.155967 train_intra_div=0.203570 val_pose=0.295132 val_rel=0.413992 val_dist=1.167395 val_dir=0.575856 val_var=0.056668 val_batch_div=0.570803 val_inter_div=0.010892 val_intra_div=0.570907 train_std=0.154735/0.181678 train_std_ratio=0.851699 val_std=0.001838/0.097486 val_std_ratio=0.024046 train_pair_dist=1.256733/1.824590 train_pair_ratio=0.688775 val_pair_dist=0.014605/1.075181 val_pair_ratio=0.016415 train_inter_pair=1.255365/1.849817 train_inter_ratio=0.678643 val_inter_pair=0.000352/0.044053 val_inter_ratio=0.000205 train_intra_pair=1.291169/1.189322 train_intra_ratio=1.085634 val_intra_pair=0.014579/1.069875 val_intra_ratio=0.016473 train_action_cls=0.000000 train_action_acc=0.000 val_action_cls=0.000000 val_action_acc=0.000 grad_norm_mean=5.304 nan_loss=False nan_grad=False actions_covered=23 envs_covered=2
[ckpt] saved_last path=C:\Users\LuvRene\OneDrive\PythonProjects\Positioning\pose_estimationV2\checkpoints\tmp_resnet_selection_smoke_last.pth epoch=2
[ckpt] saved path=C:\Users\LuvRene\OneDrive\PythonProjects\Positioning\pose_estimationV2\checkpoints\tmp_resnet_selection_smoke.pth epoch=2 best_selection_score=0.005676 val_nmpjpe=0.959265
[plot] saved path=C:\Users\LuvRene\OneDrive\PythonProjects\Positioning\pose_estimationV2\logs\train\default_resnet1d_20260324-151338_curves.png
[history] saved path=C:\Users\LuvRene\OneDrive\PythonProjects\Positioning\pose_estimationV2\logs\train\default_resnet1d_20260324-151338_history.csv
[test_summary] best_epoch=2 test_loss=2.299055 test_nmpjpe=0.982254 test_pose=0.305793 test_rel=0.432423 test_dist=1.201946 test_dir=0.571402 test_var=0.062740 test_batch_div=0.570729 test_inter_div=0.010577 test_intra_div=0.570893 test_std=0.001624/0.107264 test_std_ratio=0.020084 test_pair_dist=0.013028/1.147155 test_pair_ratio=0.013971 test_inter_pair=0.000343/0.040340 test_inter_ratio=0.000192 test_intra_pair=0.013005/1.140678 test_intra_ratio=0.014032 test_action_cls=0.000000 test_action_acc=0.000
[assessment] status=underfit reason=Train loss 2.1205 and val nMPJPE 0.9593 are both still high, so capacity or training budget is likely insufficient.
