[run] config=configs/linux.yaml device=cuda:0 model=resnet1d
[run] window_size=1 normalize_mode=mean_rms
[data] train=160380 val=80190 test=80190
[run] action_aux ON lambda_cls=0.20
[train] epoch=1/100 step=1/2506 loss=1.977375 grad_norm=5.636 acc=0.047
[train] epoch=1/100 step=2/2506 loss=3.022769 grad_norm=14.081 acc=0.031
[train] epoch=1/100 step=3/2506 loss=3.178491 grad_norm=15.214 acc=0.031
[train] epoch=1/100 step=4/2506 loss=2.302286 grad_norm=10.583 acc=0.031
[train] epoch=1/100 step=5/2506 loss=1.795215 grad_norm=10.062 acc=0.031
[train] epoch=1/100 step=6/2506 loss=1.709036 grad_norm=7.698 acc=0.047
[train] epoch=1/100 step=7/2506 loss=1.977234 grad_norm=7.227 acc=0.078
[train] epoch=1/100 step=8/2506 loss=1.512167 grad_norm=6.252 acc=0.047
[train] epoch=1/100 step=9/2506 loss=1.838277 grad_norm=9.124 acc=0.016
[train] epoch=1/100 step=10/2506 loss=1.527722 grad_norm=5.226 acc=0.062
[train] epoch=1/100 step=11/2506 loss=1.471115 grad_norm=4.804 acc=0.016
[train] epoch=1/100 step=12/2506 loss=1.330655 grad_norm=4.830 acc=0.047
[train] epoch=1/100 step=13/2506 loss=1.589875 grad_norm=3.822 acc=0.047
[train] epoch=1/100 step=14/2506 loss=1.403256 grad_norm=3.820 acc=0.078
[train] epoch=1/100 step=15/2506 loss=1.478469 grad_norm=4.944 acc=0.031
[train] epoch=1/100 step=16/2506 loss=1.485940 grad_norm=3.462 acc=0.047
[train] epoch=1/100 step=17/2506 loss=1.399714 grad_norm=3.187 acc=0.016
[train] epoch=1/100 step=18/2506 loss=1.305392 grad_norm=2.815 acc=0.031
[train] epoch=1/100 step=19/2506 loss=1.259244 grad_norm=2.249 acc=0.047
[train] epoch=1/100 step=20/2506 loss=1.127227 grad_norm=1.669 acc=0.078
[train] epoch=1/100 step=21/2506 loss=1.233411 grad_norm=2.223 acc=0.000
[train] epoch=1/100 step=22/2506 loss=1.237499 grad_norm=2.053 acc=0.047
[train] epoch=1/100 step=23/2506 loss=1.145491 grad_norm=1.930 acc=0.031
[train] epoch=1/100 step=24/2506 loss=1.191578 grad_norm=2.009 acc=0.062
[train] epoch=1/100 step=25/2506 loss=1.198171 grad_norm=2.050 acc=0.000
[train] epoch=1/100 step=26/2506 loss=1.175990 grad_norm=1.835 acc=0.016
[train] epoch=1/100 step=27/2506 loss=1.119364 grad_norm=1.369 acc=0.047
[train] epoch=1/100 step=28/2506 loss=1.140681 grad_norm=1.609 acc=0.031
[train] epoch=1/100 step=29/2506 loss=1.092101 grad_norm=1.297 acc=0.047
[train] epoch=1/100 step=30/2506 loss=1.101604 grad_norm=1.149 acc=0.078
[train] epoch=1/100 step=31/2506 loss=1.150489 grad_norm=1.422 acc=0.047
[train] epoch=1/100 step=32/2506 loss=1.106088 grad_norm=1.190 acc=0.047
[train] epoch=1/100 step=33/2506 loss=1.111256 grad_norm=1.136 acc=0.062
[train] epoch=1/100 step=34/2506 loss=1.093750 grad_norm=1.023 acc=0.047
[train] epoch=1/100 step=35/2506 loss=1.085828 grad_norm=0.935 acc=0.031
[train] epoch=1/100 step=36/2506 loss=1.112978 grad_norm=1.074 acc=0.000
[train] epoch=1/100 step=37/2506 loss=1.061981 grad_norm=1.045 acc=0.031
[train] epoch=1/100 step=38/2506 loss=1.047465 grad_norm=0.947 acc=0.078
[train] epoch=1/100 step=39/2506 loss=1.062517 grad_norm=0.874 acc=0.031
[train] epoch=1/100 step=40/2506 loss=1.037573 grad_norm=0.882 acc=0.016
[train] epoch=1/100 step=41/2506 loss=1.090399 grad_norm=0.821 acc=0.047
[train] epoch=1/100 step=42/2506 loss=1.062485 grad_norm=0.849 acc=0.047
[train] epoch=1/100 step=43/2506 loss=1.047678 grad_norm=0.979 acc=0.031
[train] epoch=1/100 step=44/2506 loss=1.060552 grad_norm=0.924 acc=0.078
[train] epoch=1/100 step=45/2506 loss=1.040338 grad_norm=0.878 acc=0.078
[train] epoch=1/100 step=46/2506 loss=1.058770 grad_norm=0.849 acc=0.094
[train] epoch=1/100 step=47/2506 loss=1.065536 grad_norm=0.863 acc=0.062
[train] epoch=1/100 step=48/2506 loss=1.048352 grad_norm=0.884 acc=0.047
[train] epoch=1/100 step=49/2506 loss=1.047646 grad_norm=0.747 acc=0.031
[train] epoch=1/100 step=50/2506 loss=1.046318 grad_norm=0.769 acc=0.047
[train] epoch=1/100 step=51/2506 loss=1.050305 grad_norm=0.806 acc=0.031
[train] epoch=1/100 step=52/2506 loss=1.057474 grad_norm=0.909 acc=0.031
[train] epoch=1/100 step=53/2506 loss=1.041437 grad_norm=0.856 acc=0.000
[train] epoch=1/100 step=54/2506 loss=1.034310 grad_norm=0.673 acc=0.078
[train] epoch=1/100 step=55/2506 loss=1.052420 grad_norm=0.787 acc=0.047
[train] epoch=1/100 step=56/2506 loss=1.040914 grad_norm=0.713 acc=0.062
[train] epoch=1/100 step=57/2506 loss=1.049753 grad_norm=0.695 acc=0.031
[train] epoch=1/100 step=58/2506 loss=1.034474 grad_norm=0.715 acc=0.031
[train] epoch=1/100 step=59/2506 loss=1.045230 grad_norm=0.871 acc=0.062
[train] epoch=1/100 step=60/2506 loss=1.053102 grad_norm=0.808 acc=0.047
[train] epoch=1/100 step=61/2506 loss=1.033375 grad_norm=0.724 acc=0.031
[train] epoch=1/100 step=62/2506 loss=1.031193 grad_norm=0.741 acc=0.078
[train] epoch=1/100 step=63/2506 loss=1.023215 grad_norm=0.668 acc=0.047
[train] epoch=1/100 step=64/2506 loss=1.026404 grad_norm=0.669 acc=0.062
[train] epoch=1/100 step=65/2506 loss=1.031082 grad_norm=0.714 acc=0.062
[train] epoch=1/100 step=66/2506 loss=1.029725 grad_norm=0.652 acc=0.109
[train] epoch=1/100 step=67/2506 loss=1.041114 grad_norm=0.814 acc=0.062
[train] epoch=1/100 step=68/2506 loss=1.044771 grad_norm=0.618 acc=0.062
[train] epoch=1/100 step=69/2506 loss=1.028399 grad_norm=0.672 acc=0.000
[train] epoch=1/100 step=70/2506 loss=1.032332 grad_norm=0.771 acc=0.047
[train] epoch=1/100 step=71/2506 loss=1.001314 grad_norm=0.638 acc=0.078
[train] epoch=1/100 step=72/2506 loss=1.013273 grad_norm=0.693 acc=0.062
[train] epoch=1/100 step=73/2506 loss=1.015947 grad_norm=0.671 acc=0.031
[train] epoch=1/100 step=74/2506 loss=1.018467 grad_norm=0.658 acc=0.047
[train] epoch=1/100 step=75/2506 loss=1.010832 grad_norm=0.780 acc=0.062
[train] epoch=1/100 step=76/2506 loss=1.002802 grad_norm=0.662 acc=0.062
[train] epoch=1/100 step=77/2506 loss=1.025299 grad_norm=0.663 acc=0.062
[train] epoch=1/100 step=78/2506 loss=1.019013 grad_norm=0.744 acc=0.078
[train] epoch=1/100 step=79/2506 loss=0.982432 grad_norm=0.712 acc=0.078
[train] epoch=1/100 step=80/2506 loss=1.008423 grad_norm=0.751 acc=0.078
